[2023-08-10T17:41:14.596+0000] {processor.py:157} INFO - Started process (PID=38) to work on /opt/airflow/dags/my_dag.py
[2023-08-10T17:41:14.614+0000] {processor.py:826} INFO - Processing file /opt/airflow/dags/my_dag.py for tasks to queue
[2023-08-10T17:41:14.616+0000] {logging_mixin.py:150} INFO - [2023-08-10T17:41:14.615+0000] {dagbag.py:541} INFO - Filling up the DagBag from /opt/airflow/dags/my_dag.py
[2023-08-10T17:41:15.064+0000] {processor.py:836} INFO - DAG(s) dict_keys(['meu_dag']) retrieved from /opt/airflow/dags/my_dag.py
[2023-08-10T17:41:17.120+0000] {logging_mixin.py:150} INFO - [2023-08-10T17:41:17.120+0000] {manager.py:504} INFO - Created Permission View: can edit on DAG:meu_dag
[2023-08-10T17:41:17.184+0000] {logging_mixin.py:150} INFO - [2023-08-10T17:41:17.176+0000] {manager.py:504} INFO - Created Permission View: can delete on DAG:meu_dag
[2023-08-10T17:41:17.289+0000] {logging_mixin.py:150} INFO - [2023-08-10T17:41:17.288+0000] {manager.py:504} INFO - Created Permission View: can read on DAG:meu_dag
[2023-08-10T17:41:17.487+0000] {logging_mixin.py:150} INFO - [2023-08-10T17:41:17.487+0000] {dag.py:2742} INFO - Sync 1 DAGs
[2023-08-10T17:41:17.565+0000] {logging_mixin.py:150} INFO - [2023-08-10T17:41:17.564+0000] {dag.py:2763} INFO - Creating ORM DAG for meu_dag
[2023-08-10T17:41:17.648+0000] {logging_mixin.py:150} INFO - [2023-08-10T17:41:17.648+0000] {dag.py:3508} INFO - Setting next_dagrun for meu_dag to 2023-08-10T00:00:00+00:00, run_after=2023-08-11T00:00:00+00:00
[2023-08-10T17:41:17.832+0000] {processor.py:179} INFO - Processing /opt/airflow/dags/my_dag.py took 3.313 seconds
[2023-08-10T17:41:56.480+0000] {processor.py:157} INFO - Started process (PID=95) to work on /opt/airflow/dags/my_dag.py
[2023-08-10T17:41:56.485+0000] {processor.py:826} INFO - Processing file /opt/airflow/dags/my_dag.py for tasks to queue
[2023-08-10T17:41:56.490+0000] {logging_mixin.py:150} INFO - [2023-08-10T17:41:56.490+0000] {dagbag.py:541} INFO - Filling up the DagBag from /opt/airflow/dags/my_dag.py
[2023-08-10T17:41:56.513+0000] {processor.py:836} INFO - DAG(s) dict_keys(['meu_dag']) retrieved from /opt/airflow/dags/my_dag.py
[2023-08-10T17:41:56.611+0000] {logging_mixin.py:150} INFO - [2023-08-10T17:41:56.610+0000] {dag.py:2742} INFO - Sync 1 DAGs
[2023-08-10T17:41:56.683+0000] {logging_mixin.py:150} INFO - [2023-08-10T17:41:56.683+0000] {dag.py:3508} INFO - Setting next_dagrun for meu_dag to 2023-08-10T00:00:00+00:00, run_after=2023-08-11T00:00:00+00:00
[2023-08-10T17:41:56.774+0000] {processor.py:179} INFO - Processing /opt/airflow/dags/my_dag.py took 0.304 seconds
[2023-08-10T17:42:27.198+0000] {processor.py:157} INFO - Started process (PID=143) to work on /opt/airflow/dags/my_dag.py
[2023-08-10T17:42:27.204+0000] {processor.py:826} INFO - Processing file /opt/airflow/dags/my_dag.py for tasks to queue
[2023-08-10T17:42:27.205+0000] {logging_mixin.py:150} INFO - [2023-08-10T17:42:27.205+0000] {dagbag.py:541} INFO - Filling up the DagBag from /opt/airflow/dags/my_dag.py
[2023-08-10T17:42:27.228+0000] {processor.py:836} INFO - DAG(s) dict_keys(['meu_dag']) retrieved from /opt/airflow/dags/my_dag.py
[2023-08-10T17:42:27.442+0000] {logging_mixin.py:150} INFO - [2023-08-10T17:42:27.442+0000] {dag.py:2742} INFO - Sync 1 DAGs
[2023-08-10T17:42:27.552+0000] {logging_mixin.py:150} INFO - [2023-08-10T17:42:27.551+0000] {dag.py:3508} INFO - Setting next_dagrun for meu_dag to 2023-08-10T00:00:00+00:00, run_after=2023-08-11T00:00:00+00:00
[2023-08-10T17:42:28.169+0000] {processor.py:179} INFO - Processing /opt/airflow/dags/my_dag.py took 0.976 seconds
[2023-08-10T17:42:58.385+0000] {processor.py:157} INFO - Started process (PID=200) to work on /opt/airflow/dags/my_dag.py
[2023-08-10T17:42:58.394+0000] {processor.py:826} INFO - Processing file /opt/airflow/dags/my_dag.py for tasks to queue
[2023-08-10T17:42:58.407+0000] {logging_mixin.py:150} INFO - [2023-08-10T17:42:58.395+0000] {dagbag.py:541} INFO - Filling up the DagBag from /opt/airflow/dags/my_dag.py
[2023-08-10T17:42:58.476+0000] {processor.py:836} INFO - DAG(s) dict_keys(['meu_dag']) retrieved from /opt/airflow/dags/my_dag.py
[2023-08-10T17:42:58.959+0000] {logging_mixin.py:150} INFO - [2023-08-10T17:42:58.959+0000] {dag.py:2742} INFO - Sync 1 DAGs
[2023-08-10T17:42:59.054+0000] {logging_mixin.py:150} INFO - [2023-08-10T17:42:59.054+0000] {dag.py:3508} INFO - Setting next_dagrun for meu_dag to 2023-08-10T00:00:00+00:00, run_after=2023-08-11T00:00:00+00:00
[2023-08-10T17:42:59.310+0000] {processor.py:179} INFO - Processing /opt/airflow/dags/my_dag.py took 0.962 seconds
[2023-08-10T17:43:29.514+0000] {processor.py:157} INFO - Started process (PID=258) to work on /opt/airflow/dags/my_dag.py
[2023-08-10T17:43:29.515+0000] {processor.py:826} INFO - Processing file /opt/airflow/dags/my_dag.py for tasks to queue
[2023-08-10T17:43:29.517+0000] {logging_mixin.py:150} INFO - [2023-08-10T17:43:29.516+0000] {dagbag.py:541} INFO - Filling up the DagBag from /opt/airflow/dags/my_dag.py
[2023-08-10T17:43:29.530+0000] {processor.py:836} INFO - DAG(s) dict_keys(['meu_dag']) retrieved from /opt/airflow/dags/my_dag.py
[2023-08-10T17:43:29.585+0000] {logging_mixin.py:150} INFO - [2023-08-10T17:43:29.585+0000] {dag.py:2742} INFO - Sync 1 DAGs
[2023-08-10T17:43:29.655+0000] {logging_mixin.py:150} INFO - [2023-08-10T17:43:29.655+0000] {dag.py:3508} INFO - Setting next_dagrun for meu_dag to 2023-08-10T00:00:00+00:00, run_after=2023-08-11T00:00:00+00:00
[2023-08-10T17:43:29.706+0000] {processor.py:179} INFO - Processing /opt/airflow/dags/my_dag.py took 0.199 seconds
[2023-08-10T17:43:59.814+0000] {processor.py:157} INFO - Started process (PID=316) to work on /opt/airflow/dags/my_dag.py
[2023-08-10T17:43:59.822+0000] {processor.py:826} INFO - Processing file /opt/airflow/dags/my_dag.py for tasks to queue
[2023-08-10T17:43:59.823+0000] {logging_mixin.py:150} INFO - [2023-08-10T17:43:59.823+0000] {dagbag.py:541} INFO - Filling up the DagBag from /opt/airflow/dags/my_dag.py
[2023-08-10T17:43:59.831+0000] {processor.py:836} INFO - DAG(s) dict_keys(['meu_dag']) retrieved from /opt/airflow/dags/my_dag.py
[2023-08-10T17:43:59.865+0000] {logging_mixin.py:150} INFO - [2023-08-10T17:43:59.864+0000] {dag.py:2742} INFO - Sync 1 DAGs
[2023-08-10T17:43:59.907+0000] {logging_mixin.py:150} INFO - [2023-08-10T17:43:59.907+0000] {dag.py:3508} INFO - Setting next_dagrun for meu_dag to 2023-08-10T00:00:00+00:00, run_after=2023-08-11T00:00:00+00:00
[2023-08-10T17:43:59.937+0000] {processor.py:179} INFO - Processing /opt/airflow/dags/my_dag.py took 0.127 seconds
[2023-08-10T17:44:30.441+0000] {processor.py:157} INFO - Started process (PID=374) to work on /opt/airflow/dags/my_dag.py
[2023-08-10T17:44:30.444+0000] {processor.py:826} INFO - Processing file /opt/airflow/dags/my_dag.py for tasks to queue
[2023-08-10T17:44:30.445+0000] {logging_mixin.py:150} INFO - [2023-08-10T17:44:30.445+0000] {dagbag.py:541} INFO - Filling up the DagBag from /opt/airflow/dags/my_dag.py
[2023-08-10T17:44:30.452+0000] {processor.py:836} INFO - DAG(s) dict_keys(['meu_dag']) retrieved from /opt/airflow/dags/my_dag.py
[2023-08-10T17:44:30.480+0000] {logging_mixin.py:150} INFO - [2023-08-10T17:44:30.480+0000] {dag.py:2742} INFO - Sync 1 DAGs
[2023-08-10T17:44:30.519+0000] {logging_mixin.py:150} INFO - [2023-08-10T17:44:30.519+0000] {dag.py:3508} INFO - Setting next_dagrun for meu_dag to 2023-08-10T00:00:00+00:00, run_after=2023-08-11T00:00:00+00:00
[2023-08-10T17:44:30.551+0000] {processor.py:179} INFO - Processing /opt/airflow/dags/my_dag.py took 0.113 seconds
[2023-08-10T17:45:00.786+0000] {processor.py:157} INFO - Started process (PID=432) to work on /opt/airflow/dags/my_dag.py
[2023-08-10T17:45:00.788+0000] {processor.py:826} INFO - Processing file /opt/airflow/dags/my_dag.py for tasks to queue
[2023-08-10T17:45:00.789+0000] {logging_mixin.py:150} INFO - [2023-08-10T17:45:00.789+0000] {dagbag.py:541} INFO - Filling up the DagBag from /opt/airflow/dags/my_dag.py
[2023-08-10T17:45:00.796+0000] {processor.py:836} INFO - DAG(s) dict_keys(['meu_dag']) retrieved from /opt/airflow/dags/my_dag.py
[2023-08-10T17:45:00.837+0000] {logging_mixin.py:150} INFO - [2023-08-10T17:45:00.836+0000] {dag.py:2742} INFO - Sync 1 DAGs
[2023-08-10T17:45:00.877+0000] {logging_mixin.py:150} INFO - [2023-08-10T17:45:00.877+0000] {dag.py:3508} INFO - Setting next_dagrun for meu_dag to 2023-08-10T00:00:00+00:00, run_after=2023-08-11T00:00:00+00:00
[2023-08-10T17:45:00.903+0000] {processor.py:179} INFO - Processing /opt/airflow/dags/my_dag.py took 0.121 seconds
[2023-08-10T17:45:31.131+0000] {processor.py:157} INFO - Started process (PID=490) to work on /opt/airflow/dags/my_dag.py
[2023-08-10T17:45:31.133+0000] {processor.py:826} INFO - Processing file /opt/airflow/dags/my_dag.py for tasks to queue
[2023-08-10T17:45:31.134+0000] {logging_mixin.py:150} INFO - [2023-08-10T17:45:31.134+0000] {dagbag.py:541} INFO - Filling up the DagBag from /opt/airflow/dags/my_dag.py
[2023-08-10T17:45:31.144+0000] {processor.py:836} INFO - DAG(s) dict_keys(['meu_dag']) retrieved from /opt/airflow/dags/my_dag.py
[2023-08-10T17:45:31.203+0000] {logging_mixin.py:150} INFO - [2023-08-10T17:45:31.202+0000] {dag.py:2742} INFO - Sync 1 DAGs
[2023-08-10T17:45:31.308+0000] {logging_mixin.py:150} INFO - [2023-08-10T17:45:31.308+0000] {dag.py:3508} INFO - Setting next_dagrun for meu_dag to 2023-08-10T00:00:00+00:00, run_after=2023-08-11T00:00:00+00:00
[2023-08-10T17:45:31.378+0000] {processor.py:179} INFO - Processing /opt/airflow/dags/my_dag.py took 0.256 seconds
[2023-08-10T17:46:01.962+0000] {processor.py:157} INFO - Started process (PID=548) to work on /opt/airflow/dags/my_dag.py
[2023-08-10T17:46:01.984+0000] {processor.py:826} INFO - Processing file /opt/airflow/dags/my_dag.py for tasks to queue
[2023-08-10T17:46:01.986+0000] {logging_mixin.py:150} INFO - [2023-08-10T17:46:01.985+0000] {dagbag.py:541} INFO - Filling up the DagBag from /opt/airflow/dags/my_dag.py
[2023-08-10T17:46:01.998+0000] {processor.py:836} INFO - DAG(s) dict_keys(['meu_dag']) retrieved from /opt/airflow/dags/my_dag.py
[2023-08-10T17:46:02.042+0000] {logging_mixin.py:150} INFO - [2023-08-10T17:46:02.042+0000] {dag.py:2742} INFO - Sync 1 DAGs
[2023-08-10T17:46:02.126+0000] {logging_mixin.py:150} INFO - [2023-08-10T17:46:02.125+0000] {dag.py:3508} INFO - Setting next_dagrun for meu_dag to 2023-08-10T00:00:00+00:00, run_after=2023-08-11T00:00:00+00:00
[2023-08-10T17:46:02.169+0000] {processor.py:179} INFO - Processing /opt/airflow/dags/my_dag.py took 0.212 seconds
[2023-08-10T17:46:32.769+0000] {processor.py:157} INFO - Started process (PID=614) to work on /opt/airflow/dags/my_dag.py
[2023-08-10T17:46:32.791+0000] {processor.py:826} INFO - Processing file /opt/airflow/dags/my_dag.py for tasks to queue
[2023-08-10T17:46:32.793+0000] {logging_mixin.py:150} INFO - [2023-08-10T17:46:32.793+0000] {dagbag.py:541} INFO - Filling up the DagBag from /opt/airflow/dags/my_dag.py
[2023-08-10T17:46:32.805+0000] {processor.py:836} INFO - DAG(s) dict_keys(['meu_dag']) retrieved from /opt/airflow/dags/my_dag.py
[2023-08-10T17:46:32.842+0000] {logging_mixin.py:150} INFO - [2023-08-10T17:46:32.842+0000] {dag.py:2742} INFO - Sync 1 DAGs
[2023-08-10T17:46:32.884+0000] {logging_mixin.py:150} INFO - [2023-08-10T17:46:32.884+0000] {dag.py:3508} INFO - Setting next_dagrun for meu_dag to 2023-08-10T00:00:00+00:00, run_after=2023-08-11T00:00:00+00:00
[2023-08-10T17:46:32.935+0000] {processor.py:179} INFO - Processing /opt/airflow/dags/my_dag.py took 0.175 seconds
[2023-08-10T17:47:03.496+0000] {processor.py:157} INFO - Started process (PID=665) to work on /opt/airflow/dags/my_dag.py
[2023-08-10T17:47:03.500+0000] {processor.py:826} INFO - Processing file /opt/airflow/dags/my_dag.py for tasks to queue
[2023-08-10T17:47:03.501+0000] {logging_mixin.py:150} INFO - [2023-08-10T17:47:03.501+0000] {dagbag.py:541} INFO - Filling up the DagBag from /opt/airflow/dags/my_dag.py
[2023-08-10T17:47:03.511+0000] {processor.py:836} INFO - DAG(s) dict_keys(['meu_dag']) retrieved from /opt/airflow/dags/my_dag.py
[2023-08-10T17:47:03.586+0000] {logging_mixin.py:150} INFO - [2023-08-10T17:47:03.586+0000] {dag.py:2742} INFO - Sync 1 DAGs
[2023-08-10T17:47:03.739+0000] {logging_mixin.py:150} INFO - [2023-08-10T17:47:03.739+0000] {dag.py:3508} INFO - Setting next_dagrun for meu_dag to 2023-08-10T00:00:00+00:00, run_after=2023-08-11T00:00:00+00:00
[2023-08-10T17:47:03.843+0000] {processor.py:179} INFO - Processing /opt/airflow/dags/my_dag.py took 0.352 seconds
[2023-08-10T17:47:34.410+0000] {processor.py:157} INFO - Started process (PID=723) to work on /opt/airflow/dags/my_dag.py
[2023-08-10T17:47:34.413+0000] {processor.py:826} INFO - Processing file /opt/airflow/dags/my_dag.py for tasks to queue
[2023-08-10T17:47:34.415+0000] {logging_mixin.py:150} INFO - [2023-08-10T17:47:34.415+0000] {dagbag.py:541} INFO - Filling up the DagBag from /opt/airflow/dags/my_dag.py
[2023-08-10T17:47:34.427+0000] {processor.py:836} INFO - DAG(s) dict_keys(['meu_dag']) retrieved from /opt/airflow/dags/my_dag.py
[2023-08-10T17:47:34.486+0000] {logging_mixin.py:150} INFO - [2023-08-10T17:47:34.486+0000] {dag.py:2742} INFO - Sync 1 DAGs
[2023-08-10T17:47:34.574+0000] {logging_mixin.py:150} INFO - [2023-08-10T17:47:34.573+0000] {dag.py:3508} INFO - Setting next_dagrun for meu_dag to 2023-08-10T00:00:00+00:00, run_after=2023-08-11T00:00:00+00:00
[2023-08-10T17:47:34.781+0000] {processor.py:179} INFO - Processing /opt/airflow/dags/my_dag.py took 0.381 seconds
[2023-08-10T17:48:05.011+0000] {processor.py:157} INFO - Started process (PID=780) to work on /opt/airflow/dags/my_dag.py
[2023-08-10T17:48:05.013+0000] {processor.py:826} INFO - Processing file /opt/airflow/dags/my_dag.py for tasks to queue
[2023-08-10T17:48:05.016+0000] {logging_mixin.py:150} INFO - [2023-08-10T17:48:05.014+0000] {dagbag.py:541} INFO - Filling up the DagBag from /opt/airflow/dags/my_dag.py
[2023-08-10T17:48:05.054+0000] {processor.py:836} INFO - DAG(s) dict_keys(['meu_dag']) retrieved from /opt/airflow/dags/my_dag.py
[2023-08-10T17:48:05.201+0000] {logging_mixin.py:150} INFO - [2023-08-10T17:48:05.201+0000] {dag.py:2742} INFO - Sync 1 DAGs
[2023-08-10T17:48:05.505+0000] {logging_mixin.py:150} INFO - [2023-08-10T17:48:05.504+0000] {dag.py:3508} INFO - Setting next_dagrun for meu_dag to 2023-08-10T00:00:00+00:00, run_after=2023-08-11T00:00:00+00:00
[2023-08-10T17:48:05.703+0000] {processor.py:179} INFO - Processing /opt/airflow/dags/my_dag.py took 0.701 seconds
[2023-08-10T17:48:36.283+0000] {processor.py:157} INFO - Started process (PID=837) to work on /opt/airflow/dags/my_dag.py
[2023-08-10T17:48:36.290+0000] {processor.py:826} INFO - Processing file /opt/airflow/dags/my_dag.py for tasks to queue
[2023-08-10T17:48:36.292+0000] {logging_mixin.py:150} INFO - [2023-08-10T17:48:36.291+0000] {dagbag.py:541} INFO - Filling up the DagBag from /opt/airflow/dags/my_dag.py
[2023-08-10T17:48:36.313+0000] {processor.py:836} INFO - DAG(s) dict_keys(['meu_dag']) retrieved from /opt/airflow/dags/my_dag.py
[2023-08-10T17:48:36.442+0000] {logging_mixin.py:150} INFO - [2023-08-10T17:48:36.442+0000] {dag.py:2742} INFO - Sync 1 DAGs
[2023-08-10T17:48:36.690+0000] {logging_mixin.py:150} INFO - [2023-08-10T17:48:36.685+0000] {dag.py:3508} INFO - Setting next_dagrun for meu_dag to 2023-08-10T00:00:00+00:00, run_after=2023-08-11T00:00:00+00:00
[2023-08-10T17:48:36.933+0000] {processor.py:179} INFO - Processing /opt/airflow/dags/my_dag.py took 0.669 seconds
[2023-08-10T17:49:07.281+0000] {processor.py:157} INFO - Started process (PID=895) to work on /opt/airflow/dags/my_dag.py
[2023-08-10T17:49:07.286+0000] {processor.py:826} INFO - Processing file /opt/airflow/dags/my_dag.py for tasks to queue
[2023-08-10T17:49:07.288+0000] {logging_mixin.py:150} INFO - [2023-08-10T17:49:07.287+0000] {dagbag.py:541} INFO - Filling up the DagBag from /opt/airflow/dags/my_dag.py
[2023-08-10T17:49:07.298+0000] {processor.py:836} INFO - DAG(s) dict_keys(['meu_dag']) retrieved from /opt/airflow/dags/my_dag.py
[2023-08-10T17:49:07.348+0000] {logging_mixin.py:150} INFO - [2023-08-10T17:49:07.347+0000] {dag.py:2742} INFO - Sync 1 DAGs
[2023-08-10T17:49:07.408+0000] {logging_mixin.py:150} INFO - [2023-08-10T17:49:07.408+0000] {dag.py:3508} INFO - Setting next_dagrun for meu_dag to 2023-08-10T00:00:00+00:00, run_after=2023-08-11T00:00:00+00:00
[2023-08-10T17:49:07.449+0000] {processor.py:179} INFO - Processing /opt/airflow/dags/my_dag.py took 0.174 seconds
[2023-08-10T17:49:38.194+0000] {processor.py:157} INFO - Started process (PID=953) to work on /opt/airflow/dags/my_dag.py
[2023-08-10T17:49:38.195+0000] {processor.py:826} INFO - Processing file /opt/airflow/dags/my_dag.py for tasks to queue
[2023-08-10T17:49:38.197+0000] {logging_mixin.py:150} INFO - [2023-08-10T17:49:38.197+0000] {dagbag.py:541} INFO - Filling up the DagBag from /opt/airflow/dags/my_dag.py
[2023-08-10T17:49:38.206+0000] {processor.py:836} INFO - DAG(s) dict_keys(['meu_dag']) retrieved from /opt/airflow/dags/my_dag.py
[2023-08-10T17:49:38.244+0000] {logging_mixin.py:150} INFO - [2023-08-10T17:49:38.243+0000] {dag.py:2742} INFO - Sync 1 DAGs
[2023-08-10T17:49:38.290+0000] {logging_mixin.py:150} INFO - [2023-08-10T17:49:38.289+0000] {dag.py:3508} INFO - Setting next_dagrun for meu_dag to 2023-08-10T00:00:00+00:00, run_after=2023-08-11T00:00:00+00:00
[2023-08-10T17:49:38.337+0000] {processor.py:179} INFO - Processing /opt/airflow/dags/my_dag.py took 0.148 seconds
[2023-08-10T17:50:08.854+0000] {processor.py:157} INFO - Started process (PID=1011) to work on /opt/airflow/dags/my_dag.py
[2023-08-10T17:50:08.869+0000] {processor.py:826} INFO - Processing file /opt/airflow/dags/my_dag.py for tasks to queue
[2023-08-10T17:50:08.871+0000] {logging_mixin.py:150} INFO - [2023-08-10T17:50:08.871+0000] {dagbag.py:541} INFO - Filling up the DagBag from /opt/airflow/dags/my_dag.py
[2023-08-10T17:50:08.881+0000] {processor.py:836} INFO - DAG(s) dict_keys(['meu_dag']) retrieved from /opt/airflow/dags/my_dag.py
[2023-08-10T17:50:08.959+0000] {logging_mixin.py:150} INFO - [2023-08-10T17:50:08.959+0000] {dag.py:2742} INFO - Sync 1 DAGs
[2023-08-10T17:50:09.060+0000] {logging_mixin.py:150} INFO - [2023-08-10T17:50:09.060+0000] {dag.py:3508} INFO - Setting next_dagrun for meu_dag to 2023-08-10T00:00:00+00:00, run_after=2023-08-11T00:00:00+00:00
[2023-08-10T17:50:09.135+0000] {processor.py:179} INFO - Processing /opt/airflow/dags/my_dag.py took 0.286 seconds
[2023-08-10T17:50:39.473+0000] {processor.py:157} INFO - Started process (PID=1068) to work on /opt/airflow/dags/my_dag.py
[2023-08-10T17:50:39.474+0000] {processor.py:826} INFO - Processing file /opt/airflow/dags/my_dag.py for tasks to queue
[2023-08-10T17:50:39.476+0000] {logging_mixin.py:150} INFO - [2023-08-10T17:50:39.475+0000] {dagbag.py:541} INFO - Filling up the DagBag from /opt/airflow/dags/my_dag.py
[2023-08-10T17:50:39.483+0000] {processor.py:836} INFO - DAG(s) dict_keys(['meu_dag']) retrieved from /opt/airflow/dags/my_dag.py
[2023-08-10T17:50:39.519+0000] {logging_mixin.py:150} INFO - [2023-08-10T17:50:39.519+0000] {dag.py:2742} INFO - Sync 1 DAGs
[2023-08-10T17:50:39.561+0000] {logging_mixin.py:150} INFO - [2023-08-10T17:50:39.560+0000] {dag.py:3508} INFO - Setting next_dagrun for meu_dag to 2023-08-10T00:00:00+00:00, run_after=2023-08-11T00:00:00+00:00
[2023-08-10T17:50:39.624+0000] {processor.py:179} INFO - Processing /opt/airflow/dags/my_dag.py took 0.155 seconds
[2023-08-10T17:51:09.764+0000] {processor.py:157} INFO - Started process (PID=1125) to work on /opt/airflow/dags/my_dag.py
[2023-08-10T17:51:09.765+0000] {processor.py:826} INFO - Processing file /opt/airflow/dags/my_dag.py for tasks to queue
[2023-08-10T17:51:09.766+0000] {logging_mixin.py:150} INFO - [2023-08-10T17:51:09.766+0000] {dagbag.py:541} INFO - Filling up the DagBag from /opt/airflow/dags/my_dag.py
[2023-08-10T17:51:09.775+0000] {processor.py:836} INFO - DAG(s) dict_keys(['meu_dag']) retrieved from /opt/airflow/dags/my_dag.py
[2023-08-10T17:51:09.811+0000] {logging_mixin.py:150} INFO - [2023-08-10T17:51:09.811+0000] {dag.py:2742} INFO - Sync 1 DAGs
[2023-08-10T17:51:09.857+0000] {logging_mixin.py:150} INFO - [2023-08-10T17:51:09.857+0000] {dag.py:3508} INFO - Setting next_dagrun for meu_dag to 2023-08-10T00:00:00+00:00, run_after=2023-08-11T00:00:00+00:00
[2023-08-10T17:51:09.910+0000] {processor.py:179} INFO - Processing /opt/airflow/dags/my_dag.py took 0.151 seconds
[2023-08-10T17:51:40.546+0000] {processor.py:157} INFO - Started process (PID=1184) to work on /opt/airflow/dags/my_dag.py
[2023-08-10T17:51:40.550+0000] {processor.py:826} INFO - Processing file /opt/airflow/dags/my_dag.py for tasks to queue
[2023-08-10T17:51:40.551+0000] {logging_mixin.py:150} INFO - [2023-08-10T17:51:40.551+0000] {dagbag.py:541} INFO - Filling up the DagBag from /opt/airflow/dags/my_dag.py
[2023-08-10T17:51:40.585+0000] {processor.py:836} INFO - DAG(s) dict_keys(['meu_dag']) retrieved from /opt/airflow/dags/my_dag.py
[2023-08-10T17:51:40.751+0000] {logging_mixin.py:150} INFO - [2023-08-10T17:51:40.750+0000] {dag.py:2742} INFO - Sync 1 DAGs
[2023-08-10T17:51:40.898+0000] {logging_mixin.py:150} INFO - [2023-08-10T17:51:40.898+0000] {dag.py:3508} INFO - Setting next_dagrun for meu_dag to 2023-08-10T00:00:00+00:00, run_after=2023-08-11T00:00:00+00:00
[2023-08-10T17:51:40.979+0000] {processor.py:179} INFO - Processing /opt/airflow/dags/my_dag.py took 0.454 seconds
[2023-08-10T17:52:11.371+0000] {processor.py:157} INFO - Started process (PID=1242) to work on /opt/airflow/dags/my_dag.py
[2023-08-10T17:52:11.386+0000] {processor.py:826} INFO - Processing file /opt/airflow/dags/my_dag.py for tasks to queue
[2023-08-10T17:52:11.388+0000] {logging_mixin.py:150} INFO - [2023-08-10T17:52:11.387+0000] {dagbag.py:541} INFO - Filling up the DagBag from /opt/airflow/dags/my_dag.py
[2023-08-10T17:52:11.399+0000] {processor.py:836} INFO - DAG(s) dict_keys(['meu_dag']) retrieved from /opt/airflow/dags/my_dag.py
[2023-08-10T17:52:11.451+0000] {logging_mixin.py:150} INFO - [2023-08-10T17:52:11.451+0000] {dag.py:2742} INFO - Sync 1 DAGs
[2023-08-10T17:52:11.544+0000] {logging_mixin.py:150} INFO - [2023-08-10T17:52:11.543+0000] {dag.py:3508} INFO - Setting next_dagrun for meu_dag to 2023-08-10T00:00:00+00:00, run_after=2023-08-11T00:00:00+00:00
[2023-08-10T17:52:11.638+0000] {processor.py:179} INFO - Processing /opt/airflow/dags/my_dag.py took 0.274 seconds
