[2023-08-10T17:41:34.015+0000] {processor.py:157} INFO - Started process (PID=61) to work on /home/airflow/.local/lib/python3.7/site-packages/airflow/example_dags/example_dynamic_task_mapping_with_no_taskflow_operators.py
[2023-08-10T17:41:34.017+0000] {processor.py:826} INFO - Processing file /home/airflow/.local/lib/python3.7/site-packages/airflow/example_dags/example_dynamic_task_mapping_with_no_taskflow_operators.py for tasks to queue
[2023-08-10T17:41:34.020+0000] {logging_mixin.py:150} INFO - [2023-08-10T17:41:34.019+0000] {dagbag.py:541} INFO - Filling up the DagBag from /home/airflow/.local/lib/python3.7/site-packages/airflow/example_dags/example_dynamic_task_mapping_with_no_taskflow_operators.py
[2023-08-10T17:41:34.041+0000] {processor.py:836} INFO - DAG(s) dict_keys(['example_dynamic_task_mapping_with_no_taskflow_operators']) retrieved from /home/airflow/.local/lib/python3.7/site-packages/airflow/example_dags/example_dynamic_task_mapping_with_no_taskflow_operators.py
[2023-08-10T17:41:35.004+0000] {logging_mixin.py:150} INFO - [2023-08-10T17:41:34.979+0000] {manager.py:504} INFO - Created Permission View: can edit on DAG:example_dynamic_task_mapping_with_no_taskflow_operators
[2023-08-10T17:41:35.118+0000] {logging_mixin.py:150} INFO - [2023-08-10T17:41:35.117+0000] {manager.py:504} INFO - Created Permission View: can delete on DAG:example_dynamic_task_mapping_with_no_taskflow_operators
[2023-08-10T17:41:35.164+0000] {logging_mixin.py:150} INFO - [2023-08-10T17:41:35.164+0000] {manager.py:504} INFO - Created Permission View: can read on DAG:example_dynamic_task_mapping_with_no_taskflow_operators
[2023-08-10T17:41:35.329+0000] {logging_mixin.py:150} INFO - [2023-08-10T17:41:35.329+0000] {dag.py:2742} INFO - Sync 1 DAGs
[2023-08-10T17:41:35.382+0000] {logging_mixin.py:150} INFO - [2023-08-10T17:41:35.382+0000] {dag.py:2763} INFO - Creating ORM DAG for example_dynamic_task_mapping_with_no_taskflow_operators
[2023-08-10T17:41:35.450+0000] {logging_mixin.py:150} INFO - [2023-08-10T17:41:35.450+0000] {dag.py:3508} INFO - Setting next_dagrun for example_dynamic_task_mapping_with_no_taskflow_operators to 2023-08-09T17:41:35.448944+00:00, run_after=2023-08-10T17:41:35.448944+00:00
[2023-08-10T17:41:35.579+0000] {processor.py:179} INFO - Processing /home/airflow/.local/lib/python3.7/site-packages/airflow/example_dags/example_dynamic_task_mapping_with_no_taskflow_operators.py took 1.570 seconds
[2023-08-10T17:42:05.699+0000] {processor.py:157} INFO - Started process (PID=118) to work on /home/airflow/.local/lib/python3.7/site-packages/airflow/example_dags/example_dynamic_task_mapping_with_no_taskflow_operators.py
[2023-08-10T17:42:05.707+0000] {processor.py:826} INFO - Processing file /home/airflow/.local/lib/python3.7/site-packages/airflow/example_dags/example_dynamic_task_mapping_with_no_taskflow_operators.py for tasks to queue
[2023-08-10T17:42:05.710+0000] {logging_mixin.py:150} INFO - [2023-08-10T17:42:05.709+0000] {dagbag.py:541} INFO - Filling up the DagBag from /home/airflow/.local/lib/python3.7/site-packages/airflow/example_dags/example_dynamic_task_mapping_with_no_taskflow_operators.py
[2023-08-10T17:42:05.729+0000] {processor.py:836} INFO - DAG(s) dict_keys(['example_dynamic_task_mapping_with_no_taskflow_operators']) retrieved from /home/airflow/.local/lib/python3.7/site-packages/airflow/example_dags/example_dynamic_task_mapping_with_no_taskflow_operators.py
[2023-08-10T17:42:05.792+0000] {logging_mixin.py:150} INFO - [2023-08-10T17:42:05.791+0000] {dag.py:2742} INFO - Sync 1 DAGs
[2023-08-10T17:42:05.838+0000] {logging_mixin.py:150} INFO - [2023-08-10T17:42:05.838+0000] {dag.py:3508} INFO - Setting next_dagrun for example_dynamic_task_mapping_with_no_taskflow_operators to 2023-08-09T17:42:05.838354+00:00, run_after=2023-08-10T17:42:05.838354+00:00
[2023-08-10T17:42:05.878+0000] {processor.py:179} INFO - Processing /home/airflow/.local/lib/python3.7/site-packages/airflow/example_dags/example_dynamic_task_mapping_with_no_taskflow_operators.py took 0.187 seconds
[2023-08-10T17:42:43.208+0000] {processor.py:157} INFO - Started process (PID=176) to work on /home/airflow/.local/lib/python3.7/site-packages/airflow/example_dags/example_dynamic_task_mapping_with_no_taskflow_operators.py
[2023-08-10T17:42:43.214+0000] {processor.py:826} INFO - Processing file /home/airflow/.local/lib/python3.7/site-packages/airflow/example_dags/example_dynamic_task_mapping_with_no_taskflow_operators.py for tasks to queue
[2023-08-10T17:42:43.215+0000] {logging_mixin.py:150} INFO - [2023-08-10T17:42:43.215+0000] {dagbag.py:541} INFO - Filling up the DagBag from /home/airflow/.local/lib/python3.7/site-packages/airflow/example_dags/example_dynamic_task_mapping_with_no_taskflow_operators.py
[2023-08-10T17:42:43.235+0000] {processor.py:836} INFO - DAG(s) dict_keys(['example_dynamic_task_mapping_with_no_taskflow_operators']) retrieved from /home/airflow/.local/lib/python3.7/site-packages/airflow/example_dags/example_dynamic_task_mapping_with_no_taskflow_operators.py
[2023-08-10T17:42:43.275+0000] {logging_mixin.py:150} INFO - [2023-08-10T17:42:43.275+0000] {dag.py:2742} INFO - Sync 1 DAGs
[2023-08-10T17:42:43.345+0000] {logging_mixin.py:150} INFO - [2023-08-10T17:42:43.345+0000] {dag.py:3508} INFO - Setting next_dagrun for example_dynamic_task_mapping_with_no_taskflow_operators to 2023-08-09T17:42:43.339960+00:00, run_after=2023-08-10T17:42:43.339960+00:00
[2023-08-10T17:42:43.431+0000] {processor.py:179} INFO - Processing /home/airflow/.local/lib/python3.7/site-packages/airflow/example_dags/example_dynamic_task_mapping_with_no_taskflow_operators.py took 0.240 seconds
[2023-08-10T17:43:19.319+0000] {processor.py:157} INFO - Started process (PID=234) to work on /home/airflow/.local/lib/python3.7/site-packages/airflow/example_dags/example_dynamic_task_mapping_with_no_taskflow_operators.py
[2023-08-10T17:43:19.326+0000] {processor.py:826} INFO - Processing file /home/airflow/.local/lib/python3.7/site-packages/airflow/example_dags/example_dynamic_task_mapping_with_no_taskflow_operators.py for tasks to queue
[2023-08-10T17:43:19.328+0000] {logging_mixin.py:150} INFO - [2023-08-10T17:43:19.327+0000] {dagbag.py:541} INFO - Filling up the DagBag from /home/airflow/.local/lib/python3.7/site-packages/airflow/example_dags/example_dynamic_task_mapping_with_no_taskflow_operators.py
[2023-08-10T17:43:19.393+0000] {processor.py:836} INFO - DAG(s) dict_keys(['example_dynamic_task_mapping_with_no_taskflow_operators']) retrieved from /home/airflow/.local/lib/python3.7/site-packages/airflow/example_dags/example_dynamic_task_mapping_with_no_taskflow_operators.py
[2023-08-10T17:43:20.005+0000] {logging_mixin.py:150} INFO - [2023-08-10T17:43:20.005+0000] {dag.py:2742} INFO - Sync 1 DAGs
[2023-08-10T17:43:20.136+0000] {logging_mixin.py:150} INFO - [2023-08-10T17:43:20.136+0000] {dag.py:3508} INFO - Setting next_dagrun for example_dynamic_task_mapping_with_no_taskflow_operators to 2023-08-09T17:43:20.114206+00:00, run_after=2023-08-10T17:43:20.114206+00:00
[2023-08-10T17:43:20.215+0000] {processor.py:179} INFO - Processing /home/airflow/.local/lib/python3.7/site-packages/airflow/example_dags/example_dynamic_task_mapping_with_no_taskflow_operators.py took 0.921 seconds
[2023-08-10T17:43:50.277+0000] {processor.py:157} INFO - Started process (PID=287) to work on /home/airflow/.local/lib/python3.7/site-packages/airflow/example_dags/example_dynamic_task_mapping_with_no_taskflow_operators.py
[2023-08-10T17:43:50.278+0000] {processor.py:826} INFO - Processing file /home/airflow/.local/lib/python3.7/site-packages/airflow/example_dags/example_dynamic_task_mapping_with_no_taskflow_operators.py for tasks to queue
[2023-08-10T17:43:50.281+0000] {logging_mixin.py:150} INFO - [2023-08-10T17:43:50.280+0000] {dagbag.py:541} INFO - Filling up the DagBag from /home/airflow/.local/lib/python3.7/site-packages/airflow/example_dags/example_dynamic_task_mapping_with_no_taskflow_operators.py
[2023-08-10T17:43:50.307+0000] {processor.py:836} INFO - DAG(s) dict_keys(['example_dynamic_task_mapping_with_no_taskflow_operators']) retrieved from /home/airflow/.local/lib/python3.7/site-packages/airflow/example_dags/example_dynamic_task_mapping_with_no_taskflow_operators.py
[2023-08-10T17:43:50.401+0000] {logging_mixin.py:150} INFO - [2023-08-10T17:43:50.401+0000] {dag.py:2742} INFO - Sync 1 DAGs
[2023-08-10T17:43:50.492+0000] {logging_mixin.py:150} INFO - [2023-08-10T17:43:50.492+0000] {dag.py:3508} INFO - Setting next_dagrun for example_dynamic_task_mapping_with_no_taskflow_operators to 2023-08-09T17:43:50.489584+00:00, run_after=2023-08-10T17:43:50.489584+00:00
[2023-08-10T17:43:50.557+0000] {processor.py:179} INFO - Processing /home/airflow/.local/lib/python3.7/site-packages/airflow/example_dags/example_dynamic_task_mapping_with_no_taskflow_operators.py took 0.286 seconds
[2023-08-10T17:44:20.680+0000] {processor.py:157} INFO - Started process (PID=345) to work on /home/airflow/.local/lib/python3.7/site-packages/airflow/example_dags/example_dynamic_task_mapping_with_no_taskflow_operators.py
[2023-08-10T17:44:20.689+0000] {processor.py:826} INFO - Processing file /home/airflow/.local/lib/python3.7/site-packages/airflow/example_dags/example_dynamic_task_mapping_with_no_taskflow_operators.py for tasks to queue
[2023-08-10T17:44:20.691+0000] {logging_mixin.py:150} INFO - [2023-08-10T17:44:20.691+0000] {dagbag.py:541} INFO - Filling up the DagBag from /home/airflow/.local/lib/python3.7/site-packages/airflow/example_dags/example_dynamic_task_mapping_with_no_taskflow_operators.py
[2023-08-10T17:44:20.704+0000] {processor.py:836} INFO - DAG(s) dict_keys(['example_dynamic_task_mapping_with_no_taskflow_operators']) retrieved from /home/airflow/.local/lib/python3.7/site-packages/airflow/example_dags/example_dynamic_task_mapping_with_no_taskflow_operators.py
[2023-08-10T17:44:20.751+0000] {logging_mixin.py:150} INFO - [2023-08-10T17:44:20.751+0000] {dag.py:2742} INFO - Sync 1 DAGs
[2023-08-10T17:44:20.879+0000] {logging_mixin.py:150} INFO - [2023-08-10T17:44:20.879+0000] {dag.py:3508} INFO - Setting next_dagrun for example_dynamic_task_mapping_with_no_taskflow_operators to 2023-08-09T17:44:20.878817+00:00, run_after=2023-08-10T17:44:20.878817+00:00
[2023-08-10T17:44:20.977+0000] {processor.py:179} INFO - Processing /home/airflow/.local/lib/python3.7/site-packages/airflow/example_dags/example_dynamic_task_mapping_with_no_taskflow_operators.py took 0.304 seconds
[2023-08-10T17:44:51.099+0000] {processor.py:157} INFO - Started process (PID=402) to work on /home/airflow/.local/lib/python3.7/site-packages/airflow/example_dags/example_dynamic_task_mapping_with_no_taskflow_operators.py
[2023-08-10T17:44:51.109+0000] {processor.py:826} INFO - Processing file /home/airflow/.local/lib/python3.7/site-packages/airflow/example_dags/example_dynamic_task_mapping_with_no_taskflow_operators.py for tasks to queue
[2023-08-10T17:44:51.111+0000] {logging_mixin.py:150} INFO - [2023-08-10T17:44:51.111+0000] {dagbag.py:541} INFO - Filling up the DagBag from /home/airflow/.local/lib/python3.7/site-packages/airflow/example_dags/example_dynamic_task_mapping_with_no_taskflow_operators.py
[2023-08-10T17:44:51.121+0000] {processor.py:836} INFO - DAG(s) dict_keys(['example_dynamic_task_mapping_with_no_taskflow_operators']) retrieved from /home/airflow/.local/lib/python3.7/site-packages/airflow/example_dags/example_dynamic_task_mapping_with_no_taskflow_operators.py
[2023-08-10T17:44:51.155+0000] {logging_mixin.py:150} INFO - [2023-08-10T17:44:51.154+0000] {dag.py:2742} INFO - Sync 1 DAGs
[2023-08-10T17:44:51.200+0000] {logging_mixin.py:150} INFO - [2023-08-10T17:44:51.199+0000] {dag.py:3508} INFO - Setting next_dagrun for example_dynamic_task_mapping_with_no_taskflow_operators to 2023-08-09T17:44:51.199547+00:00, run_after=2023-08-10T17:44:51.199547+00:00
[2023-08-10T17:44:51.234+0000] {processor.py:179} INFO - Processing /home/airflow/.local/lib/python3.7/site-packages/airflow/example_dags/example_dynamic_task_mapping_with_no_taskflow_operators.py took 0.142 seconds
[2023-08-10T17:45:21.371+0000] {processor.py:157} INFO - Started process (PID=460) to work on /home/airflow/.local/lib/python3.7/site-packages/airflow/example_dags/example_dynamic_task_mapping_with_no_taskflow_operators.py
[2023-08-10T17:45:21.374+0000] {processor.py:826} INFO - Processing file /home/airflow/.local/lib/python3.7/site-packages/airflow/example_dags/example_dynamic_task_mapping_with_no_taskflow_operators.py for tasks to queue
[2023-08-10T17:45:21.377+0000] {logging_mixin.py:150} INFO - [2023-08-10T17:45:21.376+0000] {dagbag.py:541} INFO - Filling up the DagBag from /home/airflow/.local/lib/python3.7/site-packages/airflow/example_dags/example_dynamic_task_mapping_with_no_taskflow_operators.py
[2023-08-10T17:45:21.404+0000] {processor.py:836} INFO - DAG(s) dict_keys(['example_dynamic_task_mapping_with_no_taskflow_operators']) retrieved from /home/airflow/.local/lib/python3.7/site-packages/airflow/example_dags/example_dynamic_task_mapping_with_no_taskflow_operators.py
[2023-08-10T17:45:21.493+0000] {logging_mixin.py:150} INFO - [2023-08-10T17:45:21.492+0000] {dag.py:2742} INFO - Sync 1 DAGs
[2023-08-10T17:45:21.600+0000] {logging_mixin.py:150} INFO - [2023-08-10T17:45:21.599+0000] {dag.py:3508} INFO - Setting next_dagrun for example_dynamic_task_mapping_with_no_taskflow_operators to 2023-08-09T17:45:21.598967+00:00, run_after=2023-08-10T17:45:21.598967+00:00
[2023-08-10T17:45:21.672+0000] {processor.py:179} INFO - Processing /home/airflow/.local/lib/python3.7/site-packages/airflow/example_dags/example_dynamic_task_mapping_with_no_taskflow_operators.py took 0.313 seconds
[2023-08-10T17:45:52.235+0000] {processor.py:157} INFO - Started process (PID=518) to work on /home/airflow/.local/lib/python3.7/site-packages/airflow/example_dags/example_dynamic_task_mapping_with_no_taskflow_operators.py
[2023-08-10T17:45:52.236+0000] {processor.py:826} INFO - Processing file /home/airflow/.local/lib/python3.7/site-packages/airflow/example_dags/example_dynamic_task_mapping_with_no_taskflow_operators.py for tasks to queue
[2023-08-10T17:45:52.238+0000] {logging_mixin.py:150} INFO - [2023-08-10T17:45:52.237+0000] {dagbag.py:541} INFO - Filling up the DagBag from /home/airflow/.local/lib/python3.7/site-packages/airflow/example_dags/example_dynamic_task_mapping_with_no_taskflow_operators.py
[2023-08-10T17:45:52.248+0000] {processor.py:836} INFO - DAG(s) dict_keys(['example_dynamic_task_mapping_with_no_taskflow_operators']) retrieved from /home/airflow/.local/lib/python3.7/site-packages/airflow/example_dags/example_dynamic_task_mapping_with_no_taskflow_operators.py
[2023-08-10T17:45:52.287+0000] {logging_mixin.py:150} INFO - [2023-08-10T17:45:52.287+0000] {dag.py:2742} INFO - Sync 1 DAGs
[2023-08-10T17:45:52.331+0000] {logging_mixin.py:150} INFO - [2023-08-10T17:45:52.331+0000] {dag.py:3508} INFO - Setting next_dagrun for example_dynamic_task_mapping_with_no_taskflow_operators to 2023-08-09T17:45:52.330645+00:00, run_after=2023-08-10T17:45:52.330645+00:00
[2023-08-10T17:45:52.366+0000] {processor.py:179} INFO - Processing /home/airflow/.local/lib/python3.7/site-packages/airflow/example_dags/example_dynamic_task_mapping_with_no_taskflow_operators.py took 0.138 seconds
[2023-08-10T17:46:23.099+0000] {processor.py:157} INFO - Started process (PID=576) to work on /home/airflow/.local/lib/python3.7/site-packages/airflow/example_dags/example_dynamic_task_mapping_with_no_taskflow_operators.py
[2023-08-10T17:46:23.107+0000] {processor.py:826} INFO - Processing file /home/airflow/.local/lib/python3.7/site-packages/airflow/example_dags/example_dynamic_task_mapping_with_no_taskflow_operators.py for tasks to queue
[2023-08-10T17:46:23.109+0000] {logging_mixin.py:150} INFO - [2023-08-10T17:46:23.108+0000] {dagbag.py:541} INFO - Filling up the DagBag from /home/airflow/.local/lib/python3.7/site-packages/airflow/example_dags/example_dynamic_task_mapping_with_no_taskflow_operators.py
[2023-08-10T17:46:23.127+0000] {processor.py:836} INFO - DAG(s) dict_keys(['example_dynamic_task_mapping_with_no_taskflow_operators']) retrieved from /home/airflow/.local/lib/python3.7/site-packages/airflow/example_dags/example_dynamic_task_mapping_with_no_taskflow_operators.py
[2023-08-10T17:46:23.207+0000] {logging_mixin.py:150} INFO - [2023-08-10T17:46:23.206+0000] {dag.py:2742} INFO - Sync 1 DAGs
[2023-08-10T17:46:23.351+0000] {logging_mixin.py:150} INFO - [2023-08-10T17:46:23.351+0000] {dag.py:3508} INFO - Setting next_dagrun for example_dynamic_task_mapping_with_no_taskflow_operators to 2023-08-09T17:46:23.350552+00:00, run_after=2023-08-10T17:46:23.350552+00:00
[2023-08-10T17:46:23.452+0000] {processor.py:179} INFO - Processing /home/airflow/.local/lib/python3.7/site-packages/airflow/example_dags/example_dynamic_task_mapping_with_no_taskflow_operators.py took 0.377 seconds
[2023-08-10T17:46:53.559+0000] {processor.py:157} INFO - Started process (PID=635) to work on /home/airflow/.local/lib/python3.7/site-packages/airflow/example_dags/example_dynamic_task_mapping_with_no_taskflow_operators.py
[2023-08-10T17:46:53.567+0000] {processor.py:826} INFO - Processing file /home/airflow/.local/lib/python3.7/site-packages/airflow/example_dags/example_dynamic_task_mapping_with_no_taskflow_operators.py for tasks to queue
[2023-08-10T17:46:53.569+0000] {logging_mixin.py:150} INFO - [2023-08-10T17:46:53.568+0000] {dagbag.py:541} INFO - Filling up the DagBag from /home/airflow/.local/lib/python3.7/site-packages/airflow/example_dags/example_dynamic_task_mapping_with_no_taskflow_operators.py
[2023-08-10T17:46:53.601+0000] {processor.py:836} INFO - DAG(s) dict_keys(['example_dynamic_task_mapping_with_no_taskflow_operators']) retrieved from /home/airflow/.local/lib/python3.7/site-packages/airflow/example_dags/example_dynamic_task_mapping_with_no_taskflow_operators.py
[2023-08-10T17:46:53.695+0000] {logging_mixin.py:150} INFO - [2023-08-10T17:46:53.695+0000] {dag.py:2742} INFO - Sync 1 DAGs
[2023-08-10T17:46:53.887+0000] {logging_mixin.py:150} INFO - [2023-08-10T17:46:53.887+0000] {dag.py:3508} INFO - Setting next_dagrun for example_dynamic_task_mapping_with_no_taskflow_operators to 2023-08-09T17:46:53.886813+00:00, run_after=2023-08-10T17:46:53.886813+00:00
[2023-08-10T17:46:53.964+0000] {processor.py:179} INFO - Processing /home/airflow/.local/lib/python3.7/site-packages/airflow/example_dags/example_dynamic_task_mapping_with_no_taskflow_operators.py took 0.425 seconds
[2023-08-10T17:47:24.427+0000] {processor.py:157} INFO - Started process (PID=694) to work on /home/airflow/.local/lib/python3.7/site-packages/airflow/example_dags/example_dynamic_task_mapping_with_no_taskflow_operators.py
[2023-08-10T17:47:24.429+0000] {processor.py:826} INFO - Processing file /home/airflow/.local/lib/python3.7/site-packages/airflow/example_dags/example_dynamic_task_mapping_with_no_taskflow_operators.py for tasks to queue
[2023-08-10T17:47:24.430+0000] {logging_mixin.py:150} INFO - [2023-08-10T17:47:24.430+0000] {dagbag.py:541} INFO - Filling up the DagBag from /home/airflow/.local/lib/python3.7/site-packages/airflow/example_dags/example_dynamic_task_mapping_with_no_taskflow_operators.py
[2023-08-10T17:47:24.459+0000] {processor.py:836} INFO - DAG(s) dict_keys(['example_dynamic_task_mapping_with_no_taskflow_operators']) retrieved from /home/airflow/.local/lib/python3.7/site-packages/airflow/example_dags/example_dynamic_task_mapping_with_no_taskflow_operators.py
[2023-08-10T17:47:24.592+0000] {logging_mixin.py:150} INFO - [2023-08-10T17:47:24.592+0000] {dag.py:2742} INFO - Sync 1 DAGs
[2023-08-10T17:47:24.675+0000] {logging_mixin.py:150} INFO - [2023-08-10T17:47:24.674+0000] {dag.py:3508} INFO - Setting next_dagrun for example_dynamic_task_mapping_with_no_taskflow_operators to 2023-08-09T17:47:24.674462+00:00, run_after=2023-08-10T17:47:24.674462+00:00
[2023-08-10T17:47:24.728+0000] {processor.py:179} INFO - Processing /home/airflow/.local/lib/python3.7/site-packages/airflow/example_dags/example_dynamic_task_mapping_with_no_taskflow_operators.py took 0.315 seconds
[2023-08-10T17:47:54.954+0000] {processor.py:157} INFO - Started process (PID=752) to work on /home/airflow/.local/lib/python3.7/site-packages/airflow/example_dags/example_dynamic_task_mapping_with_no_taskflow_operators.py
[2023-08-10T17:47:54.958+0000] {processor.py:826} INFO - Processing file /home/airflow/.local/lib/python3.7/site-packages/airflow/example_dags/example_dynamic_task_mapping_with_no_taskflow_operators.py for tasks to queue
[2023-08-10T17:47:54.962+0000] {logging_mixin.py:150} INFO - [2023-08-10T17:47:54.960+0000] {dagbag.py:541} INFO - Filling up the DagBag from /home/airflow/.local/lib/python3.7/site-packages/airflow/example_dags/example_dynamic_task_mapping_with_no_taskflow_operators.py
[2023-08-10T17:47:54.976+0000] {processor.py:836} INFO - DAG(s) dict_keys(['example_dynamic_task_mapping_with_no_taskflow_operators']) retrieved from /home/airflow/.local/lib/python3.7/site-packages/airflow/example_dags/example_dynamic_task_mapping_with_no_taskflow_operators.py
[2023-08-10T17:47:55.022+0000] {logging_mixin.py:150} INFO - [2023-08-10T17:47:55.021+0000] {dag.py:2742} INFO - Sync 1 DAGs
[2023-08-10T17:47:55.075+0000] {logging_mixin.py:150} INFO - [2023-08-10T17:47:55.074+0000] {dag.py:3508} INFO - Setting next_dagrun for example_dynamic_task_mapping_with_no_taskflow_operators to 2023-08-09T17:47:55.073971+00:00, run_after=2023-08-10T17:47:55.073971+00:00
[2023-08-10T17:47:55.117+0000] {processor.py:179} INFO - Processing /home/airflow/.local/lib/python3.7/site-packages/airflow/example_dags/example_dynamic_task_mapping_with_no_taskflow_operators.py took 0.169 seconds
[2023-08-10T17:48:26.039+0000] {processor.py:157} INFO - Started process (PID=809) to work on /home/airflow/.local/lib/python3.7/site-packages/airflow/example_dags/example_dynamic_task_mapping_with_no_taskflow_operators.py
[2023-08-10T17:48:26.045+0000] {processor.py:826} INFO - Processing file /home/airflow/.local/lib/python3.7/site-packages/airflow/example_dags/example_dynamic_task_mapping_with_no_taskflow_operators.py for tasks to queue
[2023-08-10T17:48:26.047+0000] {logging_mixin.py:150} INFO - [2023-08-10T17:48:26.047+0000] {dagbag.py:541} INFO - Filling up the DagBag from /home/airflow/.local/lib/python3.7/site-packages/airflow/example_dags/example_dynamic_task_mapping_with_no_taskflow_operators.py
[2023-08-10T17:48:26.094+0000] {processor.py:836} INFO - DAG(s) dict_keys(['example_dynamic_task_mapping_with_no_taskflow_operators']) retrieved from /home/airflow/.local/lib/python3.7/site-packages/airflow/example_dags/example_dynamic_task_mapping_with_no_taskflow_operators.py
[2023-08-10T17:48:26.266+0000] {logging_mixin.py:150} INFO - [2023-08-10T17:48:26.265+0000] {dag.py:2742} INFO - Sync 1 DAGs
[2023-08-10T17:48:26.368+0000] {logging_mixin.py:150} INFO - [2023-08-10T17:48:26.368+0000] {dag.py:3508} INFO - Setting next_dagrun for example_dynamic_task_mapping_with_no_taskflow_operators to 2023-08-09T17:48:26.367791+00:00, run_after=2023-08-10T17:48:26.367791+00:00
[2023-08-10T17:48:26.415+0000] {processor.py:179} INFO - Processing /home/airflow/.local/lib/python3.7/site-packages/airflow/example_dags/example_dynamic_task_mapping_with_no_taskflow_operators.py took 0.397 seconds
[2023-08-10T17:48:56.786+0000] {processor.py:157} INFO - Started process (PID=868) to work on /home/airflow/.local/lib/python3.7/site-packages/airflow/example_dags/example_dynamic_task_mapping_with_no_taskflow_operators.py
[2023-08-10T17:48:56.805+0000] {processor.py:826} INFO - Processing file /home/airflow/.local/lib/python3.7/site-packages/airflow/example_dags/example_dynamic_task_mapping_with_no_taskflow_operators.py for tasks to queue
[2023-08-10T17:48:56.808+0000] {logging_mixin.py:150} INFO - [2023-08-10T17:48:56.808+0000] {dagbag.py:541} INFO - Filling up the DagBag from /home/airflow/.local/lib/python3.7/site-packages/airflow/example_dags/example_dynamic_task_mapping_with_no_taskflow_operators.py
[2023-08-10T17:48:56.832+0000] {processor.py:836} INFO - DAG(s) dict_keys(['example_dynamic_task_mapping_with_no_taskflow_operators']) retrieved from /home/airflow/.local/lib/python3.7/site-packages/airflow/example_dags/example_dynamic_task_mapping_with_no_taskflow_operators.py
[2023-08-10T17:48:56.933+0000] {logging_mixin.py:150} INFO - [2023-08-10T17:48:56.933+0000] {dag.py:2742} INFO - Sync 1 DAGs
[2023-08-10T17:48:57.042+0000] {logging_mixin.py:150} INFO - [2023-08-10T17:48:57.042+0000] {dag.py:3508} INFO - Setting next_dagrun for example_dynamic_task_mapping_with_no_taskflow_operators to 2023-08-09T17:48:57.041563+00:00, run_after=2023-08-10T17:48:57.041563+00:00
[2023-08-10T17:48:57.102+0000] {processor.py:179} INFO - Processing /home/airflow/.local/lib/python3.7/site-packages/airflow/example_dags/example_dynamic_task_mapping_with_no_taskflow_operators.py took 0.346 seconds
[2023-08-10T17:49:27.881+0000] {processor.py:157} INFO - Started process (PID=926) to work on /home/airflow/.local/lib/python3.7/site-packages/airflow/example_dags/example_dynamic_task_mapping_with_no_taskflow_operators.py
[2023-08-10T17:49:27.898+0000] {processor.py:826} INFO - Processing file /home/airflow/.local/lib/python3.7/site-packages/airflow/example_dags/example_dynamic_task_mapping_with_no_taskflow_operators.py for tasks to queue
[2023-08-10T17:49:27.900+0000] {logging_mixin.py:150} INFO - [2023-08-10T17:49:27.900+0000] {dagbag.py:541} INFO - Filling up the DagBag from /home/airflow/.local/lib/python3.7/site-packages/airflow/example_dags/example_dynamic_task_mapping_with_no_taskflow_operators.py
[2023-08-10T17:49:27.912+0000] {processor.py:836} INFO - DAG(s) dict_keys(['example_dynamic_task_mapping_with_no_taskflow_operators']) retrieved from /home/airflow/.local/lib/python3.7/site-packages/airflow/example_dags/example_dynamic_task_mapping_with_no_taskflow_operators.py
[2023-08-10T17:49:27.967+0000] {logging_mixin.py:150} INFO - [2023-08-10T17:49:27.967+0000] {dag.py:2742} INFO - Sync 1 DAGs
[2023-08-10T17:49:28.048+0000] {logging_mixin.py:150} INFO - [2023-08-10T17:49:28.048+0000] {dag.py:3508} INFO - Setting next_dagrun for example_dynamic_task_mapping_with_no_taskflow_operators to 2023-08-09T17:49:28.047932+00:00, run_after=2023-08-10T17:49:28.047932+00:00
[2023-08-10T17:49:28.126+0000] {processor.py:179} INFO - Processing /home/airflow/.local/lib/python3.7/site-packages/airflow/example_dags/example_dynamic_task_mapping_with_no_taskflow_operators.py took 0.249 seconds
[2023-08-10T17:49:58.555+0000] {processor.py:157} INFO - Started process (PID=984) to work on /home/airflow/.local/lib/python3.7/site-packages/airflow/example_dags/example_dynamic_task_mapping_with_no_taskflow_operators.py
[2023-08-10T17:49:58.558+0000] {processor.py:826} INFO - Processing file /home/airflow/.local/lib/python3.7/site-packages/airflow/example_dags/example_dynamic_task_mapping_with_no_taskflow_operators.py for tasks to queue
[2023-08-10T17:49:58.561+0000] {logging_mixin.py:150} INFO - [2023-08-10T17:49:58.561+0000] {dagbag.py:541} INFO - Filling up the DagBag from /home/airflow/.local/lib/python3.7/site-packages/airflow/example_dags/example_dynamic_task_mapping_with_no_taskflow_operators.py
[2023-08-10T17:49:58.586+0000] {processor.py:836} INFO - DAG(s) dict_keys(['example_dynamic_task_mapping_with_no_taskflow_operators']) retrieved from /home/airflow/.local/lib/python3.7/site-packages/airflow/example_dags/example_dynamic_task_mapping_with_no_taskflow_operators.py
[2023-08-10T17:49:58.659+0000] {logging_mixin.py:150} INFO - [2023-08-10T17:49:58.659+0000] {dag.py:2742} INFO - Sync 1 DAGs
[2023-08-10T17:49:58.708+0000] {logging_mixin.py:150} INFO - [2023-08-10T17:49:58.708+0000] {dag.py:3508} INFO - Setting next_dagrun for example_dynamic_task_mapping_with_no_taskflow_operators to 2023-08-09T17:49:58.707836+00:00, run_after=2023-08-10T17:49:58.707836+00:00
[2023-08-10T17:49:58.745+0000] {processor.py:179} INFO - Processing /home/airflow/.local/lib/python3.7/site-packages/airflow/example_dags/example_dynamic_task_mapping_with_no_taskflow_operators.py took 0.199 seconds
[2023-08-10T17:50:29.604+0000] {processor.py:157} INFO - Started process (PID=1042) to work on /home/airflow/.local/lib/python3.7/site-packages/airflow/example_dags/example_dynamic_task_mapping_with_no_taskflow_operators.py
[2023-08-10T17:50:29.614+0000] {processor.py:826} INFO - Processing file /home/airflow/.local/lib/python3.7/site-packages/airflow/example_dags/example_dynamic_task_mapping_with_no_taskflow_operators.py for tasks to queue
[2023-08-10T17:50:29.616+0000] {logging_mixin.py:150} INFO - [2023-08-10T17:50:29.615+0000] {dagbag.py:541} INFO - Filling up the DagBag from /home/airflow/.local/lib/python3.7/site-packages/airflow/example_dags/example_dynamic_task_mapping_with_no_taskflow_operators.py
[2023-08-10T17:50:29.649+0000] {processor.py:836} INFO - DAG(s) dict_keys(['example_dynamic_task_mapping_with_no_taskflow_operators']) retrieved from /home/airflow/.local/lib/python3.7/site-packages/airflow/example_dags/example_dynamic_task_mapping_with_no_taskflow_operators.py
[2023-08-10T17:50:29.771+0000] {logging_mixin.py:150} INFO - [2023-08-10T17:50:29.771+0000] {dag.py:2742} INFO - Sync 1 DAGs
[2023-08-10T17:50:29.870+0000] {logging_mixin.py:150} INFO - [2023-08-10T17:50:29.870+0000] {dag.py:3508} INFO - Setting next_dagrun for example_dynamic_task_mapping_with_no_taskflow_operators to 2023-08-09T17:50:29.869587+00:00, run_after=2023-08-10T17:50:29.869587+00:00
[2023-08-10T17:50:29.976+0000] {processor.py:179} INFO - Processing /home/airflow/.local/lib/python3.7/site-packages/airflow/example_dags/example_dynamic_task_mapping_with_no_taskflow_operators.py took 0.381 seconds
[2023-08-10T17:51:00.105+0000] {processor.py:157} INFO - Started process (PID=1099) to work on /home/airflow/.local/lib/python3.7/site-packages/airflow/example_dags/example_dynamic_task_mapping_with_no_taskflow_operators.py
[2023-08-10T17:51:00.131+0000] {processor.py:826} INFO - Processing file /home/airflow/.local/lib/python3.7/site-packages/airflow/example_dags/example_dynamic_task_mapping_with_no_taskflow_operators.py for tasks to queue
[2023-08-10T17:51:00.133+0000] {logging_mixin.py:150} INFO - [2023-08-10T17:51:00.132+0000] {dagbag.py:541} INFO - Filling up the DagBag from /home/airflow/.local/lib/python3.7/site-packages/airflow/example_dags/example_dynamic_task_mapping_with_no_taskflow_operators.py
[2023-08-10T17:51:00.143+0000] {processor.py:836} INFO - DAG(s) dict_keys(['example_dynamic_task_mapping_with_no_taskflow_operators']) retrieved from /home/airflow/.local/lib/python3.7/site-packages/airflow/example_dags/example_dynamic_task_mapping_with_no_taskflow_operators.py
[2023-08-10T17:51:00.192+0000] {logging_mixin.py:150} INFO - [2023-08-10T17:51:00.191+0000] {dag.py:2742} INFO - Sync 1 DAGs
[2023-08-10T17:51:00.250+0000] {logging_mixin.py:150} INFO - [2023-08-10T17:51:00.250+0000] {dag.py:3508} INFO - Setting next_dagrun for example_dynamic_task_mapping_with_no_taskflow_operators to 2023-08-09T17:51:00.249667+00:00, run_after=2023-08-10T17:51:00.249667+00:00
[2023-08-10T17:51:00.294+0000] {processor.py:179} INFO - Processing /home/airflow/.local/lib/python3.7/site-packages/airflow/example_dags/example_dynamic_task_mapping_with_no_taskflow_operators.py took 0.198 seconds
[2023-08-10T17:51:30.915+0000] {processor.py:157} INFO - Started process (PID=1155) to work on /home/airflow/.local/lib/python3.7/site-packages/airflow/example_dags/example_dynamic_task_mapping_with_no_taskflow_operators.py
[2023-08-10T17:51:30.916+0000] {processor.py:826} INFO - Processing file /home/airflow/.local/lib/python3.7/site-packages/airflow/example_dags/example_dynamic_task_mapping_with_no_taskflow_operators.py for tasks to queue
[2023-08-10T17:51:30.918+0000] {logging_mixin.py:150} INFO - [2023-08-10T17:51:30.917+0000] {dagbag.py:541} INFO - Filling up the DagBag from /home/airflow/.local/lib/python3.7/site-packages/airflow/example_dags/example_dynamic_task_mapping_with_no_taskflow_operators.py
[2023-08-10T17:51:30.931+0000] {processor.py:836} INFO - DAG(s) dict_keys(['example_dynamic_task_mapping_with_no_taskflow_operators']) retrieved from /home/airflow/.local/lib/python3.7/site-packages/airflow/example_dags/example_dynamic_task_mapping_with_no_taskflow_operators.py
[2023-08-10T17:51:30.967+0000] {logging_mixin.py:150} INFO - [2023-08-10T17:51:30.967+0000] {dag.py:2742} INFO - Sync 1 DAGs
[2023-08-10T17:51:31.023+0000] {logging_mixin.py:150} INFO - [2023-08-10T17:51:31.023+0000] {dag.py:3508} INFO - Setting next_dagrun for example_dynamic_task_mapping_with_no_taskflow_operators to 2023-08-09T17:51:31.023391+00:00, run_after=2023-08-10T17:51:31.023391+00:00
[2023-08-10T17:51:31.055+0000] {processor.py:179} INFO - Processing /home/airflow/.local/lib/python3.7/site-packages/airflow/example_dags/example_dynamic_task_mapping_with_no_taskflow_operators.py took 0.145 seconds
[2023-08-10T17:52:01.219+0000] {processor.py:157} INFO - Started process (PID=1215) to work on /home/airflow/.local/lib/python3.7/site-packages/airflow/example_dags/example_dynamic_task_mapping_with_no_taskflow_operators.py
[2023-08-10T17:52:01.226+0000] {processor.py:826} INFO - Processing file /home/airflow/.local/lib/python3.7/site-packages/airflow/example_dags/example_dynamic_task_mapping_with_no_taskflow_operators.py for tasks to queue
[2023-08-10T17:52:01.228+0000] {logging_mixin.py:150} INFO - [2023-08-10T17:52:01.227+0000] {dagbag.py:541} INFO - Filling up the DagBag from /home/airflow/.local/lib/python3.7/site-packages/airflow/example_dags/example_dynamic_task_mapping_with_no_taskflow_operators.py
[2023-08-10T17:52:01.236+0000] {processor.py:836} INFO - DAG(s) dict_keys(['example_dynamic_task_mapping_with_no_taskflow_operators']) retrieved from /home/airflow/.local/lib/python3.7/site-packages/airflow/example_dags/example_dynamic_task_mapping_with_no_taskflow_operators.py
[2023-08-10T17:52:01.277+0000] {logging_mixin.py:150} INFO - [2023-08-10T17:52:01.276+0000] {dag.py:2742} INFO - Sync 1 DAGs
[2023-08-10T17:52:01.344+0000] {logging_mixin.py:150} INFO - [2023-08-10T17:52:01.344+0000] {dag.py:3508} INFO - Setting next_dagrun for example_dynamic_task_mapping_with_no_taskflow_operators to 2023-08-09T17:52:01.343857+00:00, run_after=2023-08-10T17:52:01.343857+00:00
[2023-08-10T17:52:01.433+0000] {processor.py:179} INFO - Processing /home/airflow/.local/lib/python3.7/site-packages/airflow/example_dags/example_dynamic_task_mapping_with_no_taskflow_operators.py took 0.219 seconds
[2023-08-10T17:52:31.686+0000] {processor.py:157} INFO - Started process (PID=1273) to work on /home/airflow/.local/lib/python3.7/site-packages/airflow/example_dags/example_dynamic_task_mapping_with_no_taskflow_operators.py
[2023-08-10T17:52:31.688+0000] {processor.py:826} INFO - Processing file /home/airflow/.local/lib/python3.7/site-packages/airflow/example_dags/example_dynamic_task_mapping_with_no_taskflow_operators.py for tasks to queue
[2023-08-10T17:52:31.690+0000] {logging_mixin.py:150} INFO - [2023-08-10T17:52:31.689+0000] {dagbag.py:541} INFO - Filling up the DagBag from /home/airflow/.local/lib/python3.7/site-packages/airflow/example_dags/example_dynamic_task_mapping_with_no_taskflow_operators.py
[2023-08-10T17:52:31.699+0000] {processor.py:836} INFO - DAG(s) dict_keys(['example_dynamic_task_mapping_with_no_taskflow_operators']) retrieved from /home/airflow/.local/lib/python3.7/site-packages/airflow/example_dags/example_dynamic_task_mapping_with_no_taskflow_operators.py
[2023-08-10T17:52:31.736+0000] {logging_mixin.py:150} INFO - [2023-08-10T17:52:31.736+0000] {dag.py:2742} INFO - Sync 1 DAGs
[2023-08-10T17:52:31.780+0000] {logging_mixin.py:150} INFO - [2023-08-10T17:52:31.780+0000] {dag.py:3508} INFO - Setting next_dagrun for example_dynamic_task_mapping_with_no_taskflow_operators to 2023-08-09T17:52:31.780034+00:00, run_after=2023-08-10T17:52:31.780034+00:00
[2023-08-10T17:52:31.816+0000] {processor.py:179} INFO - Processing /home/airflow/.local/lib/python3.7/site-packages/airflow/example_dags/example_dynamic_task_mapping_with_no_taskflow_operators.py took 0.134 seconds
