[2023-08-10T17:41:24.891+0000] {processor.py:157} INFO - Started process (PID=47) to work on /home/airflow/.local/lib/python3.7/site-packages/airflow/example_dags/example_sla_dag.py
[2023-08-10T17:41:24.900+0000] {processor.py:826} INFO - Processing file /home/airflow/.local/lib/python3.7/site-packages/airflow/example_dags/example_sla_dag.py for tasks to queue
[2023-08-10T17:41:24.908+0000] {logging_mixin.py:150} INFO - [2023-08-10T17:41:24.908+0000] {dagbag.py:541} INFO - Filling up the DagBag from /home/airflow/.local/lib/python3.7/site-packages/airflow/example_dags/example_sla_dag.py
[2023-08-10T17:41:24.968+0000] {processor.py:836} INFO - DAG(s) dict_keys(['example_sla_dag']) retrieved from /home/airflow/.local/lib/python3.7/site-packages/airflow/example_dags/example_sla_dag.py
[2023-08-10T17:41:26.046+0000] {logging_mixin.py:150} INFO - [2023-08-10T17:41:26.046+0000] {manager.py:504} INFO - Created Permission View: can edit on DAG:example_sla_dag
[2023-08-10T17:41:26.137+0000] {logging_mixin.py:150} INFO - [2023-08-10T17:41:26.136+0000] {manager.py:504} INFO - Created Permission View: can delete on DAG:example_sla_dag
[2023-08-10T17:41:26.243+0000] {logging_mixin.py:150} INFO - [2023-08-10T17:41:26.242+0000] {manager.py:504} INFO - Created Permission View: can read on DAG:example_sla_dag
[2023-08-10T17:41:26.374+0000] {logging_mixin.py:150} INFO - [2023-08-10T17:41:26.374+0000] {dag.py:2742} INFO - Sync 1 DAGs
[2023-08-10T17:41:26.435+0000] {logging_mixin.py:150} INFO - [2023-08-10T17:41:26.435+0000] {dag.py:2763} INFO - Creating ORM DAG for example_sla_dag
[2023-08-10T17:41:26.582+0000] {logging_mixin.py:150} INFO - [2023-08-10T17:41:26.578+0000] {dag.py:3508} INFO - Setting next_dagrun for example_sla_dag to 2023-08-10T17:38:00+00:00, run_after=2023-08-10T17:40:00+00:00
[2023-08-10T17:41:26.710+0000] {processor.py:179} INFO - Processing /home/airflow/.local/lib/python3.7/site-packages/airflow/example_dags/example_sla_dag.py took 1.859 seconds
[2023-08-10T17:42:00.515+0000] {processor.py:157} INFO - Started process (PID=111) to work on /home/airflow/.local/lib/python3.7/site-packages/airflow/example_dags/example_sla_dag.py
[2023-08-10T17:42:00.524+0000] {processor.py:826} INFO - Processing file /home/airflow/.local/lib/python3.7/site-packages/airflow/example_dags/example_sla_dag.py for tasks to queue
[2023-08-10T17:42:00.526+0000] {logging_mixin.py:150} INFO - [2023-08-10T17:42:00.526+0000] {dagbag.py:541} INFO - Filling up the DagBag from /home/airflow/.local/lib/python3.7/site-packages/airflow/example_dags/example_sla_dag.py
[2023-08-10T17:42:00.545+0000] {processor.py:836} INFO - DAG(s) dict_keys(['example_sla_dag']) retrieved from /home/airflow/.local/lib/python3.7/site-packages/airflow/example_dags/example_sla_dag.py
[2023-08-10T17:42:00.603+0000] {logging_mixin.py:150} INFO - [2023-08-10T17:42:00.602+0000] {dag.py:2742} INFO - Sync 1 DAGs
[2023-08-10T17:42:00.768+0000] {logging_mixin.py:150} INFO - [2023-08-10T17:42:00.768+0000] {dag.py:3508} INFO - Setting next_dagrun for example_sla_dag to 2023-08-10T17:40:00+00:00, run_after=2023-08-10T17:42:00+00:00
[2023-08-10T17:42:00.894+0000] {processor.py:179} INFO - Processing /home/airflow/.local/lib/python3.7/site-packages/airflow/example_dags/example_sla_dag.py took 0.393 seconds
[2023-08-10T17:42:33.691+0000] {processor.py:157} INFO - Started process (PID=164) to work on /home/airflow/.local/lib/python3.7/site-packages/airflow/example_dags/example_sla_dag.py
[2023-08-10T17:42:33.701+0000] {processor.py:826} INFO - Processing file /home/airflow/.local/lib/python3.7/site-packages/airflow/example_dags/example_sla_dag.py for tasks to queue
[2023-08-10T17:42:33.703+0000] {logging_mixin.py:150} INFO - [2023-08-10T17:42:33.702+0000] {dagbag.py:541} INFO - Filling up the DagBag from /home/airflow/.local/lib/python3.7/site-packages/airflow/example_dags/example_sla_dag.py
[2023-08-10T17:42:33.742+0000] {processor.py:836} INFO - DAG(s) dict_keys(['example_sla_dag']) retrieved from /home/airflow/.local/lib/python3.7/site-packages/airflow/example_dags/example_sla_dag.py
[2023-08-10T17:42:33.858+0000] {logging_mixin.py:150} INFO - [2023-08-10T17:42:33.858+0000] {dag.py:2742} INFO - Sync 1 DAGs
[2023-08-10T17:42:34.088+0000] {logging_mixin.py:150} INFO - [2023-08-10T17:42:34.088+0000] {dag.py:3508} INFO - Setting next_dagrun for example_sla_dag to 2023-08-10T17:40:00+00:00, run_after=2023-08-10T17:42:00+00:00
[2023-08-10T17:42:34.359+0000] {processor.py:179} INFO - Processing /home/airflow/.local/lib/python3.7/site-packages/airflow/example_dags/example_sla_dag.py took 0.675 seconds
[2023-08-10T17:43:06.447+0000] {processor.py:157} INFO - Started process (PID=222) to work on /home/airflow/.local/lib/python3.7/site-packages/airflow/example_dags/example_sla_dag.py
[2023-08-10T17:43:06.451+0000] {processor.py:826} INFO - Processing file /home/airflow/.local/lib/python3.7/site-packages/airflow/example_dags/example_sla_dag.py for tasks to queue
[2023-08-10T17:43:06.456+0000] {logging_mixin.py:150} INFO - [2023-08-10T17:43:06.455+0000] {dagbag.py:541} INFO - Filling up the DagBag from /home/airflow/.local/lib/python3.7/site-packages/airflow/example_dags/example_sla_dag.py
[2023-08-10T17:43:06.510+0000] {processor.py:836} INFO - DAG(s) dict_keys(['example_sla_dag']) retrieved from /home/airflow/.local/lib/python3.7/site-packages/airflow/example_dags/example_sla_dag.py
[2023-08-10T17:43:06.570+0000] {logging_mixin.py:150} INFO - [2023-08-10T17:43:06.570+0000] {dag.py:2742} INFO - Sync 1 DAGs
[2023-08-10T17:43:06.653+0000] {logging_mixin.py:150} INFO - [2023-08-10T17:43:06.652+0000] {dag.py:3508} INFO - Setting next_dagrun for example_sla_dag to 2023-08-10T17:40:00+00:00, run_after=2023-08-10T17:42:00+00:00
[2023-08-10T17:43:06.968+0000] {processor.py:179} INFO - Processing /home/airflow/.local/lib/python3.7/site-packages/airflow/example_dags/example_sla_dag.py took 0.530 seconds
[2023-08-10T17:43:37.337+0000] {processor.py:157} INFO - Started process (PID=280) to work on /home/airflow/.local/lib/python3.7/site-packages/airflow/example_dags/example_sla_dag.py
[2023-08-10T17:43:37.338+0000] {processor.py:826} INFO - Processing file /home/airflow/.local/lib/python3.7/site-packages/airflow/example_dags/example_sla_dag.py for tasks to queue
[2023-08-10T17:43:37.339+0000] {logging_mixin.py:150} INFO - [2023-08-10T17:43:37.339+0000] {dagbag.py:541} INFO - Filling up the DagBag from /home/airflow/.local/lib/python3.7/site-packages/airflow/example_dags/example_sla_dag.py
[2023-08-10T17:43:37.355+0000] {processor.py:836} INFO - DAG(s) dict_keys(['example_sla_dag']) retrieved from /home/airflow/.local/lib/python3.7/site-packages/airflow/example_dags/example_sla_dag.py
[2023-08-10T17:43:37.395+0000] {logging_mixin.py:150} INFO - [2023-08-10T17:43:37.395+0000] {dag.py:2742} INFO - Sync 1 DAGs
[2023-08-10T17:43:37.466+0000] {logging_mixin.py:150} INFO - [2023-08-10T17:43:37.466+0000] {dag.py:3508} INFO - Setting next_dagrun for example_sla_dag to 2023-08-10T17:40:00+00:00, run_after=2023-08-10T17:42:00+00:00
[2023-08-10T17:43:37.506+0000] {processor.py:179} INFO - Processing /home/airflow/.local/lib/python3.7/site-packages/airflow/example_dags/example_sla_dag.py took 0.175 seconds
[2023-08-10T17:44:07.682+0000] {processor.py:157} INFO - Started process (PID=337) to work on /home/airflow/.local/lib/python3.7/site-packages/airflow/example_dags/example_sla_dag.py
[2023-08-10T17:44:07.691+0000] {processor.py:826} INFO - Processing file /home/airflow/.local/lib/python3.7/site-packages/airflow/example_dags/example_sla_dag.py for tasks to queue
[2023-08-10T17:44:07.693+0000] {logging_mixin.py:150} INFO - [2023-08-10T17:44:07.693+0000] {dagbag.py:541} INFO - Filling up the DagBag from /home/airflow/.local/lib/python3.7/site-packages/airflow/example_dags/example_sla_dag.py
[2023-08-10T17:44:07.718+0000] {processor.py:836} INFO - DAG(s) dict_keys(['example_sla_dag']) retrieved from /home/airflow/.local/lib/python3.7/site-packages/airflow/example_dags/example_sla_dag.py
[2023-08-10T17:44:07.799+0000] {logging_mixin.py:150} INFO - [2023-08-10T17:44:07.798+0000] {dag.py:2742} INFO - Sync 1 DAGs
[2023-08-10T17:44:07.898+0000] {logging_mixin.py:150} INFO - [2023-08-10T17:44:07.898+0000] {dag.py:3508} INFO - Setting next_dagrun for example_sla_dag to 2023-08-10T17:42:00+00:00, run_after=2023-08-10T17:44:00+00:00
[2023-08-10T17:44:07.931+0000] {processor.py:179} INFO - Processing /home/airflow/.local/lib/python3.7/site-packages/airflow/example_dags/example_sla_dag.py took 0.260 seconds
[2023-08-10T17:44:38.024+0000] {processor.py:157} INFO - Started process (PID=395) to work on /home/airflow/.local/lib/python3.7/site-packages/airflow/example_dags/example_sla_dag.py
[2023-08-10T17:44:38.025+0000] {processor.py:826} INFO - Processing file /home/airflow/.local/lib/python3.7/site-packages/airflow/example_dags/example_sla_dag.py for tasks to queue
[2023-08-10T17:44:38.026+0000] {logging_mixin.py:150} INFO - [2023-08-10T17:44:38.026+0000] {dagbag.py:541} INFO - Filling up the DagBag from /home/airflow/.local/lib/python3.7/site-packages/airflow/example_dags/example_sla_dag.py
[2023-08-10T17:44:38.038+0000] {processor.py:836} INFO - DAG(s) dict_keys(['example_sla_dag']) retrieved from /home/airflow/.local/lib/python3.7/site-packages/airflow/example_dags/example_sla_dag.py
[2023-08-10T17:44:38.073+0000] {logging_mixin.py:150} INFO - [2023-08-10T17:44:38.073+0000] {dag.py:2742} INFO - Sync 1 DAGs
[2023-08-10T17:44:38.150+0000] {logging_mixin.py:150} INFO - [2023-08-10T17:44:38.150+0000] {dag.py:3508} INFO - Setting next_dagrun for example_sla_dag to 2023-08-10T17:42:00+00:00, run_after=2023-08-10T17:44:00+00:00
[2023-08-10T17:44:38.199+0000] {processor.py:179} INFO - Processing /home/airflow/.local/lib/python3.7/site-packages/airflow/example_dags/example_sla_dag.py took 0.179 seconds
[2023-08-10T17:45:08.701+0000] {processor.py:157} INFO - Started process (PID=453) to work on /home/airflow/.local/lib/python3.7/site-packages/airflow/example_dags/example_sla_dag.py
[2023-08-10T17:45:08.702+0000] {processor.py:826} INFO - Processing file /home/airflow/.local/lib/python3.7/site-packages/airflow/example_dags/example_sla_dag.py for tasks to queue
[2023-08-10T17:45:08.703+0000] {logging_mixin.py:150} INFO - [2023-08-10T17:45:08.703+0000] {dagbag.py:541} INFO - Filling up the DagBag from /home/airflow/.local/lib/python3.7/site-packages/airflow/example_dags/example_sla_dag.py
[2023-08-10T17:45:08.715+0000] {processor.py:836} INFO - DAG(s) dict_keys(['example_sla_dag']) retrieved from /home/airflow/.local/lib/python3.7/site-packages/airflow/example_dags/example_sla_dag.py
[2023-08-10T17:45:08.770+0000] {logging_mixin.py:150} INFO - [2023-08-10T17:45:08.769+0000] {dag.py:2742} INFO - Sync 1 DAGs
[2023-08-10T17:45:08.821+0000] {logging_mixin.py:150} INFO - [2023-08-10T17:45:08.821+0000] {dag.py:3508} INFO - Setting next_dagrun for example_sla_dag to 2023-08-10T17:42:00+00:00, run_after=2023-08-10T17:44:00+00:00
[2023-08-10T17:45:08.879+0000] {processor.py:179} INFO - Processing /home/airflow/.local/lib/python3.7/site-packages/airflow/example_dags/example_sla_dag.py took 0.182 seconds
[2023-08-10T17:45:39.018+0000] {processor.py:157} INFO - Started process (PID=511) to work on /home/airflow/.local/lib/python3.7/site-packages/airflow/example_dags/example_sla_dag.py
[2023-08-10T17:45:39.019+0000] {processor.py:826} INFO - Processing file /home/airflow/.local/lib/python3.7/site-packages/airflow/example_dags/example_sla_dag.py for tasks to queue
[2023-08-10T17:45:39.020+0000] {logging_mixin.py:150} INFO - [2023-08-10T17:45:39.020+0000] {dagbag.py:541} INFO - Filling up the DagBag from /home/airflow/.local/lib/python3.7/site-packages/airflow/example_dags/example_sla_dag.py
[2023-08-10T17:45:39.032+0000] {processor.py:836} INFO - DAG(s) dict_keys(['example_sla_dag']) retrieved from /home/airflow/.local/lib/python3.7/site-packages/airflow/example_dags/example_sla_dag.py
[2023-08-10T17:45:39.067+0000] {logging_mixin.py:150} INFO - [2023-08-10T17:45:39.067+0000] {dag.py:2742} INFO - Sync 1 DAGs
[2023-08-10T17:45:39.141+0000] {logging_mixin.py:150} INFO - [2023-08-10T17:45:39.141+0000] {dag.py:3508} INFO - Setting next_dagrun for example_sla_dag to 2023-08-10T17:42:00+00:00, run_after=2023-08-10T17:44:00+00:00
[2023-08-10T17:45:39.178+0000] {processor.py:179} INFO - Processing /home/airflow/.local/lib/python3.7/site-packages/airflow/example_dags/example_sla_dag.py took 0.164 seconds
[2023-08-10T17:46:09.855+0000] {processor.py:157} INFO - Started process (PID=569) to work on /home/airflow/.local/lib/python3.7/site-packages/airflow/example_dags/example_sla_dag.py
[2023-08-10T17:46:09.876+0000] {processor.py:826} INFO - Processing file /home/airflow/.local/lib/python3.7/site-packages/airflow/example_dags/example_sla_dag.py for tasks to queue
[2023-08-10T17:46:09.877+0000] {logging_mixin.py:150} INFO - [2023-08-10T17:46:09.877+0000] {dagbag.py:541} INFO - Filling up the DagBag from /home/airflow/.local/lib/python3.7/site-packages/airflow/example_dags/example_sla_dag.py
[2023-08-10T17:46:09.896+0000] {processor.py:836} INFO - DAG(s) dict_keys(['example_sla_dag']) retrieved from /home/airflow/.local/lib/python3.7/site-packages/airflow/example_dags/example_sla_dag.py
[2023-08-10T17:46:09.948+0000] {logging_mixin.py:150} INFO - [2023-08-10T17:46:09.948+0000] {dag.py:2742} INFO - Sync 1 DAGs
[2023-08-10T17:46:10.033+0000] {logging_mixin.py:150} INFO - [2023-08-10T17:46:10.032+0000] {dag.py:3508} INFO - Setting next_dagrun for example_sla_dag to 2023-08-10T17:44:00+00:00, run_after=2023-08-10T17:46:00+00:00
[2023-08-10T17:46:10.092+0000] {processor.py:179} INFO - Processing /home/airflow/.local/lib/python3.7/site-packages/airflow/example_dags/example_sla_dag.py took 0.247 seconds
[2023-08-10T17:46:41.135+0000] {processor.py:157} INFO - Started process (PID=628) to work on /home/airflow/.local/lib/python3.7/site-packages/airflow/example_dags/example_sla_dag.py
[2023-08-10T17:46:41.136+0000] {processor.py:826} INFO - Processing file /home/airflow/.local/lib/python3.7/site-packages/airflow/example_dags/example_sla_dag.py for tasks to queue
[2023-08-10T17:46:41.138+0000] {logging_mixin.py:150} INFO - [2023-08-10T17:46:41.137+0000] {dagbag.py:541} INFO - Filling up the DagBag from /home/airflow/.local/lib/python3.7/site-packages/airflow/example_dags/example_sla_dag.py
[2023-08-10T17:46:41.184+0000] {processor.py:836} INFO - DAG(s) dict_keys(['example_sla_dag']) retrieved from /home/airflow/.local/lib/python3.7/site-packages/airflow/example_dags/example_sla_dag.py
[2023-08-10T17:46:41.264+0000] {logging_mixin.py:150} INFO - [2023-08-10T17:46:41.264+0000] {dag.py:2742} INFO - Sync 1 DAGs
[2023-08-10T17:46:41.342+0000] {logging_mixin.py:150} INFO - [2023-08-10T17:46:41.342+0000] {dag.py:3508} INFO - Setting next_dagrun for example_sla_dag to 2023-08-10T17:44:00+00:00, run_after=2023-08-10T17:46:00+00:00
[2023-08-10T17:46:41.419+0000] {processor.py:179} INFO - Processing /home/airflow/.local/lib/python3.7/site-packages/airflow/example_dags/example_sla_dag.py took 0.292 seconds
[2023-08-10T17:47:11.870+0000] {processor.py:157} INFO - Started process (PID=687) to work on /home/airflow/.local/lib/python3.7/site-packages/airflow/example_dags/example_sla_dag.py
[2023-08-10T17:47:11.874+0000] {processor.py:826} INFO - Processing file /home/airflow/.local/lib/python3.7/site-packages/airflow/example_dags/example_sla_dag.py for tasks to queue
[2023-08-10T17:47:11.876+0000] {logging_mixin.py:150} INFO - [2023-08-10T17:47:11.875+0000] {dagbag.py:541} INFO - Filling up the DagBag from /home/airflow/.local/lib/python3.7/site-packages/airflow/example_dags/example_sla_dag.py
[2023-08-10T17:47:11.900+0000] {processor.py:836} INFO - DAG(s) dict_keys(['example_sla_dag']) retrieved from /home/airflow/.local/lib/python3.7/site-packages/airflow/example_dags/example_sla_dag.py
[2023-08-10T17:47:11.964+0000] {logging_mixin.py:150} INFO - [2023-08-10T17:47:11.964+0000] {dag.py:2742} INFO - Sync 1 DAGs
[2023-08-10T17:47:12.061+0000] {logging_mixin.py:150} INFO - [2023-08-10T17:47:12.061+0000] {dag.py:3508} INFO - Setting next_dagrun for example_sla_dag to 2023-08-10T17:44:00+00:00, run_after=2023-08-10T17:46:00+00:00
[2023-08-10T17:47:12.123+0000] {processor.py:179} INFO - Processing /home/airflow/.local/lib/python3.7/site-packages/airflow/example_dags/example_sla_dag.py took 0.260 seconds
[2023-08-10T17:47:43.131+0000] {processor.py:157} INFO - Started process (PID=745) to work on /home/airflow/.local/lib/python3.7/site-packages/airflow/example_dags/example_sla_dag.py
[2023-08-10T17:47:43.142+0000] {processor.py:826} INFO - Processing file /home/airflow/.local/lib/python3.7/site-packages/airflow/example_dags/example_sla_dag.py for tasks to queue
[2023-08-10T17:47:43.144+0000] {logging_mixin.py:150} INFO - [2023-08-10T17:47:43.143+0000] {dagbag.py:541} INFO - Filling up the DagBag from /home/airflow/.local/lib/python3.7/site-packages/airflow/example_dags/example_sla_dag.py
[2023-08-10T17:47:43.210+0000] {processor.py:836} INFO - DAG(s) dict_keys(['example_sla_dag']) retrieved from /home/airflow/.local/lib/python3.7/site-packages/airflow/example_dags/example_sla_dag.py
[2023-08-10T17:47:43.315+0000] {logging_mixin.py:150} INFO - [2023-08-10T17:47:43.314+0000] {dag.py:2742} INFO - Sync 1 DAGs
[2023-08-10T17:47:43.475+0000] {logging_mixin.py:150} INFO - [2023-08-10T17:47:43.472+0000] {dag.py:3508} INFO - Setting next_dagrun for example_sla_dag to 2023-08-10T17:44:00+00:00, run_after=2023-08-10T17:46:00+00:00
[2023-08-10T17:47:43.682+0000] {processor.py:179} INFO - Processing /home/airflow/.local/lib/python3.7/site-packages/airflow/example_dags/example_sla_dag.py took 0.563 seconds
[2023-08-10T17:48:13.850+0000] {processor.py:157} INFO - Started process (PID=802) to work on /home/airflow/.local/lib/python3.7/site-packages/airflow/example_dags/example_sla_dag.py
[2023-08-10T17:48:13.859+0000] {processor.py:826} INFO - Processing file /home/airflow/.local/lib/python3.7/site-packages/airflow/example_dags/example_sla_dag.py for tasks to queue
[2023-08-10T17:48:13.861+0000] {logging_mixin.py:150} INFO - [2023-08-10T17:48:13.860+0000] {dagbag.py:541} INFO - Filling up the DagBag from /home/airflow/.local/lib/python3.7/site-packages/airflow/example_dags/example_sla_dag.py
[2023-08-10T17:48:13.912+0000] {processor.py:836} INFO - DAG(s) dict_keys(['example_sla_dag']) retrieved from /home/airflow/.local/lib/python3.7/site-packages/airflow/example_dags/example_sla_dag.py
[2023-08-10T17:48:14.018+0000] {logging_mixin.py:150} INFO - [2023-08-10T17:48:14.017+0000] {dag.py:2742} INFO - Sync 1 DAGs
[2023-08-10T17:48:14.241+0000] {logging_mixin.py:150} INFO - [2023-08-10T17:48:14.237+0000] {dag.py:3508} INFO - Setting next_dagrun for example_sla_dag to 2023-08-10T17:46:00+00:00, run_after=2023-08-10T17:48:00+00:00
[2023-08-10T17:48:14.446+0000] {processor.py:179} INFO - Processing /home/airflow/.local/lib/python3.7/site-packages/airflow/example_dags/example_sla_dag.py took 0.610 seconds
[2023-08-10T17:48:44.716+0000] {processor.py:157} INFO - Started process (PID=860) to work on /home/airflow/.local/lib/python3.7/site-packages/airflow/example_dags/example_sla_dag.py
[2023-08-10T17:48:44.722+0000] {processor.py:826} INFO - Processing file /home/airflow/.local/lib/python3.7/site-packages/airflow/example_dags/example_sla_dag.py for tasks to queue
[2023-08-10T17:48:44.723+0000] {logging_mixin.py:150} INFO - [2023-08-10T17:48:44.723+0000] {dagbag.py:541} INFO - Filling up the DagBag from /home/airflow/.local/lib/python3.7/site-packages/airflow/example_dags/example_sla_dag.py
[2023-08-10T17:48:44.742+0000] {processor.py:836} INFO - DAG(s) dict_keys(['example_sla_dag']) retrieved from /home/airflow/.local/lib/python3.7/site-packages/airflow/example_dags/example_sla_dag.py
[2023-08-10T17:48:44.881+0000] {logging_mixin.py:150} INFO - [2023-08-10T17:48:44.881+0000] {dag.py:2742} INFO - Sync 1 DAGs
[2023-08-10T17:48:44.992+0000] {logging_mixin.py:150} INFO - [2023-08-10T17:48:44.992+0000] {dag.py:3508} INFO - Setting next_dagrun for example_sla_dag to 2023-08-10T17:46:00+00:00, run_after=2023-08-10T17:48:00+00:00
[2023-08-10T17:48:45.035+0000] {processor.py:179} INFO - Processing /home/airflow/.local/lib/python3.7/site-packages/airflow/example_dags/example_sla_dag.py took 0.325 seconds
[2023-08-10T17:49:15.144+0000] {processor.py:157} INFO - Started process (PID=913) to work on /home/airflow/.local/lib/python3.7/site-packages/airflow/example_dags/example_sla_dag.py
[2023-08-10T17:49:15.146+0000] {processor.py:826} INFO - Processing file /home/airflow/.local/lib/python3.7/site-packages/airflow/example_dags/example_sla_dag.py for tasks to queue
[2023-08-10T17:49:15.150+0000] {logging_mixin.py:150} INFO - [2023-08-10T17:49:15.150+0000] {dagbag.py:541} INFO - Filling up the DagBag from /home/airflow/.local/lib/python3.7/site-packages/airflow/example_dags/example_sla_dag.py
[2023-08-10T17:49:15.166+0000] {processor.py:836} INFO - DAG(s) dict_keys(['example_sla_dag']) retrieved from /home/airflow/.local/lib/python3.7/site-packages/airflow/example_dags/example_sla_dag.py
[2023-08-10T17:49:15.204+0000] {logging_mixin.py:150} INFO - [2023-08-10T17:49:15.203+0000] {dag.py:2742} INFO - Sync 1 DAGs
[2023-08-10T17:49:15.282+0000] {logging_mixin.py:150} INFO - [2023-08-10T17:49:15.282+0000] {dag.py:3508} INFO - Setting next_dagrun for example_sla_dag to 2023-08-10T17:46:00+00:00, run_after=2023-08-10T17:48:00+00:00
[2023-08-10T17:49:15.341+0000] {processor.py:179} INFO - Processing /home/airflow/.local/lib/python3.7/site-packages/airflow/example_dags/example_sla_dag.py took 0.204 seconds
[2023-08-10T17:49:45.963+0000] {processor.py:157} INFO - Started process (PID=970) to work on /home/airflow/.local/lib/python3.7/site-packages/airflow/example_dags/example_sla_dag.py
[2023-08-10T17:49:45.967+0000] {processor.py:826} INFO - Processing file /home/airflow/.local/lib/python3.7/site-packages/airflow/example_dags/example_sla_dag.py for tasks to queue
[2023-08-10T17:49:45.970+0000] {logging_mixin.py:150} INFO - [2023-08-10T17:49:45.969+0000] {dagbag.py:541} INFO - Filling up the DagBag from /home/airflow/.local/lib/python3.7/site-packages/airflow/example_dags/example_sla_dag.py
[2023-08-10T17:49:45.994+0000] {processor.py:836} INFO - DAG(s) dict_keys(['example_sla_dag']) retrieved from /home/airflow/.local/lib/python3.7/site-packages/airflow/example_dags/example_sla_dag.py
[2023-08-10T17:49:46.079+0000] {logging_mixin.py:150} INFO - [2023-08-10T17:49:46.079+0000] {dag.py:2742} INFO - Sync 1 DAGs
[2023-08-10T17:49:46.272+0000] {logging_mixin.py:150} INFO - [2023-08-10T17:49:46.272+0000] {dag.py:3508} INFO - Setting next_dagrun for example_sla_dag to 2023-08-10T17:46:00+00:00, run_after=2023-08-10T17:48:00+00:00
[2023-08-10T17:49:46.366+0000] {processor.py:179} INFO - Processing /home/airflow/.local/lib/python3.7/site-packages/airflow/example_dags/example_sla_dag.py took 0.411 seconds
[2023-08-10T17:50:16.564+0000] {processor.py:157} INFO - Started process (PID=1029) to work on /home/airflow/.local/lib/python3.7/site-packages/airflow/example_dags/example_sla_dag.py
[2023-08-10T17:50:16.565+0000] {processor.py:826} INFO - Processing file /home/airflow/.local/lib/python3.7/site-packages/airflow/example_dags/example_sla_dag.py for tasks to queue
[2023-08-10T17:50:16.567+0000] {logging_mixin.py:150} INFO - [2023-08-10T17:50:16.566+0000] {dagbag.py:541} INFO - Filling up the DagBag from /home/airflow/.local/lib/python3.7/site-packages/airflow/example_dags/example_sla_dag.py
[2023-08-10T17:50:16.583+0000] {processor.py:836} INFO - DAG(s) dict_keys(['example_sla_dag']) retrieved from /home/airflow/.local/lib/python3.7/site-packages/airflow/example_dags/example_sla_dag.py
[2023-08-10T17:50:16.634+0000] {logging_mixin.py:150} INFO - [2023-08-10T17:50:16.633+0000] {dag.py:2742} INFO - Sync 1 DAGs
[2023-08-10T17:50:16.720+0000] {logging_mixin.py:150} INFO - [2023-08-10T17:50:16.719+0000] {dag.py:3508} INFO - Setting next_dagrun for example_sla_dag to 2023-08-10T17:48:00+00:00, run_after=2023-08-10T17:50:00+00:00
[2023-08-10T17:50:16.801+0000] {processor.py:179} INFO - Processing /home/airflow/.local/lib/python3.7/site-packages/airflow/example_dags/example_sla_dag.py took 0.242 seconds
[2023-08-10T17:50:47.132+0000] {processor.py:157} INFO - Started process (PID=1085) to work on /home/airflow/.local/lib/python3.7/site-packages/airflow/example_dags/example_sla_dag.py
[2023-08-10T17:50:47.133+0000] {processor.py:826} INFO - Processing file /home/airflow/.local/lib/python3.7/site-packages/airflow/example_dags/example_sla_dag.py for tasks to queue
[2023-08-10T17:50:47.134+0000] {logging_mixin.py:150} INFO - [2023-08-10T17:50:47.134+0000] {dagbag.py:541} INFO - Filling up the DagBag from /home/airflow/.local/lib/python3.7/site-packages/airflow/example_dags/example_sla_dag.py
[2023-08-10T17:50:47.149+0000] {processor.py:836} INFO - DAG(s) dict_keys(['example_sla_dag']) retrieved from /home/airflow/.local/lib/python3.7/site-packages/airflow/example_dags/example_sla_dag.py
[2023-08-10T17:50:47.195+0000] {logging_mixin.py:150} INFO - [2023-08-10T17:50:47.194+0000] {dag.py:2742} INFO - Sync 1 DAGs
[2023-08-10T17:50:47.272+0000] {logging_mixin.py:150} INFO - [2023-08-10T17:50:47.271+0000] {dag.py:3508} INFO - Setting next_dagrun for example_sla_dag to 2023-08-10T17:48:00+00:00, run_after=2023-08-10T17:50:00+00:00
[2023-08-10T17:50:47.316+0000] {processor.py:179} INFO - Processing /home/airflow/.local/lib/python3.7/site-packages/airflow/example_dags/example_sla_dag.py took 0.189 seconds
[2023-08-10T17:51:17.775+0000] {processor.py:157} INFO - Started process (PID=1142) to work on /home/airflow/.local/lib/python3.7/site-packages/airflow/example_dags/example_sla_dag.py
[2023-08-10T17:51:17.801+0000] {processor.py:826} INFO - Processing file /home/airflow/.local/lib/python3.7/site-packages/airflow/example_dags/example_sla_dag.py for tasks to queue
[2023-08-10T17:51:17.802+0000] {logging_mixin.py:150} INFO - [2023-08-10T17:51:17.802+0000] {dagbag.py:541} INFO - Filling up the DagBag from /home/airflow/.local/lib/python3.7/site-packages/airflow/example_dags/example_sla_dag.py
[2023-08-10T17:51:17.818+0000] {processor.py:836} INFO - DAG(s) dict_keys(['example_sla_dag']) retrieved from /home/airflow/.local/lib/python3.7/site-packages/airflow/example_dags/example_sla_dag.py
[2023-08-10T17:51:17.877+0000] {logging_mixin.py:150} INFO - [2023-08-10T17:51:17.877+0000] {dag.py:2742} INFO - Sync 1 DAGs
[2023-08-10T17:51:17.958+0000] {logging_mixin.py:150} INFO - [2023-08-10T17:51:17.957+0000] {dag.py:3508} INFO - Setting next_dagrun for example_sla_dag to 2023-08-10T17:48:00+00:00, run_after=2023-08-10T17:50:00+00:00
[2023-08-10T17:51:18.033+0000] {processor.py:179} INFO - Processing /home/airflow/.local/lib/python3.7/site-packages/airflow/example_dags/example_sla_dag.py took 0.263 seconds
[2023-08-10T17:51:48.482+0000] {processor.py:157} INFO - Started process (PID=1202) to work on /home/airflow/.local/lib/python3.7/site-packages/airflow/example_dags/example_sla_dag.py
[2023-08-10T17:51:48.483+0000] {processor.py:826} INFO - Processing file /home/airflow/.local/lib/python3.7/site-packages/airflow/example_dags/example_sla_dag.py for tasks to queue
[2023-08-10T17:51:48.484+0000] {logging_mixin.py:150} INFO - [2023-08-10T17:51:48.484+0000] {dagbag.py:541} INFO - Filling up the DagBag from /home/airflow/.local/lib/python3.7/site-packages/airflow/example_dags/example_sla_dag.py
[2023-08-10T17:51:48.501+0000] {processor.py:836} INFO - DAG(s) dict_keys(['example_sla_dag']) retrieved from /home/airflow/.local/lib/python3.7/site-packages/airflow/example_dags/example_sla_dag.py
[2023-08-10T17:51:48.547+0000] {logging_mixin.py:150} INFO - [2023-08-10T17:51:48.547+0000] {dag.py:2742} INFO - Sync 1 DAGs
[2023-08-10T17:51:48.616+0000] {logging_mixin.py:150} INFO - [2023-08-10T17:51:48.616+0000] {dag.py:3508} INFO - Setting next_dagrun for example_sla_dag to 2023-08-10T17:48:00+00:00, run_after=2023-08-10T17:50:00+00:00
[2023-08-10T17:51:48.658+0000] {processor.py:179} INFO - Processing /home/airflow/.local/lib/python3.7/site-packages/airflow/example_dags/example_sla_dag.py took 0.181 seconds
[2023-08-10T17:52:18.755+0000] {processor.py:157} INFO - Started process (PID=1260) to work on /home/airflow/.local/lib/python3.7/site-packages/airflow/example_dags/example_sla_dag.py
[2023-08-10T17:52:18.757+0000] {processor.py:826} INFO - Processing file /home/airflow/.local/lib/python3.7/site-packages/airflow/example_dags/example_sla_dag.py for tasks to queue
[2023-08-10T17:52:18.759+0000] {logging_mixin.py:150} INFO - [2023-08-10T17:52:18.759+0000] {dagbag.py:541} INFO - Filling up the DagBag from /home/airflow/.local/lib/python3.7/site-packages/airflow/example_dags/example_sla_dag.py
[2023-08-10T17:52:18.776+0000] {processor.py:836} INFO - DAG(s) dict_keys(['example_sla_dag']) retrieved from /home/airflow/.local/lib/python3.7/site-packages/airflow/example_dags/example_sla_dag.py
[2023-08-10T17:52:18.822+0000] {logging_mixin.py:150} INFO - [2023-08-10T17:52:18.822+0000] {dag.py:2742} INFO - Sync 1 DAGs
[2023-08-10T17:52:18.899+0000] {logging_mixin.py:150} INFO - [2023-08-10T17:52:18.899+0000] {dag.py:3508} INFO - Setting next_dagrun for example_sla_dag to 2023-08-10T17:50:00+00:00, run_after=2023-08-10T17:52:00+00:00
[2023-08-10T17:52:18.943+0000] {processor.py:179} INFO - Processing /home/airflow/.local/lib/python3.7/site-packages/airflow/example_dags/example_sla_dag.py took 0.194 seconds
