[2023-08-10T17:41:47.678+0000] {processor.py:157} INFO - Started process (PID=76) to work on /home/airflow/.local/lib/python3.7/site-packages/airflow/example_dags/example_python_operator.py
[2023-08-10T17:41:47.681+0000] {processor.py:826} INFO - Processing file /home/airflow/.local/lib/python3.7/site-packages/airflow/example_dags/example_python_operator.py for tasks to queue
[2023-08-10T17:41:47.683+0000] {logging_mixin.py:150} INFO - [2023-08-10T17:41:47.683+0000] {dagbag.py:541} INFO - Filling up the DagBag from /home/airflow/.local/lib/python3.7/site-packages/airflow/example_dags/example_python_operator.py
[2023-08-10T17:41:47.741+0000] {processor.py:836} INFO - DAG(s) dict_keys(['example_python_operator']) retrieved from /home/airflow/.local/lib/python3.7/site-packages/airflow/example_dags/example_python_operator.py
[2023-08-10T17:41:48.178+0000] {logging_mixin.py:150} INFO - [2023-08-10T17:41:48.177+0000] {manager.py:504} INFO - Created Permission View: can edit on DAG:example_python_operator
[2023-08-10T17:41:48.249+0000] {logging_mixin.py:150} INFO - [2023-08-10T17:41:48.249+0000] {manager.py:504} INFO - Created Permission View: can delete on DAG:example_python_operator
[2023-08-10T17:41:48.278+0000] {logging_mixin.py:150} INFO - [2023-08-10T17:41:48.278+0000] {manager.py:504} INFO - Created Permission View: can read on DAG:example_python_operator
[2023-08-10T17:41:48.348+0000] {logging_mixin.py:150} INFO - [2023-08-10T17:41:48.348+0000] {dag.py:2742} INFO - Sync 1 DAGs
[2023-08-10T17:41:48.393+0000] {logging_mixin.py:150} INFO - [2023-08-10T17:41:48.392+0000] {dag.py:2763} INFO - Creating ORM DAG for example_python_operator
[2023-08-10T17:41:48.437+0000] {logging_mixin.py:150} INFO - [2023-08-10T17:41:48.437+0000] {dag.py:3508} INFO - Setting next_dagrun for example_python_operator to None, run_after=None
[2023-08-10T17:41:48.514+0000] {processor.py:179} INFO - Processing /home/airflow/.local/lib/python3.7/site-packages/airflow/example_dags/example_python_operator.py took 0.846 seconds
[2023-08-10T17:42:18.702+0000] {processor.py:157} INFO - Started process (PID=133) to work on /home/airflow/.local/lib/python3.7/site-packages/airflow/example_dags/example_python_operator.py
[2023-08-10T17:42:18.705+0000] {processor.py:826} INFO - Processing file /home/airflow/.local/lib/python3.7/site-packages/airflow/example_dags/example_python_operator.py for tasks to queue
[2023-08-10T17:42:18.722+0000] {logging_mixin.py:150} INFO - [2023-08-10T17:42:18.706+0000] {dagbag.py:541} INFO - Filling up the DagBag from /home/airflow/.local/lib/python3.7/site-packages/airflow/example_dags/example_python_operator.py
[2023-08-10T17:42:18.850+0000] {processor.py:836} INFO - DAG(s) dict_keys(['example_python_operator']) retrieved from /home/airflow/.local/lib/python3.7/site-packages/airflow/example_dags/example_python_operator.py
[2023-08-10T17:42:19.154+0000] {logging_mixin.py:150} INFO - [2023-08-10T17:42:19.154+0000] {dag.py:2742} INFO - Sync 1 DAGs
[2023-08-10T17:42:19.400+0000] {logging_mixin.py:150} INFO - [2023-08-10T17:42:19.396+0000] {dag.py:3508} INFO - Setting next_dagrun for example_python_operator to None, run_after=None
[2023-08-10T17:42:19.738+0000] {processor.py:179} INFO - Processing /home/airflow/.local/lib/python3.7/site-packages/airflow/example_dags/example_python_operator.py took 1.096 seconds
[2023-08-10T17:42:50.781+0000] {processor.py:157} INFO - Started process (PID=191) to work on /home/airflow/.local/lib/python3.7/site-packages/airflow/example_dags/example_python_operator.py
[2023-08-10T17:42:50.784+0000] {processor.py:826} INFO - Processing file /home/airflow/.local/lib/python3.7/site-packages/airflow/example_dags/example_python_operator.py for tasks to queue
[2023-08-10T17:42:50.794+0000] {logging_mixin.py:150} INFO - [2023-08-10T17:42:50.785+0000] {dagbag.py:541} INFO - Filling up the DagBag from /home/airflow/.local/lib/python3.7/site-packages/airflow/example_dags/example_python_operator.py
[2023-08-10T17:42:50.900+0000] {processor.py:836} INFO - DAG(s) dict_keys(['example_python_operator']) retrieved from /home/airflow/.local/lib/python3.7/site-packages/airflow/example_dags/example_python_operator.py
[2023-08-10T17:42:51.060+0000] {logging_mixin.py:150} INFO - [2023-08-10T17:42:51.059+0000] {dag.py:2742} INFO - Sync 1 DAGs
[2023-08-10T17:42:51.146+0000] {logging_mixin.py:150} INFO - [2023-08-10T17:42:51.145+0000] {dag.py:3508} INFO - Setting next_dagrun for example_python_operator to None, run_after=None
[2023-08-10T17:42:51.258+0000] {processor.py:179} INFO - Processing /home/airflow/.local/lib/python3.7/site-packages/airflow/example_dags/example_python_operator.py took 0.492 seconds
[2023-08-10T17:43:22.889+0000] {processor.py:157} INFO - Started process (PID=249) to work on /home/airflow/.local/lib/python3.7/site-packages/airflow/example_dags/example_python_operator.py
[2023-08-10T17:43:22.891+0000] {processor.py:826} INFO - Processing file /home/airflow/.local/lib/python3.7/site-packages/airflow/example_dags/example_python_operator.py for tasks to queue
[2023-08-10T17:43:22.892+0000] {logging_mixin.py:150} INFO - [2023-08-10T17:43:22.892+0000] {dagbag.py:541} INFO - Filling up the DagBag from /home/airflow/.local/lib/python3.7/site-packages/airflow/example_dags/example_python_operator.py
[2023-08-10T17:43:22.941+0000] {processor.py:836} INFO - DAG(s) dict_keys(['example_python_operator']) retrieved from /home/airflow/.local/lib/python3.7/site-packages/airflow/example_dags/example_python_operator.py
[2023-08-10T17:43:23.021+0000] {logging_mixin.py:150} INFO - [2023-08-10T17:43:23.021+0000] {dag.py:2742} INFO - Sync 1 DAGs
[2023-08-10T17:43:23.060+0000] {logging_mixin.py:150} INFO - [2023-08-10T17:43:23.059+0000] {dag.py:3508} INFO - Setting next_dagrun for example_python_operator to None, run_after=None
[2023-08-10T17:43:23.310+0000] {processor.py:179} INFO - Processing /home/airflow/.local/lib/python3.7/site-packages/airflow/example_dags/example_python_operator.py took 0.427 seconds
[2023-08-10T17:43:53.971+0000] {processor.py:157} INFO - Started process (PID=307) to work on /home/airflow/.local/lib/python3.7/site-packages/airflow/example_dags/example_python_operator.py
[2023-08-10T17:43:53.972+0000] {processor.py:826} INFO - Processing file /home/airflow/.local/lib/python3.7/site-packages/airflow/example_dags/example_python_operator.py for tasks to queue
[2023-08-10T17:43:53.973+0000] {logging_mixin.py:150} INFO - [2023-08-10T17:43:53.973+0000] {dagbag.py:541} INFO - Filling up the DagBag from /home/airflow/.local/lib/python3.7/site-packages/airflow/example_dags/example_python_operator.py
[2023-08-10T17:43:53.989+0000] {processor.py:836} INFO - DAG(s) dict_keys(['example_python_operator']) retrieved from /home/airflow/.local/lib/python3.7/site-packages/airflow/example_dags/example_python_operator.py
[2023-08-10T17:43:54.038+0000] {logging_mixin.py:150} INFO - [2023-08-10T17:43:54.037+0000] {dag.py:2742} INFO - Sync 1 DAGs
[2023-08-10T17:43:54.079+0000] {logging_mixin.py:150} INFO - [2023-08-10T17:43:54.079+0000] {dag.py:3508} INFO - Setting next_dagrun for example_python_operator to None, run_after=None
[2023-08-10T17:43:54.115+0000] {processor.py:179} INFO - Processing /home/airflow/.local/lib/python3.7/site-packages/airflow/example_dags/example_python_operator.py took 0.149 seconds
[2023-08-10T17:44:24.253+0000] {processor.py:157} INFO - Started process (PID=365) to work on /home/airflow/.local/lib/python3.7/site-packages/airflow/example_dags/example_python_operator.py
[2023-08-10T17:44:24.258+0000] {processor.py:826} INFO - Processing file /home/airflow/.local/lib/python3.7/site-packages/airflow/example_dags/example_python_operator.py for tasks to queue
[2023-08-10T17:44:24.260+0000] {logging_mixin.py:150} INFO - [2023-08-10T17:44:24.259+0000] {dagbag.py:541} INFO - Filling up the DagBag from /home/airflow/.local/lib/python3.7/site-packages/airflow/example_dags/example_python_operator.py
[2023-08-10T17:44:24.328+0000] {processor.py:836} INFO - DAG(s) dict_keys(['example_python_operator']) retrieved from /home/airflow/.local/lib/python3.7/site-packages/airflow/example_dags/example_python_operator.py
[2023-08-10T17:44:24.435+0000] {logging_mixin.py:150} INFO - [2023-08-10T17:44:24.434+0000] {dag.py:2742} INFO - Sync 1 DAGs
[2023-08-10T17:44:24.507+0000] {logging_mixin.py:150} INFO - [2023-08-10T17:44:24.507+0000] {dag.py:3508} INFO - Setting next_dagrun for example_python_operator to None, run_after=None
[2023-08-10T17:44:24.557+0000] {processor.py:179} INFO - Processing /home/airflow/.local/lib/python3.7/site-packages/airflow/example_dags/example_python_operator.py took 0.318 seconds
[2023-08-10T17:44:56.081+0000] {processor.py:157} INFO - Started process (PID=423) to work on /home/airflow/.local/lib/python3.7/site-packages/airflow/example_dags/example_python_operator.py
[2023-08-10T17:44:56.086+0000] {processor.py:826} INFO - Processing file /home/airflow/.local/lib/python3.7/site-packages/airflow/example_dags/example_python_operator.py for tasks to queue
[2023-08-10T17:44:56.088+0000] {logging_mixin.py:150} INFO - [2023-08-10T17:44:56.087+0000] {dagbag.py:541} INFO - Filling up the DagBag from /home/airflow/.local/lib/python3.7/site-packages/airflow/example_dags/example_python_operator.py
[2023-08-10T17:44:56.125+0000] {processor.py:836} INFO - DAG(s) dict_keys(['example_python_operator']) retrieved from /home/airflow/.local/lib/python3.7/site-packages/airflow/example_dags/example_python_operator.py
[2023-08-10T17:44:56.214+0000] {logging_mixin.py:150} INFO - [2023-08-10T17:44:56.213+0000] {dag.py:2742} INFO - Sync 1 DAGs
[2023-08-10T17:44:56.285+0000] {logging_mixin.py:150} INFO - [2023-08-10T17:44:56.285+0000] {dag.py:3508} INFO - Setting next_dagrun for example_python_operator to None, run_after=None
[2023-08-10T17:44:56.388+0000] {processor.py:179} INFO - Processing /home/airflow/.local/lib/python3.7/site-packages/airflow/example_dags/example_python_operator.py took 0.313 seconds
[2023-08-10T17:45:26.904+0000] {processor.py:157} INFO - Started process (PID=476) to work on /home/airflow/.local/lib/python3.7/site-packages/airflow/example_dags/example_python_operator.py
[2023-08-10T17:45:26.910+0000] {processor.py:826} INFO - Processing file /home/airflow/.local/lib/python3.7/site-packages/airflow/example_dags/example_python_operator.py for tasks to queue
[2023-08-10T17:45:26.912+0000] {logging_mixin.py:150} INFO - [2023-08-10T17:45:26.911+0000] {dagbag.py:541} INFO - Filling up the DagBag from /home/airflow/.local/lib/python3.7/site-packages/airflow/example_dags/example_python_operator.py
[2023-08-10T17:45:26.945+0000] {processor.py:836} INFO - DAG(s) dict_keys(['example_python_operator']) retrieved from /home/airflow/.local/lib/python3.7/site-packages/airflow/example_dags/example_python_operator.py
[2023-08-10T17:45:27.023+0000] {logging_mixin.py:150} INFO - [2023-08-10T17:45:27.023+0000] {dag.py:2742} INFO - Sync 1 DAGs
[2023-08-10T17:45:27.113+0000] {logging_mixin.py:150} INFO - [2023-08-10T17:45:27.112+0000] {dag.py:3508} INFO - Setting next_dagrun for example_python_operator to None, run_after=None
[2023-08-10T17:45:27.186+0000] {processor.py:179} INFO - Processing /home/airflow/.local/lib/python3.7/site-packages/airflow/example_dags/example_python_operator.py took 0.287 seconds
[2023-08-10T17:45:57.662+0000] {processor.py:157} INFO - Started process (PID=534) to work on /home/airflow/.local/lib/python3.7/site-packages/airflow/example_dags/example_python_operator.py
[2023-08-10T17:45:57.670+0000] {processor.py:826} INFO - Processing file /home/airflow/.local/lib/python3.7/site-packages/airflow/example_dags/example_python_operator.py for tasks to queue
[2023-08-10T17:45:57.671+0000] {logging_mixin.py:150} INFO - [2023-08-10T17:45:57.671+0000] {dagbag.py:541} INFO - Filling up the DagBag from /home/airflow/.local/lib/python3.7/site-packages/airflow/example_dags/example_python_operator.py
[2023-08-10T17:45:57.696+0000] {processor.py:836} INFO - DAG(s) dict_keys(['example_python_operator']) retrieved from /home/airflow/.local/lib/python3.7/site-packages/airflow/example_dags/example_python_operator.py
[2023-08-10T17:45:57.761+0000] {logging_mixin.py:150} INFO - [2023-08-10T17:45:57.760+0000] {dag.py:2742} INFO - Sync 1 DAGs
[2023-08-10T17:45:57.823+0000] {logging_mixin.py:150} INFO - [2023-08-10T17:45:57.823+0000] {dag.py:3508} INFO - Setting next_dagrun for example_python_operator to None, run_after=None
[2023-08-10T17:45:57.865+0000] {processor.py:179} INFO - Processing /home/airflow/.local/lib/python3.7/site-packages/airflow/example_dags/example_python_operator.py took 0.208 seconds
[2023-08-10T17:46:28.555+0000] {processor.py:157} INFO - Started process (PID=592) to work on /home/airflow/.local/lib/python3.7/site-packages/airflow/example_dags/example_python_operator.py
[2023-08-10T17:46:28.566+0000] {processor.py:826} INFO - Processing file /home/airflow/.local/lib/python3.7/site-packages/airflow/example_dags/example_python_operator.py for tasks to queue
[2023-08-10T17:46:28.568+0000] {logging_mixin.py:150} INFO - [2023-08-10T17:46:28.567+0000] {dagbag.py:541} INFO - Filling up the DagBag from /home/airflow/.local/lib/python3.7/site-packages/airflow/example_dags/example_python_operator.py
[2023-08-10T17:46:28.592+0000] {processor.py:836} INFO - DAG(s) dict_keys(['example_python_operator']) retrieved from /home/airflow/.local/lib/python3.7/site-packages/airflow/example_dags/example_python_operator.py
[2023-08-10T17:46:28.655+0000] {logging_mixin.py:150} INFO - [2023-08-10T17:46:28.654+0000] {dag.py:2742} INFO - Sync 1 DAGs
[2023-08-10T17:46:28.710+0000] {logging_mixin.py:150} INFO - [2023-08-10T17:46:28.710+0000] {dag.py:3508} INFO - Setting next_dagrun for example_python_operator to None, run_after=None
[2023-08-10T17:46:28.750+0000] {processor.py:179} INFO - Processing /home/airflow/.local/lib/python3.7/site-packages/airflow/example_dags/example_python_operator.py took 0.199 seconds
[2023-08-10T17:47:00.764+0000] {processor.py:157} INFO - Started process (PID=651) to work on /home/airflow/.local/lib/python3.7/site-packages/airflow/example_dags/example_python_operator.py
[2023-08-10T17:47:00.781+0000] {processor.py:826} INFO - Processing file /home/airflow/.local/lib/python3.7/site-packages/airflow/example_dags/example_python_operator.py for tasks to queue
[2023-08-10T17:47:00.782+0000] {logging_mixin.py:150} INFO - [2023-08-10T17:47:00.782+0000] {dagbag.py:541} INFO - Filling up the DagBag from /home/airflow/.local/lib/python3.7/site-packages/airflow/example_dags/example_python_operator.py
[2023-08-10T17:47:00.807+0000] {processor.py:836} INFO - DAG(s) dict_keys(['example_python_operator']) retrieved from /home/airflow/.local/lib/python3.7/site-packages/airflow/example_dags/example_python_operator.py
[2023-08-10T17:47:00.912+0000] {logging_mixin.py:150} INFO - [2023-08-10T17:47:00.911+0000] {dag.py:2742} INFO - Sync 1 DAGs
[2023-08-10T17:47:00.983+0000] {logging_mixin.py:150} INFO - [2023-08-10T17:47:00.983+0000] {dag.py:3508} INFO - Setting next_dagrun for example_python_operator to None, run_after=None
[2023-08-10T17:47:01.050+0000] {processor.py:179} INFO - Processing /home/airflow/.local/lib/python3.7/site-packages/airflow/example_dags/example_python_operator.py took 0.293 seconds
[2023-08-10T17:47:31.570+0000] {processor.py:157} INFO - Started process (PID=709) to work on /home/airflow/.local/lib/python3.7/site-packages/airflow/example_dags/example_python_operator.py
[2023-08-10T17:47:31.572+0000] {processor.py:826} INFO - Processing file /home/airflow/.local/lib/python3.7/site-packages/airflow/example_dags/example_python_operator.py for tasks to queue
[2023-08-10T17:47:31.573+0000] {logging_mixin.py:150} INFO - [2023-08-10T17:47:31.573+0000] {dagbag.py:541} INFO - Filling up the DagBag from /home/airflow/.local/lib/python3.7/site-packages/airflow/example_dags/example_python_operator.py
[2023-08-10T17:47:31.615+0000] {processor.py:836} INFO - DAG(s) dict_keys(['example_python_operator']) retrieved from /home/airflow/.local/lib/python3.7/site-packages/airflow/example_dags/example_python_operator.py
[2023-08-10T17:47:31.709+0000] {logging_mixin.py:150} INFO - [2023-08-10T17:47:31.709+0000] {dag.py:2742} INFO - Sync 1 DAGs
[2023-08-10T17:47:31.781+0000] {logging_mixin.py:150} INFO - [2023-08-10T17:47:31.780+0000] {dag.py:3508} INFO - Setting next_dagrun for example_python_operator to None, run_after=None
[2023-08-10T17:47:31.832+0000] {processor.py:179} INFO - Processing /home/airflow/.local/lib/python3.7/site-packages/airflow/example_dags/example_python_operator.py took 0.281 seconds
[2023-08-10T17:48:03.166+0000] {processor.py:157} INFO - Started process (PID=767) to work on /home/airflow/.local/lib/python3.7/site-packages/airflow/example_dags/example_python_operator.py
[2023-08-10T17:48:03.170+0000] {processor.py:826} INFO - Processing file /home/airflow/.local/lib/python3.7/site-packages/airflow/example_dags/example_python_operator.py for tasks to queue
[2023-08-10T17:48:03.171+0000] {logging_mixin.py:150} INFO - [2023-08-10T17:48:03.171+0000] {dagbag.py:541} INFO - Filling up the DagBag from /home/airflow/.local/lib/python3.7/site-packages/airflow/example_dags/example_python_operator.py
[2023-08-10T17:48:03.226+0000] {processor.py:836} INFO - DAG(s) dict_keys(['example_python_operator']) retrieved from /home/airflow/.local/lib/python3.7/site-packages/airflow/example_dags/example_python_operator.py
[2023-08-10T17:48:03.335+0000] {logging_mixin.py:150} INFO - [2023-08-10T17:48:03.335+0000] {dag.py:2742} INFO - Sync 1 DAGs
[2023-08-10T17:48:03.462+0000] {logging_mixin.py:150} INFO - [2023-08-10T17:48:03.461+0000] {dag.py:3508} INFO - Setting next_dagrun for example_python_operator to None, run_after=None
[2023-08-10T17:48:03.567+0000] {processor.py:179} INFO - Processing /home/airflow/.local/lib/python3.7/site-packages/airflow/example_dags/example_python_operator.py took 0.409 seconds
[2023-08-10T17:48:34.793+0000] {processor.py:157} INFO - Started process (PID=832) to work on /home/airflow/.local/lib/python3.7/site-packages/airflow/example_dags/example_python_operator.py
[2023-08-10T17:48:34.800+0000] {processor.py:826} INFO - Processing file /home/airflow/.local/lib/python3.7/site-packages/airflow/example_dags/example_python_operator.py for tasks to queue
[2023-08-10T17:48:34.802+0000] {logging_mixin.py:150} INFO - [2023-08-10T17:48:34.801+0000] {dagbag.py:541} INFO - Filling up the DagBag from /home/airflow/.local/lib/python3.7/site-packages/airflow/example_dags/example_python_operator.py
[2023-08-10T17:48:34.853+0000] {processor.py:836} INFO - DAG(s) dict_keys(['example_python_operator']) retrieved from /home/airflow/.local/lib/python3.7/site-packages/airflow/example_dags/example_python_operator.py
[2023-08-10T17:48:34.995+0000] {logging_mixin.py:150} INFO - [2023-08-10T17:48:34.995+0000] {dag.py:2742} INFO - Sync 1 DAGs
[2023-08-10T17:48:35.152+0000] {logging_mixin.py:150} INFO - [2023-08-10T17:48:35.152+0000] {dag.py:3508} INFO - Setting next_dagrun for example_python_operator to None, run_after=None
[2023-08-10T17:48:35.231+0000] {processor.py:179} INFO - Processing /home/airflow/.local/lib/python3.7/site-packages/airflow/example_dags/example_python_operator.py took 0.450 seconds
[2023-08-10T17:49:05.430+0000] {processor.py:157} INFO - Started process (PID=890) to work on /home/airflow/.local/lib/python3.7/site-packages/airflow/example_dags/example_python_operator.py
[2023-08-10T17:49:05.434+0000] {processor.py:826} INFO - Processing file /home/airflow/.local/lib/python3.7/site-packages/airflow/example_dags/example_python_operator.py for tasks to queue
[2023-08-10T17:49:05.436+0000] {logging_mixin.py:150} INFO - [2023-08-10T17:49:05.435+0000] {dagbag.py:541} INFO - Filling up the DagBag from /home/airflow/.local/lib/python3.7/site-packages/airflow/example_dags/example_python_operator.py
[2023-08-10T17:49:05.462+0000] {processor.py:836} INFO - DAG(s) dict_keys(['example_python_operator']) retrieved from /home/airflow/.local/lib/python3.7/site-packages/airflow/example_dags/example_python_operator.py
[2023-08-10T17:49:05.525+0000] {logging_mixin.py:150} INFO - [2023-08-10T17:49:05.524+0000] {dag.py:2742} INFO - Sync 1 DAGs
[2023-08-10T17:49:05.582+0000] {logging_mixin.py:150} INFO - [2023-08-10T17:49:05.582+0000] {dag.py:3508} INFO - Setting next_dagrun for example_python_operator to None, run_after=None
[2023-08-10T17:49:05.664+0000] {processor.py:179} INFO - Processing /home/airflow/.local/lib/python3.7/site-packages/airflow/example_dags/example_python_operator.py took 0.239 seconds
[2023-08-10T17:49:36.534+0000] {processor.py:157} INFO - Started process (PID=948) to work on /home/airflow/.local/lib/python3.7/site-packages/airflow/example_dags/example_python_operator.py
[2023-08-10T17:49:36.535+0000] {processor.py:826} INFO - Processing file /home/airflow/.local/lib/python3.7/site-packages/airflow/example_dags/example_python_operator.py for tasks to queue
[2023-08-10T17:49:36.537+0000] {logging_mixin.py:150} INFO - [2023-08-10T17:49:36.536+0000] {dagbag.py:541} INFO - Filling up the DagBag from /home/airflow/.local/lib/python3.7/site-packages/airflow/example_dags/example_python_operator.py
[2023-08-10T17:49:36.553+0000] {processor.py:836} INFO - DAG(s) dict_keys(['example_python_operator']) retrieved from /home/airflow/.local/lib/python3.7/site-packages/airflow/example_dags/example_python_operator.py
[2023-08-10T17:49:36.613+0000] {logging_mixin.py:150} INFO - [2023-08-10T17:49:36.613+0000] {dag.py:2742} INFO - Sync 1 DAGs
[2023-08-10T17:49:36.671+0000] {logging_mixin.py:150} INFO - [2023-08-10T17:49:36.670+0000] {dag.py:3508} INFO - Setting next_dagrun for example_python_operator to None, run_after=None
[2023-08-10T17:49:36.710+0000] {processor.py:179} INFO - Processing /home/airflow/.local/lib/python3.7/site-packages/airflow/example_dags/example_python_operator.py took 0.180 seconds
[2023-08-10T17:50:06.918+0000] {processor.py:157} INFO - Started process (PID=1005) to work on /home/airflow/.local/lib/python3.7/site-packages/airflow/example_dags/example_python_operator.py
[2023-08-10T17:50:06.927+0000] {processor.py:826} INFO - Processing file /home/airflow/.local/lib/python3.7/site-packages/airflow/example_dags/example_python_operator.py for tasks to queue
[2023-08-10T17:50:06.928+0000] {logging_mixin.py:150} INFO - [2023-08-10T17:50:06.928+0000] {dagbag.py:541} INFO - Filling up the DagBag from /home/airflow/.local/lib/python3.7/site-packages/airflow/example_dags/example_python_operator.py
[2023-08-10T17:50:06.946+0000] {processor.py:836} INFO - DAG(s) dict_keys(['example_python_operator']) retrieved from /home/airflow/.local/lib/python3.7/site-packages/airflow/example_dags/example_python_operator.py
[2023-08-10T17:50:07.001+0000] {logging_mixin.py:150} INFO - [2023-08-10T17:50:07.000+0000] {dag.py:2742} INFO - Sync 1 DAGs
[2023-08-10T17:50:07.056+0000] {logging_mixin.py:150} INFO - [2023-08-10T17:50:07.056+0000] {dag.py:3508} INFO - Setting next_dagrun for example_python_operator to None, run_after=None
[2023-08-10T17:50:07.107+0000] {processor.py:179} INFO - Processing /home/airflow/.local/lib/python3.7/site-packages/airflow/example_dags/example_python_operator.py took 0.194 seconds
[2023-08-10T17:50:37.298+0000] {processor.py:157} INFO - Started process (PID=1062) to work on /home/airflow/.local/lib/python3.7/site-packages/airflow/example_dags/example_python_operator.py
[2023-08-10T17:50:37.322+0000] {processor.py:826} INFO - Processing file /home/airflow/.local/lib/python3.7/site-packages/airflow/example_dags/example_python_operator.py for tasks to queue
[2023-08-10T17:50:37.324+0000] {logging_mixin.py:150} INFO - [2023-08-10T17:50:37.323+0000] {dagbag.py:541} INFO - Filling up the DagBag from /home/airflow/.local/lib/python3.7/site-packages/airflow/example_dags/example_python_operator.py
[2023-08-10T17:50:37.356+0000] {processor.py:836} INFO - DAG(s) dict_keys(['example_python_operator']) retrieved from /home/airflow/.local/lib/python3.7/site-packages/airflow/example_dags/example_python_operator.py
[2023-08-10T17:50:37.428+0000] {logging_mixin.py:150} INFO - [2023-08-10T17:50:37.427+0000] {dag.py:2742} INFO - Sync 1 DAGs
[2023-08-10T17:50:37.482+0000] {logging_mixin.py:150} INFO - [2023-08-10T17:50:37.482+0000] {dag.py:3508} INFO - Setting next_dagrun for example_python_operator to None, run_after=None
[2023-08-10T17:50:37.524+0000] {processor.py:179} INFO - Processing /home/airflow/.local/lib/python3.7/site-packages/airflow/example_dags/example_python_operator.py took 0.231 seconds
[2023-08-10T17:51:07.909+0000] {processor.py:157} INFO - Started process (PID=1119) to work on /home/airflow/.local/lib/python3.7/site-packages/airflow/example_dags/example_python_operator.py
[2023-08-10T17:51:07.926+0000] {processor.py:826} INFO - Processing file /home/airflow/.local/lib/python3.7/site-packages/airflow/example_dags/example_python_operator.py for tasks to queue
[2023-08-10T17:51:07.928+0000] {logging_mixin.py:150} INFO - [2023-08-10T17:51:07.927+0000] {dagbag.py:541} INFO - Filling up the DagBag from /home/airflow/.local/lib/python3.7/site-packages/airflow/example_dags/example_python_operator.py
[2023-08-10T17:51:07.945+0000] {processor.py:836} INFO - DAG(s) dict_keys(['example_python_operator']) retrieved from /home/airflow/.local/lib/python3.7/site-packages/airflow/example_dags/example_python_operator.py
[2023-08-10T17:51:07.990+0000] {logging_mixin.py:150} INFO - [2023-08-10T17:51:07.989+0000] {dag.py:2742} INFO - Sync 1 DAGs
[2023-08-10T17:51:08.045+0000] {logging_mixin.py:150} INFO - [2023-08-10T17:51:08.044+0000] {dag.py:3508} INFO - Setting next_dagrun for example_python_operator to None, run_after=None
[2023-08-10T17:51:08.083+0000] {processor.py:179} INFO - Processing /home/airflow/.local/lib/python3.7/site-packages/airflow/example_dags/example_python_operator.py took 0.178 seconds
[2023-08-10T17:51:38.479+0000] {processor.py:157} INFO - Started process (PID=1179) to work on /home/airflow/.local/lib/python3.7/site-packages/airflow/example_dags/example_python_operator.py
[2023-08-10T17:51:38.485+0000] {processor.py:826} INFO - Processing file /home/airflow/.local/lib/python3.7/site-packages/airflow/example_dags/example_python_operator.py for tasks to queue
[2023-08-10T17:51:38.486+0000] {logging_mixin.py:150} INFO - [2023-08-10T17:51:38.486+0000] {dagbag.py:541} INFO - Filling up the DagBag from /home/airflow/.local/lib/python3.7/site-packages/airflow/example_dags/example_python_operator.py
[2023-08-10T17:51:38.520+0000] {processor.py:836} INFO - DAG(s) dict_keys(['example_python_operator']) retrieved from /home/airflow/.local/lib/python3.7/site-packages/airflow/example_dags/example_python_operator.py
[2023-08-10T17:51:38.602+0000] {logging_mixin.py:150} INFO - [2023-08-10T17:51:38.601+0000] {dag.py:2742} INFO - Sync 1 DAGs
[2023-08-10T17:51:38.698+0000] {logging_mixin.py:150} INFO - [2023-08-10T17:51:38.697+0000] {dag.py:3508} INFO - Setting next_dagrun for example_python_operator to None, run_after=None
[2023-08-10T17:51:38.786+0000] {processor.py:179} INFO - Processing /home/airflow/.local/lib/python3.7/site-packages/airflow/example_dags/example_python_operator.py took 0.313 seconds
[2023-08-10T17:52:09.902+0000] {processor.py:157} INFO - Started process (PID=1237) to work on /home/airflow/.local/lib/python3.7/site-packages/airflow/example_dags/example_python_operator.py
[2023-08-10T17:52:09.904+0000] {processor.py:826} INFO - Processing file /home/airflow/.local/lib/python3.7/site-packages/airflow/example_dags/example_python_operator.py for tasks to queue
[2023-08-10T17:52:09.905+0000] {logging_mixin.py:150} INFO - [2023-08-10T17:52:09.905+0000] {dagbag.py:541} INFO - Filling up the DagBag from /home/airflow/.local/lib/python3.7/site-packages/airflow/example_dags/example_python_operator.py
[2023-08-10T17:52:09.956+0000] {processor.py:836} INFO - DAG(s) dict_keys(['example_python_operator']) retrieved from /home/airflow/.local/lib/python3.7/site-packages/airflow/example_dags/example_python_operator.py
[2023-08-10T17:52:10.131+0000] {logging_mixin.py:150} INFO - [2023-08-10T17:52:10.130+0000] {dag.py:2742} INFO - Sync 1 DAGs
[2023-08-10T17:52:10.371+0000] {logging_mixin.py:150} INFO - [2023-08-10T17:52:10.370+0000] {dag.py:3508} INFO - Setting next_dagrun for example_python_operator to None, run_after=None
[2023-08-10T17:52:10.495+0000] {processor.py:179} INFO - Processing /home/airflow/.local/lib/python3.7/site-packages/airflow/example_dags/example_python_operator.py took 0.601 seconds
[2023-08-10T17:52:40.579+0000] {processor.py:157} INFO - Started process (PID=1295) to work on /home/airflow/.local/lib/python3.7/site-packages/airflow/example_dags/example_python_operator.py
[2023-08-10T17:52:40.580+0000] {processor.py:826} INFO - Processing file /home/airflow/.local/lib/python3.7/site-packages/airflow/example_dags/example_python_operator.py for tasks to queue
[2023-08-10T17:52:40.582+0000] {logging_mixin.py:150} INFO - [2023-08-10T17:52:40.581+0000] {dagbag.py:541} INFO - Filling up the DagBag from /home/airflow/.local/lib/python3.7/site-packages/airflow/example_dags/example_python_operator.py
[2023-08-10T17:52:40.600+0000] {processor.py:836} INFO - DAG(s) dict_keys(['example_python_operator']) retrieved from /home/airflow/.local/lib/python3.7/site-packages/airflow/example_dags/example_python_operator.py
[2023-08-10T17:52:40.687+0000] {logging_mixin.py:150} INFO - [2023-08-10T17:52:40.686+0000] {dag.py:2742} INFO - Sync 1 DAGs
[2023-08-10T17:52:40.760+0000] {logging_mixin.py:150} INFO - [2023-08-10T17:52:40.760+0000] {dag.py:3508} INFO - Setting next_dagrun for example_python_operator to None, run_after=None
[2023-08-10T17:52:40.827+0000] {processor.py:179} INFO - Processing /home/airflow/.local/lib/python3.7/site-packages/airflow/example_dags/example_python_operator.py took 0.251 seconds
[2023-08-10T17:53:10.896+0000] {processor.py:157} INFO - Started process (PID=1353) to work on /home/airflow/.local/lib/python3.7/site-packages/airflow/example_dags/example_python_operator.py
[2023-08-10T17:53:10.897+0000] {processor.py:826} INFO - Processing file /home/airflow/.local/lib/python3.7/site-packages/airflow/example_dags/example_python_operator.py for tasks to queue
[2023-08-10T17:53:10.898+0000] {logging_mixin.py:150} INFO - [2023-08-10T17:53:10.898+0000] {dagbag.py:541} INFO - Filling up the DagBag from /home/airflow/.local/lib/python3.7/site-packages/airflow/example_dags/example_python_operator.py
[2023-08-10T17:53:10.912+0000] {processor.py:836} INFO - DAG(s) dict_keys(['example_python_operator']) retrieved from /home/airflow/.local/lib/python3.7/site-packages/airflow/example_dags/example_python_operator.py
[2023-08-10T17:53:10.954+0000] {logging_mixin.py:150} INFO - [2023-08-10T17:53:10.953+0000] {dag.py:2742} INFO - Sync 1 DAGs
[2023-08-10T17:53:11.014+0000] {logging_mixin.py:150} INFO - [2023-08-10T17:53:11.013+0000] {dag.py:3508} INFO - Setting next_dagrun for example_python_operator to None, run_after=None
[2023-08-10T17:53:11.047+0000] {processor.py:179} INFO - Processing /home/airflow/.local/lib/python3.7/site-packages/airflow/example_dags/example_python_operator.py took 0.156 seconds
[2023-08-10T17:53:41.393+0000] {processor.py:157} INFO - Started process (PID=1411) to work on /home/airflow/.local/lib/python3.7/site-packages/airflow/example_dags/example_python_operator.py
[2023-08-10T17:53:41.395+0000] {processor.py:826} INFO - Processing file /home/airflow/.local/lib/python3.7/site-packages/airflow/example_dags/example_python_operator.py for tasks to queue
[2023-08-10T17:53:41.396+0000] {logging_mixin.py:150} INFO - [2023-08-10T17:53:41.395+0000] {dagbag.py:541} INFO - Filling up the DagBag from /home/airflow/.local/lib/python3.7/site-packages/airflow/example_dags/example_python_operator.py
[2023-08-10T17:53:41.412+0000] {processor.py:836} INFO - DAG(s) dict_keys(['example_python_operator']) retrieved from /home/airflow/.local/lib/python3.7/site-packages/airflow/example_dags/example_python_operator.py
[2023-08-10T17:53:41.465+0000] {logging_mixin.py:150} INFO - [2023-08-10T17:53:41.464+0000] {dag.py:2742} INFO - Sync 1 DAGs
[2023-08-10T17:53:41.514+0000] {logging_mixin.py:150} INFO - [2023-08-10T17:53:41.513+0000] {dag.py:3508} INFO - Setting next_dagrun for example_python_operator to None, run_after=None
[2023-08-10T17:53:41.560+0000] {processor.py:179} INFO - Processing /home/airflow/.local/lib/python3.7/site-packages/airflow/example_dags/example_python_operator.py took 0.172 seconds
[2023-08-10T17:54:11.810+0000] {processor.py:157} INFO - Started process (PID=1469) to work on /home/airflow/.local/lib/python3.7/site-packages/airflow/example_dags/example_python_operator.py
[2023-08-10T17:54:11.811+0000] {processor.py:826} INFO - Processing file /home/airflow/.local/lib/python3.7/site-packages/airflow/example_dags/example_python_operator.py for tasks to queue
[2023-08-10T17:54:11.812+0000] {logging_mixin.py:150} INFO - [2023-08-10T17:54:11.812+0000] {dagbag.py:541} INFO - Filling up the DagBag from /home/airflow/.local/lib/python3.7/site-packages/airflow/example_dags/example_python_operator.py
[2023-08-10T17:54:11.830+0000] {processor.py:836} INFO - DAG(s) dict_keys(['example_python_operator']) retrieved from /home/airflow/.local/lib/python3.7/site-packages/airflow/example_dags/example_python_operator.py
[2023-08-10T17:54:11.900+0000] {logging_mixin.py:150} INFO - [2023-08-10T17:54:11.899+0000] {dag.py:2742} INFO - Sync 1 DAGs
[2023-08-10T17:54:11.946+0000] {logging_mixin.py:150} INFO - [2023-08-10T17:54:11.945+0000] {dag.py:3508} INFO - Setting next_dagrun for example_python_operator to None, run_after=None
[2023-08-10T17:54:12.001+0000] {processor.py:179} INFO - Processing /home/airflow/.local/lib/python3.7/site-packages/airflow/example_dags/example_python_operator.py took 0.195 seconds
[2023-08-10T17:54:42.785+0000] {processor.py:157} INFO - Started process (PID=1527) to work on /home/airflow/.local/lib/python3.7/site-packages/airflow/example_dags/example_python_operator.py
[2023-08-10T17:54:42.791+0000] {processor.py:826} INFO - Processing file /home/airflow/.local/lib/python3.7/site-packages/airflow/example_dags/example_python_operator.py for tasks to queue
[2023-08-10T17:54:42.792+0000] {logging_mixin.py:150} INFO - [2023-08-10T17:54:42.791+0000] {dagbag.py:541} INFO - Filling up the DagBag from /home/airflow/.local/lib/python3.7/site-packages/airflow/example_dags/example_python_operator.py
[2023-08-10T17:54:42.843+0000] {processor.py:836} INFO - DAG(s) dict_keys(['example_python_operator']) retrieved from /home/airflow/.local/lib/python3.7/site-packages/airflow/example_dags/example_python_operator.py
[2023-08-10T17:54:42.999+0000] {logging_mixin.py:150} INFO - [2023-08-10T17:54:42.998+0000] {dag.py:2742} INFO - Sync 1 DAGs
[2023-08-10T17:54:43.194+0000] {logging_mixin.py:150} INFO - [2023-08-10T17:54:43.194+0000] {dag.py:3508} INFO - Setting next_dagrun for example_python_operator to None, run_after=None
[2023-08-10T17:54:43.266+0000] {processor.py:179} INFO - Processing /home/airflow/.local/lib/python3.7/site-packages/airflow/example_dags/example_python_operator.py took 0.487 seconds
