[2023-08-10T17:41:48.852+0000] {processor.py:157} INFO - Started process (PID=79) to work on /home/airflow/.local/lib/python3.7/site-packages/airflow/example_dags/example_dag_decorator.py
[2023-08-10T17:41:48.853+0000] {processor.py:826} INFO - Processing file /home/airflow/.local/lib/python3.7/site-packages/airflow/example_dags/example_dag_decorator.py for tasks to queue
[2023-08-10T17:41:48.854+0000] {logging_mixin.py:150} INFO - [2023-08-10T17:41:48.854+0000] {dagbag.py:541} INFO - Filling up the DagBag from /home/airflow/.local/lib/python3.7/site-packages/airflow/example_dags/example_dag_decorator.py
[2023-08-10T17:41:48.919+0000] {processor.py:836} INFO - DAG(s) dict_keys(['example_dag_decorator']) retrieved from /home/airflow/.local/lib/python3.7/site-packages/airflow/example_dags/example_dag_decorator.py
[2023-08-10T17:41:49.503+0000] {logging_mixin.py:150} INFO - [2023-08-10T17:41:49.502+0000] {manager.py:504} INFO - Created Permission View: can edit on DAG:example_dag_decorator
[2023-08-10T17:41:49.551+0000] {logging_mixin.py:150} INFO - [2023-08-10T17:41:49.551+0000] {manager.py:504} INFO - Created Permission View: can delete on DAG:example_dag_decorator
[2023-08-10T17:41:49.574+0000] {logging_mixin.py:150} INFO - [2023-08-10T17:41:49.574+0000] {manager.py:504} INFO - Created Permission View: can read on DAG:example_dag_decorator
[2023-08-10T17:41:49.622+0000] {logging_mixin.py:150} INFO - [2023-08-10T17:41:49.622+0000] {dag.py:2742} INFO - Sync 1 DAGs
[2023-08-10T17:41:49.655+0000] {logging_mixin.py:150} INFO - [2023-08-10T17:41:49.655+0000] {dag.py:2763} INFO - Creating ORM DAG for example_dag_decorator
[2023-08-10T17:41:49.680+0000] {logging_mixin.py:150} INFO - [2023-08-10T17:41:49.680+0000] {dag.py:3508} INFO - Setting next_dagrun for example_dag_decorator to None, run_after=None
[2023-08-10T17:41:49.738+0000] {processor.py:179} INFO - Processing /home/airflow/.local/lib/python3.7/site-packages/airflow/example_dags/example_dag_decorator.py took 0.893 seconds
[2023-08-10T17:42:20.196+0000] {processor.py:157} INFO - Started process (PID=136) to work on /home/airflow/.local/lib/python3.7/site-packages/airflow/example_dags/example_dag_decorator.py
[2023-08-10T17:42:20.197+0000] {processor.py:826} INFO - Processing file /home/airflow/.local/lib/python3.7/site-packages/airflow/example_dags/example_dag_decorator.py for tasks to queue
[2023-08-10T17:42:20.210+0000] {logging_mixin.py:150} INFO - [2023-08-10T17:42:20.210+0000] {dagbag.py:541} INFO - Filling up the DagBag from /home/airflow/.local/lib/python3.7/site-packages/airflow/example_dags/example_dag_decorator.py
[2023-08-10T17:42:20.276+0000] {processor.py:836} INFO - DAG(s) dict_keys(['example_dag_decorator']) retrieved from /home/airflow/.local/lib/python3.7/site-packages/airflow/example_dags/example_dag_decorator.py
[2023-08-10T17:42:21.757+0000] {logging_mixin.py:150} INFO - [2023-08-10T17:42:21.757+0000] {dag.py:2742} INFO - Sync 1 DAGs
[2023-08-10T17:42:21.863+0000] {logging_mixin.py:150} INFO - [2023-08-10T17:42:21.862+0000] {dag.py:3508} INFO - Setting next_dagrun for example_dag_decorator to None, run_after=None
[2023-08-10T17:42:22.020+0000] {processor.py:179} INFO - Processing /home/airflow/.local/lib/python3.7/site-packages/airflow/example_dags/example_dag_decorator.py took 1.831 seconds
[2023-08-10T17:42:52.377+0000] {processor.py:157} INFO - Started process (PID=194) to work on /home/airflow/.local/lib/python3.7/site-packages/airflow/example_dags/example_dag_decorator.py
[2023-08-10T17:42:52.380+0000] {processor.py:826} INFO - Processing file /home/airflow/.local/lib/python3.7/site-packages/airflow/example_dags/example_dag_decorator.py for tasks to queue
[2023-08-10T17:42:52.382+0000] {logging_mixin.py:150} INFO - [2023-08-10T17:42:52.381+0000] {dagbag.py:541} INFO - Filling up the DagBag from /home/airflow/.local/lib/python3.7/site-packages/airflow/example_dags/example_dag_decorator.py
[2023-08-10T17:42:52.457+0000] {processor.py:836} INFO - DAG(s) dict_keys(['example_dag_decorator']) retrieved from /home/airflow/.local/lib/python3.7/site-packages/airflow/example_dags/example_dag_decorator.py
[2023-08-10T17:42:53.442+0000] {logging_mixin.py:150} INFO - [2023-08-10T17:42:53.442+0000] {dag.py:2742} INFO - Sync 1 DAGs
[2023-08-10T17:42:53.507+0000] {logging_mixin.py:150} INFO - [2023-08-10T17:42:53.507+0000] {dag.py:3508} INFO - Setting next_dagrun for example_dag_decorator to None, run_after=None
[2023-08-10T17:42:53.715+0000] {processor.py:179} INFO - Processing /home/airflow/.local/lib/python3.7/site-packages/airflow/example_dags/example_dag_decorator.py took 1.344 seconds
[2023-08-10T17:43:23.932+0000] {processor.py:157} INFO - Started process (PID=253) to work on /home/airflow/.local/lib/python3.7/site-packages/airflow/example_dags/example_dag_decorator.py
[2023-08-10T17:43:23.936+0000] {processor.py:826} INFO - Processing file /home/airflow/.local/lib/python3.7/site-packages/airflow/example_dags/example_dag_decorator.py for tasks to queue
[2023-08-10T17:43:23.937+0000] {logging_mixin.py:150} INFO - [2023-08-10T17:43:23.937+0000] {dagbag.py:541} INFO - Filling up the DagBag from /home/airflow/.local/lib/python3.7/site-packages/airflow/example_dags/example_dag_decorator.py
[2023-08-10T17:43:23.992+0000] {processor.py:836} INFO - DAG(s) dict_keys(['example_dag_decorator']) retrieved from /home/airflow/.local/lib/python3.7/site-packages/airflow/example_dags/example_dag_decorator.py
[2023-08-10T17:43:24.621+0000] {logging_mixin.py:150} INFO - [2023-08-10T17:43:24.621+0000] {dag.py:2742} INFO - Sync 1 DAGs
[2023-08-10T17:43:24.692+0000] {logging_mixin.py:150} INFO - [2023-08-10T17:43:24.691+0000] {dag.py:3508} INFO - Setting next_dagrun for example_dag_decorator to None, run_after=None
[2023-08-10T17:43:24.766+0000] {processor.py:179} INFO - Processing /home/airflow/.local/lib/python3.7/site-packages/airflow/example_dags/example_dag_decorator.py took 0.843 seconds
[2023-08-10T17:43:55.509+0000] {processor.py:157} INFO - Started process (PID=311) to work on /home/airflow/.local/lib/python3.7/site-packages/airflow/example_dags/example_dag_decorator.py
[2023-08-10T17:43:55.514+0000] {processor.py:826} INFO - Processing file /home/airflow/.local/lib/python3.7/site-packages/airflow/example_dags/example_dag_decorator.py for tasks to queue
[2023-08-10T17:43:55.518+0000] {logging_mixin.py:150} INFO - [2023-08-10T17:43:55.517+0000] {dagbag.py:541} INFO - Filling up the DagBag from /home/airflow/.local/lib/python3.7/site-packages/airflow/example_dags/example_dag_decorator.py
[2023-08-10T17:43:55.558+0000] {processor.py:836} INFO - DAG(s) dict_keys(['example_dag_decorator']) retrieved from /home/airflow/.local/lib/python3.7/site-packages/airflow/example_dags/example_dag_decorator.py
[2023-08-10T17:43:55.922+0000] {logging_mixin.py:150} INFO - [2023-08-10T17:43:55.921+0000] {dag.py:2742} INFO - Sync 1 DAGs
[2023-08-10T17:43:56.016+0000] {logging_mixin.py:150} INFO - [2023-08-10T17:43:56.015+0000] {dag.py:3508} INFO - Setting next_dagrun for example_dag_decorator to None, run_after=None
[2023-08-10T17:43:56.073+0000] {processor.py:179} INFO - Processing /home/airflow/.local/lib/python3.7/site-packages/airflow/example_dags/example_dag_decorator.py took 0.571 seconds
[2023-08-10T17:44:26.142+0000] {processor.py:157} INFO - Started process (PID=369) to work on /home/airflow/.local/lib/python3.7/site-packages/airflow/example_dags/example_dag_decorator.py
[2023-08-10T17:44:26.152+0000] {processor.py:826} INFO - Processing file /home/airflow/.local/lib/python3.7/site-packages/airflow/example_dags/example_dag_decorator.py for tasks to queue
[2023-08-10T17:44:26.153+0000] {logging_mixin.py:150} INFO - [2023-08-10T17:44:26.153+0000] {dagbag.py:541} INFO - Filling up the DagBag from /home/airflow/.local/lib/python3.7/site-packages/airflow/example_dags/example_dag_decorator.py
[2023-08-10T17:44:26.171+0000] {processor.py:836} INFO - DAG(s) dict_keys(['example_dag_decorator']) retrieved from /home/airflow/.local/lib/python3.7/site-packages/airflow/example_dags/example_dag_decorator.py
[2023-08-10T17:44:26.379+0000] {logging_mixin.py:150} INFO - [2023-08-10T17:44:26.378+0000] {dag.py:2742} INFO - Sync 1 DAGs
[2023-08-10T17:44:26.423+0000] {logging_mixin.py:150} INFO - [2023-08-10T17:44:26.423+0000] {dag.py:3508} INFO - Setting next_dagrun for example_dag_decorator to None, run_after=None
[2023-08-10T17:44:26.465+0000] {processor.py:179} INFO - Processing /home/airflow/.local/lib/python3.7/site-packages/airflow/example_dags/example_dag_decorator.py took 0.326 seconds
[2023-08-10T17:44:56.905+0000] {processor.py:157} INFO - Started process (PID=427) to work on /home/airflow/.local/lib/python3.7/site-packages/airflow/example_dags/example_dag_decorator.py
[2023-08-10T17:44:56.916+0000] {processor.py:826} INFO - Processing file /home/airflow/.local/lib/python3.7/site-packages/airflow/example_dags/example_dag_decorator.py for tasks to queue
[2023-08-10T17:44:56.917+0000] {logging_mixin.py:150} INFO - [2023-08-10T17:44:56.917+0000] {dagbag.py:541} INFO - Filling up the DagBag from /home/airflow/.local/lib/python3.7/site-packages/airflow/example_dags/example_dag_decorator.py
[2023-08-10T17:44:56.953+0000] {processor.py:836} INFO - DAG(s) dict_keys(['example_dag_decorator']) retrieved from /home/airflow/.local/lib/python3.7/site-packages/airflow/example_dags/example_dag_decorator.py
[2023-08-10T17:44:57.271+0000] {logging_mixin.py:150} INFO - [2023-08-10T17:44:57.271+0000] {dag.py:2742} INFO - Sync 1 DAGs
[2023-08-10T17:44:57.319+0000] {logging_mixin.py:150} INFO - [2023-08-10T17:44:57.318+0000] {dag.py:3508} INFO - Setting next_dagrun for example_dag_decorator to None, run_after=None
[2023-08-10T17:44:57.370+0000] {processor.py:179} INFO - Processing /home/airflow/.local/lib/python3.7/site-packages/airflow/example_dags/example_dag_decorator.py took 0.472 seconds
[2023-08-10T17:45:27.609+0000] {processor.py:157} INFO - Started process (PID=480) to work on /home/airflow/.local/lib/python3.7/site-packages/airflow/example_dags/example_dag_decorator.py
[2023-08-10T17:45:27.611+0000] {processor.py:826} INFO - Processing file /home/airflow/.local/lib/python3.7/site-packages/airflow/example_dags/example_dag_decorator.py for tasks to queue
[2023-08-10T17:45:27.612+0000] {logging_mixin.py:150} INFO - [2023-08-10T17:45:27.611+0000] {dagbag.py:541} INFO - Filling up the DagBag from /home/airflow/.local/lib/python3.7/site-packages/airflow/example_dags/example_dag_decorator.py
[2023-08-10T17:45:27.666+0000] {processor.py:836} INFO - DAG(s) dict_keys(['example_dag_decorator']) retrieved from /home/airflow/.local/lib/python3.7/site-packages/airflow/example_dags/example_dag_decorator.py
[2023-08-10T17:45:28.052+0000] {logging_mixin.py:150} INFO - [2023-08-10T17:45:28.052+0000] {dag.py:2742} INFO - Sync 1 DAGs
[2023-08-10T17:45:28.110+0000] {logging_mixin.py:150} INFO - [2023-08-10T17:45:28.110+0000] {dag.py:3508} INFO - Setting next_dagrun for example_dag_decorator to None, run_after=None
[2023-08-10T17:45:28.185+0000] {processor.py:179} INFO - Processing /home/airflow/.local/lib/python3.7/site-packages/airflow/example_dags/example_dag_decorator.py took 0.586 seconds
[2023-08-10T17:45:59.149+0000] {processor.py:157} INFO - Started process (PID=537) to work on /home/airflow/.local/lib/python3.7/site-packages/airflow/example_dags/example_dag_decorator.py
[2023-08-10T17:45:59.170+0000] {processor.py:826} INFO - Processing file /home/airflow/.local/lib/python3.7/site-packages/airflow/example_dags/example_dag_decorator.py for tasks to queue
[2023-08-10T17:45:59.171+0000] {logging_mixin.py:150} INFO - [2023-08-10T17:45:59.171+0000] {dagbag.py:541} INFO - Filling up the DagBag from /home/airflow/.local/lib/python3.7/site-packages/airflow/example_dags/example_dag_decorator.py
[2023-08-10T17:45:59.205+0000] {processor.py:836} INFO - DAG(s) dict_keys(['example_dag_decorator']) retrieved from /home/airflow/.local/lib/python3.7/site-packages/airflow/example_dags/example_dag_decorator.py
[2023-08-10T17:45:59.483+0000] {logging_mixin.py:150} INFO - [2023-08-10T17:45:59.483+0000] {dag.py:2742} INFO - Sync 1 DAGs
[2023-08-10T17:45:59.548+0000] {logging_mixin.py:150} INFO - [2023-08-10T17:45:59.548+0000] {dag.py:3508} INFO - Setting next_dagrun for example_dag_decorator to None, run_after=None
[2023-08-10T17:45:59.621+0000] {processor.py:179} INFO - Processing /home/airflow/.local/lib/python3.7/site-packages/airflow/example_dags/example_dag_decorator.py took 0.480 seconds
[2023-08-10T17:46:30.021+0000] {processor.py:157} INFO - Started process (PID=595) to work on /home/airflow/.local/lib/python3.7/site-packages/airflow/example_dags/example_dag_decorator.py
[2023-08-10T17:46:30.023+0000] {processor.py:826} INFO - Processing file /home/airflow/.local/lib/python3.7/site-packages/airflow/example_dags/example_dag_decorator.py for tasks to queue
[2023-08-10T17:46:30.025+0000] {logging_mixin.py:150} INFO - [2023-08-10T17:46:30.024+0000] {dagbag.py:541} INFO - Filling up the DagBag from /home/airflow/.local/lib/python3.7/site-packages/airflow/example_dags/example_dag_decorator.py
[2023-08-10T17:46:30.046+0000] {processor.py:836} INFO - DAG(s) dict_keys(['example_dag_decorator']) retrieved from /home/airflow/.local/lib/python3.7/site-packages/airflow/example_dags/example_dag_decorator.py
[2023-08-10T17:46:30.409+0000] {logging_mixin.py:150} INFO - [2023-08-10T17:46:30.409+0000] {dag.py:2742} INFO - Sync 1 DAGs
[2023-08-10T17:46:30.492+0000] {logging_mixin.py:150} INFO - [2023-08-10T17:46:30.492+0000] {dag.py:3508} INFO - Setting next_dagrun for example_dag_decorator to None, run_after=None
[2023-08-10T17:46:30.544+0000] {processor.py:179} INFO - Processing /home/airflow/.local/lib/python3.7/site-packages/airflow/example_dags/example_dag_decorator.py took 0.529 seconds
[2023-08-10T17:47:01.848+0000] {processor.py:157} INFO - Started process (PID=654) to work on /home/airflow/.local/lib/python3.7/site-packages/airflow/example_dags/example_dag_decorator.py
[2023-08-10T17:47:01.851+0000] {processor.py:826} INFO - Processing file /home/airflow/.local/lib/python3.7/site-packages/airflow/example_dags/example_dag_decorator.py for tasks to queue
[2023-08-10T17:47:01.861+0000] {logging_mixin.py:150} INFO - [2023-08-10T17:47:01.852+0000] {dagbag.py:541} INFO - Filling up the DagBag from /home/airflow/.local/lib/python3.7/site-packages/airflow/example_dags/example_dag_decorator.py
[2023-08-10T17:47:01.928+0000] {processor.py:836} INFO - DAG(s) dict_keys(['example_dag_decorator']) retrieved from /home/airflow/.local/lib/python3.7/site-packages/airflow/example_dags/example_dag_decorator.py
[2023-08-10T17:47:02.703+0000] {logging_mixin.py:150} INFO - [2023-08-10T17:47:02.702+0000] {dag.py:2742} INFO - Sync 1 DAGs
[2023-08-10T17:47:02.838+0000] {logging_mixin.py:150} INFO - [2023-08-10T17:47:02.838+0000] {dag.py:3508} INFO - Setting next_dagrun for example_dag_decorator to None, run_after=None
[2023-08-10T17:47:03.036+0000] {processor.py:179} INFO - Processing /home/airflow/.local/lib/python3.7/site-packages/airflow/example_dags/example_dag_decorator.py took 1.212 seconds
[2023-08-10T17:47:33.322+0000] {processor.py:157} INFO - Started process (PID=712) to work on /home/airflow/.local/lib/python3.7/site-packages/airflow/example_dags/example_dag_decorator.py
[2023-08-10T17:47:33.323+0000] {processor.py:826} INFO - Processing file /home/airflow/.local/lib/python3.7/site-packages/airflow/example_dags/example_dag_decorator.py for tasks to queue
[2023-08-10T17:47:33.325+0000] {logging_mixin.py:150} INFO - [2023-08-10T17:47:33.324+0000] {dagbag.py:541} INFO - Filling up the DagBag from /home/airflow/.local/lib/python3.7/site-packages/airflow/example_dags/example_dag_decorator.py
[2023-08-10T17:47:33.356+0000] {processor.py:836} INFO - DAG(s) dict_keys(['example_dag_decorator']) retrieved from /home/airflow/.local/lib/python3.7/site-packages/airflow/example_dags/example_dag_decorator.py
[2023-08-10T17:47:34.056+0000] {logging_mixin.py:150} INFO - [2023-08-10T17:47:34.056+0000] {dag.py:2742} INFO - Sync 1 DAGs
[2023-08-10T17:47:34.143+0000] {logging_mixin.py:150} INFO - [2023-08-10T17:47:34.141+0000] {dag.py:3508} INFO - Setting next_dagrun for example_dag_decorator to None, run_after=None
[2023-08-10T17:47:34.342+0000] {processor.py:179} INFO - Processing /home/airflow/.local/lib/python3.7/site-packages/airflow/example_dags/example_dag_decorator.py took 1.031 seconds
[2023-08-10T17:48:04.652+0000] {processor.py:157} INFO - Started process (PID=778) to work on /home/airflow/.local/lib/python3.7/site-packages/airflow/example_dags/example_dag_decorator.py
[2023-08-10T17:48:04.658+0000] {processor.py:826} INFO - Processing file /home/airflow/.local/lib/python3.7/site-packages/airflow/example_dags/example_dag_decorator.py for tasks to queue
[2023-08-10T17:48:04.660+0000] {logging_mixin.py:150} INFO - [2023-08-10T17:48:04.660+0000] {dagbag.py:541} INFO - Filling up the DagBag from /home/airflow/.local/lib/python3.7/site-packages/airflow/example_dags/example_dag_decorator.py
[2023-08-10T17:48:04.696+0000] {processor.py:836} INFO - DAG(s) dict_keys(['example_dag_decorator']) retrieved from /home/airflow/.local/lib/python3.7/site-packages/airflow/example_dags/example_dag_decorator.py
[2023-08-10T17:48:05.567+0000] {logging_mixin.py:150} INFO - [2023-08-10T17:48:05.567+0000] {dag.py:2742} INFO - Sync 1 DAGs
[2023-08-10T17:48:05.768+0000] {logging_mixin.py:150} INFO - [2023-08-10T17:48:05.768+0000] {dag.py:3508} INFO - Setting next_dagrun for example_dag_decorator to None, run_after=None
[2023-08-10T17:48:05.866+0000] {processor.py:179} INFO - Processing /home/airflow/.local/lib/python3.7/site-packages/airflow/example_dags/example_dag_decorator.py took 1.220 seconds
[2023-08-10T17:48:36.297+0000] {processor.py:157} INFO - Started process (PID=838) to work on /home/airflow/.local/lib/python3.7/site-packages/airflow/example_dags/example_dag_decorator.py
[2023-08-10T17:48:36.302+0000] {processor.py:826} INFO - Processing file /home/airflow/.local/lib/python3.7/site-packages/airflow/example_dags/example_dag_decorator.py for tasks to queue
[2023-08-10T17:48:36.304+0000] {logging_mixin.py:150} INFO - [2023-08-10T17:48:36.303+0000] {dagbag.py:541} INFO - Filling up the DagBag from /home/airflow/.local/lib/python3.7/site-packages/airflow/example_dags/example_dag_decorator.py
[2023-08-10T17:48:36.406+0000] {processor.py:836} INFO - DAG(s) dict_keys(['example_dag_decorator']) retrieved from /home/airflow/.local/lib/python3.7/site-packages/airflow/example_dags/example_dag_decorator.py
[2023-08-10T17:48:37.416+0000] {logging_mixin.py:150} INFO - [2023-08-10T17:48:37.416+0000] {dag.py:2742} INFO - Sync 1 DAGs
[2023-08-10T17:48:37.563+0000] {logging_mixin.py:150} INFO - [2023-08-10T17:48:37.562+0000] {dag.py:3508} INFO - Setting next_dagrun for example_dag_decorator to None, run_after=None
[2023-08-10T17:48:37.718+0000] {processor.py:179} INFO - Processing /home/airflow/.local/lib/python3.7/site-packages/airflow/example_dags/example_dag_decorator.py took 1.428 seconds
[2023-08-10T17:49:08.516+0000] {processor.py:157} INFO - Started process (PID=898) to work on /home/airflow/.local/lib/python3.7/site-packages/airflow/example_dags/example_dag_decorator.py
[2023-08-10T17:49:08.517+0000] {processor.py:826} INFO - Processing file /home/airflow/.local/lib/python3.7/site-packages/airflow/example_dags/example_dag_decorator.py for tasks to queue
[2023-08-10T17:49:08.519+0000] {logging_mixin.py:150} INFO - [2023-08-10T17:49:08.518+0000] {dagbag.py:541} INFO - Filling up the DagBag from /home/airflow/.local/lib/python3.7/site-packages/airflow/example_dags/example_dag_decorator.py
[2023-08-10T17:49:08.545+0000] {processor.py:836} INFO - DAG(s) dict_keys(['example_dag_decorator']) retrieved from /home/airflow/.local/lib/python3.7/site-packages/airflow/example_dags/example_dag_decorator.py
[2023-08-10T17:49:08.932+0000] {logging_mixin.py:150} INFO - [2023-08-10T17:49:08.931+0000] {dag.py:2742} INFO - Sync 1 DAGs
[2023-08-10T17:49:09.029+0000] {logging_mixin.py:150} INFO - [2023-08-10T17:49:09.029+0000] {dag.py:3508} INFO - Setting next_dagrun for example_dag_decorator to None, run_after=None
[2023-08-10T17:49:09.099+0000] {processor.py:179} INFO - Processing /home/airflow/.local/lib/python3.7/site-packages/airflow/example_dags/example_dag_decorator.py took 0.589 seconds
[2023-08-10T17:49:39.390+0000] {processor.py:157} INFO - Started process (PID=956) to work on /home/airflow/.local/lib/python3.7/site-packages/airflow/example_dags/example_dag_decorator.py
[2023-08-10T17:49:39.397+0000] {processor.py:826} INFO - Processing file /home/airflow/.local/lib/python3.7/site-packages/airflow/example_dags/example_dag_decorator.py for tasks to queue
[2023-08-10T17:49:39.399+0000] {logging_mixin.py:150} INFO - [2023-08-10T17:49:39.398+0000] {dagbag.py:541} INFO - Filling up the DagBag from /home/airflow/.local/lib/python3.7/site-packages/airflow/example_dags/example_dag_decorator.py
[2023-08-10T17:49:39.419+0000] {processor.py:836} INFO - DAG(s) dict_keys(['example_dag_decorator']) retrieved from /home/airflow/.local/lib/python3.7/site-packages/airflow/example_dags/example_dag_decorator.py
[2023-08-10T17:49:39.687+0000] {logging_mixin.py:150} INFO - [2023-08-10T17:49:39.687+0000] {dag.py:2742} INFO - Sync 1 DAGs
[2023-08-10T17:49:39.756+0000] {logging_mixin.py:150} INFO - [2023-08-10T17:49:39.756+0000] {dag.py:3508} INFO - Setting next_dagrun for example_dag_decorator to None, run_after=None
[2023-08-10T17:49:39.831+0000] {processor.py:179} INFO - Processing /home/airflow/.local/lib/python3.7/site-packages/airflow/example_dags/example_dag_decorator.py took 0.446 seconds
[2023-08-10T17:50:10.206+0000] {processor.py:157} INFO - Started process (PID=1014) to work on /home/airflow/.local/lib/python3.7/site-packages/airflow/example_dags/example_dag_decorator.py
[2023-08-10T17:50:10.209+0000] {processor.py:826} INFO - Processing file /home/airflow/.local/lib/python3.7/site-packages/airflow/example_dags/example_dag_decorator.py for tasks to queue
[2023-08-10T17:50:10.212+0000] {logging_mixin.py:150} INFO - [2023-08-10T17:50:10.211+0000] {dagbag.py:541} INFO - Filling up the DagBag from /home/airflow/.local/lib/python3.7/site-packages/airflow/example_dags/example_dag_decorator.py
[2023-08-10T17:50:10.267+0000] {processor.py:836} INFO - DAG(s) dict_keys(['example_dag_decorator']) retrieved from /home/airflow/.local/lib/python3.7/site-packages/airflow/example_dags/example_dag_decorator.py
[2023-08-10T17:50:10.801+0000] {logging_mixin.py:150} INFO - [2023-08-10T17:50:10.801+0000] {dag.py:2742} INFO - Sync 1 DAGs
[2023-08-10T17:50:10.861+0000] {logging_mixin.py:150} INFO - [2023-08-10T17:50:10.861+0000] {dag.py:3508} INFO - Setting next_dagrun for example_dag_decorator to None, run_after=None
[2023-08-10T17:50:10.918+0000] {processor.py:179} INFO - Processing /home/airflow/.local/lib/python3.7/site-packages/airflow/example_dags/example_dag_decorator.py took 0.720 seconds
[2023-08-10T17:50:41.686+0000] {processor.py:157} INFO - Started process (PID=1072) to work on /home/airflow/.local/lib/python3.7/site-packages/airflow/example_dags/example_dag_decorator.py
[2023-08-10T17:50:41.701+0000] {processor.py:826} INFO - Processing file /home/airflow/.local/lib/python3.7/site-packages/airflow/example_dags/example_dag_decorator.py for tasks to queue
[2023-08-10T17:50:41.702+0000] {logging_mixin.py:150} INFO - [2023-08-10T17:50:41.702+0000] {dagbag.py:541} INFO - Filling up the DagBag from /home/airflow/.local/lib/python3.7/site-packages/airflow/example_dags/example_dag_decorator.py
[2023-08-10T17:50:41.723+0000] {processor.py:836} INFO - DAG(s) dict_keys(['example_dag_decorator']) retrieved from /home/airflow/.local/lib/python3.7/site-packages/airflow/example_dags/example_dag_decorator.py
[2023-08-10T17:50:42.000+0000] {logging_mixin.py:150} INFO - [2023-08-10T17:50:41.999+0000] {dag.py:2742} INFO - Sync 1 DAGs
[2023-08-10T17:50:42.061+0000] {logging_mixin.py:150} INFO - [2023-08-10T17:50:42.060+0000] {dag.py:3508} INFO - Setting next_dagrun for example_dag_decorator to None, run_after=None
[2023-08-10T17:50:42.101+0000] {processor.py:179} INFO - Processing /home/airflow/.local/lib/python3.7/site-packages/airflow/example_dags/example_dag_decorator.py took 0.419 seconds
[2023-08-10T17:51:12.231+0000] {processor.py:157} INFO - Started process (PID=1129) to work on /home/airflow/.local/lib/python3.7/site-packages/airflow/example_dags/example_dag_decorator.py
[2023-08-10T17:51:12.234+0000] {processor.py:826} INFO - Processing file /home/airflow/.local/lib/python3.7/site-packages/airflow/example_dags/example_dag_decorator.py for tasks to queue
[2023-08-10T17:51:12.236+0000] {logging_mixin.py:150} INFO - [2023-08-10T17:51:12.235+0000] {dagbag.py:541} INFO - Filling up the DagBag from /home/airflow/.local/lib/python3.7/site-packages/airflow/example_dags/example_dag_decorator.py
[2023-08-10T17:51:12.272+0000] {processor.py:836} INFO - DAG(s) dict_keys(['example_dag_decorator']) retrieved from /home/airflow/.local/lib/python3.7/site-packages/airflow/example_dags/example_dag_decorator.py
[2023-08-10T17:51:12.534+0000] {logging_mixin.py:150} INFO - [2023-08-10T17:51:12.533+0000] {dag.py:2742} INFO - Sync 1 DAGs
[2023-08-10T17:51:12.587+0000] {logging_mixin.py:150} INFO - [2023-08-10T17:51:12.587+0000] {dag.py:3508} INFO - Setting next_dagrun for example_dag_decorator to None, run_after=None
[2023-08-10T17:51:12.661+0000] {processor.py:179} INFO - Processing /home/airflow/.local/lib/python3.7/site-packages/airflow/example_dags/example_dag_decorator.py took 0.440 seconds
[2023-08-10T17:51:42.705+0000] {processor.py:157} INFO - Started process (PID=1189) to work on /home/airflow/.local/lib/python3.7/site-packages/airflow/example_dags/example_dag_decorator.py
[2023-08-10T17:51:42.718+0000] {processor.py:826} INFO - Processing file /home/airflow/.local/lib/python3.7/site-packages/airflow/example_dags/example_dag_decorator.py for tasks to queue
[2023-08-10T17:51:42.720+0000] {logging_mixin.py:150} INFO - [2023-08-10T17:51:42.719+0000] {dagbag.py:541} INFO - Filling up the DagBag from /home/airflow/.local/lib/python3.7/site-packages/airflow/example_dags/example_dag_decorator.py
[2023-08-10T17:51:42.796+0000] {processor.py:836} INFO - DAG(s) dict_keys(['example_dag_decorator']) retrieved from /home/airflow/.local/lib/python3.7/site-packages/airflow/example_dags/example_dag_decorator.py
[2023-08-10T17:51:43.190+0000] {logging_mixin.py:150} INFO - [2023-08-10T17:51:43.190+0000] {dag.py:2742} INFO - Sync 1 DAGs
[2023-08-10T17:51:43.271+0000] {logging_mixin.py:150} INFO - [2023-08-10T17:51:43.271+0000] {dag.py:3508} INFO - Setting next_dagrun for example_dag_decorator to None, run_after=None
[2023-08-10T17:51:43.336+0000] {processor.py:179} INFO - Processing /home/airflow/.local/lib/python3.7/site-packages/airflow/example_dags/example_dag_decorator.py took 0.638 seconds
[2023-08-10T17:52:13.456+0000] {processor.py:157} INFO - Started process (PID=1247) to work on /home/airflow/.local/lib/python3.7/site-packages/airflow/example_dags/example_dag_decorator.py
[2023-08-10T17:52:13.464+0000] {processor.py:826} INFO - Processing file /home/airflow/.local/lib/python3.7/site-packages/airflow/example_dags/example_dag_decorator.py for tasks to queue
[2023-08-10T17:52:13.466+0000] {logging_mixin.py:150} INFO - [2023-08-10T17:52:13.465+0000] {dagbag.py:541} INFO - Filling up the DagBag from /home/airflow/.local/lib/python3.7/site-packages/airflow/example_dags/example_dag_decorator.py
[2023-08-10T17:52:13.493+0000] {processor.py:836} INFO - DAG(s) dict_keys(['example_dag_decorator']) retrieved from /home/airflow/.local/lib/python3.7/site-packages/airflow/example_dags/example_dag_decorator.py
[2023-08-10T17:52:13.802+0000] {logging_mixin.py:150} INFO - [2023-08-10T17:52:13.802+0000] {dag.py:2742} INFO - Sync 1 DAGs
[2023-08-10T17:52:13.864+0000] {logging_mixin.py:150} INFO - [2023-08-10T17:52:13.864+0000] {dag.py:3508} INFO - Setting next_dagrun for example_dag_decorator to None, run_after=None
[2023-08-10T17:52:13.906+0000] {processor.py:179} INFO - Processing /home/airflow/.local/lib/python3.7/site-packages/airflow/example_dags/example_dag_decorator.py took 0.456 seconds
