[2023-08-10T17:41:35.747+0000] {processor.py:157} INFO - Started process (PID=63) to work on /home/airflow/.local/lib/python3.7/site-packages/airflow/example_dags/example_xcom.py
[2023-08-10T17:41:35.749+0000] {processor.py:826} INFO - Processing file /home/airflow/.local/lib/python3.7/site-packages/airflow/example_dags/example_xcom.py for tasks to queue
[2023-08-10T17:41:35.751+0000] {logging_mixin.py:150} INFO - [2023-08-10T17:41:35.750+0000] {dagbag.py:541} INFO - Filling up the DagBag from /home/airflow/.local/lib/python3.7/site-packages/airflow/example_dags/example_xcom.py
[2023-08-10T17:41:35.795+0000] {processor.py:836} INFO - DAG(s) dict_keys(['example_xcom']) retrieved from /home/airflow/.local/lib/python3.7/site-packages/airflow/example_dags/example_xcom.py
[2023-08-10T17:41:36.563+0000] {logging_mixin.py:150} INFO - [2023-08-10T17:41:36.562+0000] {manager.py:504} INFO - Created Permission View: can edit on DAG:example_xcom
[2023-08-10T17:41:36.623+0000] {logging_mixin.py:150} INFO - [2023-08-10T17:41:36.623+0000] {manager.py:504} INFO - Created Permission View: can delete on DAG:example_xcom
[2023-08-10T17:41:36.878+0000] {logging_mixin.py:150} INFO - [2023-08-10T17:41:36.730+0000] {manager.py:504} INFO - Created Permission View: can read on DAG:example_xcom
[2023-08-10T17:41:37.004+0000] {logging_mixin.py:150} INFO - [2023-08-10T17:41:37.003+0000] {dag.py:2742} INFO - Sync 1 DAGs
[2023-08-10T17:41:37.204+0000] {logging_mixin.py:150} INFO - [2023-08-10T17:41:37.204+0000] {dag.py:2763} INFO - Creating ORM DAG for example_xcom
[2023-08-10T17:41:37.324+0000] {logging_mixin.py:150} INFO - [2023-08-10T17:41:37.323+0000] {dag.py:3508} INFO - Setting next_dagrun for example_xcom to 2021-01-01T00:00:00+00:00, run_after=2021-01-01T00:00:00+00:00
[2023-08-10T17:41:37.527+0000] {processor.py:179} INFO - Processing /home/airflow/.local/lib/python3.7/site-packages/airflow/example_dags/example_xcom.py took 1.885 seconds
[2023-08-10T17:42:07.941+0000] {processor.py:157} INFO - Started process (PID=120) to work on /home/airflow/.local/lib/python3.7/site-packages/airflow/example_dags/example_xcom.py
[2023-08-10T17:42:07.943+0000] {processor.py:826} INFO - Processing file /home/airflow/.local/lib/python3.7/site-packages/airflow/example_dags/example_xcom.py for tasks to queue
[2023-08-10T17:42:07.944+0000] {logging_mixin.py:150} INFO - [2023-08-10T17:42:07.943+0000] {dagbag.py:541} INFO - Filling up the DagBag from /home/airflow/.local/lib/python3.7/site-packages/airflow/example_dags/example_xcom.py
[2023-08-10T17:42:07.965+0000] {processor.py:836} INFO - DAG(s) dict_keys(['example_xcom']) retrieved from /home/airflow/.local/lib/python3.7/site-packages/airflow/example_dags/example_xcom.py
[2023-08-10T17:42:08.018+0000] {logging_mixin.py:150} INFO - [2023-08-10T17:42:08.017+0000] {dag.py:2742} INFO - Sync 1 DAGs
[2023-08-10T17:42:08.089+0000] {logging_mixin.py:150} INFO - [2023-08-10T17:42:08.089+0000] {dag.py:3508} INFO - Setting next_dagrun for example_xcom to 2021-01-01T00:00:00+00:00, run_after=2021-01-01T00:00:00+00:00
[2023-08-10T17:42:08.155+0000] {processor.py:179} INFO - Processing /home/airflow/.local/lib/python3.7/site-packages/airflow/example_dags/example_xcom.py took 0.222 seconds
[2023-08-10T17:42:43.572+0000] {processor.py:157} INFO - Started process (PID=178) to work on /home/airflow/.local/lib/python3.7/site-packages/airflow/example_dags/example_xcom.py
[2023-08-10T17:42:43.586+0000] {processor.py:826} INFO - Processing file /home/airflow/.local/lib/python3.7/site-packages/airflow/example_dags/example_xcom.py for tasks to queue
[2023-08-10T17:42:43.595+0000] {logging_mixin.py:150} INFO - [2023-08-10T17:42:43.594+0000] {dagbag.py:541} INFO - Filling up the DagBag from /home/airflow/.local/lib/python3.7/site-packages/airflow/example_dags/example_xcom.py
[2023-08-10T17:42:43.618+0000] {processor.py:836} INFO - DAG(s) dict_keys(['example_xcom']) retrieved from /home/airflow/.local/lib/python3.7/site-packages/airflow/example_dags/example_xcom.py
[2023-08-10T17:42:43.755+0000] {logging_mixin.py:150} INFO - [2023-08-10T17:42:43.754+0000] {dag.py:2742} INFO - Sync 1 DAGs
[2023-08-10T17:42:43.855+0000] {logging_mixin.py:150} INFO - [2023-08-10T17:42:43.855+0000] {dag.py:3508} INFO - Setting next_dagrun for example_xcom to 2021-01-01T00:00:00+00:00, run_after=2021-01-01T00:00:00+00:00
[2023-08-10T17:42:43.930+0000] {processor.py:179} INFO - Processing /home/airflow/.local/lib/python3.7/site-packages/airflow/example_dags/example_xcom.py took 0.371 seconds
[2023-08-10T17:43:20.273+0000] {processor.py:157} INFO - Started process (PID=236) to work on /home/airflow/.local/lib/python3.7/site-packages/airflow/example_dags/example_xcom.py
[2023-08-10T17:43:20.276+0000] {processor.py:826} INFO - Processing file /home/airflow/.local/lib/python3.7/site-packages/airflow/example_dags/example_xcom.py for tasks to queue
[2023-08-10T17:43:20.278+0000] {logging_mixin.py:150} INFO - [2023-08-10T17:43:20.277+0000] {dagbag.py:541} INFO - Filling up the DagBag from /home/airflow/.local/lib/python3.7/site-packages/airflow/example_dags/example_xcom.py
[2023-08-10T17:43:20.298+0000] {processor.py:836} INFO - DAG(s) dict_keys(['example_xcom']) retrieved from /home/airflow/.local/lib/python3.7/site-packages/airflow/example_dags/example_xcom.py
[2023-08-10T17:43:20.368+0000] {logging_mixin.py:150} INFO - [2023-08-10T17:43:20.368+0000] {dag.py:2742} INFO - Sync 1 DAGs
[2023-08-10T17:43:20.476+0000] {logging_mixin.py:150} INFO - [2023-08-10T17:43:20.476+0000] {dag.py:3508} INFO - Setting next_dagrun for example_xcom to 2021-01-01T00:00:00+00:00, run_after=2021-01-01T00:00:00+00:00
[2023-08-10T17:43:20.545+0000] {processor.py:179} INFO - Processing /home/airflow/.local/lib/python3.7/site-packages/airflow/example_dags/example_xcom.py took 0.280 seconds
[2023-08-10T17:43:50.793+0000] {processor.py:157} INFO - Started process (PID=293) to work on /home/airflow/.local/lib/python3.7/site-packages/airflow/example_dags/example_xcom.py
[2023-08-10T17:43:50.794+0000] {processor.py:826} INFO - Processing file /home/airflow/.local/lib/python3.7/site-packages/airflow/example_dags/example_xcom.py for tasks to queue
[2023-08-10T17:43:50.796+0000] {logging_mixin.py:150} INFO - [2023-08-10T17:43:50.795+0000] {dagbag.py:541} INFO - Filling up the DagBag from /home/airflow/.local/lib/python3.7/site-packages/airflow/example_dags/example_xcom.py
[2023-08-10T17:43:50.806+0000] {processor.py:836} INFO - DAG(s) dict_keys(['example_xcom']) retrieved from /home/airflow/.local/lib/python3.7/site-packages/airflow/example_dags/example_xcom.py
[2023-08-10T17:43:50.851+0000] {logging_mixin.py:150} INFO - [2023-08-10T17:43:50.850+0000] {dag.py:2742} INFO - Sync 1 DAGs
[2023-08-10T17:43:50.903+0000] {logging_mixin.py:150} INFO - [2023-08-10T17:43:50.902+0000] {dag.py:3508} INFO - Setting next_dagrun for example_xcom to 2021-01-01T00:00:00+00:00, run_after=2021-01-01T00:00:00+00:00
[2023-08-10T17:43:50.936+0000] {processor.py:179} INFO - Processing /home/airflow/.local/lib/python3.7/site-packages/airflow/example_dags/example_xcom.py took 0.147 seconds
[2023-08-10T17:44:21.266+0000] {processor.py:157} INFO - Started process (PID=347) to work on /home/airflow/.local/lib/python3.7/site-packages/airflow/example_dags/example_xcom.py
[2023-08-10T17:44:21.268+0000] {processor.py:826} INFO - Processing file /home/airflow/.local/lib/python3.7/site-packages/airflow/example_dags/example_xcom.py for tasks to queue
[2023-08-10T17:44:21.269+0000] {logging_mixin.py:150} INFO - [2023-08-10T17:44:21.269+0000] {dagbag.py:541} INFO - Filling up the DagBag from /home/airflow/.local/lib/python3.7/site-packages/airflow/example_dags/example_xcom.py
[2023-08-10T17:44:21.283+0000] {processor.py:836} INFO - DAG(s) dict_keys(['example_xcom']) retrieved from /home/airflow/.local/lib/python3.7/site-packages/airflow/example_dags/example_xcom.py
[2023-08-10T17:44:21.333+0000] {logging_mixin.py:150} INFO - [2023-08-10T17:44:21.333+0000] {dag.py:2742} INFO - Sync 1 DAGs
[2023-08-10T17:44:21.395+0000] {logging_mixin.py:150} INFO - [2023-08-10T17:44:21.394+0000] {dag.py:3508} INFO - Setting next_dagrun for example_xcom to 2021-01-01T00:00:00+00:00, run_after=2021-01-01T00:00:00+00:00
[2023-08-10T17:44:21.446+0000] {processor.py:179} INFO - Processing /home/airflow/.local/lib/python3.7/site-packages/airflow/example_dags/example_xcom.py took 0.186 seconds
[2023-08-10T17:44:51.575+0000] {processor.py:157} INFO - Started process (PID=405) to work on /home/airflow/.local/lib/python3.7/site-packages/airflow/example_dags/example_xcom.py
[2023-08-10T17:44:51.585+0000] {processor.py:826} INFO - Processing file /home/airflow/.local/lib/python3.7/site-packages/airflow/example_dags/example_xcom.py for tasks to queue
[2023-08-10T17:44:51.587+0000] {logging_mixin.py:150} INFO - [2023-08-10T17:44:51.587+0000] {dagbag.py:541} INFO - Filling up the DagBag from /home/airflow/.local/lib/python3.7/site-packages/airflow/example_dags/example_xcom.py
[2023-08-10T17:44:51.615+0000] {processor.py:836} INFO - DAG(s) dict_keys(['example_xcom']) retrieved from /home/airflow/.local/lib/python3.7/site-packages/airflow/example_dags/example_xcom.py
[2023-08-10T17:44:51.703+0000] {logging_mixin.py:150} INFO - [2023-08-10T17:44:51.703+0000] {dag.py:2742} INFO - Sync 1 DAGs
[2023-08-10T17:44:51.783+0000] {logging_mixin.py:150} INFO - [2023-08-10T17:44:51.783+0000] {dag.py:3508} INFO - Setting next_dagrun for example_xcom to 2021-01-01T00:00:00+00:00, run_after=2021-01-01T00:00:00+00:00
[2023-08-10T17:44:51.844+0000] {processor.py:179} INFO - Processing /home/airflow/.local/lib/python3.7/site-packages/airflow/example_dags/example_xcom.py took 0.279 seconds
[2023-08-10T17:45:22.049+0000] {processor.py:157} INFO - Started process (PID=462) to work on /home/airflow/.local/lib/python3.7/site-packages/airflow/example_dags/example_xcom.py
[2023-08-10T17:45:22.054+0000] {processor.py:826} INFO - Processing file /home/airflow/.local/lib/python3.7/site-packages/airflow/example_dags/example_xcom.py for tasks to queue
[2023-08-10T17:45:22.056+0000] {logging_mixin.py:150} INFO - [2023-08-10T17:45:22.055+0000] {dagbag.py:541} INFO - Filling up the DagBag from /home/airflow/.local/lib/python3.7/site-packages/airflow/example_dags/example_xcom.py
[2023-08-10T17:45:22.083+0000] {processor.py:836} INFO - DAG(s) dict_keys(['example_xcom']) retrieved from /home/airflow/.local/lib/python3.7/site-packages/airflow/example_dags/example_xcom.py
[2023-08-10T17:45:22.147+0000] {logging_mixin.py:150} INFO - [2023-08-10T17:45:22.147+0000] {dag.py:2742} INFO - Sync 1 DAGs
[2023-08-10T17:45:22.227+0000] {logging_mixin.py:150} INFO - [2023-08-10T17:45:22.226+0000] {dag.py:3508} INFO - Setting next_dagrun for example_xcom to 2021-01-01T00:00:00+00:00, run_after=2021-01-01T00:00:00+00:00
[2023-08-10T17:45:22.312+0000] {processor.py:179} INFO - Processing /home/airflow/.local/lib/python3.7/site-packages/airflow/example_dags/example_xcom.py took 0.270 seconds
[2023-08-10T17:45:52.396+0000] {processor.py:157} INFO - Started process (PID=520) to work on /home/airflow/.local/lib/python3.7/site-packages/airflow/example_dags/example_xcom.py
[2023-08-10T17:45:52.397+0000] {processor.py:826} INFO - Processing file /home/airflow/.local/lib/python3.7/site-packages/airflow/example_dags/example_xcom.py for tasks to queue
[2023-08-10T17:45:52.398+0000] {logging_mixin.py:150} INFO - [2023-08-10T17:45:52.398+0000] {dagbag.py:541} INFO - Filling up the DagBag from /home/airflow/.local/lib/python3.7/site-packages/airflow/example_dags/example_xcom.py
[2023-08-10T17:45:52.408+0000] {processor.py:836} INFO - DAG(s) dict_keys(['example_xcom']) retrieved from /home/airflow/.local/lib/python3.7/site-packages/airflow/example_dags/example_xcom.py
[2023-08-10T17:45:52.456+0000] {logging_mixin.py:150} INFO - [2023-08-10T17:45:52.456+0000] {dag.py:2742} INFO - Sync 1 DAGs
[2023-08-10T17:45:52.498+0000] {logging_mixin.py:150} INFO - [2023-08-10T17:45:52.498+0000] {dag.py:3508} INFO - Setting next_dagrun for example_xcom to 2021-01-01T00:00:00+00:00, run_after=2021-01-01T00:00:00+00:00
[2023-08-10T17:45:52.571+0000] {processor.py:179} INFO - Processing /home/airflow/.local/lib/python3.7/site-packages/airflow/example_dags/example_xcom.py took 0.178 seconds
[2023-08-10T17:46:23.535+0000] {processor.py:157} INFO - Started process (PID=578) to work on /home/airflow/.local/lib/python3.7/site-packages/airflow/example_dags/example_xcom.py
[2023-08-10T17:46:23.557+0000] {processor.py:826} INFO - Processing file /home/airflow/.local/lib/python3.7/site-packages/airflow/example_dags/example_xcom.py for tasks to queue
[2023-08-10T17:46:23.560+0000] {logging_mixin.py:150} INFO - [2023-08-10T17:46:23.559+0000] {dagbag.py:541} INFO - Filling up the DagBag from /home/airflow/.local/lib/python3.7/site-packages/airflow/example_dags/example_xcom.py
[2023-08-10T17:46:23.589+0000] {processor.py:836} INFO - DAG(s) dict_keys(['example_xcom']) retrieved from /home/airflow/.local/lib/python3.7/site-packages/airflow/example_dags/example_xcom.py
[2023-08-10T17:46:23.676+0000] {logging_mixin.py:150} INFO - [2023-08-10T17:46:23.676+0000] {dag.py:2742} INFO - Sync 1 DAGs
[2023-08-10T17:46:23.787+0000] {logging_mixin.py:150} INFO - [2023-08-10T17:46:23.786+0000] {dag.py:3508} INFO - Setting next_dagrun for example_xcom to 2021-01-01T00:00:00+00:00, run_after=2021-01-01T00:00:00+00:00
[2023-08-10T17:46:23.854+0000] {processor.py:179} INFO - Processing /home/airflow/.local/lib/python3.7/site-packages/airflow/example_dags/example_xcom.py took 0.333 seconds
[2023-08-10T17:46:54.009+0000] {processor.py:157} INFO - Started process (PID=637) to work on /home/airflow/.local/lib/python3.7/site-packages/airflow/example_dags/example_xcom.py
[2023-08-10T17:46:54.019+0000] {processor.py:826} INFO - Processing file /home/airflow/.local/lib/python3.7/site-packages/airflow/example_dags/example_xcom.py for tasks to queue
[2023-08-10T17:46:54.021+0000] {logging_mixin.py:150} INFO - [2023-08-10T17:46:54.020+0000] {dagbag.py:541} INFO - Filling up the DagBag from /home/airflow/.local/lib/python3.7/site-packages/airflow/example_dags/example_xcom.py
[2023-08-10T17:46:54.037+0000] {processor.py:836} INFO - DAG(s) dict_keys(['example_xcom']) retrieved from /home/airflow/.local/lib/python3.7/site-packages/airflow/example_dags/example_xcom.py
[2023-08-10T17:46:54.099+0000] {logging_mixin.py:150} INFO - [2023-08-10T17:46:54.098+0000] {dag.py:2742} INFO - Sync 1 DAGs
[2023-08-10T17:46:54.168+0000] {logging_mixin.py:150} INFO - [2023-08-10T17:46:54.168+0000] {dag.py:3508} INFO - Setting next_dagrun for example_xcom to 2021-01-01T00:00:00+00:00, run_after=2021-01-01T00:00:00+00:00
[2023-08-10T17:46:54.322+0000] {processor.py:179} INFO - Processing /home/airflow/.local/lib/python3.7/site-packages/airflow/example_dags/example_xcom.py took 0.320 seconds
[2023-08-10T17:47:24.788+0000] {processor.py:157} INFO - Started process (PID=695) to work on /home/airflow/.local/lib/python3.7/site-packages/airflow/example_dags/example_xcom.py
[2023-08-10T17:47:24.794+0000] {processor.py:826} INFO - Processing file /home/airflow/.local/lib/python3.7/site-packages/airflow/example_dags/example_xcom.py for tasks to queue
[2023-08-10T17:47:24.796+0000] {logging_mixin.py:150} INFO - [2023-08-10T17:47:24.795+0000] {dagbag.py:541} INFO - Filling up the DagBag from /home/airflow/.local/lib/python3.7/site-packages/airflow/example_dags/example_xcom.py
[2023-08-10T17:47:24.813+0000] {processor.py:836} INFO - DAG(s) dict_keys(['example_xcom']) retrieved from /home/airflow/.local/lib/python3.7/site-packages/airflow/example_dags/example_xcom.py
[2023-08-10T17:47:24.883+0000] {logging_mixin.py:150} INFO - [2023-08-10T17:47:24.882+0000] {dag.py:2742} INFO - Sync 1 DAGs
[2023-08-10T17:47:24.953+0000] {logging_mixin.py:150} INFO - [2023-08-10T17:47:24.953+0000] {dag.py:3508} INFO - Setting next_dagrun for example_xcom to 2021-01-01T00:00:00+00:00, run_after=2021-01-01T00:00:00+00:00
[2023-08-10T17:47:25.032+0000] {processor.py:179} INFO - Processing /home/airflow/.local/lib/python3.7/site-packages/airflow/example_dags/example_xcom.py took 0.263 seconds
[2023-08-10T17:47:55.160+0000] {processor.py:157} INFO - Started process (PID=753) to work on /home/airflow/.local/lib/python3.7/site-packages/airflow/example_dags/example_xcom.py
[2023-08-10T17:47:55.162+0000] {processor.py:826} INFO - Processing file /home/airflow/.local/lib/python3.7/site-packages/airflow/example_dags/example_xcom.py for tasks to queue
[2023-08-10T17:47:55.164+0000] {logging_mixin.py:150} INFO - [2023-08-10T17:47:55.163+0000] {dagbag.py:541} INFO - Filling up the DagBag from /home/airflow/.local/lib/python3.7/site-packages/airflow/example_dags/example_xcom.py
[2023-08-10T17:47:55.180+0000] {processor.py:836} INFO - DAG(s) dict_keys(['example_xcom']) retrieved from /home/airflow/.local/lib/python3.7/site-packages/airflow/example_dags/example_xcom.py
[2023-08-10T17:47:55.273+0000] {logging_mixin.py:150} INFO - [2023-08-10T17:47:55.273+0000] {dag.py:2742} INFO - Sync 1 DAGs
[2023-08-10T17:47:55.367+0000] {logging_mixin.py:150} INFO - [2023-08-10T17:47:55.366+0000] {dag.py:3508} INFO - Setting next_dagrun for example_xcom to 2021-01-01T00:00:00+00:00, run_after=2021-01-01T00:00:00+00:00
[2023-08-10T17:47:55.421+0000] {processor.py:179} INFO - Processing /home/airflow/.local/lib/python3.7/site-packages/airflow/example_dags/example_xcom.py took 0.269 seconds
[2023-08-10T17:48:26.454+0000] {processor.py:157} INFO - Started process (PID=811) to work on /home/airflow/.local/lib/python3.7/site-packages/airflow/example_dags/example_xcom.py
[2023-08-10T17:48:26.456+0000] {processor.py:826} INFO - Processing file /home/airflow/.local/lib/python3.7/site-packages/airflow/example_dags/example_xcom.py for tasks to queue
[2023-08-10T17:48:26.457+0000] {logging_mixin.py:150} INFO - [2023-08-10T17:48:26.457+0000] {dagbag.py:541} INFO - Filling up the DagBag from /home/airflow/.local/lib/python3.7/site-packages/airflow/example_dags/example_xcom.py
[2023-08-10T17:48:26.470+0000] {processor.py:836} INFO - DAG(s) dict_keys(['example_xcom']) retrieved from /home/airflow/.local/lib/python3.7/site-packages/airflow/example_dags/example_xcom.py
[2023-08-10T17:48:26.511+0000] {logging_mixin.py:150} INFO - [2023-08-10T17:48:26.511+0000] {dag.py:2742} INFO - Sync 1 DAGs
[2023-08-10T17:48:26.571+0000] {logging_mixin.py:150} INFO - [2023-08-10T17:48:26.570+0000] {dag.py:3508} INFO - Setting next_dagrun for example_xcom to 2021-01-01T00:00:00+00:00, run_after=2021-01-01T00:00:00+00:00
[2023-08-10T17:48:26.659+0000] {processor.py:179} INFO - Processing /home/airflow/.local/lib/python3.7/site-packages/airflow/example_dags/example_xcom.py took 0.212 seconds
[2023-08-10T17:48:56.786+0000] {processor.py:157} INFO - Started process (PID=869) to work on /home/airflow/.local/lib/python3.7/site-packages/airflow/example_dags/example_xcom.py
[2023-08-10T17:48:56.804+0000] {processor.py:826} INFO - Processing file /home/airflow/.local/lib/python3.7/site-packages/airflow/example_dags/example_xcom.py for tasks to queue
[2023-08-10T17:48:56.811+0000] {logging_mixin.py:150} INFO - [2023-08-10T17:48:56.810+0000] {dagbag.py:541} INFO - Filling up the DagBag from /home/airflow/.local/lib/python3.7/site-packages/airflow/example_dags/example_xcom.py
[2023-08-10T17:48:56.829+0000] {processor.py:836} INFO - DAG(s) dict_keys(['example_xcom']) retrieved from /home/airflow/.local/lib/python3.7/site-packages/airflow/example_dags/example_xcom.py
[2023-08-10T17:48:56.956+0000] {logging_mixin.py:150} INFO - [2023-08-10T17:48:56.956+0000] {dag.py:2742} INFO - Sync 1 DAGs
[2023-08-10T17:48:57.060+0000] {logging_mixin.py:150} INFO - [2023-08-10T17:48:57.060+0000] {dag.py:3508} INFO - Setting next_dagrun for example_xcom to 2021-01-01T00:00:00+00:00, run_after=2021-01-01T00:00:00+00:00
[2023-08-10T17:48:57.133+0000] {processor.py:179} INFO - Processing /home/airflow/.local/lib/python3.7/site-packages/airflow/example_dags/example_xcom.py took 0.357 seconds
[2023-08-10T17:49:27.890+0000] {processor.py:157} INFO - Started process (PID=927) to work on /home/airflow/.local/lib/python3.7/site-packages/airflow/example_dags/example_xcom.py
[2023-08-10T17:49:27.900+0000] {processor.py:826} INFO - Processing file /home/airflow/.local/lib/python3.7/site-packages/airflow/example_dags/example_xcom.py for tasks to queue
[2023-08-10T17:49:27.902+0000] {logging_mixin.py:150} INFO - [2023-08-10T17:49:27.901+0000] {dagbag.py:541} INFO - Filling up the DagBag from /home/airflow/.local/lib/python3.7/site-packages/airflow/example_dags/example_xcom.py
[2023-08-10T17:49:27.915+0000] {processor.py:836} INFO - DAG(s) dict_keys(['example_xcom']) retrieved from /home/airflow/.local/lib/python3.7/site-packages/airflow/example_dags/example_xcom.py
[2023-08-10T17:49:27.990+0000] {logging_mixin.py:150} INFO - [2023-08-10T17:49:27.989+0000] {dag.py:2742} INFO - Sync 1 DAGs
[2023-08-10T17:49:28.065+0000] {logging_mixin.py:150} INFO - [2023-08-10T17:49:28.064+0000] {dag.py:3508} INFO - Setting next_dagrun for example_xcom to 2021-01-01T00:00:00+00:00, run_after=2021-01-01T00:00:00+00:00
[2023-08-10T17:49:28.135+0000] {processor.py:179} INFO - Processing /home/airflow/.local/lib/python3.7/site-packages/airflow/example_dags/example_xcom.py took 0.250 seconds
[2023-08-10T17:49:58.577+0000] {processor.py:157} INFO - Started process (PID=985) to work on /home/airflow/.local/lib/python3.7/site-packages/airflow/example_dags/example_xcom.py
[2023-08-10T17:49:58.583+0000] {processor.py:826} INFO - Processing file /home/airflow/.local/lib/python3.7/site-packages/airflow/example_dags/example_xcom.py for tasks to queue
[2023-08-10T17:49:58.585+0000] {logging_mixin.py:150} INFO - [2023-08-10T17:49:58.585+0000] {dagbag.py:541} INFO - Filling up the DagBag from /home/airflow/.local/lib/python3.7/site-packages/airflow/example_dags/example_xcom.py
[2023-08-10T17:49:58.616+0000] {processor.py:836} INFO - DAG(s) dict_keys(['example_xcom']) retrieved from /home/airflow/.local/lib/python3.7/site-packages/airflow/example_dags/example_xcom.py
[2023-08-10T17:49:58.672+0000] {logging_mixin.py:150} INFO - [2023-08-10T17:49:58.672+0000] {dag.py:2742} INFO - Sync 1 DAGs
[2023-08-10T17:49:58.720+0000] {logging_mixin.py:150} INFO - [2023-08-10T17:49:58.719+0000] {dag.py:3508} INFO - Setting next_dagrun for example_xcom to 2021-01-01T00:00:00+00:00, run_after=2021-01-01T00:00:00+00:00
[2023-08-10T17:49:58.758+0000] {processor.py:179} INFO - Processing /home/airflow/.local/lib/python3.7/site-packages/airflow/example_dags/example_xcom.py took 0.189 seconds
[2023-08-10T17:50:29.613+0000] {processor.py:157} INFO - Started process (PID=1043) to work on /home/airflow/.local/lib/python3.7/site-packages/airflow/example_dags/example_xcom.py
[2023-08-10T17:50:29.618+0000] {processor.py:826} INFO - Processing file /home/airflow/.local/lib/python3.7/site-packages/airflow/example_dags/example_xcom.py for tasks to queue
[2023-08-10T17:50:29.619+0000] {logging_mixin.py:150} INFO - [2023-08-10T17:50:29.619+0000] {dagbag.py:541} INFO - Filling up the DagBag from /home/airflow/.local/lib/python3.7/site-packages/airflow/example_dags/example_xcom.py
[2023-08-10T17:50:29.652+0000] {processor.py:836} INFO - DAG(s) dict_keys(['example_xcom']) retrieved from /home/airflow/.local/lib/python3.7/site-packages/airflow/example_dags/example_xcom.py
[2023-08-10T17:50:29.716+0000] {logging_mixin.py:150} INFO - [2023-08-10T17:50:29.715+0000] {dag.py:2742} INFO - Sync 1 DAGs
[2023-08-10T17:50:29.849+0000] {logging_mixin.py:150} INFO - [2023-08-10T17:50:29.849+0000] {dag.py:3508} INFO - Setting next_dagrun for example_xcom to 2021-01-01T00:00:00+00:00, run_after=2021-01-01T00:00:00+00:00
[2023-08-10T17:50:29.953+0000] {processor.py:179} INFO - Processing /home/airflow/.local/lib/python3.7/site-packages/airflow/example_dags/example_xcom.py took 0.346 seconds
