[2023-08-10T17:41:29.614+0000] {processor.py:157} INFO - Started process (PID=57) to work on /home/airflow/.local/lib/python3.7/site-packages/airflow/example_dags/example_task_group_decorator.py
[2023-08-10T17:41:29.616+0000] {processor.py:826} INFO - Processing file /home/airflow/.local/lib/python3.7/site-packages/airflow/example_dags/example_task_group_decorator.py for tasks to queue
[2023-08-10T17:41:29.618+0000] {logging_mixin.py:150} INFO - [2023-08-10T17:41:29.618+0000] {dagbag.py:541} INFO - Filling up the DagBag from /home/airflow/.local/lib/python3.7/site-packages/airflow/example_dags/example_task_group_decorator.py
[2023-08-10T17:41:29.761+0000] {processor.py:836} INFO - DAG(s) dict_keys(['example_task_group_decorator']) retrieved from /home/airflow/.local/lib/python3.7/site-packages/airflow/example_dags/example_task_group_decorator.py
[2023-08-10T17:41:30.322+0000] {logging_mixin.py:150} INFO - [2023-08-10T17:41:30.322+0000] {manager.py:504} INFO - Created Permission View: can edit on DAG:example_task_group_decorator
[2023-08-10T17:41:30.458+0000] {logging_mixin.py:150} INFO - [2023-08-10T17:41:30.458+0000] {manager.py:504} INFO - Created Permission View: can delete on DAG:example_task_group_decorator
[2023-08-10T17:41:30.525+0000] {logging_mixin.py:150} INFO - [2023-08-10T17:41:30.524+0000] {manager.py:504} INFO - Created Permission View: can read on DAG:example_task_group_decorator
[2023-08-10T17:41:30.643+0000] {logging_mixin.py:150} INFO - [2023-08-10T17:41:30.642+0000] {dag.py:2742} INFO - Sync 1 DAGs
[2023-08-10T17:41:30.739+0000] {logging_mixin.py:150} INFO - [2023-08-10T17:41:30.739+0000] {dag.py:2763} INFO - Creating ORM DAG for example_task_group_decorator
[2023-08-10T17:41:30.847+0000] {logging_mixin.py:150} INFO - [2023-08-10T17:41:30.847+0000] {dag.py:3508} INFO - Setting next_dagrun for example_task_group_decorator to 2023-08-09T17:41:30.846607+00:00, run_after=2023-08-10T17:41:30.846607+00:00
[2023-08-10T17:41:31.119+0000] {processor.py:179} INFO - Processing /home/airflow/.local/lib/python3.7/site-packages/airflow/example_dags/example_task_group_decorator.py took 1.511 seconds
[2023-08-10T17:42:02.020+0000] {processor.py:157} INFO - Started process (PID=113) to work on /home/airflow/.local/lib/python3.7/site-packages/airflow/example_dags/example_task_group_decorator.py
[2023-08-10T17:42:02.022+0000] {processor.py:826} INFO - Processing file /home/airflow/.local/lib/python3.7/site-packages/airflow/example_dags/example_task_group_decorator.py for tasks to queue
[2023-08-10T17:42:02.024+0000] {logging_mixin.py:150} INFO - [2023-08-10T17:42:02.023+0000] {dagbag.py:541} INFO - Filling up the DagBag from /home/airflow/.local/lib/python3.7/site-packages/airflow/example_dags/example_task_group_decorator.py
[2023-08-10T17:42:02.093+0000] {processor.py:836} INFO - DAG(s) dict_keys(['example_task_group_decorator']) retrieved from /home/airflow/.local/lib/python3.7/site-packages/airflow/example_dags/example_task_group_decorator.py
[2023-08-10T17:42:02.197+0000] {logging_mixin.py:150} INFO - [2023-08-10T17:42:02.196+0000] {dag.py:2742} INFO - Sync 1 DAGs
[2023-08-10T17:42:02.326+0000] {logging_mixin.py:150} INFO - [2023-08-10T17:42:02.326+0000] {dag.py:3508} INFO - Setting next_dagrun for example_task_group_decorator to 2023-08-09T17:42:02.325583+00:00, run_after=2023-08-10T17:42:02.325583+00:00
[2023-08-10T17:42:02.401+0000] {processor.py:179} INFO - Processing /home/airflow/.local/lib/python3.7/site-packages/airflow/example_dags/example_task_group_decorator.py took 0.414 seconds
[2023-08-10T17:42:34.410+0000] {processor.py:157} INFO - Started process (PID=166) to work on /home/airflow/.local/lib/python3.7/site-packages/airflow/example_dags/example_task_group_decorator.py
[2023-08-10T17:42:34.414+0000] {processor.py:826} INFO - Processing file /home/airflow/.local/lib/python3.7/site-packages/airflow/example_dags/example_task_group_decorator.py for tasks to queue
[2023-08-10T17:42:34.416+0000] {logging_mixin.py:150} INFO - [2023-08-10T17:42:34.415+0000] {dagbag.py:541} INFO - Filling up the DagBag from /home/airflow/.local/lib/python3.7/site-packages/airflow/example_dags/example_task_group_decorator.py
[2023-08-10T17:42:34.512+0000] {processor.py:836} INFO - DAG(s) dict_keys(['example_task_group_decorator']) retrieved from /home/airflow/.local/lib/python3.7/site-packages/airflow/example_dags/example_task_group_decorator.py
[2023-08-10T17:42:34.641+0000] {logging_mixin.py:150} INFO - [2023-08-10T17:42:34.641+0000] {dag.py:2742} INFO - Sync 1 DAGs
[2023-08-10T17:42:34.725+0000] {logging_mixin.py:150} INFO - [2023-08-10T17:42:34.725+0000] {dag.py:3508} INFO - Setting next_dagrun for example_task_group_decorator to 2023-08-09T17:42:34.717934+00:00, run_after=2023-08-10T17:42:34.717934+00:00
[2023-08-10T17:42:34.980+0000] {processor.py:179} INFO - Processing /home/airflow/.local/lib/python3.7/site-packages/airflow/example_dags/example_task_group_decorator.py took 0.577 seconds
[2023-08-10T17:43:07.201+0000] {processor.py:157} INFO - Started process (PID=224) to work on /home/airflow/.local/lib/python3.7/site-packages/airflow/example_dags/example_task_group_decorator.py
[2023-08-10T17:43:07.215+0000] {processor.py:826} INFO - Processing file /home/airflow/.local/lib/python3.7/site-packages/airflow/example_dags/example_task_group_decorator.py for tasks to queue
[2023-08-10T17:43:07.216+0000] {logging_mixin.py:150} INFO - [2023-08-10T17:43:07.216+0000] {dagbag.py:541} INFO - Filling up the DagBag from /home/airflow/.local/lib/python3.7/site-packages/airflow/example_dags/example_task_group_decorator.py
[2023-08-10T17:43:07.322+0000] {processor.py:836} INFO - DAG(s) dict_keys(['example_task_group_decorator']) retrieved from /home/airflow/.local/lib/python3.7/site-packages/airflow/example_dags/example_task_group_decorator.py
[2023-08-10T17:43:07.716+0000] {logging_mixin.py:150} INFO - [2023-08-10T17:43:07.716+0000] {dag.py:2742} INFO - Sync 1 DAGs
[2023-08-10T17:43:08.029+0000] {logging_mixin.py:150} INFO - [2023-08-10T17:43:08.029+0000] {dag.py:3508} INFO - Setting next_dagrun for example_task_group_decorator to 2023-08-09T17:43:08.012398+00:00, run_after=2023-08-10T17:43:08.012398+00:00
[2023-08-10T17:43:08.261+0000] {processor.py:179} INFO - Processing /home/airflow/.local/lib/python3.7/site-packages/airflow/example_dags/example_task_group_decorator.py took 1.138 seconds
[2023-08-10T17:43:38.495+0000] {processor.py:157} INFO - Started process (PID=282) to work on /home/airflow/.local/lib/python3.7/site-packages/airflow/example_dags/example_task_group_decorator.py
[2023-08-10T17:43:38.496+0000] {processor.py:826} INFO - Processing file /home/airflow/.local/lib/python3.7/site-packages/airflow/example_dags/example_task_group_decorator.py for tasks to queue
[2023-08-10T17:43:38.507+0000] {logging_mixin.py:150} INFO - [2023-08-10T17:43:38.497+0000] {dagbag.py:541} INFO - Filling up the DagBag from /home/airflow/.local/lib/python3.7/site-packages/airflow/example_dags/example_task_group_decorator.py
[2023-08-10T17:43:38.559+0000] {processor.py:836} INFO - DAG(s) dict_keys(['example_task_group_decorator']) retrieved from /home/airflow/.local/lib/python3.7/site-packages/airflow/example_dags/example_task_group_decorator.py
[2023-08-10T17:43:38.688+0000] {logging_mixin.py:150} INFO - [2023-08-10T17:43:38.688+0000] {dag.py:2742} INFO - Sync 1 DAGs
[2023-08-10T17:43:38.769+0000] {logging_mixin.py:150} INFO - [2023-08-10T17:43:38.769+0000] {dag.py:3508} INFO - Setting next_dagrun for example_task_group_decorator to 2023-08-09T17:43:38.769129+00:00, run_after=2023-08-10T17:43:38.769129+00:00
[2023-08-10T17:43:39.034+0000] {processor.py:179} INFO - Processing /home/airflow/.local/lib/python3.7/site-packages/airflow/example_dags/example_task_group_decorator.py took 0.546 seconds
[2023-08-10T17:44:09.132+0000] {processor.py:157} INFO - Started process (PID=341) to work on /home/airflow/.local/lib/python3.7/site-packages/airflow/example_dags/example_task_group_decorator.py
[2023-08-10T17:44:09.140+0000] {processor.py:826} INFO - Processing file /home/airflow/.local/lib/python3.7/site-packages/airflow/example_dags/example_task_group_decorator.py for tasks to queue
[2023-08-10T17:44:09.141+0000] {logging_mixin.py:150} INFO - [2023-08-10T17:44:09.141+0000] {dagbag.py:541} INFO - Filling up the DagBag from /home/airflow/.local/lib/python3.7/site-packages/airflow/example_dags/example_task_group_decorator.py
[2023-08-10T17:44:09.176+0000] {processor.py:836} INFO - DAG(s) dict_keys(['example_task_group_decorator']) retrieved from /home/airflow/.local/lib/python3.7/site-packages/airflow/example_dags/example_task_group_decorator.py
[2023-08-10T17:44:09.238+0000] {logging_mixin.py:150} INFO - [2023-08-10T17:44:09.237+0000] {dag.py:2742} INFO - Sync 1 DAGs
[2023-08-10T17:44:09.294+0000] {logging_mixin.py:150} INFO - [2023-08-10T17:44:09.293+0000] {dag.py:3508} INFO - Setting next_dagrun for example_task_group_decorator to 2023-08-09T17:44:09.293466+00:00, run_after=2023-08-10T17:44:09.293466+00:00
[2023-08-10T17:44:09.333+0000] {processor.py:179} INFO - Processing /home/airflow/.local/lib/python3.7/site-packages/airflow/example_dags/example_task_group_decorator.py took 0.206 seconds
[2023-08-10T17:44:40.085+0000] {processor.py:157} INFO - Started process (PID=398) to work on /home/airflow/.local/lib/python3.7/site-packages/airflow/example_dags/example_task_group_decorator.py
[2023-08-10T17:44:40.110+0000] {processor.py:826} INFO - Processing file /home/airflow/.local/lib/python3.7/site-packages/airflow/example_dags/example_task_group_decorator.py for tasks to queue
[2023-08-10T17:44:40.111+0000] {logging_mixin.py:150} INFO - [2023-08-10T17:44:40.111+0000] {dagbag.py:541} INFO - Filling up the DagBag from /home/airflow/.local/lib/python3.7/site-packages/airflow/example_dags/example_task_group_decorator.py
[2023-08-10T17:44:40.180+0000] {processor.py:836} INFO - DAG(s) dict_keys(['example_task_group_decorator']) retrieved from /home/airflow/.local/lib/python3.7/site-packages/airflow/example_dags/example_task_group_decorator.py
[2023-08-10T17:44:40.267+0000] {logging_mixin.py:150} INFO - [2023-08-10T17:44:40.266+0000] {dag.py:2742} INFO - Sync 1 DAGs
[2023-08-10T17:44:40.340+0000] {logging_mixin.py:150} INFO - [2023-08-10T17:44:40.340+0000] {dag.py:3508} INFO - Setting next_dagrun for example_task_group_decorator to 2023-08-09T17:44:40.339761+00:00, run_after=2023-08-10T17:44:40.339761+00:00
[2023-08-10T17:44:40.389+0000] {processor.py:179} INFO - Processing /home/airflow/.local/lib/python3.7/site-packages/airflow/example_dags/example_task_group_decorator.py took 0.314 seconds
[2023-08-10T17:45:10.764+0000] {processor.py:157} INFO - Started process (PID=456) to work on /home/airflow/.local/lib/python3.7/site-packages/airflow/example_dags/example_task_group_decorator.py
[2023-08-10T17:45:10.767+0000] {processor.py:826} INFO - Processing file /home/airflow/.local/lib/python3.7/site-packages/airflow/example_dags/example_task_group_decorator.py for tasks to queue
[2023-08-10T17:45:10.769+0000] {logging_mixin.py:150} INFO - [2023-08-10T17:45:10.769+0000] {dagbag.py:541} INFO - Filling up the DagBag from /home/airflow/.local/lib/python3.7/site-packages/airflow/example_dags/example_task_group_decorator.py
[2023-08-10T17:45:10.816+0000] {processor.py:836} INFO - DAG(s) dict_keys(['example_task_group_decorator']) retrieved from /home/airflow/.local/lib/python3.7/site-packages/airflow/example_dags/example_task_group_decorator.py
[2023-08-10T17:45:10.864+0000] {logging_mixin.py:150} INFO - [2023-08-10T17:45:10.864+0000] {dag.py:2742} INFO - Sync 1 DAGs
[2023-08-10T17:45:10.909+0000] {logging_mixin.py:150} INFO - [2023-08-10T17:45:10.909+0000] {dag.py:3508} INFO - Setting next_dagrun for example_task_group_decorator to 2023-08-09T17:45:10.908766+00:00, run_after=2023-08-10T17:45:10.908766+00:00
[2023-08-10T17:45:10.952+0000] {processor.py:179} INFO - Processing /home/airflow/.local/lib/python3.7/site-packages/airflow/example_dags/example_task_group_decorator.py took 0.195 seconds
[2023-08-10T17:45:41.054+0000] {processor.py:157} INFO - Started process (PID=513) to work on /home/airflow/.local/lib/python3.7/site-packages/airflow/example_dags/example_task_group_decorator.py
[2023-08-10T17:45:41.073+0000] {processor.py:826} INFO - Processing file /home/airflow/.local/lib/python3.7/site-packages/airflow/example_dags/example_task_group_decorator.py for tasks to queue
[2023-08-10T17:45:41.074+0000] {logging_mixin.py:150} INFO - [2023-08-10T17:45:41.074+0000] {dagbag.py:541} INFO - Filling up the DagBag from /home/airflow/.local/lib/python3.7/site-packages/airflow/example_dags/example_task_group_decorator.py
[2023-08-10T17:45:41.096+0000] {processor.py:836} INFO - DAG(s) dict_keys(['example_task_group_decorator']) retrieved from /home/airflow/.local/lib/python3.7/site-packages/airflow/example_dags/example_task_group_decorator.py
[2023-08-10T17:45:41.139+0000] {logging_mixin.py:150} INFO - [2023-08-10T17:45:41.139+0000] {dag.py:2742} INFO - Sync 1 DAGs
[2023-08-10T17:45:41.178+0000] {logging_mixin.py:150} INFO - [2023-08-10T17:45:41.178+0000] {dag.py:3508} INFO - Setting next_dagrun for example_task_group_decorator to 2023-08-09T17:45:41.177834+00:00, run_after=2023-08-10T17:45:41.177834+00:00
[2023-08-10T17:45:41.210+0000] {processor.py:179} INFO - Processing /home/airflow/.local/lib/python3.7/site-packages/airflow/example_dags/example_task_group_decorator.py took 0.160 seconds
[2023-08-10T17:46:11.254+0000] {processor.py:157} INFO - Started process (PID=571) to work on /home/airflow/.local/lib/python3.7/site-packages/airflow/example_dags/example_task_group_decorator.py
[2023-08-10T17:46:11.275+0000] {processor.py:826} INFO - Processing file /home/airflow/.local/lib/python3.7/site-packages/airflow/example_dags/example_task_group_decorator.py for tasks to queue
[2023-08-10T17:46:11.277+0000] {logging_mixin.py:150} INFO - [2023-08-10T17:46:11.276+0000] {dagbag.py:541} INFO - Filling up the DagBag from /home/airflow/.local/lib/python3.7/site-packages/airflow/example_dags/example_task_group_decorator.py
[2023-08-10T17:46:11.303+0000] {processor.py:836} INFO - DAG(s) dict_keys(['example_task_group_decorator']) retrieved from /home/airflow/.local/lib/python3.7/site-packages/airflow/example_dags/example_task_group_decorator.py
[2023-08-10T17:46:11.348+0000] {logging_mixin.py:150} INFO - [2023-08-10T17:46:11.347+0000] {dag.py:2742} INFO - Sync 1 DAGs
[2023-08-10T17:46:11.397+0000] {logging_mixin.py:150} INFO - [2023-08-10T17:46:11.397+0000] {dag.py:3508} INFO - Setting next_dagrun for example_task_group_decorator to 2023-08-09T17:46:11.396814+00:00, run_after=2023-08-10T17:46:11.396814+00:00
[2023-08-10T17:46:11.461+0000] {processor.py:179} INFO - Processing /home/airflow/.local/lib/python3.7/site-packages/airflow/example_dags/example_task_group_decorator.py took 0.213 seconds
[2023-08-10T17:46:42.300+0000] {processor.py:157} INFO - Started process (PID=630) to work on /home/airflow/.local/lib/python3.7/site-packages/airflow/example_dags/example_task_group_decorator.py
[2023-08-10T17:46:42.315+0000] {processor.py:826} INFO - Processing file /home/airflow/.local/lib/python3.7/site-packages/airflow/example_dags/example_task_group_decorator.py for tasks to queue
[2023-08-10T17:46:42.317+0000] {logging_mixin.py:150} INFO - [2023-08-10T17:46:42.316+0000] {dagbag.py:541} INFO - Filling up the DagBag from /home/airflow/.local/lib/python3.7/site-packages/airflow/example_dags/example_task_group_decorator.py
[2023-08-10T17:46:42.408+0000] {processor.py:836} INFO - DAG(s) dict_keys(['example_task_group_decorator']) retrieved from /home/airflow/.local/lib/python3.7/site-packages/airflow/example_dags/example_task_group_decorator.py
[2023-08-10T17:46:42.519+0000] {logging_mixin.py:150} INFO - [2023-08-10T17:46:42.519+0000] {dag.py:2742} INFO - Sync 1 DAGs
[2023-08-10T17:46:42.609+0000] {logging_mixin.py:150} INFO - [2023-08-10T17:46:42.609+0000] {dag.py:3508} INFO - Setting next_dagrun for example_task_group_decorator to 2023-08-09T17:46:42.608834+00:00, run_after=2023-08-10T17:46:42.608834+00:00
[2023-08-10T17:46:42.680+0000] {processor.py:179} INFO - Processing /home/airflow/.local/lib/python3.7/site-packages/airflow/example_dags/example_task_group_decorator.py took 0.397 seconds
[2023-08-10T17:47:13.148+0000] {processor.py:157} INFO - Started process (PID=688) to work on /home/airflow/.local/lib/python3.7/site-packages/airflow/example_dags/example_task_group_decorator.py
[2023-08-10T17:47:13.153+0000] {processor.py:826} INFO - Processing file /home/airflow/.local/lib/python3.7/site-packages/airflow/example_dags/example_task_group_decorator.py for tasks to queue
[2023-08-10T17:47:13.154+0000] {logging_mixin.py:150} INFO - [2023-08-10T17:47:13.154+0000] {dagbag.py:541} INFO - Filling up the DagBag from /home/airflow/.local/lib/python3.7/site-packages/airflow/example_dags/example_task_group_decorator.py
[2023-08-10T17:47:13.240+0000] {processor.py:836} INFO - DAG(s) dict_keys(['example_task_group_decorator']) retrieved from /home/airflow/.local/lib/python3.7/site-packages/airflow/example_dags/example_task_group_decorator.py
[2023-08-10T17:47:13.362+0000] {logging_mixin.py:150} INFO - [2023-08-10T17:47:13.361+0000] {dag.py:2742} INFO - Sync 1 DAGs
[2023-08-10T17:47:13.473+0000] {logging_mixin.py:150} INFO - [2023-08-10T17:47:13.473+0000] {dag.py:3508} INFO - Setting next_dagrun for example_task_group_decorator to 2023-08-09T17:47:13.472994+00:00, run_after=2023-08-10T17:47:13.472994+00:00
[2023-08-10T17:47:13.546+0000] {processor.py:179} INFO - Processing /home/airflow/.local/lib/python3.7/site-packages/airflow/example_dags/example_task_group_decorator.py took 0.409 seconds
[2023-08-10T17:47:43.774+0000] {processor.py:157} INFO - Started process (PID=746) to work on /home/airflow/.local/lib/python3.7/site-packages/airflow/example_dags/example_task_group_decorator.py
[2023-08-10T17:47:43.785+0000] {processor.py:826} INFO - Processing file /home/airflow/.local/lib/python3.7/site-packages/airflow/example_dags/example_task_group_decorator.py for tasks to queue
[2023-08-10T17:47:43.793+0000] {logging_mixin.py:150} INFO - [2023-08-10T17:47:43.792+0000] {dagbag.py:541} INFO - Filling up the DagBag from /home/airflow/.local/lib/python3.7/site-packages/airflow/example_dags/example_task_group_decorator.py
[2023-08-10T17:47:43.919+0000] {processor.py:836} INFO - DAG(s) dict_keys(['example_task_group_decorator']) retrieved from /home/airflow/.local/lib/python3.7/site-packages/airflow/example_dags/example_task_group_decorator.py
[2023-08-10T17:47:44.094+0000] {logging_mixin.py:150} INFO - [2023-08-10T17:47:44.089+0000] {dag.py:2742} INFO - Sync 1 DAGs
[2023-08-10T17:47:44.203+0000] {logging_mixin.py:150} INFO - [2023-08-10T17:47:44.203+0000] {dag.py:3508} INFO - Setting next_dagrun for example_task_group_decorator to 2023-08-09T17:47:44.202709+00:00, run_after=2023-08-10T17:47:44.202709+00:00
[2023-08-10T17:47:44.281+0000] {processor.py:179} INFO - Processing /home/airflow/.local/lib/python3.7/site-packages/airflow/example_dags/example_task_group_decorator.py took 0.525 seconds
[2023-08-10T17:48:14.597+0000] {processor.py:157} INFO - Started process (PID=804) to work on /home/airflow/.local/lib/python3.7/site-packages/airflow/example_dags/example_task_group_decorator.py
[2023-08-10T17:48:14.605+0000] {processor.py:826} INFO - Processing file /home/airflow/.local/lib/python3.7/site-packages/airflow/example_dags/example_task_group_decorator.py for tasks to queue
[2023-08-10T17:48:14.609+0000] {logging_mixin.py:150} INFO - [2023-08-10T17:48:14.608+0000] {dagbag.py:541} INFO - Filling up the DagBag from /home/airflow/.local/lib/python3.7/site-packages/airflow/example_dags/example_task_group_decorator.py
[2023-08-10T17:48:14.690+0000] {processor.py:836} INFO - DAG(s) dict_keys(['example_task_group_decorator']) retrieved from /home/airflow/.local/lib/python3.7/site-packages/airflow/example_dags/example_task_group_decorator.py
[2023-08-10T17:48:14.801+0000] {logging_mixin.py:150} INFO - [2023-08-10T17:48:14.801+0000] {dag.py:2742} INFO - Sync 1 DAGs
[2023-08-10T17:48:14.894+0000] {logging_mixin.py:150} INFO - [2023-08-10T17:48:14.891+0000] {dag.py:3508} INFO - Setting next_dagrun for example_task_group_decorator to 2023-08-09T17:48:14.890558+00:00, run_after=2023-08-10T17:48:14.890558+00:00
[2023-08-10T17:48:14.998+0000] {processor.py:179} INFO - Processing /home/airflow/.local/lib/python3.7/site-packages/airflow/example_dags/example_task_group_decorator.py took 0.407 seconds
[2023-08-10T17:48:45.208+0000] {processor.py:157} INFO - Started process (PID=862) to work on /home/airflow/.local/lib/python3.7/site-packages/airflow/example_dags/example_task_group_decorator.py
[2023-08-10T17:48:45.210+0000] {processor.py:826} INFO - Processing file /home/airflow/.local/lib/python3.7/site-packages/airflow/example_dags/example_task_group_decorator.py for tasks to queue
[2023-08-10T17:48:45.211+0000] {logging_mixin.py:150} INFO - [2023-08-10T17:48:45.211+0000] {dagbag.py:541} INFO - Filling up the DagBag from /home/airflow/.local/lib/python3.7/site-packages/airflow/example_dags/example_task_group_decorator.py
[2023-08-10T17:48:45.256+0000] {processor.py:836} INFO - DAG(s) dict_keys(['example_task_group_decorator']) retrieved from /home/airflow/.local/lib/python3.7/site-packages/airflow/example_dags/example_task_group_decorator.py
[2023-08-10T17:48:45.344+0000] {logging_mixin.py:150} INFO - [2023-08-10T17:48:45.343+0000] {dag.py:2742} INFO - Sync 1 DAGs
[2023-08-10T17:48:45.408+0000] {logging_mixin.py:150} INFO - [2023-08-10T17:48:45.408+0000] {dag.py:3508} INFO - Setting next_dagrun for example_task_group_decorator to 2023-08-09T17:48:45.408168+00:00, run_after=2023-08-10T17:48:45.408168+00:00
[2023-08-10T17:48:45.477+0000] {processor.py:179} INFO - Processing /home/airflow/.local/lib/python3.7/site-packages/airflow/example_dags/example_task_group_decorator.py took 0.276 seconds
[2023-08-10T17:49:15.813+0000] {processor.py:157} INFO - Started process (PID=921) to work on /home/airflow/.local/lib/python3.7/site-packages/airflow/example_dags/example_task_group_decorator.py
[2023-08-10T17:49:15.829+0000] {processor.py:826} INFO - Processing file /home/airflow/.local/lib/python3.7/site-packages/airflow/example_dags/example_task_group_decorator.py for tasks to queue
[2023-08-10T17:49:15.830+0000] {logging_mixin.py:150} INFO - [2023-08-10T17:49:15.830+0000] {dagbag.py:541} INFO - Filling up the DagBag from /home/airflow/.local/lib/python3.7/site-packages/airflow/example_dags/example_task_group_decorator.py
[2023-08-10T17:49:15.869+0000] {processor.py:836} INFO - DAG(s) dict_keys(['example_task_group_decorator']) retrieved from /home/airflow/.local/lib/python3.7/site-packages/airflow/example_dags/example_task_group_decorator.py
[2023-08-10T17:49:15.945+0000] {logging_mixin.py:150} INFO - [2023-08-10T17:49:15.944+0000] {dag.py:2742} INFO - Sync 1 DAGs
[2023-08-10T17:49:16.029+0000] {logging_mixin.py:150} INFO - [2023-08-10T17:49:16.029+0000] {dag.py:3508} INFO - Setting next_dagrun for example_task_group_decorator to 2023-08-09T17:49:16.021214+00:00, run_after=2023-08-10T17:49:16.021214+00:00
[2023-08-10T17:49:16.099+0000] {processor.py:179} INFO - Processing /home/airflow/.local/lib/python3.7/site-packages/airflow/example_dags/example_task_group_decorator.py took 0.292 seconds
[2023-08-10T17:49:46.421+0000] {processor.py:157} INFO - Started process (PID=973) to work on /home/airflow/.local/lib/python3.7/site-packages/airflow/example_dags/example_task_group_decorator.py
[2023-08-10T17:49:46.439+0000] {processor.py:826} INFO - Processing file /home/airflow/.local/lib/python3.7/site-packages/airflow/example_dags/example_task_group_decorator.py for tasks to queue
[2023-08-10T17:49:46.440+0000] {logging_mixin.py:150} INFO - [2023-08-10T17:49:46.440+0000] {dagbag.py:541} INFO - Filling up the DagBag from /home/airflow/.local/lib/python3.7/site-packages/airflow/example_dags/example_task_group_decorator.py
[2023-08-10T17:49:46.498+0000] {processor.py:836} INFO - DAG(s) dict_keys(['example_task_group_decorator']) retrieved from /home/airflow/.local/lib/python3.7/site-packages/airflow/example_dags/example_task_group_decorator.py
[2023-08-10T17:49:46.596+0000] {logging_mixin.py:150} INFO - [2023-08-10T17:49:46.595+0000] {dag.py:2742} INFO - Sync 1 DAGs
[2023-08-10T17:49:46.684+0000] {logging_mixin.py:150} INFO - [2023-08-10T17:49:46.683+0000] {dag.py:3508} INFO - Setting next_dagrun for example_task_group_decorator to 2023-08-09T17:49:46.683172+00:00, run_after=2023-08-10T17:49:46.683172+00:00
[2023-08-10T17:49:46.784+0000] {processor.py:179} INFO - Processing /home/airflow/.local/lib/python3.7/site-packages/airflow/example_dags/example_task_group_decorator.py took 0.371 seconds
[2023-08-10T17:50:16.858+0000] {processor.py:157} INFO - Started process (PID=1030) to work on /home/airflow/.local/lib/python3.7/site-packages/airflow/example_dags/example_task_group_decorator.py
[2023-08-10T17:50:16.860+0000] {processor.py:826} INFO - Processing file /home/airflow/.local/lib/python3.7/site-packages/airflow/example_dags/example_task_group_decorator.py for tasks to queue
[2023-08-10T17:50:16.862+0000] {logging_mixin.py:150} INFO - [2023-08-10T17:50:16.861+0000] {dagbag.py:541} INFO - Filling up the DagBag from /home/airflow/.local/lib/python3.7/site-packages/airflow/example_dags/example_task_group_decorator.py
[2023-08-10T17:50:16.900+0000] {processor.py:836} INFO - DAG(s) dict_keys(['example_task_group_decorator']) retrieved from /home/airflow/.local/lib/python3.7/site-packages/airflow/example_dags/example_task_group_decorator.py
[2023-08-10T17:50:16.962+0000] {logging_mixin.py:150} INFO - [2023-08-10T17:50:16.961+0000] {dag.py:2742} INFO - Sync 1 DAGs
[2023-08-10T17:50:17.023+0000] {logging_mixin.py:150} INFO - [2023-08-10T17:50:17.022+0000] {dag.py:3508} INFO - Setting next_dagrun for example_task_group_decorator to 2023-08-09T17:50:17.022296+00:00, run_after=2023-08-10T17:50:17.022296+00:00
[2023-08-10T17:50:17.065+0000] {processor.py:179} INFO - Processing /home/airflow/.local/lib/python3.7/site-packages/airflow/example_dags/example_task_group_decorator.py took 0.220 seconds
[2023-08-10T17:50:47.235+0000] {processor.py:157} INFO - Started process (PID=1087) to work on /home/airflow/.local/lib/python3.7/site-packages/airflow/example_dags/example_task_group_decorator.py
[2023-08-10T17:50:47.260+0000] {processor.py:826} INFO - Processing file /home/airflow/.local/lib/python3.7/site-packages/airflow/example_dags/example_task_group_decorator.py for tasks to queue
[2023-08-10T17:50:47.261+0000] {logging_mixin.py:150} INFO - [2023-08-10T17:50:47.261+0000] {dagbag.py:541} INFO - Filling up the DagBag from /home/airflow/.local/lib/python3.7/site-packages/airflow/example_dags/example_task_group_decorator.py
[2023-08-10T17:50:47.297+0000] {processor.py:836} INFO - DAG(s) dict_keys(['example_task_group_decorator']) retrieved from /home/airflow/.local/lib/python3.7/site-packages/airflow/example_dags/example_task_group_decorator.py
[2023-08-10T17:50:47.357+0000] {logging_mixin.py:150} INFO - [2023-08-10T17:50:47.356+0000] {dag.py:2742} INFO - Sync 1 DAGs
[2023-08-10T17:50:47.416+0000] {logging_mixin.py:150} INFO - [2023-08-10T17:50:47.416+0000] {dag.py:3508} INFO - Setting next_dagrun for example_task_group_decorator to 2023-08-09T17:50:47.415957+00:00, run_after=2023-08-10T17:50:47.415957+00:00
[2023-08-10T17:50:47.455+0000] {processor.py:179} INFO - Processing /home/airflow/.local/lib/python3.7/site-packages/airflow/example_dags/example_task_group_decorator.py took 0.225 seconds
[2023-08-10T17:51:17.878+0000] {processor.py:157} INFO - Started process (PID=1143) to work on /home/airflow/.local/lib/python3.7/site-packages/airflow/example_dags/example_task_group_decorator.py
[2023-08-10T17:51:17.879+0000] {processor.py:826} INFO - Processing file /home/airflow/.local/lib/python3.7/site-packages/airflow/example_dags/example_task_group_decorator.py for tasks to queue
[2023-08-10T17:51:17.880+0000] {logging_mixin.py:150} INFO - [2023-08-10T17:51:17.880+0000] {dagbag.py:541} INFO - Filling up the DagBag from /home/airflow/.local/lib/python3.7/site-packages/airflow/example_dags/example_task_group_decorator.py
[2023-08-10T17:51:17.921+0000] {processor.py:836} INFO - DAG(s) dict_keys(['example_task_group_decorator']) retrieved from /home/airflow/.local/lib/python3.7/site-packages/airflow/example_dags/example_task_group_decorator.py
[2023-08-10T17:51:17.987+0000] {logging_mixin.py:150} INFO - [2023-08-10T17:51:17.987+0000] {dag.py:2742} INFO - Sync 1 DAGs
[2023-08-10T17:51:18.056+0000] {logging_mixin.py:150} INFO - [2023-08-10T17:51:18.056+0000] {dag.py:3508} INFO - Setting next_dagrun for example_task_group_decorator to 2023-08-09T17:51:18.055559+00:00, run_after=2023-08-10T17:51:18.055559+00:00
[2023-08-10T17:51:18.136+0000] {processor.py:179} INFO - Processing /home/airflow/.local/lib/python3.7/site-packages/airflow/example_dags/example_task_group_decorator.py took 0.264 seconds
[2023-08-10T17:51:48.522+0000] {processor.py:157} INFO - Started process (PID=1203) to work on /home/airflow/.local/lib/python3.7/site-packages/airflow/example_dags/example_task_group_decorator.py
[2023-08-10T17:51:48.523+0000] {processor.py:826} INFO - Processing file /home/airflow/.local/lib/python3.7/site-packages/airflow/example_dags/example_task_group_decorator.py for tasks to queue
[2023-08-10T17:51:48.525+0000] {logging_mixin.py:150} INFO - [2023-08-10T17:51:48.524+0000] {dagbag.py:541} INFO - Filling up the DagBag from /home/airflow/.local/lib/python3.7/site-packages/airflow/example_dags/example_task_group_decorator.py
[2023-08-10T17:51:48.559+0000] {processor.py:836} INFO - DAG(s) dict_keys(['example_task_group_decorator']) retrieved from /home/airflow/.local/lib/python3.7/site-packages/airflow/example_dags/example_task_group_decorator.py
[2023-08-10T17:51:48.619+0000] {logging_mixin.py:150} INFO - [2023-08-10T17:51:48.618+0000] {dag.py:2742} INFO - Sync 1 DAGs
[2023-08-10T17:51:48.678+0000] {logging_mixin.py:150} INFO - [2023-08-10T17:51:48.677+0000] {dag.py:3508} INFO - Setting next_dagrun for example_task_group_decorator to 2023-08-09T17:51:48.677390+00:00, run_after=2023-08-10T17:51:48.677390+00:00
[2023-08-10T17:51:48.736+0000] {processor.py:179} INFO - Processing /home/airflow/.local/lib/python3.7/site-packages/airflow/example_dags/example_task_group_decorator.py took 0.218 seconds
[2023-08-10T17:52:18.778+0000] {processor.py:157} INFO - Started process (PID=1261) to work on /home/airflow/.local/lib/python3.7/site-packages/airflow/example_dags/example_task_group_decorator.py
[2023-08-10T17:52:18.780+0000] {processor.py:826} INFO - Processing file /home/airflow/.local/lib/python3.7/site-packages/airflow/example_dags/example_task_group_decorator.py for tasks to queue
[2023-08-10T17:52:18.781+0000] {logging_mixin.py:150} INFO - [2023-08-10T17:52:18.781+0000] {dagbag.py:541} INFO - Filling up the DagBag from /home/airflow/.local/lib/python3.7/site-packages/airflow/example_dags/example_task_group_decorator.py
[2023-08-10T17:52:18.823+0000] {processor.py:836} INFO - DAG(s) dict_keys(['example_task_group_decorator']) retrieved from /home/airflow/.local/lib/python3.7/site-packages/airflow/example_dags/example_task_group_decorator.py
[2023-08-10T17:52:18.891+0000] {logging_mixin.py:150} INFO - [2023-08-10T17:52:18.891+0000] {dag.py:2742} INFO - Sync 1 DAGs
[2023-08-10T17:52:18.958+0000] {logging_mixin.py:150} INFO - [2023-08-10T17:52:18.957+0000] {dag.py:3508} INFO - Setting next_dagrun for example_task_group_decorator to 2023-08-09T17:52:18.957438+00:00, run_after=2023-08-10T17:52:18.957438+00:00
[2023-08-10T17:52:19.021+0000] {processor.py:179} INFO - Processing /home/airflow/.local/lib/python3.7/site-packages/airflow/example_dags/example_task_group_decorator.py took 0.247 seconds
[2023-08-10T17:52:50.114+0000] {processor.py:157} INFO - Started process (PID=1319) to work on /home/airflow/.local/lib/python3.7/site-packages/airflow/example_dags/example_task_group_decorator.py
[2023-08-10T17:52:50.118+0000] {processor.py:826} INFO - Processing file /home/airflow/.local/lib/python3.7/site-packages/airflow/example_dags/example_task_group_decorator.py for tasks to queue
[2023-08-10T17:52:50.120+0000] {logging_mixin.py:150} INFO - [2023-08-10T17:52:50.119+0000] {dagbag.py:541} INFO - Filling up the DagBag from /home/airflow/.local/lib/python3.7/site-packages/airflow/example_dags/example_task_group_decorator.py
[2023-08-10T17:52:50.218+0000] {processor.py:836} INFO - DAG(s) dict_keys(['example_task_group_decorator']) retrieved from /home/airflow/.local/lib/python3.7/site-packages/airflow/example_dags/example_task_group_decorator.py
[2023-08-10T17:52:50.313+0000] {logging_mixin.py:150} INFO - [2023-08-10T17:52:50.313+0000] {dag.py:2742} INFO - Sync 1 DAGs
[2023-08-10T17:52:50.375+0000] {logging_mixin.py:150} INFO - [2023-08-10T17:52:50.374+0000] {dag.py:3508} INFO - Setting next_dagrun for example_task_group_decorator to 2023-08-09T17:52:50.374446+00:00, run_after=2023-08-10T17:52:50.374446+00:00
[2023-08-10T17:52:50.416+0000] {processor.py:179} INFO - Processing /home/airflow/.local/lib/python3.7/site-packages/airflow/example_dags/example_task_group_decorator.py took 0.314 seconds
[2023-08-10T17:53:20.748+0000] {processor.py:157} INFO - Started process (PID=1377) to work on /home/airflow/.local/lib/python3.7/site-packages/airflow/example_dags/example_task_group_decorator.py
[2023-08-10T17:53:20.750+0000] {processor.py:826} INFO - Processing file /home/airflow/.local/lib/python3.7/site-packages/airflow/example_dags/example_task_group_decorator.py for tasks to queue
[2023-08-10T17:53:20.751+0000] {logging_mixin.py:150} INFO - [2023-08-10T17:53:20.751+0000] {dagbag.py:541} INFO - Filling up the DagBag from /home/airflow/.local/lib/python3.7/site-packages/airflow/example_dags/example_task_group_decorator.py
[2023-08-10T17:53:20.787+0000] {processor.py:836} INFO - DAG(s) dict_keys(['example_task_group_decorator']) retrieved from /home/airflow/.local/lib/python3.7/site-packages/airflow/example_dags/example_task_group_decorator.py
[2023-08-10T17:53:20.856+0000] {logging_mixin.py:150} INFO - [2023-08-10T17:53:20.856+0000] {dag.py:2742} INFO - Sync 1 DAGs
[2023-08-10T17:53:20.913+0000] {logging_mixin.py:150} INFO - [2023-08-10T17:53:20.912+0000] {dag.py:3508} INFO - Setting next_dagrun for example_task_group_decorator to 2023-08-09T17:53:20.912335+00:00, run_after=2023-08-10T17:53:20.912335+00:00
[2023-08-10T17:53:20.958+0000] {processor.py:179} INFO - Processing /home/airflow/.local/lib/python3.7/site-packages/airflow/example_dags/example_task_group_decorator.py took 0.216 seconds
[2023-08-10T17:53:51.747+0000] {processor.py:157} INFO - Started process (PID=1435) to work on /home/airflow/.local/lib/python3.7/site-packages/airflow/example_dags/example_task_group_decorator.py
[2023-08-10T17:53:51.748+0000] {processor.py:826} INFO - Processing file /home/airflow/.local/lib/python3.7/site-packages/airflow/example_dags/example_task_group_decorator.py for tasks to queue
[2023-08-10T17:53:51.750+0000] {logging_mixin.py:150} INFO - [2023-08-10T17:53:51.749+0000] {dagbag.py:541} INFO - Filling up the DagBag from /home/airflow/.local/lib/python3.7/site-packages/airflow/example_dags/example_task_group_decorator.py
[2023-08-10T17:53:51.803+0000] {processor.py:836} INFO - DAG(s) dict_keys(['example_task_group_decorator']) retrieved from /home/airflow/.local/lib/python3.7/site-packages/airflow/example_dags/example_task_group_decorator.py
[2023-08-10T17:53:51.972+0000] {logging_mixin.py:150} INFO - [2023-08-10T17:53:51.971+0000] {dag.py:2742} INFO - Sync 1 DAGs
[2023-08-10T17:53:52.038+0000] {logging_mixin.py:150} INFO - [2023-08-10T17:53:52.038+0000] {dag.py:3508} INFO - Setting next_dagrun for example_task_group_decorator to 2023-08-09T17:53:52.038198+00:00, run_after=2023-08-10T17:53:52.038198+00:00
[2023-08-10T17:53:52.111+0000] {processor.py:179} INFO - Processing /home/airflow/.local/lib/python3.7/site-packages/airflow/example_dags/example_task_group_decorator.py took 0.371 seconds
[2023-08-10T17:54:23.151+0000] {processor.py:157} INFO - Started process (PID=1493) to work on /home/airflow/.local/lib/python3.7/site-packages/airflow/example_dags/example_task_group_decorator.py
[2023-08-10T17:54:23.169+0000] {processor.py:826} INFO - Processing file /home/airflow/.local/lib/python3.7/site-packages/airflow/example_dags/example_task_group_decorator.py for tasks to queue
[2023-08-10T17:54:23.171+0000] {logging_mixin.py:150} INFO - [2023-08-10T17:54:23.170+0000] {dagbag.py:541} INFO - Filling up the DagBag from /home/airflow/.local/lib/python3.7/site-packages/airflow/example_dags/example_task_group_decorator.py
[2023-08-10T17:54:23.327+0000] {processor.py:836} INFO - DAG(s) dict_keys(['example_task_group_decorator']) retrieved from /home/airflow/.local/lib/python3.7/site-packages/airflow/example_dags/example_task_group_decorator.py
[2023-08-10T17:54:23.581+0000] {logging_mixin.py:150} INFO - [2023-08-10T17:54:23.580+0000] {dag.py:2742} INFO - Sync 1 DAGs
[2023-08-10T17:54:23.800+0000] {logging_mixin.py:150} INFO - [2023-08-10T17:54:23.800+0000] {dag.py:3508} INFO - Setting next_dagrun for example_task_group_decorator to 2023-08-09T17:54:23.800101+00:00, run_after=2023-08-10T17:54:23.800101+00:00
[2023-08-10T17:54:23.919+0000] {processor.py:179} INFO - Processing /home/airflow/.local/lib/python3.7/site-packages/airflow/example_dags/example_task_group_decorator.py took 0.783 seconds
[2023-08-10T17:54:54.560+0000] {processor.py:157} INFO - Started process (PID=1551) to work on /home/airflow/.local/lib/python3.7/site-packages/airflow/example_dags/example_task_group_decorator.py
[2023-08-10T17:54:54.562+0000] {processor.py:826} INFO - Processing file /home/airflow/.local/lib/python3.7/site-packages/airflow/example_dags/example_task_group_decorator.py for tasks to queue
[2023-08-10T17:54:54.563+0000] {logging_mixin.py:150} INFO - [2023-08-10T17:54:54.563+0000] {dagbag.py:541} INFO - Filling up the DagBag from /home/airflow/.local/lib/python3.7/site-packages/airflow/example_dags/example_task_group_decorator.py
[2023-08-10T17:54:54.599+0000] {processor.py:836} INFO - DAG(s) dict_keys(['example_task_group_decorator']) retrieved from /home/airflow/.local/lib/python3.7/site-packages/airflow/example_dags/example_task_group_decorator.py
[2023-08-10T17:54:54.644+0000] {logging_mixin.py:150} INFO - [2023-08-10T17:54:54.644+0000] {dag.py:2742} INFO - Sync 1 DAGs
[2023-08-10T17:54:54.694+0000] {logging_mixin.py:150} INFO - [2023-08-10T17:54:54.694+0000] {dag.py:3508} INFO - Setting next_dagrun for example_task_group_decorator to 2023-08-09T17:54:54.694071+00:00, run_after=2023-08-10T17:54:54.694071+00:00
[2023-08-10T17:54:54.743+0000] {processor.py:179} INFO - Processing /home/airflow/.local/lib/python3.7/site-packages/airflow/example_dags/example_task_group_decorator.py took 0.189 seconds
