[2023-08-10T17:41:43.102+0000] {processor.py:157} INFO - Started process (PID=71) to work on /home/airflow/.local/lib/python3.7/site-packages/airflow/example_dags/example_short_circuit_decorator.py
[2023-08-10T17:41:43.109+0000] {processor.py:826} INFO - Processing file /home/airflow/.local/lib/python3.7/site-packages/airflow/example_dags/example_short_circuit_decorator.py for tasks to queue
[2023-08-10T17:41:43.111+0000] {logging_mixin.py:150} INFO - [2023-08-10T17:41:43.111+0000] {dagbag.py:541} INFO - Filling up the DagBag from /home/airflow/.local/lib/python3.7/site-packages/airflow/example_dags/example_short_circuit_decorator.py
[2023-08-10T17:41:43.159+0000] {processor.py:836} INFO - DAG(s) dict_keys(['example_short_circuit_decorator']) retrieved from /home/airflow/.local/lib/python3.7/site-packages/airflow/example_dags/example_short_circuit_decorator.py
[2023-08-10T17:41:44.183+0000] {logging_mixin.py:150} INFO - [2023-08-10T17:41:44.182+0000] {manager.py:504} INFO - Created Permission View: can edit on DAG:example_short_circuit_decorator
[2023-08-10T17:41:44.320+0000] {logging_mixin.py:150} INFO - [2023-08-10T17:41:44.320+0000] {manager.py:504} INFO - Created Permission View: can delete on DAG:example_short_circuit_decorator
[2023-08-10T17:41:44.405+0000] {logging_mixin.py:150} INFO - [2023-08-10T17:41:44.405+0000] {manager.py:504} INFO - Created Permission View: can read on DAG:example_short_circuit_decorator
[2023-08-10T17:41:44.491+0000] {logging_mixin.py:150} INFO - [2023-08-10T17:41:44.491+0000] {dag.py:2742} INFO - Sync 1 DAGs
[2023-08-10T17:41:44.524+0000] {logging_mixin.py:150} INFO - [2023-08-10T17:41:44.523+0000] {dag.py:2763} INFO - Creating ORM DAG for example_short_circuit_decorator
[2023-08-10T17:41:44.551+0000] {logging_mixin.py:150} INFO - [2023-08-10T17:41:44.550+0000] {dag.py:3508} INFO - Setting next_dagrun for example_short_circuit_decorator to 2023-08-09T17:41:44.550481+00:00, run_after=2023-08-10T17:41:44.550481+00:00
[2023-08-10T17:41:45.399+0000] {processor.py:179} INFO - Processing /home/airflow/.local/lib/python3.7/site-packages/airflow/example_dags/example_short_circuit_decorator.py took 2.312 seconds
[2023-08-10T17:42:15.910+0000] {processor.py:157} INFO - Started process (PID=128) to work on /home/airflow/.local/lib/python3.7/site-packages/airflow/example_dags/example_short_circuit_decorator.py
[2023-08-10T17:42:15.913+0000] {processor.py:826} INFO - Processing file /home/airflow/.local/lib/python3.7/site-packages/airflow/example_dags/example_short_circuit_decorator.py for tasks to queue
[2023-08-10T17:42:15.915+0000] {logging_mixin.py:150} INFO - [2023-08-10T17:42:15.914+0000] {dagbag.py:541} INFO - Filling up the DagBag from /home/airflow/.local/lib/python3.7/site-packages/airflow/example_dags/example_short_circuit_decorator.py
[2023-08-10T17:42:15.941+0000] {processor.py:836} INFO - DAG(s) dict_keys(['example_short_circuit_decorator']) retrieved from /home/airflow/.local/lib/python3.7/site-packages/airflow/example_dags/example_short_circuit_decorator.py
[2023-08-10T17:42:16.009+0000] {logging_mixin.py:150} INFO - [2023-08-10T17:42:16.009+0000] {dag.py:2742} INFO - Sync 1 DAGs
[2023-08-10T17:42:16.065+0000] {logging_mixin.py:150} INFO - [2023-08-10T17:42:16.064+0000] {dag.py:3508} INFO - Setting next_dagrun for example_short_circuit_decorator to 2023-08-09T17:42:16.063841+00:00, run_after=2023-08-10T17:42:16.063841+00:00
[2023-08-10T17:42:16.126+0000] {processor.py:179} INFO - Processing /home/airflow/.local/lib/python3.7/site-packages/airflow/example_dags/example_short_circuit_decorator.py took 0.222 seconds
[2023-08-10T17:42:46.603+0000] {processor.py:157} INFO - Started process (PID=186) to work on /home/airflow/.local/lib/python3.7/site-packages/airflow/example_dags/example_short_circuit_decorator.py
[2023-08-10T17:42:46.605+0000] {processor.py:826} INFO - Processing file /home/airflow/.local/lib/python3.7/site-packages/airflow/example_dags/example_short_circuit_decorator.py for tasks to queue
[2023-08-10T17:42:46.608+0000] {logging_mixin.py:150} INFO - [2023-08-10T17:42:46.608+0000] {dagbag.py:541} INFO - Filling up the DagBag from /home/airflow/.local/lib/python3.7/site-packages/airflow/example_dags/example_short_circuit_decorator.py
[2023-08-10T17:42:46.709+0000] {processor.py:836} INFO - DAG(s) dict_keys(['example_short_circuit_decorator']) retrieved from /home/airflow/.local/lib/python3.7/site-packages/airflow/example_dags/example_short_circuit_decorator.py
[2023-08-10T17:42:46.841+0000] {logging_mixin.py:150} INFO - [2023-08-10T17:42:46.840+0000] {dag.py:2742} INFO - Sync 1 DAGs
[2023-08-10T17:42:46.916+0000] {logging_mixin.py:150} INFO - [2023-08-10T17:42:46.916+0000] {dag.py:3508} INFO - Setting next_dagrun for example_short_circuit_decorator to 2023-08-09T17:42:46.906749+00:00, run_after=2023-08-10T17:42:46.906749+00:00
[2023-08-10T17:42:46.965+0000] {processor.py:179} INFO - Processing /home/airflow/.local/lib/python3.7/site-packages/airflow/example_dags/example_short_circuit_decorator.py took 0.370 seconds
[2023-08-10T17:43:22.187+0000] {processor.py:157} INFO - Started process (PID=244) to work on /home/airflow/.local/lib/python3.7/site-packages/airflow/example_dags/example_short_circuit_decorator.py
[2023-08-10T17:43:22.189+0000] {processor.py:826} INFO - Processing file /home/airflow/.local/lib/python3.7/site-packages/airflow/example_dags/example_short_circuit_decorator.py for tasks to queue
[2023-08-10T17:43:22.191+0000] {logging_mixin.py:150} INFO - [2023-08-10T17:43:22.190+0000] {dagbag.py:541} INFO - Filling up the DagBag from /home/airflow/.local/lib/python3.7/site-packages/airflow/example_dags/example_short_circuit_decorator.py
[2023-08-10T17:43:22.207+0000] {processor.py:836} INFO - DAG(s) dict_keys(['example_short_circuit_decorator']) retrieved from /home/airflow/.local/lib/python3.7/site-packages/airflow/example_dags/example_short_circuit_decorator.py
[2023-08-10T17:43:22.260+0000] {logging_mixin.py:150} INFO - [2023-08-10T17:43:22.260+0000] {dag.py:2742} INFO - Sync 1 DAGs
[2023-08-10T17:43:22.316+0000] {logging_mixin.py:150} INFO - [2023-08-10T17:43:22.316+0000] {dag.py:3508} INFO - Setting next_dagrun for example_short_circuit_decorator to 2023-08-09T17:43:22.315912+00:00, run_after=2023-08-10T17:43:22.315912+00:00
[2023-08-10T17:43:22.375+0000] {processor.py:179} INFO - Processing /home/airflow/.local/lib/python3.7/site-packages/airflow/example_dags/example_short_circuit_decorator.py took 0.193 seconds
[2023-08-10T17:43:52.445+0000] {processor.py:157} INFO - Started process (PID=302) to work on /home/airflow/.local/lib/python3.7/site-packages/airflow/example_dags/example_short_circuit_decorator.py
[2023-08-10T17:43:52.447+0000] {processor.py:826} INFO - Processing file /home/airflow/.local/lib/python3.7/site-packages/airflow/example_dags/example_short_circuit_decorator.py for tasks to queue
[2023-08-10T17:43:52.449+0000] {logging_mixin.py:150} INFO - [2023-08-10T17:43:52.448+0000] {dagbag.py:541} INFO - Filling up the DagBag from /home/airflow/.local/lib/python3.7/site-packages/airflow/example_dags/example_short_circuit_decorator.py
[2023-08-10T17:43:52.476+0000] {processor.py:836} INFO - DAG(s) dict_keys(['example_short_circuit_decorator']) retrieved from /home/airflow/.local/lib/python3.7/site-packages/airflow/example_dags/example_short_circuit_decorator.py
[2023-08-10T17:43:52.535+0000] {logging_mixin.py:150} INFO - [2023-08-10T17:43:52.535+0000] {dag.py:2742} INFO - Sync 1 DAGs
[2023-08-10T17:43:52.593+0000] {logging_mixin.py:150} INFO - [2023-08-10T17:43:52.593+0000] {dag.py:3508} INFO - Setting next_dagrun for example_short_circuit_decorator to 2023-08-09T17:43:52.592625+00:00, run_after=2023-08-10T17:43:52.592625+00:00
[2023-08-10T17:43:52.635+0000] {processor.py:179} INFO - Processing /home/airflow/.local/lib/python3.7/site-packages/airflow/example_dags/example_short_circuit_decorator.py took 0.199 seconds
[2023-08-10T17:44:23.518+0000] {processor.py:157} INFO - Started process (PID=360) to work on /home/airflow/.local/lib/python3.7/site-packages/airflow/example_dags/example_short_circuit_decorator.py
[2023-08-10T17:44:23.520+0000] {processor.py:826} INFO - Processing file /home/airflow/.local/lib/python3.7/site-packages/airflow/example_dags/example_short_circuit_decorator.py for tasks to queue
[2023-08-10T17:44:23.521+0000] {logging_mixin.py:150} INFO - [2023-08-10T17:44:23.520+0000] {dagbag.py:541} INFO - Filling up the DagBag from /home/airflow/.local/lib/python3.7/site-packages/airflow/example_dags/example_short_circuit_decorator.py
[2023-08-10T17:44:23.540+0000] {processor.py:836} INFO - DAG(s) dict_keys(['example_short_circuit_decorator']) retrieved from /home/airflow/.local/lib/python3.7/site-packages/airflow/example_dags/example_short_circuit_decorator.py
[2023-08-10T17:44:23.597+0000] {logging_mixin.py:150} INFO - [2023-08-10T17:44:23.597+0000] {dag.py:2742} INFO - Sync 1 DAGs
[2023-08-10T17:44:23.659+0000] {logging_mixin.py:150} INFO - [2023-08-10T17:44:23.658+0000] {dag.py:3508} INFO - Setting next_dagrun for example_short_circuit_decorator to 2023-08-09T17:44:23.658408+00:00, run_after=2023-08-10T17:44:23.658408+00:00
[2023-08-10T17:44:23.698+0000] {processor.py:179} INFO - Processing /home/airflow/.local/lib/python3.7/site-packages/airflow/example_dags/example_short_circuit_decorator.py took 0.186 seconds
[2023-08-10T17:44:54.132+0000] {processor.py:157} INFO - Started process (PID=413) to work on /home/airflow/.local/lib/python3.7/site-packages/airflow/example_dags/example_short_circuit_decorator.py
[2023-08-10T17:44:54.137+0000] {processor.py:826} INFO - Processing file /home/airflow/.local/lib/python3.7/site-packages/airflow/example_dags/example_short_circuit_decorator.py for tasks to queue
[2023-08-10T17:44:54.139+0000] {logging_mixin.py:150} INFO - [2023-08-10T17:44:54.138+0000] {dagbag.py:541} INFO - Filling up the DagBag from /home/airflow/.local/lib/python3.7/site-packages/airflow/example_dags/example_short_circuit_decorator.py
[2023-08-10T17:44:54.208+0000] {processor.py:836} INFO - DAG(s) dict_keys(['example_short_circuit_decorator']) retrieved from /home/airflow/.local/lib/python3.7/site-packages/airflow/example_dags/example_short_circuit_decorator.py
[2023-08-10T17:44:54.357+0000] {logging_mixin.py:150} INFO - [2023-08-10T17:44:54.356+0000] {dag.py:2742} INFO - Sync 1 DAGs
[2023-08-10T17:44:54.431+0000] {logging_mixin.py:150} INFO - [2023-08-10T17:44:54.429+0000] {dag.py:3508} INFO - Setting next_dagrun for example_short_circuit_decorator to 2023-08-09T17:44:54.429011+00:00, run_after=2023-08-10T17:44:54.429011+00:00
[2023-08-10T17:44:54.495+0000] {processor.py:179} INFO - Processing /home/airflow/.local/lib/python3.7/site-packages/airflow/example_dags/example_short_circuit_decorator.py took 0.402 seconds
[2023-08-10T17:45:24.652+0000] {processor.py:157} INFO - Started process (PID=471) to work on /home/airflow/.local/lib/python3.7/site-packages/airflow/example_dags/example_short_circuit_decorator.py
[2023-08-10T17:45:24.678+0000] {processor.py:826} INFO - Processing file /home/airflow/.local/lib/python3.7/site-packages/airflow/example_dags/example_short_circuit_decorator.py for tasks to queue
[2023-08-10T17:45:24.680+0000] {logging_mixin.py:150} INFO - [2023-08-10T17:45:24.679+0000] {dagbag.py:541} INFO - Filling up the DagBag from /home/airflow/.local/lib/python3.7/site-packages/airflow/example_dags/example_short_circuit_decorator.py
[2023-08-10T17:45:24.702+0000] {processor.py:836} INFO - DAG(s) dict_keys(['example_short_circuit_decorator']) retrieved from /home/airflow/.local/lib/python3.7/site-packages/airflow/example_dags/example_short_circuit_decorator.py
[2023-08-10T17:45:24.757+0000] {logging_mixin.py:150} INFO - [2023-08-10T17:45:24.757+0000] {dag.py:2742} INFO - Sync 1 DAGs
[2023-08-10T17:45:24.815+0000] {logging_mixin.py:150} INFO - [2023-08-10T17:45:24.815+0000] {dag.py:3508} INFO - Setting next_dagrun for example_short_circuit_decorator to 2023-08-09T17:45:24.815426+00:00, run_after=2023-08-10T17:45:24.815426+00:00
[2023-08-10T17:45:24.848+0000] {processor.py:179} INFO - Processing /home/airflow/.local/lib/python3.7/site-packages/airflow/example_dags/example_short_circuit_decorator.py took 0.201 seconds
[2023-08-10T17:45:56.051+0000] {processor.py:157} INFO - Started process (PID=529) to work on /home/airflow/.local/lib/python3.7/site-packages/airflow/example_dags/example_short_circuit_decorator.py
[2023-08-10T17:45:56.058+0000] {processor.py:826} INFO - Processing file /home/airflow/.local/lib/python3.7/site-packages/airflow/example_dags/example_short_circuit_decorator.py for tasks to queue
[2023-08-10T17:45:56.066+0000] {logging_mixin.py:150} INFO - [2023-08-10T17:45:56.059+0000] {dagbag.py:541} INFO - Filling up the DagBag from /home/airflow/.local/lib/python3.7/site-packages/airflow/example_dags/example_short_circuit_decorator.py
[2023-08-10T17:45:56.093+0000] {processor.py:836} INFO - DAG(s) dict_keys(['example_short_circuit_decorator']) retrieved from /home/airflow/.local/lib/python3.7/site-packages/airflow/example_dags/example_short_circuit_decorator.py
[2023-08-10T17:45:56.169+0000] {logging_mixin.py:150} INFO - [2023-08-10T17:45:56.169+0000] {dag.py:2742} INFO - Sync 1 DAGs
[2023-08-10T17:45:56.244+0000] {logging_mixin.py:150} INFO - [2023-08-10T17:45:56.244+0000] {dag.py:3508} INFO - Setting next_dagrun for example_short_circuit_decorator to 2023-08-09T17:45:56.243805+00:00, run_after=2023-08-10T17:45:56.243805+00:00
[2023-08-10T17:45:56.370+0000] {processor.py:179} INFO - Processing /home/airflow/.local/lib/python3.7/site-packages/airflow/example_dags/example_short_circuit_decorator.py took 0.341 seconds
[2023-08-10T17:46:27.014+0000] {processor.py:157} INFO - Started process (PID=587) to work on /home/airflow/.local/lib/python3.7/site-packages/airflow/example_dags/example_short_circuit_decorator.py
[2023-08-10T17:46:27.037+0000] {processor.py:826} INFO - Processing file /home/airflow/.local/lib/python3.7/site-packages/airflow/example_dags/example_short_circuit_decorator.py for tasks to queue
[2023-08-10T17:46:27.039+0000] {logging_mixin.py:150} INFO - [2023-08-10T17:46:27.038+0000] {dagbag.py:541} INFO - Filling up the DagBag from /home/airflow/.local/lib/python3.7/site-packages/airflow/example_dags/example_short_circuit_decorator.py
[2023-08-10T17:46:27.069+0000] {processor.py:836} INFO - DAG(s) dict_keys(['example_short_circuit_decorator']) retrieved from /home/airflow/.local/lib/python3.7/site-packages/airflow/example_dags/example_short_circuit_decorator.py
[2023-08-10T17:46:27.152+0000] {logging_mixin.py:150} INFO - [2023-08-10T17:46:27.151+0000] {dag.py:2742} INFO - Sync 1 DAGs
[2023-08-10T17:46:27.248+0000] {logging_mixin.py:150} INFO - [2023-08-10T17:46:27.247+0000] {dag.py:3508} INFO - Setting next_dagrun for example_short_circuit_decorator to 2023-08-09T17:46:27.247384+00:00, run_after=2023-08-10T17:46:27.247384+00:00
[2023-08-10T17:46:27.325+0000] {processor.py:179} INFO - Processing /home/airflow/.local/lib/python3.7/site-packages/airflow/example_dags/example_short_circuit_decorator.py took 0.317 seconds
[2023-08-10T17:46:59.736+0000] {processor.py:157} INFO - Started process (PID=646) to work on /home/airflow/.local/lib/python3.7/site-packages/airflow/example_dags/example_short_circuit_decorator.py
[2023-08-10T17:46:59.740+0000] {processor.py:826} INFO - Processing file /home/airflow/.local/lib/python3.7/site-packages/airflow/example_dags/example_short_circuit_decorator.py for tasks to queue
[2023-08-10T17:46:59.742+0000] {logging_mixin.py:150} INFO - [2023-08-10T17:46:59.741+0000] {dagbag.py:541} INFO - Filling up the DagBag from /home/airflow/.local/lib/python3.7/site-packages/airflow/example_dags/example_short_circuit_decorator.py
[2023-08-10T17:46:59.783+0000] {processor.py:836} INFO - DAG(s) dict_keys(['example_short_circuit_decorator']) retrieved from /home/airflow/.local/lib/python3.7/site-packages/airflow/example_dags/example_short_circuit_decorator.py
[2023-08-10T17:46:59.900+0000] {logging_mixin.py:150} INFO - [2023-08-10T17:46:59.900+0000] {dag.py:2742} INFO - Sync 1 DAGs
[2023-08-10T17:47:00.038+0000] {logging_mixin.py:150} INFO - [2023-08-10T17:47:00.038+0000] {dag.py:3508} INFO - Setting next_dagrun for example_short_circuit_decorator to 2023-08-09T17:47:00.037461+00:00, run_after=2023-08-10T17:47:00.037461+00:00
[2023-08-10T17:47:00.169+0000] {processor.py:179} INFO - Processing /home/airflow/.local/lib/python3.7/site-packages/airflow/example_dags/example_short_circuit_decorator.py took 0.450 seconds
[2023-08-10T17:47:30.791+0000] {processor.py:157} INFO - Started process (PID=704) to work on /home/airflow/.local/lib/python3.7/site-packages/airflow/example_dags/example_short_circuit_decorator.py
[2023-08-10T17:47:30.792+0000] {processor.py:826} INFO - Processing file /home/airflow/.local/lib/python3.7/site-packages/airflow/example_dags/example_short_circuit_decorator.py for tasks to queue
[2023-08-10T17:47:30.794+0000] {logging_mixin.py:150} INFO - [2023-08-10T17:47:30.794+0000] {dagbag.py:541} INFO - Filling up the DagBag from /home/airflow/.local/lib/python3.7/site-packages/airflow/example_dags/example_short_circuit_decorator.py
[2023-08-10T17:47:30.815+0000] {processor.py:836} INFO - DAG(s) dict_keys(['example_short_circuit_decorator']) retrieved from /home/airflow/.local/lib/python3.7/site-packages/airflow/example_dags/example_short_circuit_decorator.py
[2023-08-10T17:47:30.873+0000] {logging_mixin.py:150} INFO - [2023-08-10T17:47:30.873+0000] {dag.py:2742} INFO - Sync 1 DAGs
[2023-08-10T17:47:30.954+0000] {logging_mixin.py:150} INFO - [2023-08-10T17:47:30.953+0000] {dag.py:3508} INFO - Setting next_dagrun for example_short_circuit_decorator to 2023-08-09T17:47:30.952891+00:00, run_after=2023-08-10T17:47:30.952891+00:00
[2023-08-10T17:47:31.016+0000] {processor.py:179} INFO - Processing /home/airflow/.local/lib/python3.7/site-packages/airflow/example_dags/example_short_circuit_decorator.py took 0.231 seconds
[2023-08-10T17:48:02.050+0000] {processor.py:157} INFO - Started process (PID=762) to work on /home/airflow/.local/lib/python3.7/site-packages/airflow/example_dags/example_short_circuit_decorator.py
[2023-08-10T17:48:02.061+0000] {processor.py:826} INFO - Processing file /home/airflow/.local/lib/python3.7/site-packages/airflow/example_dags/example_short_circuit_decorator.py for tasks to queue
[2023-08-10T17:48:02.072+0000] {logging_mixin.py:150} INFO - [2023-08-10T17:48:02.068+0000] {dagbag.py:541} INFO - Filling up the DagBag from /home/airflow/.local/lib/python3.7/site-packages/airflow/example_dags/example_short_circuit_decorator.py
[2023-08-10T17:48:02.179+0000] {processor.py:836} INFO - DAG(s) dict_keys(['example_short_circuit_decorator']) retrieved from /home/airflow/.local/lib/python3.7/site-packages/airflow/example_dags/example_short_circuit_decorator.py
[2023-08-10T17:48:02.278+0000] {logging_mixin.py:150} INFO - [2023-08-10T17:48:02.278+0000] {dag.py:2742} INFO - Sync 1 DAGs
[2023-08-10T17:48:02.350+0000] {logging_mixin.py:150} INFO - [2023-08-10T17:48:02.350+0000] {dag.py:3508} INFO - Setting next_dagrun for example_short_circuit_decorator to 2023-08-09T17:48:02.350109+00:00, run_after=2023-08-10T17:48:02.350109+00:00
[2023-08-10T17:48:02.475+0000] {processor.py:179} INFO - Processing /home/airflow/.local/lib/python3.7/site-packages/airflow/example_dags/example_short_circuit_decorator.py took 0.434 seconds
[2023-08-10T17:48:32.647+0000] {processor.py:157} INFO - Started process (PID=819) to work on /home/airflow/.local/lib/python3.7/site-packages/airflow/example_dags/example_short_circuit_decorator.py
[2023-08-10T17:48:32.652+0000] {processor.py:826} INFO - Processing file /home/airflow/.local/lib/python3.7/site-packages/airflow/example_dags/example_short_circuit_decorator.py for tasks to queue
[2023-08-10T17:48:32.655+0000] {logging_mixin.py:150} INFO - [2023-08-10T17:48:32.654+0000] {dagbag.py:541} INFO - Filling up the DagBag from /home/airflow/.local/lib/python3.7/site-packages/airflow/example_dags/example_short_circuit_decorator.py
[2023-08-10T17:48:32.695+0000] {processor.py:836} INFO - DAG(s) dict_keys(['example_short_circuit_decorator']) retrieved from /home/airflow/.local/lib/python3.7/site-packages/airflow/example_dags/example_short_circuit_decorator.py
[2023-08-10T17:48:32.801+0000] {logging_mixin.py:150} INFO - [2023-08-10T17:48:32.801+0000] {dag.py:2742} INFO - Sync 1 DAGs
[2023-08-10T17:48:32.899+0000] {logging_mixin.py:150} INFO - [2023-08-10T17:48:32.899+0000] {dag.py:3508} INFO - Setting next_dagrun for example_short_circuit_decorator to 2023-08-09T17:48:32.898757+00:00, run_after=2023-08-10T17:48:32.898757+00:00
[2023-08-10T17:48:32.971+0000] {processor.py:179} INFO - Processing /home/airflow/.local/lib/python3.7/site-packages/airflow/example_dags/example_short_circuit_decorator.py took 0.340 seconds
[2023-08-10T17:49:03.284+0000] {processor.py:157} INFO - Started process (PID=877) to work on /home/airflow/.local/lib/python3.7/site-packages/airflow/example_dags/example_short_circuit_decorator.py
[2023-08-10T17:49:03.290+0000] {processor.py:826} INFO - Processing file /home/airflow/.local/lib/python3.7/site-packages/airflow/example_dags/example_short_circuit_decorator.py for tasks to queue
[2023-08-10T17:49:03.293+0000] {logging_mixin.py:150} INFO - [2023-08-10T17:49:03.291+0000] {dagbag.py:541} INFO - Filling up the DagBag from /home/airflow/.local/lib/python3.7/site-packages/airflow/example_dags/example_short_circuit_decorator.py
[2023-08-10T17:49:03.325+0000] {processor.py:836} INFO - DAG(s) dict_keys(['example_short_circuit_decorator']) retrieved from /home/airflow/.local/lib/python3.7/site-packages/airflow/example_dags/example_short_circuit_decorator.py
[2023-08-10T17:49:03.391+0000] {logging_mixin.py:150} INFO - [2023-08-10T17:49:03.390+0000] {dag.py:2742} INFO - Sync 1 DAGs
[2023-08-10T17:49:03.464+0000] {logging_mixin.py:150} INFO - [2023-08-10T17:49:03.463+0000] {dag.py:3508} INFO - Setting next_dagrun for example_short_circuit_decorator to 2023-08-09T17:49:03.463253+00:00, run_after=2023-08-10T17:49:03.463253+00:00
[2023-08-10T17:49:03.510+0000] {processor.py:179} INFO - Processing /home/airflow/.local/lib/python3.7/site-packages/airflow/example_dags/example_short_circuit_decorator.py took 0.241 seconds
[2023-08-10T17:49:34.094+0000] {processor.py:157} INFO - Started process (PID=936) to work on /home/airflow/.local/lib/python3.7/site-packages/airflow/example_dags/example_short_circuit_decorator.py
[2023-08-10T17:49:34.096+0000] {processor.py:826} INFO - Processing file /home/airflow/.local/lib/python3.7/site-packages/airflow/example_dags/example_short_circuit_decorator.py for tasks to queue
[2023-08-10T17:49:34.098+0000] {logging_mixin.py:150} INFO - [2023-08-10T17:49:34.097+0000] {dagbag.py:541} INFO - Filling up the DagBag from /home/airflow/.local/lib/python3.7/site-packages/airflow/example_dags/example_short_circuit_decorator.py
[2023-08-10T17:49:34.115+0000] {processor.py:836} INFO - DAG(s) dict_keys(['example_short_circuit_decorator']) retrieved from /home/airflow/.local/lib/python3.7/site-packages/airflow/example_dags/example_short_circuit_decorator.py
[2023-08-10T17:49:34.162+0000] {logging_mixin.py:150} INFO - [2023-08-10T17:49:34.162+0000] {dag.py:2742} INFO - Sync 1 DAGs
[2023-08-10T17:49:34.210+0000] {logging_mixin.py:150} INFO - [2023-08-10T17:49:34.209+0000] {dag.py:3508} INFO - Setting next_dagrun for example_short_circuit_decorator to 2023-08-09T17:49:34.209423+00:00, run_after=2023-08-10T17:49:34.209423+00:00
[2023-08-10T17:49:34.256+0000] {processor.py:179} INFO - Processing /home/airflow/.local/lib/python3.7/site-packages/airflow/example_dags/example_short_circuit_decorator.py took 0.167 seconds
[2023-08-10T17:50:04.685+0000] {processor.py:157} INFO - Started process (PID=993) to work on /home/airflow/.local/lib/python3.7/site-packages/airflow/example_dags/example_short_circuit_decorator.py
[2023-08-10T17:50:04.687+0000] {processor.py:826} INFO - Processing file /home/airflow/.local/lib/python3.7/site-packages/airflow/example_dags/example_short_circuit_decorator.py for tasks to queue
[2023-08-10T17:50:04.688+0000] {logging_mixin.py:150} INFO - [2023-08-10T17:50:04.688+0000] {dagbag.py:541} INFO - Filling up the DagBag from /home/airflow/.local/lib/python3.7/site-packages/airflow/example_dags/example_short_circuit_decorator.py
[2023-08-10T17:50:04.704+0000] {processor.py:836} INFO - DAG(s) dict_keys(['example_short_circuit_decorator']) retrieved from /home/airflow/.local/lib/python3.7/site-packages/airflow/example_dags/example_short_circuit_decorator.py
[2023-08-10T17:50:04.752+0000] {logging_mixin.py:150} INFO - [2023-08-10T17:50:04.752+0000] {dag.py:2742} INFO - Sync 1 DAGs
[2023-08-10T17:50:04.803+0000] {logging_mixin.py:150} INFO - [2023-08-10T17:50:04.803+0000] {dag.py:3508} INFO - Setting next_dagrun for example_short_circuit_decorator to 2023-08-09T17:50:04.802868+00:00, run_after=2023-08-10T17:50:04.802868+00:00
[2023-08-10T17:50:04.865+0000] {processor.py:179} INFO - Processing /home/airflow/.local/lib/python3.7/site-packages/airflow/example_dags/example_short_circuit_decorator.py took 0.187 seconds
[2023-08-10T17:50:35.239+0000] {processor.py:157} INFO - Started process (PID=1052) to work on /home/airflow/.local/lib/python3.7/site-packages/airflow/example_dags/example_short_circuit_decorator.py
[2023-08-10T17:50:35.241+0000] {processor.py:826} INFO - Processing file /home/airflow/.local/lib/python3.7/site-packages/airflow/example_dags/example_short_circuit_decorator.py for tasks to queue
[2023-08-10T17:50:35.243+0000] {logging_mixin.py:150} INFO - [2023-08-10T17:50:35.243+0000] {dagbag.py:541} INFO - Filling up the DagBag from /home/airflow/.local/lib/python3.7/site-packages/airflow/example_dags/example_short_circuit_decorator.py
[2023-08-10T17:50:35.264+0000] {processor.py:836} INFO - DAG(s) dict_keys(['example_short_circuit_decorator']) retrieved from /home/airflow/.local/lib/python3.7/site-packages/airflow/example_dags/example_short_circuit_decorator.py
[2023-08-10T17:50:35.339+0000] {logging_mixin.py:150} INFO - [2023-08-10T17:50:35.339+0000] {dag.py:2742} INFO - Sync 1 DAGs
[2023-08-10T17:50:35.429+0000] {logging_mixin.py:150} INFO - [2023-08-10T17:50:35.428+0000] {dag.py:3508} INFO - Setting next_dagrun for example_short_circuit_decorator to 2023-08-09T17:50:35.428216+00:00, run_after=2023-08-10T17:50:35.428216+00:00
[2023-08-10T17:50:35.494+0000] {processor.py:179} INFO - Processing /home/airflow/.local/lib/python3.7/site-packages/airflow/example_dags/example_short_circuit_decorator.py took 0.261 seconds
[2023-08-10T17:51:06.063+0000] {processor.py:157} INFO - Started process (PID=1115) to work on /home/airflow/.local/lib/python3.7/site-packages/airflow/example_dags/example_short_circuit_decorator.py
[2023-08-10T17:51:06.100+0000] {processor.py:826} INFO - Processing file /home/airflow/.local/lib/python3.7/site-packages/airflow/example_dags/example_short_circuit_decorator.py for tasks to queue
[2023-08-10T17:51:06.101+0000] {logging_mixin.py:150} INFO - [2023-08-10T17:51:06.101+0000] {dagbag.py:541} INFO - Filling up the DagBag from /home/airflow/.local/lib/python3.7/site-packages/airflow/example_dags/example_short_circuit_decorator.py
[2023-08-10T17:51:06.151+0000] {processor.py:836} INFO - DAG(s) dict_keys(['example_short_circuit_decorator']) retrieved from /home/airflow/.local/lib/python3.7/site-packages/airflow/example_dags/example_short_circuit_decorator.py
[2023-08-10T17:51:06.219+0000] {logging_mixin.py:150} INFO - [2023-08-10T17:51:06.219+0000] {dag.py:2742} INFO - Sync 1 DAGs
[2023-08-10T17:51:06.283+0000] {logging_mixin.py:150} INFO - [2023-08-10T17:51:06.283+0000] {dag.py:3508} INFO - Setting next_dagrun for example_short_circuit_decorator to 2023-08-09T17:51:06.282736+00:00, run_after=2023-08-10T17:51:06.282736+00:00
[2023-08-10T17:51:06.547+0000] {processor.py:179} INFO - Processing /home/airflow/.local/lib/python3.7/site-packages/airflow/example_dags/example_short_circuit_decorator.py took 0.498 seconds
[2023-08-10T17:51:37.443+0000] {processor.py:157} INFO - Started process (PID=1174) to work on /home/airflow/.local/lib/python3.7/site-packages/airflow/example_dags/example_short_circuit_decorator.py
[2023-08-10T17:51:37.450+0000] {processor.py:826} INFO - Processing file /home/airflow/.local/lib/python3.7/site-packages/airflow/example_dags/example_short_circuit_decorator.py for tasks to queue
[2023-08-10T17:51:37.452+0000] {logging_mixin.py:150} INFO - [2023-08-10T17:51:37.451+0000] {dagbag.py:541} INFO - Filling up the DagBag from /home/airflow/.local/lib/python3.7/site-packages/airflow/example_dags/example_short_circuit_decorator.py
[2023-08-10T17:51:37.484+0000] {processor.py:836} INFO - DAG(s) dict_keys(['example_short_circuit_decorator']) retrieved from /home/airflow/.local/lib/python3.7/site-packages/airflow/example_dags/example_short_circuit_decorator.py
[2023-08-10T17:51:37.547+0000] {logging_mixin.py:150} INFO - [2023-08-10T17:51:37.547+0000] {dag.py:2742} INFO - Sync 1 DAGs
[2023-08-10T17:51:37.702+0000] {logging_mixin.py:150} INFO - [2023-08-10T17:51:37.701+0000] {dag.py:3508} INFO - Setting next_dagrun for example_short_circuit_decorator to 2023-08-09T17:51:37.701269+00:00, run_after=2023-08-10T17:51:37.701269+00:00
[2023-08-10T17:51:37.791+0000] {processor.py:179} INFO - Processing /home/airflow/.local/lib/python3.7/site-packages/airflow/example_dags/example_short_circuit_decorator.py took 0.366 seconds
[2023-08-10T17:52:07.981+0000] {processor.py:157} INFO - Started process (PID=1232) to work on /home/airflow/.local/lib/python3.7/site-packages/airflow/example_dags/example_short_circuit_decorator.py
[2023-08-10T17:52:07.988+0000] {processor.py:826} INFO - Processing file /home/airflow/.local/lib/python3.7/site-packages/airflow/example_dags/example_short_circuit_decorator.py for tasks to queue
[2023-08-10T17:52:07.990+0000] {logging_mixin.py:150} INFO - [2023-08-10T17:52:07.990+0000] {dagbag.py:541} INFO - Filling up the DagBag from /home/airflow/.local/lib/python3.7/site-packages/airflow/example_dags/example_short_circuit_decorator.py
[2023-08-10T17:52:08.027+0000] {processor.py:836} INFO - DAG(s) dict_keys(['example_short_circuit_decorator']) retrieved from /home/airflow/.local/lib/python3.7/site-packages/airflow/example_dags/example_short_circuit_decorator.py
[2023-08-10T17:52:08.106+0000] {logging_mixin.py:150} INFO - [2023-08-10T17:52:08.105+0000] {dag.py:2742} INFO - Sync 1 DAGs
[2023-08-10T17:52:08.182+0000] {logging_mixin.py:150} INFO - [2023-08-10T17:52:08.182+0000] {dag.py:3508} INFO - Setting next_dagrun for example_short_circuit_decorator to 2023-08-09T17:52:08.181946+00:00, run_after=2023-08-10T17:52:08.181946+00:00
[2023-08-10T17:52:08.242+0000] {processor.py:179} INFO - Processing /home/airflow/.local/lib/python3.7/site-packages/airflow/example_dags/example_short_circuit_decorator.py took 0.268 seconds
