[2023-08-10T17:41:21.304+0000] {processor.py:157} INFO - Started process (PID=44) to work on /home/airflow/.local/lib/python3.7/site-packages/airflow/example_dags/example_bash_operator.py
[2023-08-10T17:41:21.307+0000] {processor.py:826} INFO - Processing file /home/airflow/.local/lib/python3.7/site-packages/airflow/example_dags/example_bash_operator.py for tasks to queue
[2023-08-10T17:41:21.309+0000] {logging_mixin.py:150} INFO - [2023-08-10T17:41:21.308+0000] {dagbag.py:541} INFO - Filling up the DagBag from /home/airflow/.local/lib/python3.7/site-packages/airflow/example_dags/example_bash_operator.py
[2023-08-10T17:41:21.472+0000] {processor.py:836} INFO - DAG(s) dict_keys(['example_bash_operator']) retrieved from /home/airflow/.local/lib/python3.7/site-packages/airflow/example_dags/example_bash_operator.py
[2023-08-10T17:41:22.699+0000] {logging_mixin.py:150} INFO - [2023-08-10T17:41:22.698+0000] {manager.py:504} INFO - Created Permission View: can edit on DAG:example_bash_operator
[2023-08-10T17:41:22.878+0000] {logging_mixin.py:150} INFO - [2023-08-10T17:41:22.878+0000] {manager.py:504} INFO - Created Permission View: can delete on DAG:example_bash_operator
[2023-08-10T17:41:22.915+0000] {logging_mixin.py:150} INFO - [2023-08-10T17:41:22.915+0000] {manager.py:504} INFO - Created Permission View: can read on DAG:example_bash_operator
[2023-08-10T17:41:23.003+0000] {logging_mixin.py:150} INFO - [2023-08-10T17:41:23.002+0000] {dag.py:2742} INFO - Sync 1 DAGs
[2023-08-10T17:41:23.036+0000] {logging_mixin.py:150} INFO - [2023-08-10T17:41:23.036+0000] {dag.py:2763} INFO - Creating ORM DAG for example_bash_operator
[2023-08-10T17:41:23.140+0000] {logging_mixin.py:150} INFO - [2023-08-10T17:41:23.140+0000] {dag.py:3508} INFO - Setting next_dagrun for example_bash_operator to 2023-08-09T00:00:00+00:00, run_after=2023-08-10T00:00:00+00:00
[2023-08-10T17:41:23.256+0000] {processor.py:179} INFO - Processing /home/airflow/.local/lib/python3.7/site-packages/airflow/example_dags/example_bash_operator.py took 1.962 seconds
[2023-08-10T17:41:58.998+0000] {processor.py:157} INFO - Started process (PID=108) to work on /home/airflow/.local/lib/python3.7/site-packages/airflow/example_dags/example_bash_operator.py
[2023-08-10T17:41:59.002+0000] {processor.py:826} INFO - Processing file /home/airflow/.local/lib/python3.7/site-packages/airflow/example_dags/example_bash_operator.py for tasks to queue
[2023-08-10T17:41:59.004+0000] {logging_mixin.py:150} INFO - [2023-08-10T17:41:59.003+0000] {dagbag.py:541} INFO - Filling up the DagBag from /home/airflow/.local/lib/python3.7/site-packages/airflow/example_dags/example_bash_operator.py
[2023-08-10T17:41:59.037+0000] {processor.py:836} INFO - DAG(s) dict_keys(['example_bash_operator']) retrieved from /home/airflow/.local/lib/python3.7/site-packages/airflow/example_dags/example_bash_operator.py
[2023-08-10T17:41:59.224+0000] {logging_mixin.py:150} INFO - [2023-08-10T17:41:59.224+0000] {dag.py:2742} INFO - Sync 1 DAGs
[2023-08-10T17:41:59.380+0000] {logging_mixin.py:150} INFO - [2023-08-10T17:41:59.379+0000] {dag.py:3508} INFO - Setting next_dagrun for example_bash_operator to 2023-08-09T00:00:00+00:00, run_after=2023-08-10T00:00:00+00:00
[2023-08-10T17:41:59.481+0000] {processor.py:179} INFO - Processing /home/airflow/.local/lib/python3.7/site-packages/airflow/example_dags/example_bash_operator.py took 0.488 seconds
[2023-08-10T17:42:32.859+0000] {processor.py:157} INFO - Started process (PID=161) to work on /home/airflow/.local/lib/python3.7/site-packages/airflow/example_dags/example_bash_operator.py
[2023-08-10T17:42:32.863+0000] {processor.py:826} INFO - Processing file /home/airflow/.local/lib/python3.7/site-packages/airflow/example_dags/example_bash_operator.py for tasks to queue
[2023-08-10T17:42:32.866+0000] {logging_mixin.py:150} INFO - [2023-08-10T17:42:32.865+0000] {dagbag.py:541} INFO - Filling up the DagBag from /home/airflow/.local/lib/python3.7/site-packages/airflow/example_dags/example_bash_operator.py
[2023-08-10T17:42:32.946+0000] {processor.py:836} INFO - DAG(s) dict_keys(['example_bash_operator']) retrieved from /home/airflow/.local/lib/python3.7/site-packages/airflow/example_dags/example_bash_operator.py
[2023-08-10T17:42:33.160+0000] {logging_mixin.py:150} INFO - [2023-08-10T17:42:33.160+0000] {dag.py:2742} INFO - Sync 1 DAGs
[2023-08-10T17:42:33.240+0000] {logging_mixin.py:150} INFO - [2023-08-10T17:42:33.240+0000] {dag.py:3508} INFO - Setting next_dagrun for example_bash_operator to 2023-08-09T00:00:00+00:00, run_after=2023-08-10T00:00:00+00:00
[2023-08-10T17:42:33.355+0000] {processor.py:179} INFO - Processing /home/airflow/.local/lib/python3.7/site-packages/airflow/example_dags/example_bash_operator.py took 0.505 seconds
[2023-08-10T17:43:05.173+0000] {processor.py:157} INFO - Started process (PID=219) to work on /home/airflow/.local/lib/python3.7/site-packages/airflow/example_dags/example_bash_operator.py
[2023-08-10T17:43:05.181+0000] {processor.py:826} INFO - Processing file /home/airflow/.local/lib/python3.7/site-packages/airflow/example_dags/example_bash_operator.py for tasks to queue
[2023-08-10T17:43:05.183+0000] {logging_mixin.py:150} INFO - [2023-08-10T17:43:05.183+0000] {dagbag.py:541} INFO - Filling up the DagBag from /home/airflow/.local/lib/python3.7/site-packages/airflow/example_dags/example_bash_operator.py
[2023-08-10T17:43:05.240+0000] {processor.py:836} INFO - DAG(s) dict_keys(['example_bash_operator']) retrieved from /home/airflow/.local/lib/python3.7/site-packages/airflow/example_dags/example_bash_operator.py
[2023-08-10T17:43:05.333+0000] {logging_mixin.py:150} INFO - [2023-08-10T17:43:05.333+0000] {dag.py:2742} INFO - Sync 1 DAGs
[2023-08-10T17:43:05.449+0000] {logging_mixin.py:150} INFO - [2023-08-10T17:43:05.449+0000] {dag.py:3508} INFO - Setting next_dagrun for example_bash_operator to 2023-08-09T00:00:00+00:00, run_after=2023-08-10T00:00:00+00:00
[2023-08-10T17:43:05.605+0000] {processor.py:179} INFO - Processing /home/airflow/.local/lib/python3.7/site-packages/airflow/example_dags/example_bash_operator.py took 0.437 seconds
[2023-08-10T17:43:36.285+0000] {processor.py:157} INFO - Started process (PID=276) to work on /home/airflow/.local/lib/python3.7/site-packages/airflow/example_dags/example_bash_operator.py
[2023-08-10T17:43:36.289+0000] {processor.py:826} INFO - Processing file /home/airflow/.local/lib/python3.7/site-packages/airflow/example_dags/example_bash_operator.py for tasks to queue
[2023-08-10T17:43:36.291+0000] {logging_mixin.py:150} INFO - [2023-08-10T17:43:36.291+0000] {dagbag.py:541} INFO - Filling up the DagBag from /home/airflow/.local/lib/python3.7/site-packages/airflow/example_dags/example_bash_operator.py
[2023-08-10T17:43:36.340+0000] {processor.py:836} INFO - DAG(s) dict_keys(['example_bash_operator']) retrieved from /home/airflow/.local/lib/python3.7/site-packages/airflow/example_dags/example_bash_operator.py
[2023-08-10T17:43:36.470+0000] {logging_mixin.py:150} INFO - [2023-08-10T17:43:36.470+0000] {dag.py:2742} INFO - Sync 1 DAGs
[2023-08-10T17:43:36.543+0000] {logging_mixin.py:150} INFO - [2023-08-10T17:43:36.542+0000] {dag.py:3508} INFO - Setting next_dagrun for example_bash_operator to 2023-08-09T00:00:00+00:00, run_after=2023-08-10T00:00:00+00:00
[2023-08-10T17:43:36.585+0000] {processor.py:179} INFO - Processing /home/airflow/.local/lib/python3.7/site-packages/airflow/example_dags/example_bash_operator.py took 0.313 seconds
[2023-08-10T17:44:07.102+0000] {processor.py:157} INFO - Started process (PID=334) to work on /home/airflow/.local/lib/python3.7/site-packages/airflow/example_dags/example_bash_operator.py
[2023-08-10T17:44:07.108+0000] {processor.py:826} INFO - Processing file /home/airflow/.local/lib/python3.7/site-packages/airflow/example_dags/example_bash_operator.py for tasks to queue
[2023-08-10T17:44:07.110+0000] {logging_mixin.py:150} INFO - [2023-08-10T17:44:07.109+0000] {dagbag.py:541} INFO - Filling up the DagBag from /home/airflow/.local/lib/python3.7/site-packages/airflow/example_dags/example_bash_operator.py
[2023-08-10T17:44:07.147+0000] {processor.py:836} INFO - DAG(s) dict_keys(['example_bash_operator']) retrieved from /home/airflow/.local/lib/python3.7/site-packages/airflow/example_dags/example_bash_operator.py
[2023-08-10T17:44:07.271+0000] {logging_mixin.py:150} INFO - [2023-08-10T17:44:07.270+0000] {dag.py:2742} INFO - Sync 1 DAGs
[2023-08-10T17:44:07.339+0000] {logging_mixin.py:150} INFO - [2023-08-10T17:44:07.339+0000] {dag.py:3508} INFO - Setting next_dagrun for example_bash_operator to 2023-08-09T00:00:00+00:00, run_after=2023-08-10T00:00:00+00:00
[2023-08-10T17:44:07.387+0000] {processor.py:179} INFO - Processing /home/airflow/.local/lib/python3.7/site-packages/airflow/example_dags/example_bash_operator.py took 0.292 seconds
[2023-08-10T17:44:37.635+0000] {processor.py:157} INFO - Started process (PID=392) to work on /home/airflow/.local/lib/python3.7/site-packages/airflow/example_dags/example_bash_operator.py
[2023-08-10T17:44:37.636+0000] {processor.py:826} INFO - Processing file /home/airflow/.local/lib/python3.7/site-packages/airflow/example_dags/example_bash_operator.py for tasks to queue
[2023-08-10T17:44:37.637+0000] {logging_mixin.py:150} INFO - [2023-08-10T17:44:37.637+0000] {dagbag.py:541} INFO - Filling up the DagBag from /home/airflow/.local/lib/python3.7/site-packages/airflow/example_dags/example_bash_operator.py
[2023-08-10T17:44:37.658+0000] {processor.py:836} INFO - DAG(s) dict_keys(['example_bash_operator']) retrieved from /home/airflow/.local/lib/python3.7/site-packages/airflow/example_dags/example_bash_operator.py
[2023-08-10T17:44:37.726+0000] {logging_mixin.py:150} INFO - [2023-08-10T17:44:37.726+0000] {dag.py:2742} INFO - Sync 1 DAGs
[2023-08-10T17:44:37.778+0000] {logging_mixin.py:150} INFO - [2023-08-10T17:44:37.778+0000] {dag.py:3508} INFO - Setting next_dagrun for example_bash_operator to 2023-08-09T00:00:00+00:00, run_after=2023-08-10T00:00:00+00:00
[2023-08-10T17:44:37.820+0000] {processor.py:179} INFO - Processing /home/airflow/.local/lib/python3.7/site-packages/airflow/example_dags/example_bash_operator.py took 0.189 seconds
[2023-08-10T17:45:08.276+0000] {processor.py:157} INFO - Started process (PID=450) to work on /home/airflow/.local/lib/python3.7/site-packages/airflow/example_dags/example_bash_operator.py
[2023-08-10T17:45:08.291+0000] {processor.py:826} INFO - Processing file /home/airflow/.local/lib/python3.7/site-packages/airflow/example_dags/example_bash_operator.py for tasks to queue
[2023-08-10T17:45:08.292+0000] {logging_mixin.py:150} INFO - [2023-08-10T17:45:08.292+0000] {dagbag.py:541} INFO - Filling up the DagBag from /home/airflow/.local/lib/python3.7/site-packages/airflow/example_dags/example_bash_operator.py
[2023-08-10T17:45:08.324+0000] {processor.py:836} INFO - DAG(s) dict_keys(['example_bash_operator']) retrieved from /home/airflow/.local/lib/python3.7/site-packages/airflow/example_dags/example_bash_operator.py
[2023-08-10T17:45:08.403+0000] {logging_mixin.py:150} INFO - [2023-08-10T17:45:08.402+0000] {dag.py:2742} INFO - Sync 1 DAGs
[2023-08-10T17:45:08.458+0000] {logging_mixin.py:150} INFO - [2023-08-10T17:45:08.457+0000] {dag.py:3508} INFO - Setting next_dagrun for example_bash_operator to 2023-08-09T00:00:00+00:00, run_after=2023-08-10T00:00:00+00:00
[2023-08-10T17:45:08.498+0000] {processor.py:179} INFO - Processing /home/airflow/.local/lib/python3.7/site-packages/airflow/example_dags/example_bash_operator.py took 0.228 seconds
[2023-08-10T17:45:38.624+0000] {processor.py:157} INFO - Started process (PID=508) to work on /home/airflow/.local/lib/python3.7/site-packages/airflow/example_dags/example_bash_operator.py
[2023-08-10T17:45:38.643+0000] {processor.py:826} INFO - Processing file /home/airflow/.local/lib/python3.7/site-packages/airflow/example_dags/example_bash_operator.py for tasks to queue
[2023-08-10T17:45:38.644+0000] {logging_mixin.py:150} INFO - [2023-08-10T17:45:38.644+0000] {dagbag.py:541} INFO - Filling up the DagBag from /home/airflow/.local/lib/python3.7/site-packages/airflow/example_dags/example_bash_operator.py
[2023-08-10T17:45:38.667+0000] {processor.py:836} INFO - DAG(s) dict_keys(['example_bash_operator']) retrieved from /home/airflow/.local/lib/python3.7/site-packages/airflow/example_dags/example_bash_operator.py
[2023-08-10T17:45:38.745+0000] {logging_mixin.py:150} INFO - [2023-08-10T17:45:38.744+0000] {dag.py:2742} INFO - Sync 1 DAGs
[2023-08-10T17:45:38.801+0000] {logging_mixin.py:150} INFO - [2023-08-10T17:45:38.800+0000] {dag.py:3508} INFO - Setting next_dagrun for example_bash_operator to 2023-08-09T00:00:00+00:00, run_after=2023-08-10T00:00:00+00:00
[2023-08-10T17:45:38.837+0000] {processor.py:179} INFO - Processing /home/airflow/.local/lib/python3.7/site-packages/airflow/example_dags/example_bash_operator.py took 0.217 seconds
[2023-08-10T17:46:09.210+0000] {processor.py:157} INFO - Started process (PID=566) to work on /home/airflow/.local/lib/python3.7/site-packages/airflow/example_dags/example_bash_operator.py
[2023-08-10T17:46:09.214+0000] {processor.py:826} INFO - Processing file /home/airflow/.local/lib/python3.7/site-packages/airflow/example_dags/example_bash_operator.py for tasks to queue
[2023-08-10T17:46:09.215+0000] {logging_mixin.py:150} INFO - [2023-08-10T17:46:09.215+0000] {dagbag.py:541} INFO - Filling up the DagBag from /home/airflow/.local/lib/python3.7/site-packages/airflow/example_dags/example_bash_operator.py
[2023-08-10T17:46:09.254+0000] {processor.py:836} INFO - DAG(s) dict_keys(['example_bash_operator']) retrieved from /home/airflow/.local/lib/python3.7/site-packages/airflow/example_dags/example_bash_operator.py
[2023-08-10T17:46:09.370+0000] {logging_mixin.py:150} INFO - [2023-08-10T17:46:09.369+0000] {dag.py:2742} INFO - Sync 1 DAGs
[2023-08-10T17:46:09.447+0000] {logging_mixin.py:150} INFO - [2023-08-10T17:46:09.446+0000] {dag.py:3508} INFO - Setting next_dagrun for example_bash_operator to 2023-08-09T00:00:00+00:00, run_after=2023-08-10T00:00:00+00:00
[2023-08-10T17:46:09.540+0000] {processor.py:179} INFO - Processing /home/airflow/.local/lib/python3.7/site-packages/airflow/example_dags/example_bash_operator.py took 0.339 seconds
[2023-08-10T17:46:40.106+0000] {processor.py:157} INFO - Started process (PID=625) to work on /home/airflow/.local/lib/python3.7/site-packages/airflow/example_dags/example_bash_operator.py
[2023-08-10T17:46:40.107+0000] {processor.py:826} INFO - Processing file /home/airflow/.local/lib/python3.7/site-packages/airflow/example_dags/example_bash_operator.py for tasks to queue
[2023-08-10T17:46:40.109+0000] {logging_mixin.py:150} INFO - [2023-08-10T17:46:40.108+0000] {dagbag.py:541} INFO - Filling up the DagBag from /home/airflow/.local/lib/python3.7/site-packages/airflow/example_dags/example_bash_operator.py
[2023-08-10T17:46:40.180+0000] {processor.py:836} INFO - DAG(s) dict_keys(['example_bash_operator']) retrieved from /home/airflow/.local/lib/python3.7/site-packages/airflow/example_dags/example_bash_operator.py
[2023-08-10T17:46:40.399+0000] {logging_mixin.py:150} INFO - [2023-08-10T17:46:40.398+0000] {dag.py:2742} INFO - Sync 1 DAGs
[2023-08-10T17:46:40.514+0000] {logging_mixin.py:150} INFO - [2023-08-10T17:46:40.513+0000] {dag.py:3508} INFO - Setting next_dagrun for example_bash_operator to 2023-08-09T00:00:00+00:00, run_after=2023-08-10T00:00:00+00:00
[2023-08-10T17:46:40.663+0000] {processor.py:179} INFO - Processing /home/airflow/.local/lib/python3.7/site-packages/airflow/example_dags/example_bash_operator.py took 0.574 seconds
[2023-08-10T17:47:11.271+0000] {processor.py:157} INFO - Started process (PID=683) to work on /home/airflow/.local/lib/python3.7/site-packages/airflow/example_dags/example_bash_operator.py
[2023-08-10T17:47:11.273+0000] {processor.py:826} INFO - Processing file /home/airflow/.local/lib/python3.7/site-packages/airflow/example_dags/example_bash_operator.py for tasks to queue
[2023-08-10T17:47:11.275+0000] {logging_mixin.py:150} INFO - [2023-08-10T17:47:11.274+0000] {dagbag.py:541} INFO - Filling up the DagBag from /home/airflow/.local/lib/python3.7/site-packages/airflow/example_dags/example_bash_operator.py
[2023-08-10T17:47:11.317+0000] {processor.py:836} INFO - DAG(s) dict_keys(['example_bash_operator']) retrieved from /home/airflow/.local/lib/python3.7/site-packages/airflow/example_dags/example_bash_operator.py
[2023-08-10T17:47:11.493+0000] {logging_mixin.py:150} INFO - [2023-08-10T17:47:11.492+0000] {dag.py:2742} INFO - Sync 1 DAGs
[2023-08-10T17:47:11.604+0000] {logging_mixin.py:150} INFO - [2023-08-10T17:47:11.603+0000] {dag.py:3508} INFO - Setting next_dagrun for example_bash_operator to 2023-08-09T00:00:00+00:00, run_after=2023-08-10T00:00:00+00:00
[2023-08-10T17:47:11.675+0000] {processor.py:179} INFO - Processing /home/airflow/.local/lib/python3.7/site-packages/airflow/example_dags/example_bash_operator.py took 0.416 seconds
[2023-08-10T17:47:42.169+0000] {processor.py:157} INFO - Started process (PID=741) to work on /home/airflow/.local/lib/python3.7/site-packages/airflow/example_dags/example_bash_operator.py
[2023-08-10T17:47:42.186+0000] {processor.py:826} INFO - Processing file /home/airflow/.local/lib/python3.7/site-packages/airflow/example_dags/example_bash_operator.py for tasks to queue
[2023-08-10T17:47:42.187+0000] {logging_mixin.py:150} INFO - [2023-08-10T17:47:42.187+0000] {dagbag.py:541} INFO - Filling up the DagBag from /home/airflow/.local/lib/python3.7/site-packages/airflow/example_dags/example_bash_operator.py
[2023-08-10T17:47:42.353+0000] {processor.py:836} INFO - DAG(s) dict_keys(['example_bash_operator']) retrieved from /home/airflow/.local/lib/python3.7/site-packages/airflow/example_dags/example_bash_operator.py
[2023-08-10T17:47:42.652+0000] {logging_mixin.py:150} INFO - [2023-08-10T17:47:42.652+0000] {dag.py:2742} INFO - Sync 1 DAGs
[2023-08-10T17:47:42.724+0000] {logging_mixin.py:150} INFO - [2023-08-10T17:47:42.724+0000] {dag.py:3508} INFO - Setting next_dagrun for example_bash_operator to 2023-08-09T00:00:00+00:00, run_after=2023-08-10T00:00:00+00:00
[2023-08-10T17:47:42.893+0000] {processor.py:179} INFO - Processing /home/airflow/.local/lib/python3.7/site-packages/airflow/example_dags/example_bash_operator.py took 0.731 seconds
[2023-08-10T17:48:12.985+0000] {processor.py:157} INFO - Started process (PID=799) to work on /home/airflow/.local/lib/python3.7/site-packages/airflow/example_dags/example_bash_operator.py
[2023-08-10T17:48:12.988+0000] {processor.py:826} INFO - Processing file /home/airflow/.local/lib/python3.7/site-packages/airflow/example_dags/example_bash_operator.py for tasks to queue
[2023-08-10T17:48:12.995+0000] {logging_mixin.py:150} INFO - [2023-08-10T17:48:12.989+0000] {dagbag.py:541} INFO - Filling up the DagBag from /home/airflow/.local/lib/python3.7/site-packages/airflow/example_dags/example_bash_operator.py
[2023-08-10T17:48:13.043+0000] {processor.py:836} INFO - DAG(s) dict_keys(['example_bash_operator']) retrieved from /home/airflow/.local/lib/python3.7/site-packages/airflow/example_dags/example_bash_operator.py
[2023-08-10T17:48:13.179+0000] {logging_mixin.py:150} INFO - [2023-08-10T17:48:13.178+0000] {dag.py:2742} INFO - Sync 1 DAGs
[2023-08-10T17:48:13.274+0000] {logging_mixin.py:150} INFO - [2023-08-10T17:48:13.274+0000] {dag.py:3508} INFO - Setting next_dagrun for example_bash_operator to 2023-08-09T00:00:00+00:00, run_after=2023-08-10T00:00:00+00:00
[2023-08-10T17:48:13.341+0000] {processor.py:179} INFO - Processing /home/airflow/.local/lib/python3.7/site-packages/airflow/example_dags/example_bash_operator.py took 0.364 seconds
[2023-08-10T17:48:43.423+0000] {processor.py:157} INFO - Started process (PID=852) to work on /home/airflow/.local/lib/python3.7/site-packages/airflow/example_dags/example_bash_operator.py
[2023-08-10T17:48:43.424+0000] {processor.py:826} INFO - Processing file /home/airflow/.local/lib/python3.7/site-packages/airflow/example_dags/example_bash_operator.py for tasks to queue
[2023-08-10T17:48:43.425+0000] {logging_mixin.py:150} INFO - [2023-08-10T17:48:43.425+0000] {dagbag.py:541} INFO - Filling up the DagBag from /home/airflow/.local/lib/python3.7/site-packages/airflow/example_dags/example_bash_operator.py
[2023-08-10T17:48:43.459+0000] {processor.py:836} INFO - DAG(s) dict_keys(['example_bash_operator']) retrieved from /home/airflow/.local/lib/python3.7/site-packages/airflow/example_dags/example_bash_operator.py
[2023-08-10T17:48:43.559+0000] {logging_mixin.py:150} INFO - [2023-08-10T17:48:43.559+0000] {dag.py:2742} INFO - Sync 1 DAGs
[2023-08-10T17:48:43.677+0000] {logging_mixin.py:150} INFO - [2023-08-10T17:48:43.676+0000] {dag.py:3508} INFO - Setting next_dagrun for example_bash_operator to 2023-08-09T00:00:00+00:00, run_after=2023-08-10T00:00:00+00:00
[2023-08-10T17:48:43.733+0000] {processor.py:179} INFO - Processing /home/airflow/.local/lib/python3.7/site-packages/airflow/example_dags/example_bash_operator.py took 0.316 seconds
[2023-08-10T17:49:14.213+0000] {processor.py:157} INFO - Started process (PID=909) to work on /home/airflow/.local/lib/python3.7/site-packages/airflow/example_dags/example_bash_operator.py
[2023-08-10T17:49:14.215+0000] {processor.py:826} INFO - Processing file /home/airflow/.local/lib/python3.7/site-packages/airflow/example_dags/example_bash_operator.py for tasks to queue
[2023-08-10T17:49:14.216+0000] {logging_mixin.py:150} INFO - [2023-08-10T17:49:14.216+0000] {dagbag.py:541} INFO - Filling up the DagBag from /home/airflow/.local/lib/python3.7/site-packages/airflow/example_dags/example_bash_operator.py
[2023-08-10T17:49:14.241+0000] {processor.py:836} INFO - DAG(s) dict_keys(['example_bash_operator']) retrieved from /home/airflow/.local/lib/python3.7/site-packages/airflow/example_dags/example_bash_operator.py
[2023-08-10T17:49:14.310+0000] {logging_mixin.py:150} INFO - [2023-08-10T17:49:14.309+0000] {dag.py:2742} INFO - Sync 1 DAGs
[2023-08-10T17:49:14.360+0000] {logging_mixin.py:150} INFO - [2023-08-10T17:49:14.360+0000] {dag.py:3508} INFO - Setting next_dagrun for example_bash_operator to 2023-08-09T00:00:00+00:00, run_after=2023-08-10T00:00:00+00:00
[2023-08-10T17:49:14.395+0000] {processor.py:179} INFO - Processing /home/airflow/.local/lib/python3.7/site-packages/airflow/example_dags/example_bash_operator.py took 0.187 seconds
[2023-08-10T17:49:44.452+0000] {processor.py:157} INFO - Started process (PID=967) to work on /home/airflow/.local/lib/python3.7/site-packages/airflow/example_dags/example_bash_operator.py
[2023-08-10T17:49:44.454+0000] {processor.py:826} INFO - Processing file /home/airflow/.local/lib/python3.7/site-packages/airflow/example_dags/example_bash_operator.py for tasks to queue
[2023-08-10T17:49:44.455+0000] {logging_mixin.py:150} INFO - [2023-08-10T17:49:44.455+0000] {dagbag.py:541} INFO - Filling up the DagBag from /home/airflow/.local/lib/python3.7/site-packages/airflow/example_dags/example_bash_operator.py
[2023-08-10T17:49:44.485+0000] {processor.py:836} INFO - DAG(s) dict_keys(['example_bash_operator']) retrieved from /home/airflow/.local/lib/python3.7/site-packages/airflow/example_dags/example_bash_operator.py
[2023-08-10T17:49:44.554+0000] {logging_mixin.py:150} INFO - [2023-08-10T17:49:44.554+0000] {dag.py:2742} INFO - Sync 1 DAGs
[2023-08-10T17:49:44.602+0000] {logging_mixin.py:150} INFO - [2023-08-10T17:49:44.602+0000] {dag.py:3508} INFO - Setting next_dagrun for example_bash_operator to 2023-08-09T00:00:00+00:00, run_after=2023-08-10T00:00:00+00:00
[2023-08-10T17:49:44.638+0000] {processor.py:179} INFO - Processing /home/airflow/.local/lib/python3.7/site-packages/airflow/example_dags/example_bash_operator.py took 0.192 seconds
[2023-08-10T17:50:14.827+0000] {processor.py:157} INFO - Started process (PID=1025) to work on /home/airflow/.local/lib/python3.7/site-packages/airflow/example_dags/example_bash_operator.py
[2023-08-10T17:50:14.834+0000] {processor.py:826} INFO - Processing file /home/airflow/.local/lib/python3.7/site-packages/airflow/example_dags/example_bash_operator.py for tasks to queue
[2023-08-10T17:50:14.837+0000] {logging_mixin.py:150} INFO - [2023-08-10T17:50:14.836+0000] {dagbag.py:541} INFO - Filling up the DagBag from /home/airflow/.local/lib/python3.7/site-packages/airflow/example_dags/example_bash_operator.py
[2023-08-10T17:50:14.875+0000] {processor.py:836} INFO - DAG(s) dict_keys(['example_bash_operator']) retrieved from /home/airflow/.local/lib/python3.7/site-packages/airflow/example_dags/example_bash_operator.py
[2023-08-10T17:50:14.986+0000] {logging_mixin.py:150} INFO - [2023-08-10T17:50:14.985+0000] {dag.py:2742} INFO - Sync 1 DAGs
[2023-08-10T17:50:15.105+0000] {logging_mixin.py:150} INFO - [2023-08-10T17:50:15.105+0000] {dag.py:3508} INFO - Setting next_dagrun for example_bash_operator to 2023-08-09T00:00:00+00:00, run_after=2023-08-10T00:00:00+00:00
[2023-08-10T17:50:15.207+0000] {processor.py:179} INFO - Processing /home/airflow/.local/lib/python3.7/site-packages/airflow/example_dags/example_bash_operator.py took 0.395 seconds
[2023-08-10T17:50:45.878+0000] {processor.py:157} INFO - Started process (PID=1082) to work on /home/airflow/.local/lib/python3.7/site-packages/airflow/example_dags/example_bash_operator.py
[2023-08-10T17:50:45.884+0000] {processor.py:826} INFO - Processing file /home/airflow/.local/lib/python3.7/site-packages/airflow/example_dags/example_bash_operator.py for tasks to queue
[2023-08-10T17:50:45.887+0000] {logging_mixin.py:150} INFO - [2023-08-10T17:50:45.887+0000] {dagbag.py:541} INFO - Filling up the DagBag from /home/airflow/.local/lib/python3.7/site-packages/airflow/example_dags/example_bash_operator.py
[2023-08-10T17:50:45.924+0000] {processor.py:836} INFO - DAG(s) dict_keys(['example_bash_operator']) retrieved from /home/airflow/.local/lib/python3.7/site-packages/airflow/example_dags/example_bash_operator.py
[2023-08-10T17:50:46.052+0000] {logging_mixin.py:150} INFO - [2023-08-10T17:50:46.051+0000] {dag.py:2742} INFO - Sync 1 DAGs
[2023-08-10T17:50:46.123+0000] {logging_mixin.py:150} INFO - [2023-08-10T17:50:46.122+0000] {dag.py:3508} INFO - Setting next_dagrun for example_bash_operator to 2023-08-09T00:00:00+00:00, run_after=2023-08-10T00:00:00+00:00
[2023-08-10T17:50:46.180+0000] {processor.py:179} INFO - Processing /home/airflow/.local/lib/python3.7/site-packages/airflow/example_dags/example_bash_operator.py took 0.309 seconds
[2023-08-10T17:51:16.319+0000] {processor.py:157} INFO - Started process (PID=1139) to work on /home/airflow/.local/lib/python3.7/site-packages/airflow/example_dags/example_bash_operator.py
[2023-08-10T17:51:16.338+0000] {processor.py:826} INFO - Processing file /home/airflow/.local/lib/python3.7/site-packages/airflow/example_dags/example_bash_operator.py for tasks to queue
[2023-08-10T17:51:16.339+0000] {logging_mixin.py:150} INFO - [2023-08-10T17:51:16.339+0000] {dagbag.py:541} INFO - Filling up the DagBag from /home/airflow/.local/lib/python3.7/site-packages/airflow/example_dags/example_bash_operator.py
[2023-08-10T17:51:16.363+0000] {processor.py:836} INFO - DAG(s) dict_keys(['example_bash_operator']) retrieved from /home/airflow/.local/lib/python3.7/site-packages/airflow/example_dags/example_bash_operator.py
[2023-08-10T17:51:16.452+0000] {logging_mixin.py:150} INFO - [2023-08-10T17:51:16.452+0000] {dag.py:2742} INFO - Sync 1 DAGs
[2023-08-10T17:51:16.512+0000] {logging_mixin.py:150} INFO - [2023-08-10T17:51:16.512+0000] {dag.py:3508} INFO - Setting next_dagrun for example_bash_operator to 2023-08-09T00:00:00+00:00, run_after=2023-08-10T00:00:00+00:00
[2023-08-10T17:51:16.549+0000] {processor.py:179} INFO - Processing /home/airflow/.local/lib/python3.7/site-packages/airflow/example_dags/example_bash_operator.py took 0.234 seconds
[2023-08-10T17:51:47.042+0000] {processor.py:157} INFO - Started process (PID=1199) to work on /home/airflow/.local/lib/python3.7/site-packages/airflow/example_dags/example_bash_operator.py
[2023-08-10T17:51:47.044+0000] {processor.py:826} INFO - Processing file /home/airflow/.local/lib/python3.7/site-packages/airflow/example_dags/example_bash_operator.py for tasks to queue
[2023-08-10T17:51:47.045+0000] {logging_mixin.py:150} INFO - [2023-08-10T17:51:47.045+0000] {dagbag.py:541} INFO - Filling up the DagBag from /home/airflow/.local/lib/python3.7/site-packages/airflow/example_dags/example_bash_operator.py
[2023-08-10T17:51:47.066+0000] {processor.py:836} INFO - DAG(s) dict_keys(['example_bash_operator']) retrieved from /home/airflow/.local/lib/python3.7/site-packages/airflow/example_dags/example_bash_operator.py
[2023-08-10T17:51:47.172+0000] {logging_mixin.py:150} INFO - [2023-08-10T17:51:47.171+0000] {dag.py:2742} INFO - Sync 1 DAGs
[2023-08-10T17:51:47.218+0000] {logging_mixin.py:150} INFO - [2023-08-10T17:51:47.217+0000] {dag.py:3508} INFO - Setting next_dagrun for example_bash_operator to 2023-08-09T00:00:00+00:00, run_after=2023-08-10T00:00:00+00:00
[2023-08-10T17:51:47.254+0000] {processor.py:179} INFO - Processing /home/airflow/.local/lib/python3.7/site-packages/airflow/example_dags/example_bash_operator.py took 0.216 seconds
[2023-08-10T17:52:17.515+0000] {processor.py:157} INFO - Started process (PID=1257) to work on /home/airflow/.local/lib/python3.7/site-packages/airflow/example_dags/example_bash_operator.py
[2023-08-10T17:52:17.520+0000] {processor.py:826} INFO - Processing file /home/airflow/.local/lib/python3.7/site-packages/airflow/example_dags/example_bash_operator.py for tasks to queue
[2023-08-10T17:52:17.522+0000] {logging_mixin.py:150} INFO - [2023-08-10T17:52:17.521+0000] {dagbag.py:541} INFO - Filling up the DagBag from /home/airflow/.local/lib/python3.7/site-packages/airflow/example_dags/example_bash_operator.py
[2023-08-10T17:52:17.567+0000] {processor.py:836} INFO - DAG(s) dict_keys(['example_bash_operator']) retrieved from /home/airflow/.local/lib/python3.7/site-packages/airflow/example_dags/example_bash_operator.py
[2023-08-10T17:52:17.706+0000] {logging_mixin.py:150} INFO - [2023-08-10T17:52:17.705+0000] {dag.py:2742} INFO - Sync 1 DAGs
[2023-08-10T17:52:17.800+0000] {logging_mixin.py:150} INFO - [2023-08-10T17:52:17.799+0000] {dag.py:3508} INFO - Setting next_dagrun for example_bash_operator to 2023-08-09T00:00:00+00:00, run_after=2023-08-10T00:00:00+00:00
[2023-08-10T17:52:17.988+0000] {processor.py:179} INFO - Processing /home/airflow/.local/lib/python3.7/site-packages/airflow/example_dags/example_bash_operator.py took 0.478 seconds
