[2023-08-10T17:41:20.385+0000] {processor.py:157} INFO - Started process (PID=43) to work on /home/airflow/.local/lib/python3.7/site-packages/airflow/example_dags/example_complex.py
[2023-08-10T17:41:20.389+0000] {processor.py:826} INFO - Processing file /home/airflow/.local/lib/python3.7/site-packages/airflow/example_dags/example_complex.py for tasks to queue
[2023-08-10T17:41:20.392+0000] {logging_mixin.py:150} INFO - [2023-08-10T17:41:20.392+0000] {dagbag.py:541} INFO - Filling up the DagBag from /home/airflow/.local/lib/python3.7/site-packages/airflow/example_dags/example_complex.py
[2023-08-10T17:41:20.434+0000] {processor.py:836} INFO - DAG(s) dict_keys(['example_complex']) retrieved from /home/airflow/.local/lib/python3.7/site-packages/airflow/example_dags/example_complex.py
[2023-08-10T17:41:21.127+0000] {logging_mixin.py:150} INFO - [2023-08-10T17:41:21.127+0000] {manager.py:504} INFO - Created Permission View: can edit on DAG:example_complex
[2023-08-10T17:41:21.190+0000] {logging_mixin.py:150} INFO - [2023-08-10T17:41:21.190+0000] {manager.py:504} INFO - Created Permission View: can delete on DAG:example_complex
[2023-08-10T17:41:21.250+0000] {logging_mixin.py:150} INFO - [2023-08-10T17:41:21.250+0000] {manager.py:504} INFO - Created Permission View: can read on DAG:example_complex
[2023-08-10T17:41:21.464+0000] {logging_mixin.py:150} INFO - [2023-08-10T17:41:21.464+0000] {dag.py:2742} INFO - Sync 1 DAGs
[2023-08-10T17:41:21.617+0000] {logging_mixin.py:150} INFO - [2023-08-10T17:41:21.617+0000] {dag.py:2763} INFO - Creating ORM DAG for example_complex
[2023-08-10T17:41:21.737+0000] {logging_mixin.py:150} INFO - [2023-08-10T17:41:21.737+0000] {dag.py:3508} INFO - Setting next_dagrun for example_complex to None, run_after=None
[2023-08-10T17:41:21.920+0000] {processor.py:179} INFO - Processing /home/airflow/.local/lib/python3.7/site-packages/airflow/example_dags/example_complex.py took 1.541 seconds
[2023-08-10T17:41:58.713+0000] {processor.py:157} INFO - Started process (PID=107) to work on /home/airflow/.local/lib/python3.7/site-packages/airflow/example_dags/example_complex.py
[2023-08-10T17:41:58.723+0000] {processor.py:826} INFO - Processing file /home/airflow/.local/lib/python3.7/site-packages/airflow/example_dags/example_complex.py for tasks to queue
[2023-08-10T17:41:58.725+0000] {logging_mixin.py:150} INFO - [2023-08-10T17:41:58.724+0000] {dagbag.py:541} INFO - Filling up the DagBag from /home/airflow/.local/lib/python3.7/site-packages/airflow/example_dags/example_complex.py
[2023-08-10T17:41:58.762+0000] {processor.py:836} INFO - DAG(s) dict_keys(['example_complex']) retrieved from /home/airflow/.local/lib/python3.7/site-packages/airflow/example_dags/example_complex.py
[2023-08-10T17:41:58.848+0000] {logging_mixin.py:150} INFO - [2023-08-10T17:41:58.848+0000] {dag.py:2742} INFO - Sync 1 DAGs
[2023-08-10T17:41:58.913+0000] {logging_mixin.py:150} INFO - [2023-08-10T17:41:58.913+0000] {dag.py:3508} INFO - Setting next_dagrun for example_complex to None, run_after=None
[2023-08-10T17:41:58.961+0000] {processor.py:179} INFO - Processing /home/airflow/.local/lib/python3.7/site-packages/airflow/example_dags/example_complex.py took 0.278 seconds
[2023-08-10T17:42:32.581+0000] {processor.py:157} INFO - Started process (PID=160) to work on /home/airflow/.local/lib/python3.7/site-packages/airflow/example_dags/example_complex.py
[2023-08-10T17:42:32.587+0000] {processor.py:826} INFO - Processing file /home/airflow/.local/lib/python3.7/site-packages/airflow/example_dags/example_complex.py for tasks to queue
[2023-08-10T17:42:32.589+0000] {logging_mixin.py:150} INFO - [2023-08-10T17:42:32.588+0000] {dagbag.py:541} INFO - Filling up the DagBag from /home/airflow/.local/lib/python3.7/site-packages/airflow/example_dags/example_complex.py
[2023-08-10T17:42:32.631+0000] {processor.py:836} INFO - DAG(s) dict_keys(['example_complex']) retrieved from /home/airflow/.local/lib/python3.7/site-packages/airflow/example_dags/example_complex.py
[2023-08-10T17:42:32.804+0000] {logging_mixin.py:150} INFO - [2023-08-10T17:42:32.804+0000] {dag.py:2742} INFO - Sync 1 DAGs
[2023-08-10T17:42:32.894+0000] {logging_mixin.py:150} INFO - [2023-08-10T17:42:32.893+0000] {dag.py:3508} INFO - Setting next_dagrun for example_complex to None, run_after=None
[2023-08-10T17:42:33.035+0000] {processor.py:179} INFO - Processing /home/airflow/.local/lib/python3.7/site-packages/airflow/example_dags/example_complex.py took 0.461 seconds
[2023-08-10T17:43:04.320+0000] {processor.py:157} INFO - Started process (PID=218) to work on /home/airflow/.local/lib/python3.7/site-packages/airflow/example_dags/example_complex.py
[2023-08-10T17:43:04.322+0000] {processor.py:826} INFO - Processing file /home/airflow/.local/lib/python3.7/site-packages/airflow/example_dags/example_complex.py for tasks to queue
[2023-08-10T17:43:04.323+0000] {logging_mixin.py:150} INFO - [2023-08-10T17:43:04.323+0000] {dagbag.py:541} INFO - Filling up the DagBag from /home/airflow/.local/lib/python3.7/site-packages/airflow/example_dags/example_complex.py
[2023-08-10T17:43:04.351+0000] {processor.py:836} INFO - DAG(s) dict_keys(['example_complex']) retrieved from /home/airflow/.local/lib/python3.7/site-packages/airflow/example_dags/example_complex.py
[2023-08-10T17:43:04.451+0000] {logging_mixin.py:150} INFO - [2023-08-10T17:43:04.451+0000] {dag.py:2742} INFO - Sync 1 DAGs
[2023-08-10T17:43:04.509+0000] {logging_mixin.py:150} INFO - [2023-08-10T17:43:04.509+0000] {dag.py:3508} INFO - Setting next_dagrun for example_complex to None, run_after=None
[2023-08-10T17:43:05.118+0000] {processor.py:179} INFO - Processing /home/airflow/.local/lib/python3.7/site-packages/airflow/example_dags/example_complex.py took 0.804 seconds
[2023-08-10T17:43:35.260+0000] {processor.py:157} INFO - Started process (PID=275) to work on /home/airflow/.local/lib/python3.7/site-packages/airflow/example_dags/example_complex.py
[2023-08-10T17:43:35.261+0000] {processor.py:826} INFO - Processing file /home/airflow/.local/lib/python3.7/site-packages/airflow/example_dags/example_complex.py for tasks to queue
[2023-08-10T17:43:35.262+0000] {logging_mixin.py:150} INFO - [2023-08-10T17:43:35.262+0000] {dagbag.py:541} INFO - Filling up the DagBag from /home/airflow/.local/lib/python3.7/site-packages/airflow/example_dags/example_complex.py
[2023-08-10T17:43:35.287+0000] {processor.py:836} INFO - DAG(s) dict_keys(['example_complex']) retrieved from /home/airflow/.local/lib/python3.7/site-packages/airflow/example_dags/example_complex.py
[2023-08-10T17:43:35.359+0000] {logging_mixin.py:150} INFO - [2023-08-10T17:43:35.359+0000] {dag.py:2742} INFO - Sync 1 DAGs
[2023-08-10T17:43:35.407+0000] {logging_mixin.py:150} INFO - [2023-08-10T17:43:35.407+0000] {dag.py:3508} INFO - Setting next_dagrun for example_complex to None, run_after=None
[2023-08-10T17:43:35.443+0000] {processor.py:179} INFO - Processing /home/airflow/.local/lib/python3.7/site-packages/airflow/example_dags/example_complex.py took 0.187 seconds
[2023-08-10T17:44:05.835+0000] {processor.py:157} INFO - Started process (PID=332) to work on /home/airflow/.local/lib/python3.7/site-packages/airflow/example_dags/example_complex.py
[2023-08-10T17:44:05.836+0000] {processor.py:826} INFO - Processing file /home/airflow/.local/lib/python3.7/site-packages/airflow/example_dags/example_complex.py for tasks to queue
[2023-08-10T17:44:05.838+0000] {logging_mixin.py:150} INFO - [2023-08-10T17:44:05.837+0000] {dagbag.py:541} INFO - Filling up the DagBag from /home/airflow/.local/lib/python3.7/site-packages/airflow/example_dags/example_complex.py
[2023-08-10T17:44:05.863+0000] {processor.py:836} INFO - DAG(s) dict_keys(['example_complex']) retrieved from /home/airflow/.local/lib/python3.7/site-packages/airflow/example_dags/example_complex.py
[2023-08-10T17:44:05.946+0000] {logging_mixin.py:150} INFO - [2023-08-10T17:44:05.946+0000] {dag.py:2742} INFO - Sync 1 DAGs
[2023-08-10T17:44:06.008+0000] {logging_mixin.py:150} INFO - [2023-08-10T17:44:06.008+0000] {dag.py:3508} INFO - Setting next_dagrun for example_complex to None, run_after=None
[2023-08-10T17:44:06.049+0000] {processor.py:179} INFO - Processing /home/airflow/.local/lib/python3.7/site-packages/airflow/example_dags/example_complex.py took 0.219 seconds
[2023-08-10T17:44:36.092+0000] {processor.py:157} INFO - Started process (PID=390) to work on /home/airflow/.local/lib/python3.7/site-packages/airflow/example_dags/example_complex.py
[2023-08-10T17:44:36.094+0000] {processor.py:826} INFO - Processing file /home/airflow/.local/lib/python3.7/site-packages/airflow/example_dags/example_complex.py for tasks to queue
[2023-08-10T17:44:36.095+0000] {logging_mixin.py:150} INFO - [2023-08-10T17:44:36.094+0000] {dagbag.py:541} INFO - Filling up the DagBag from /home/airflow/.local/lib/python3.7/site-packages/airflow/example_dags/example_complex.py
[2023-08-10T17:44:36.114+0000] {processor.py:836} INFO - DAG(s) dict_keys(['example_complex']) retrieved from /home/airflow/.local/lib/python3.7/site-packages/airflow/example_dags/example_complex.py
[2023-08-10T17:44:36.190+0000] {logging_mixin.py:150} INFO - [2023-08-10T17:44:36.189+0000] {dag.py:2742} INFO - Sync 1 DAGs
[2023-08-10T17:44:36.237+0000] {logging_mixin.py:150} INFO - [2023-08-10T17:44:36.237+0000] {dag.py:3508} INFO - Setting next_dagrun for example_complex to None, run_after=None
[2023-08-10T17:44:36.275+0000] {processor.py:179} INFO - Processing /home/airflow/.local/lib/python3.7/site-packages/airflow/example_dags/example_complex.py took 0.188 seconds
[2023-08-10T17:45:06.537+0000] {processor.py:157} INFO - Started process (PID=448) to work on /home/airflow/.local/lib/python3.7/site-packages/airflow/example_dags/example_complex.py
[2023-08-10T17:45:06.539+0000] {processor.py:826} INFO - Processing file /home/airflow/.local/lib/python3.7/site-packages/airflow/example_dags/example_complex.py for tasks to queue
[2023-08-10T17:45:06.542+0000] {logging_mixin.py:150} INFO - [2023-08-10T17:45:06.541+0000] {dagbag.py:541} INFO - Filling up the DagBag from /home/airflow/.local/lib/python3.7/site-packages/airflow/example_dags/example_complex.py
[2023-08-10T17:45:06.565+0000] {processor.py:836} INFO - DAG(s) dict_keys(['example_complex']) retrieved from /home/airflow/.local/lib/python3.7/site-packages/airflow/example_dags/example_complex.py
[2023-08-10T17:45:06.627+0000] {logging_mixin.py:150} INFO - [2023-08-10T17:45:06.627+0000] {dag.py:2742} INFO - Sync 1 DAGs
[2023-08-10T17:45:06.678+0000] {logging_mixin.py:150} INFO - [2023-08-10T17:45:06.677+0000] {dag.py:3508} INFO - Setting next_dagrun for example_complex to None, run_after=None
[2023-08-10T17:45:06.741+0000] {processor.py:179} INFO - Processing /home/airflow/.local/lib/python3.7/site-packages/airflow/example_dags/example_complex.py took 0.210 seconds
[2023-08-10T17:45:37.054+0000] {processor.py:157} INFO - Started process (PID=506) to work on /home/airflow/.local/lib/python3.7/site-packages/airflow/example_dags/example_complex.py
[2023-08-10T17:45:37.055+0000] {processor.py:826} INFO - Processing file /home/airflow/.local/lib/python3.7/site-packages/airflow/example_dags/example_complex.py for tasks to queue
[2023-08-10T17:45:37.056+0000] {logging_mixin.py:150} INFO - [2023-08-10T17:45:37.055+0000] {dagbag.py:541} INFO - Filling up the DagBag from /home/airflow/.local/lib/python3.7/site-packages/airflow/example_dags/example_complex.py
[2023-08-10T17:45:37.076+0000] {processor.py:836} INFO - DAG(s) dict_keys(['example_complex']) retrieved from /home/airflow/.local/lib/python3.7/site-packages/airflow/example_dags/example_complex.py
[2023-08-10T17:45:37.136+0000] {logging_mixin.py:150} INFO - [2023-08-10T17:45:37.135+0000] {dag.py:2742} INFO - Sync 1 DAGs
[2023-08-10T17:45:37.188+0000] {logging_mixin.py:150} INFO - [2023-08-10T17:45:37.188+0000] {dag.py:3508} INFO - Setting next_dagrun for example_complex to None, run_after=None
[2023-08-10T17:45:37.234+0000] {processor.py:179} INFO - Processing /home/airflow/.local/lib/python3.7/site-packages/airflow/example_dags/example_complex.py took 0.186 seconds
[2023-08-10T17:46:07.844+0000] {processor.py:157} INFO - Started process (PID=564) to work on /home/airflow/.local/lib/python3.7/site-packages/airflow/example_dags/example_complex.py
[2023-08-10T17:46:07.865+0000] {processor.py:826} INFO - Processing file /home/airflow/.local/lib/python3.7/site-packages/airflow/example_dags/example_complex.py for tasks to queue
[2023-08-10T17:46:07.866+0000] {logging_mixin.py:150} INFO - [2023-08-10T17:46:07.866+0000] {dagbag.py:541} INFO - Filling up the DagBag from /home/airflow/.local/lib/python3.7/site-packages/airflow/example_dags/example_complex.py
[2023-08-10T17:46:07.900+0000] {processor.py:836} INFO - DAG(s) dict_keys(['example_complex']) retrieved from /home/airflow/.local/lib/python3.7/site-packages/airflow/example_dags/example_complex.py
[2023-08-10T17:46:08.009+0000] {logging_mixin.py:150} INFO - [2023-08-10T17:46:08.008+0000] {dag.py:2742} INFO - Sync 1 DAGs
[2023-08-10T17:46:08.064+0000] {logging_mixin.py:150} INFO - [2023-08-10T17:46:08.064+0000] {dag.py:3508} INFO - Setting next_dagrun for example_complex to None, run_after=None
[2023-08-10T17:46:08.123+0000] {processor.py:179} INFO - Processing /home/airflow/.local/lib/python3.7/site-packages/airflow/example_dags/example_complex.py took 0.288 seconds
[2023-08-10T17:46:38.649+0000] {processor.py:157} INFO - Started process (PID=623) to work on /home/airflow/.local/lib/python3.7/site-packages/airflow/example_dags/example_complex.py
[2023-08-10T17:46:38.650+0000] {processor.py:826} INFO - Processing file /home/airflow/.local/lib/python3.7/site-packages/airflow/example_dags/example_complex.py for tasks to queue
[2023-08-10T17:46:38.652+0000] {logging_mixin.py:150} INFO - [2023-08-10T17:46:38.651+0000] {dagbag.py:541} INFO - Filling up the DagBag from /home/airflow/.local/lib/python3.7/site-packages/airflow/example_dags/example_complex.py
[2023-08-10T17:46:38.704+0000] {processor.py:836} INFO - DAG(s) dict_keys(['example_complex']) retrieved from /home/airflow/.local/lib/python3.7/site-packages/airflow/example_dags/example_complex.py
[2023-08-10T17:46:38.847+0000] {logging_mixin.py:150} INFO - [2023-08-10T17:46:38.846+0000] {dag.py:2742} INFO - Sync 1 DAGs
[2023-08-10T17:46:38.930+0000] {logging_mixin.py:150} INFO - [2023-08-10T17:46:38.929+0000] {dag.py:3508} INFO - Setting next_dagrun for example_complex to None, run_after=None
[2023-08-10T17:46:39.026+0000] {processor.py:179} INFO - Processing /home/airflow/.local/lib/python3.7/site-packages/airflow/example_dags/example_complex.py took 0.384 seconds
[2023-08-10T17:47:09.254+0000] {processor.py:157} INFO - Started process (PID=681) to work on /home/airflow/.local/lib/python3.7/site-packages/airflow/example_dags/example_complex.py
[2023-08-10T17:47:09.256+0000] {processor.py:826} INFO - Processing file /home/airflow/.local/lib/python3.7/site-packages/airflow/example_dags/example_complex.py for tasks to queue
[2023-08-10T17:47:09.258+0000] {logging_mixin.py:150} INFO - [2023-08-10T17:47:09.257+0000] {dagbag.py:541} INFO - Filling up the DagBag from /home/airflow/.local/lib/python3.7/site-packages/airflow/example_dags/example_complex.py
[2023-08-10T17:47:09.302+0000] {processor.py:836} INFO - DAG(s) dict_keys(['example_complex']) retrieved from /home/airflow/.local/lib/python3.7/site-packages/airflow/example_dags/example_complex.py
[2023-08-10T17:47:09.439+0000] {logging_mixin.py:150} INFO - [2023-08-10T17:47:09.438+0000] {dag.py:2742} INFO - Sync 1 DAGs
[2023-08-10T17:47:09.513+0000] {logging_mixin.py:150} INFO - [2023-08-10T17:47:09.513+0000] {dag.py:3508} INFO - Setting next_dagrun for example_complex to None, run_after=None
[2023-08-10T17:47:09.574+0000] {processor.py:179} INFO - Processing /home/airflow/.local/lib/python3.7/site-packages/airflow/example_dags/example_complex.py took 0.342 seconds
[2023-08-10T17:47:40.103+0000] {processor.py:157} INFO - Started process (PID=739) to work on /home/airflow/.local/lib/python3.7/site-packages/airflow/example_dags/example_complex.py
[2023-08-10T17:47:40.108+0000] {processor.py:826} INFO - Processing file /home/airflow/.local/lib/python3.7/site-packages/airflow/example_dags/example_complex.py for tasks to queue
[2023-08-10T17:47:40.109+0000] {logging_mixin.py:150} INFO - [2023-08-10T17:47:40.109+0000] {dagbag.py:541} INFO - Filling up the DagBag from /home/airflow/.local/lib/python3.7/site-packages/airflow/example_dags/example_complex.py
[2023-08-10T17:47:40.164+0000] {processor.py:836} INFO - DAG(s) dict_keys(['example_complex']) retrieved from /home/airflow/.local/lib/python3.7/site-packages/airflow/example_dags/example_complex.py
[2023-08-10T17:47:40.311+0000] {logging_mixin.py:150} INFO - [2023-08-10T17:47:40.310+0000] {dag.py:2742} INFO - Sync 1 DAGs
[2023-08-10T17:47:40.400+0000] {logging_mixin.py:150} INFO - [2023-08-10T17:47:40.400+0000] {dag.py:3508} INFO - Setting next_dagrun for example_complex to None, run_after=None
[2023-08-10T17:47:40.473+0000] {processor.py:179} INFO - Processing /home/airflow/.local/lib/python3.7/site-packages/airflow/example_dags/example_complex.py took 0.377 seconds
[2023-08-10T17:48:11.513+0000] {processor.py:157} INFO - Started process (PID=796) to work on /home/airflow/.local/lib/python3.7/site-packages/airflow/example_dags/example_complex.py
[2023-08-10T17:48:11.521+0000] {processor.py:826} INFO - Processing file /home/airflow/.local/lib/python3.7/site-packages/airflow/example_dags/example_complex.py for tasks to queue
[2023-08-10T17:48:11.523+0000] {logging_mixin.py:150} INFO - [2023-08-10T17:48:11.522+0000] {dagbag.py:541} INFO - Filling up the DagBag from /home/airflow/.local/lib/python3.7/site-packages/airflow/example_dags/example_complex.py
[2023-08-10T17:48:11.617+0000] {processor.py:836} INFO - DAG(s) dict_keys(['example_complex']) retrieved from /home/airflow/.local/lib/python3.7/site-packages/airflow/example_dags/example_complex.py
[2023-08-10T17:48:11.851+0000] {logging_mixin.py:150} INFO - [2023-08-10T17:48:11.850+0000] {dag.py:2742} INFO - Sync 1 DAGs
[2023-08-10T17:48:11.992+0000] {logging_mixin.py:150} INFO - [2023-08-10T17:48:11.991+0000] {dag.py:3508} INFO - Setting next_dagrun for example_complex to None, run_after=None
[2023-08-10T17:48:12.097+0000] {processor.py:179} INFO - Processing /home/airflow/.local/lib/python3.7/site-packages/airflow/example_dags/example_complex.py took 0.603 seconds
[2023-08-10T17:48:43.055+0000] {processor.py:157} INFO - Started process (PID=850) to work on /home/airflow/.local/lib/python3.7/site-packages/airflow/example_dags/example_complex.py
[2023-08-10T17:48:43.058+0000] {processor.py:826} INFO - Processing file /home/airflow/.local/lib/python3.7/site-packages/airflow/example_dags/example_complex.py for tasks to queue
[2023-08-10T17:48:43.060+0000] {logging_mixin.py:150} INFO - [2023-08-10T17:48:43.060+0000] {dagbag.py:541} INFO - Filling up the DagBag from /home/airflow/.local/lib/python3.7/site-packages/airflow/example_dags/example_complex.py
[2023-08-10T17:48:43.128+0000] {processor.py:836} INFO - DAG(s) dict_keys(['example_complex']) retrieved from /home/airflow/.local/lib/python3.7/site-packages/airflow/example_dags/example_complex.py
[2023-08-10T17:48:43.248+0000] {logging_mixin.py:150} INFO - [2023-08-10T17:48:43.248+0000] {dag.py:2742} INFO - Sync 1 DAGs
[2023-08-10T17:48:43.322+0000] {logging_mixin.py:150} INFO - [2023-08-10T17:48:43.321+0000] {dag.py:3508} INFO - Setting next_dagrun for example_complex to None, run_after=None
[2023-08-10T17:48:43.385+0000] {processor.py:179} INFO - Processing /home/airflow/.local/lib/python3.7/site-packages/airflow/example_dags/example_complex.py took 0.336 seconds
[2023-08-10T17:49:14.203+0000] {processor.py:157} INFO - Started process (PID=908) to work on /home/airflow/.local/lib/python3.7/site-packages/airflow/example_dags/example_complex.py
[2023-08-10T17:49:14.206+0000] {processor.py:826} INFO - Processing file /home/airflow/.local/lib/python3.7/site-packages/airflow/example_dags/example_complex.py for tasks to queue
[2023-08-10T17:49:14.208+0000] {logging_mixin.py:150} INFO - [2023-08-10T17:49:14.208+0000] {dagbag.py:541} INFO - Filling up the DagBag from /home/airflow/.local/lib/python3.7/site-packages/airflow/example_dags/example_complex.py
[2023-08-10T17:49:14.233+0000] {processor.py:836} INFO - DAG(s) dict_keys(['example_complex']) retrieved from /home/airflow/.local/lib/python3.7/site-packages/airflow/example_dags/example_complex.py
[2023-08-10T17:49:14.297+0000] {logging_mixin.py:150} INFO - [2023-08-10T17:49:14.297+0000] {dag.py:2742} INFO - Sync 1 DAGs
[2023-08-10T17:49:14.342+0000] {logging_mixin.py:150} INFO - [2023-08-10T17:49:14.342+0000] {dag.py:3508} INFO - Setting next_dagrun for example_complex to None, run_after=None
[2023-08-10T17:49:14.380+0000] {processor.py:179} INFO - Processing /home/airflow/.local/lib/python3.7/site-packages/airflow/example_dags/example_complex.py took 0.183 seconds
[2023-08-10T17:49:44.422+0000] {processor.py:157} INFO - Started process (PID=966) to work on /home/airflow/.local/lib/python3.7/site-packages/airflow/example_dags/example_complex.py
[2023-08-10T17:49:44.423+0000] {processor.py:826} INFO - Processing file /home/airflow/.local/lib/python3.7/site-packages/airflow/example_dags/example_complex.py for tasks to queue
[2023-08-10T17:49:44.425+0000] {logging_mixin.py:150} INFO - [2023-08-10T17:49:44.424+0000] {dagbag.py:541} INFO - Filling up the DagBag from /home/airflow/.local/lib/python3.7/site-packages/airflow/example_dags/example_complex.py
[2023-08-10T17:49:44.452+0000] {processor.py:836} INFO - DAG(s) dict_keys(['example_complex']) retrieved from /home/airflow/.local/lib/python3.7/site-packages/airflow/example_dags/example_complex.py
[2023-08-10T17:49:44.520+0000] {logging_mixin.py:150} INFO - [2023-08-10T17:49:44.519+0000] {dag.py:2742} INFO - Sync 1 DAGs
[2023-08-10T17:49:44.564+0000] {logging_mixin.py:150} INFO - [2023-08-10T17:49:44.564+0000] {dag.py:3508} INFO - Setting next_dagrun for example_complex to None, run_after=None
[2023-08-10T17:49:44.616+0000] {processor.py:179} INFO - Processing /home/airflow/.local/lib/python3.7/site-packages/airflow/example_dags/example_complex.py took 0.198 seconds
[2023-08-10T17:50:14.814+0000] {processor.py:157} INFO - Started process (PID=1024) to work on /home/airflow/.local/lib/python3.7/site-packages/airflow/example_dags/example_complex.py
[2023-08-10T17:50:14.834+0000] {processor.py:826} INFO - Processing file /home/airflow/.local/lib/python3.7/site-packages/airflow/example_dags/example_complex.py for tasks to queue
[2023-08-10T17:50:14.837+0000] {logging_mixin.py:150} INFO - [2023-08-10T17:50:14.836+0000] {dagbag.py:541} INFO - Filling up the DagBag from /home/airflow/.local/lib/python3.7/site-packages/airflow/example_dags/example_complex.py
[2023-08-10T17:50:14.886+0000] {processor.py:836} INFO - DAG(s) dict_keys(['example_complex']) retrieved from /home/airflow/.local/lib/python3.7/site-packages/airflow/example_dags/example_complex.py
[2023-08-10T17:50:14.975+0000] {logging_mixin.py:150} INFO - [2023-08-10T17:50:14.975+0000] {dag.py:2742} INFO - Sync 1 DAGs
[2023-08-10T17:50:15.053+0000] {logging_mixin.py:150} INFO - [2023-08-10T17:50:15.052+0000] {dag.py:3508} INFO - Setting next_dagrun for example_complex to None, run_after=None
[2023-08-10T17:50:15.158+0000] {processor.py:179} INFO - Processing /home/airflow/.local/lib/python3.7/site-packages/airflow/example_dags/example_complex.py took 0.353 seconds
[2023-08-10T17:50:45.853+0000] {processor.py:157} INFO - Started process (PID=1081) to work on /home/airflow/.local/lib/python3.7/site-packages/airflow/example_dags/example_complex.py
[2023-08-10T17:50:45.857+0000] {processor.py:826} INFO - Processing file /home/airflow/.local/lib/python3.7/site-packages/airflow/example_dags/example_complex.py for tasks to queue
[2023-08-10T17:50:45.859+0000] {logging_mixin.py:150} INFO - [2023-08-10T17:50:45.858+0000] {dagbag.py:541} INFO - Filling up the DagBag from /home/airflow/.local/lib/python3.7/site-packages/airflow/example_dags/example_complex.py
[2023-08-10T17:50:45.898+0000] {processor.py:836} INFO - DAG(s) dict_keys(['example_complex']) retrieved from /home/airflow/.local/lib/python3.7/site-packages/airflow/example_dags/example_complex.py
[2023-08-10T17:50:46.022+0000] {logging_mixin.py:150} INFO - [2023-08-10T17:50:46.021+0000] {dag.py:2742} INFO - Sync 1 DAGs
[2023-08-10T17:50:46.106+0000] {logging_mixin.py:150} INFO - [2023-08-10T17:50:46.106+0000] {dag.py:3508} INFO - Setting next_dagrun for example_complex to None, run_after=None
[2023-08-10T17:50:46.160+0000] {processor.py:179} INFO - Processing /home/airflow/.local/lib/python3.7/site-packages/airflow/example_dags/example_complex.py took 0.314 seconds
[2023-08-10T17:51:16.310+0000] {processor.py:157} INFO - Started process (PID=1138) to work on /home/airflow/.local/lib/python3.7/site-packages/airflow/example_dags/example_complex.py
[2023-08-10T17:51:16.338+0000] {processor.py:826} INFO - Processing file /home/airflow/.local/lib/python3.7/site-packages/airflow/example_dags/example_complex.py for tasks to queue
[2023-08-10T17:51:16.339+0000] {logging_mixin.py:150} INFO - [2023-08-10T17:51:16.339+0000] {dagbag.py:541} INFO - Filling up the DagBag from /home/airflow/.local/lib/python3.7/site-packages/airflow/example_dags/example_complex.py
[2023-08-10T17:51:16.363+0000] {processor.py:836} INFO - DAG(s) dict_keys(['example_complex']) retrieved from /home/airflow/.local/lib/python3.7/site-packages/airflow/example_dags/example_complex.py
[2023-08-10T17:51:16.440+0000] {logging_mixin.py:150} INFO - [2023-08-10T17:51:16.439+0000] {dag.py:2742} INFO - Sync 1 DAGs
[2023-08-10T17:51:16.494+0000] {logging_mixin.py:150} INFO - [2023-08-10T17:51:16.494+0000] {dag.py:3508} INFO - Setting next_dagrun for example_complex to None, run_after=None
[2023-08-10T17:51:16.529+0000] {processor.py:179} INFO - Processing /home/airflow/.local/lib/python3.7/site-packages/airflow/example_dags/example_complex.py took 0.224 seconds
[2023-08-10T17:51:47.037+0000] {processor.py:157} INFO - Started process (PID=1198) to work on /home/airflow/.local/lib/python3.7/site-packages/airflow/example_dags/example_complex.py
[2023-08-10T17:51:47.039+0000] {processor.py:826} INFO - Processing file /home/airflow/.local/lib/python3.7/site-packages/airflow/example_dags/example_complex.py for tasks to queue
[2023-08-10T17:51:47.041+0000] {logging_mixin.py:150} INFO - [2023-08-10T17:51:47.040+0000] {dagbag.py:541} INFO - Filling up the DagBag from /home/airflow/.local/lib/python3.7/site-packages/airflow/example_dags/example_complex.py
[2023-08-10T17:51:47.071+0000] {processor.py:836} INFO - DAG(s) dict_keys(['example_complex']) retrieved from /home/airflow/.local/lib/python3.7/site-packages/airflow/example_dags/example_complex.py
[2023-08-10T17:51:47.148+0000] {logging_mixin.py:150} INFO - [2023-08-10T17:51:47.148+0000] {dag.py:2742} INFO - Sync 1 DAGs
[2023-08-10T17:51:47.190+0000] {logging_mixin.py:150} INFO - [2023-08-10T17:51:47.190+0000] {dag.py:3508} INFO - Setting next_dagrun for example_complex to None, run_after=None
[2023-08-10T17:51:47.226+0000] {processor.py:179} INFO - Processing /home/airflow/.local/lib/python3.7/site-packages/airflow/example_dags/example_complex.py took 0.195 seconds
[2023-08-10T17:52:17.495+0000] {processor.py:157} INFO - Started process (PID=1256) to work on /home/airflow/.local/lib/python3.7/site-packages/airflow/example_dags/example_complex.py
[2023-08-10T17:52:17.498+0000] {processor.py:826} INFO - Processing file /home/airflow/.local/lib/python3.7/site-packages/airflow/example_dags/example_complex.py for tasks to queue
[2023-08-10T17:52:17.500+0000] {logging_mixin.py:150} INFO - [2023-08-10T17:52:17.499+0000] {dagbag.py:541} INFO - Filling up the DagBag from /home/airflow/.local/lib/python3.7/site-packages/airflow/example_dags/example_complex.py
[2023-08-10T17:52:17.533+0000] {processor.py:836} INFO - DAG(s) dict_keys(['example_complex']) retrieved from /home/airflow/.local/lib/python3.7/site-packages/airflow/example_dags/example_complex.py
[2023-08-10T17:52:17.652+0000] {logging_mixin.py:150} INFO - [2023-08-10T17:52:17.652+0000] {dag.py:2742} INFO - Sync 1 DAGs
[2023-08-10T17:52:17.837+0000] {logging_mixin.py:150} INFO - [2023-08-10T17:52:17.837+0000] {dag.py:3508} INFO - Setting next_dagrun for example_complex to None, run_after=None
[2023-08-10T17:52:17.992+0000] {processor.py:179} INFO - Processing /home/airflow/.local/lib/python3.7/site-packages/airflow/example_dags/example_complex.py took 0.502 seconds
[2023-08-10T17:52:48.198+0000] {processor.py:157} INFO - Started process (PID=1314) to work on /home/airflow/.local/lib/python3.7/site-packages/airflow/example_dags/example_complex.py
[2023-08-10T17:52:48.208+0000] {processor.py:826} INFO - Processing file /home/airflow/.local/lib/python3.7/site-packages/airflow/example_dags/example_complex.py for tasks to queue
[2023-08-10T17:52:48.210+0000] {logging_mixin.py:150} INFO - [2023-08-10T17:52:48.209+0000] {dagbag.py:541} INFO - Filling up the DagBag from /home/airflow/.local/lib/python3.7/site-packages/airflow/example_dags/example_complex.py
[2023-08-10T17:52:48.232+0000] {processor.py:836} INFO - DAG(s) dict_keys(['example_complex']) retrieved from /home/airflow/.local/lib/python3.7/site-packages/airflow/example_dags/example_complex.py
[2023-08-10T17:52:48.309+0000] {logging_mixin.py:150} INFO - [2023-08-10T17:52:48.308+0000] {dag.py:2742} INFO - Sync 1 DAGs
[2023-08-10T17:52:48.363+0000] {logging_mixin.py:150} INFO - [2023-08-10T17:52:48.363+0000] {dag.py:3508} INFO - Setting next_dagrun for example_complex to None, run_after=None
[2023-08-10T17:52:48.404+0000] {processor.py:179} INFO - Processing /home/airflow/.local/lib/python3.7/site-packages/airflow/example_dags/example_complex.py took 0.209 seconds
