[2023-08-10T17:41:45.746+0000] {processor.py:157} INFO - Started process (PID=74) to work on /home/airflow/.local/lib/python3.7/site-packages/airflow/example_dags/example_latest_only_with_trigger.py
[2023-08-10T17:41:45.748+0000] {processor.py:826} INFO - Processing file /home/airflow/.local/lib/python3.7/site-packages/airflow/example_dags/example_latest_only_with_trigger.py for tasks to queue
[2023-08-10T17:41:45.749+0000] {logging_mixin.py:150} INFO - [2023-08-10T17:41:45.749+0000] {dagbag.py:541} INFO - Filling up the DagBag from /home/airflow/.local/lib/python3.7/site-packages/airflow/example_dags/example_latest_only_with_trigger.py
[2023-08-10T17:41:45.766+0000] {processor.py:836} INFO - DAG(s) dict_keys(['latest_only_with_trigger']) retrieved from /home/airflow/.local/lib/python3.7/site-packages/airflow/example_dags/example_latest_only_with_trigger.py
[2023-08-10T17:41:47.095+0000] {logging_mixin.py:150} INFO - [2023-08-10T17:41:47.094+0000] {manager.py:504} INFO - Created Permission View: can edit on DAG:latest_only_with_trigger
[2023-08-10T17:41:47.143+0000] {logging_mixin.py:150} INFO - [2023-08-10T17:41:47.142+0000] {manager.py:504} INFO - Created Permission View: can delete on DAG:latest_only_with_trigger
[2023-08-10T17:41:47.176+0000] {logging_mixin.py:150} INFO - [2023-08-10T17:41:47.175+0000] {manager.py:504} INFO - Created Permission View: can read on DAG:latest_only_with_trigger
[2023-08-10T17:41:47.243+0000] {logging_mixin.py:150} INFO - [2023-08-10T17:41:47.242+0000] {dag.py:2742} INFO - Sync 1 DAGs
[2023-08-10T17:41:47.308+0000] {logging_mixin.py:150} INFO - [2023-08-10T17:41:47.308+0000] {dag.py:2763} INFO - Creating ORM DAG for latest_only_with_trigger
[2023-08-10T17:41:47.441+0000] {logging_mixin.py:150} INFO - [2023-08-10T17:41:47.441+0000] {dag.py:3508} INFO - Setting next_dagrun for latest_only_with_trigger to 2023-08-10T13:41:47.435361+00:00, run_after=2023-08-10T17:41:47.435361+00:00
[2023-08-10T17:41:47.605+0000] {processor.py:179} INFO - Processing /home/airflow/.local/lib/python3.7/site-packages/airflow/example_dags/example_latest_only_with_trigger.py took 1.872 seconds
[2023-08-10T17:42:17.826+0000] {processor.py:157} INFO - Started process (PID=131) to work on /home/airflow/.local/lib/python3.7/site-packages/airflow/example_dags/example_latest_only_with_trigger.py
[2023-08-10T17:42:17.830+0000] {processor.py:826} INFO - Processing file /home/airflow/.local/lib/python3.7/site-packages/airflow/example_dags/example_latest_only_with_trigger.py for tasks to queue
[2023-08-10T17:42:17.832+0000] {logging_mixin.py:150} INFO - [2023-08-10T17:42:17.831+0000] {dagbag.py:541} INFO - Filling up the DagBag from /home/airflow/.local/lib/python3.7/site-packages/airflow/example_dags/example_latest_only_with_trigger.py
[2023-08-10T17:42:17.876+0000] {processor.py:836} INFO - DAG(s) dict_keys(['latest_only_with_trigger']) retrieved from /home/airflow/.local/lib/python3.7/site-packages/airflow/example_dags/example_latest_only_with_trigger.py
[2023-08-10T17:42:18.128+0000] {logging_mixin.py:150} INFO - [2023-08-10T17:42:18.121+0000] {dag.py:2742} INFO - Sync 1 DAGs
[2023-08-10T17:42:18.229+0000] {logging_mixin.py:150} INFO - [2023-08-10T17:42:18.229+0000] {dag.py:3508} INFO - Setting next_dagrun for latest_only_with_trigger to 2023-08-10T13:42:18.228731+00:00, run_after=2023-08-10T17:42:18.228731+00:00
[2023-08-10T17:42:18.431+0000] {processor.py:179} INFO - Processing /home/airflow/.local/lib/python3.7/site-packages/airflow/example_dags/example_latest_only_with_trigger.py took 0.636 seconds
[2023-08-10T17:42:49.060+0000] {processor.py:157} INFO - Started process (PID=189) to work on /home/airflow/.local/lib/python3.7/site-packages/airflow/example_dags/example_latest_only_with_trigger.py
[2023-08-10T17:42:49.065+0000] {processor.py:826} INFO - Processing file /home/airflow/.local/lib/python3.7/site-packages/airflow/example_dags/example_latest_only_with_trigger.py for tasks to queue
[2023-08-10T17:42:49.067+0000] {logging_mixin.py:150} INFO - [2023-08-10T17:42:49.066+0000] {dagbag.py:541} INFO - Filling up the DagBag from /home/airflow/.local/lib/python3.7/site-packages/airflow/example_dags/example_latest_only_with_trigger.py
[2023-08-10T17:42:49.110+0000] {processor.py:836} INFO - DAG(s) dict_keys(['latest_only_with_trigger']) retrieved from /home/airflow/.local/lib/python3.7/site-packages/airflow/example_dags/example_latest_only_with_trigger.py
[2023-08-10T17:42:49.431+0000] {logging_mixin.py:150} INFO - [2023-08-10T17:42:49.430+0000] {dag.py:2742} INFO - Sync 1 DAGs
[2023-08-10T17:42:49.600+0000] {logging_mixin.py:150} INFO - [2023-08-10T17:42:49.600+0000] {dag.py:3508} INFO - Setting next_dagrun for latest_only_with_trigger to 2023-08-10T13:42:49.595145+00:00, run_after=2023-08-10T17:42:49.595145+00:00
[2023-08-10T17:42:49.709+0000] {processor.py:179} INFO - Processing /home/airflow/.local/lib/python3.7/site-packages/airflow/example_dags/example_latest_only_with_trigger.py took 0.662 seconds
[2023-08-10T17:43:22.549+0000] {processor.py:157} INFO - Started process (PID=247) to work on /home/airflow/.local/lib/python3.7/site-packages/airflow/example_dags/example_latest_only_with_trigger.py
[2023-08-10T17:43:22.574+0000] {processor.py:826} INFO - Processing file /home/airflow/.local/lib/python3.7/site-packages/airflow/example_dags/example_latest_only_with_trigger.py for tasks to queue
[2023-08-10T17:43:22.576+0000] {logging_mixin.py:150} INFO - [2023-08-10T17:43:22.575+0000] {dagbag.py:541} INFO - Filling up the DagBag from /home/airflow/.local/lib/python3.7/site-packages/airflow/example_dags/example_latest_only_with_trigger.py
[2023-08-10T17:43:22.592+0000] {processor.py:836} INFO - DAG(s) dict_keys(['latest_only_with_trigger']) retrieved from /home/airflow/.local/lib/python3.7/site-packages/airflow/example_dags/example_latest_only_with_trigger.py
[2023-08-10T17:43:22.668+0000] {logging_mixin.py:150} INFO - [2023-08-10T17:43:22.668+0000] {dag.py:2742} INFO - Sync 1 DAGs
[2023-08-10T17:43:22.751+0000] {logging_mixin.py:150} INFO - [2023-08-10T17:43:22.750+0000] {dag.py:3508} INFO - Setting next_dagrun for latest_only_with_trigger to 2023-08-10T13:43:22.750139+00:00, run_after=2023-08-10T17:43:22.750139+00:00
[2023-08-10T17:43:22.831+0000] {processor.py:179} INFO - Processing /home/airflow/.local/lib/python3.7/site-packages/airflow/example_dags/example_latest_only_with_trigger.py took 0.301 seconds
[2023-08-10T17:43:53.603+0000] {processor.py:157} INFO - Started process (PID=305) to work on /home/airflow/.local/lib/python3.7/site-packages/airflow/example_dags/example_latest_only_with_trigger.py
[2023-08-10T17:43:53.604+0000] {processor.py:826} INFO - Processing file /home/airflow/.local/lib/python3.7/site-packages/airflow/example_dags/example_latest_only_with_trigger.py for tasks to queue
[2023-08-10T17:43:53.605+0000] {logging_mixin.py:150} INFO - [2023-08-10T17:43:53.605+0000] {dagbag.py:541} INFO - Filling up the DagBag from /home/airflow/.local/lib/python3.7/site-packages/airflow/example_dags/example_latest_only_with_trigger.py
[2023-08-10T17:43:53.616+0000] {processor.py:836} INFO - DAG(s) dict_keys(['latest_only_with_trigger']) retrieved from /home/airflow/.local/lib/python3.7/site-packages/airflow/example_dags/example_latest_only_with_trigger.py
[2023-08-10T17:43:53.659+0000] {logging_mixin.py:150} INFO - [2023-08-10T17:43:53.659+0000] {dag.py:2742} INFO - Sync 1 DAGs
[2023-08-10T17:43:53.723+0000] {logging_mixin.py:150} INFO - [2023-08-10T17:43:53.722+0000] {dag.py:3508} INFO - Setting next_dagrun for latest_only_with_trigger to 2023-08-10T13:43:53.722469+00:00, run_after=2023-08-10T17:43:53.722469+00:00
[2023-08-10T17:43:53.766+0000] {processor.py:179} INFO - Processing /home/airflow/.local/lib/python3.7/site-packages/airflow/example_dags/example_latest_only_with_trigger.py took 0.167 seconds
[2023-08-10T17:44:23.915+0000] {processor.py:157} INFO - Started process (PID=363) to work on /home/airflow/.local/lib/python3.7/site-packages/airflow/example_dags/example_latest_only_with_trigger.py
[2023-08-10T17:44:23.916+0000] {processor.py:826} INFO - Processing file /home/airflow/.local/lib/python3.7/site-packages/airflow/example_dags/example_latest_only_with_trigger.py for tasks to queue
[2023-08-10T17:44:23.918+0000] {logging_mixin.py:150} INFO - [2023-08-10T17:44:23.917+0000] {dagbag.py:541} INFO - Filling up the DagBag from /home/airflow/.local/lib/python3.7/site-packages/airflow/example_dags/example_latest_only_with_trigger.py
[2023-08-10T17:44:23.929+0000] {processor.py:836} INFO - DAG(s) dict_keys(['latest_only_with_trigger']) retrieved from /home/airflow/.local/lib/python3.7/site-packages/airflow/example_dags/example_latest_only_with_trigger.py
[2023-08-10T17:44:23.979+0000] {logging_mixin.py:150} INFO - [2023-08-10T17:44:23.979+0000] {dag.py:2742} INFO - Sync 1 DAGs
[2023-08-10T17:44:24.087+0000] {logging_mixin.py:150} INFO - [2023-08-10T17:44:24.087+0000] {dag.py:3508} INFO - Setting next_dagrun for latest_only_with_trigger to 2023-08-10T13:44:24.086561+00:00, run_after=2023-08-10T17:44:24.086561+00:00
[2023-08-10T17:44:24.177+0000] {processor.py:179} INFO - Processing /home/airflow/.local/lib/python3.7/site-packages/airflow/example_dags/example_latest_only_with_trigger.py took 0.268 seconds
[2023-08-10T17:44:55.369+0000] {processor.py:157} INFO - Started process (PID=421) to work on /home/airflow/.local/lib/python3.7/site-packages/airflow/example_dags/example_latest_only_with_trigger.py
[2023-08-10T17:44:55.382+0000] {processor.py:826} INFO - Processing file /home/airflow/.local/lib/python3.7/site-packages/airflow/example_dags/example_latest_only_with_trigger.py for tasks to queue
[2023-08-10T17:44:55.383+0000] {logging_mixin.py:150} INFO - [2023-08-10T17:44:55.383+0000] {dagbag.py:541} INFO - Filling up the DagBag from /home/airflow/.local/lib/python3.7/site-packages/airflow/example_dags/example_latest_only_with_trigger.py
[2023-08-10T17:44:55.403+0000] {processor.py:836} INFO - DAG(s) dict_keys(['latest_only_with_trigger']) retrieved from /home/airflow/.local/lib/python3.7/site-packages/airflow/example_dags/example_latest_only_with_trigger.py
[2023-08-10T17:44:55.510+0000] {logging_mixin.py:150} INFO - [2023-08-10T17:44:55.510+0000] {dag.py:2742} INFO - Sync 1 DAGs
[2023-08-10T17:44:55.654+0000] {logging_mixin.py:150} INFO - [2023-08-10T17:44:55.654+0000] {dag.py:3508} INFO - Setting next_dagrun for latest_only_with_trigger to 2023-08-10T13:44:55.653786+00:00, run_after=2023-08-10T17:44:55.653786+00:00
[2023-08-10T17:44:55.747+0000] {processor.py:179} INFO - Processing /home/airflow/.local/lib/python3.7/site-packages/airflow/example_dags/example_latest_only_with_trigger.py took 0.398 seconds
[2023-08-10T17:45:25.835+0000] {processor.py:157} INFO - Started process (PID=474) to work on /home/airflow/.local/lib/python3.7/site-packages/airflow/example_dags/example_latest_only_with_trigger.py
[2023-08-10T17:45:25.842+0000] {processor.py:826} INFO - Processing file /home/airflow/.local/lib/python3.7/site-packages/airflow/example_dags/example_latest_only_with_trigger.py for tasks to queue
[2023-08-10T17:45:25.844+0000] {logging_mixin.py:150} INFO - [2023-08-10T17:45:25.844+0000] {dagbag.py:541} INFO - Filling up the DagBag from /home/airflow/.local/lib/python3.7/site-packages/airflow/example_dags/example_latest_only_with_trigger.py
[2023-08-10T17:45:25.856+0000] {processor.py:836} INFO - DAG(s) dict_keys(['latest_only_with_trigger']) retrieved from /home/airflow/.local/lib/python3.7/site-packages/airflow/example_dags/example_latest_only_with_trigger.py
[2023-08-10T17:45:25.899+0000] {logging_mixin.py:150} INFO - [2023-08-10T17:45:25.899+0000] {dag.py:2742} INFO - Sync 1 DAGs
[2023-08-10T17:45:25.954+0000] {logging_mixin.py:150} INFO - [2023-08-10T17:45:25.954+0000] {dag.py:3508} INFO - Setting next_dagrun for latest_only_with_trigger to 2023-08-10T13:45:25.953728+00:00, run_after=2023-08-10T17:45:25.953728+00:00
[2023-08-10T17:45:26.001+0000] {processor.py:179} INFO - Processing /home/airflow/.local/lib/python3.7/site-packages/airflow/example_dags/example_latest_only_with_trigger.py took 0.171 seconds
[2023-08-10T17:45:56.449+0000] {processor.py:157} INFO - Started process (PID=532) to work on /home/airflow/.local/lib/python3.7/site-packages/airflow/example_dags/example_latest_only_with_trigger.py
[2023-08-10T17:45:56.452+0000] {processor.py:826} INFO - Processing file /home/airflow/.local/lib/python3.7/site-packages/airflow/example_dags/example_latest_only_with_trigger.py for tasks to queue
[2023-08-10T17:45:56.457+0000] {logging_mixin.py:150} INFO - [2023-08-10T17:45:56.456+0000] {dagbag.py:541} INFO - Filling up the DagBag from /home/airflow/.local/lib/python3.7/site-packages/airflow/example_dags/example_latest_only_with_trigger.py
[2023-08-10T17:45:56.473+0000] {processor.py:836} INFO - DAG(s) dict_keys(['latest_only_with_trigger']) retrieved from /home/airflow/.local/lib/python3.7/site-packages/airflow/example_dags/example_latest_only_with_trigger.py
[2023-08-10T17:45:56.593+0000] {logging_mixin.py:150} INFO - [2023-08-10T17:45:56.592+0000] {dag.py:2742} INFO - Sync 1 DAGs
[2023-08-10T17:45:56.691+0000] {logging_mixin.py:150} INFO - [2023-08-10T17:45:56.691+0000] {dag.py:3508} INFO - Setting next_dagrun for latest_only_with_trigger to 2023-08-10T13:45:56.690927+00:00, run_after=2023-08-10T17:45:56.690927+00:00
[2023-08-10T17:45:56.770+0000] {processor.py:179} INFO - Processing /home/airflow/.local/lib/python3.7/site-packages/airflow/example_dags/example_latest_only_with_trigger.py took 0.329 seconds
[2023-08-10T17:46:27.531+0000] {processor.py:157} INFO - Started process (PID=590) to work on /home/airflow/.local/lib/python3.7/site-packages/airflow/example_dags/example_latest_only_with_trigger.py
[2023-08-10T17:46:27.532+0000] {processor.py:826} INFO - Processing file /home/airflow/.local/lib/python3.7/site-packages/airflow/example_dags/example_latest_only_with_trigger.py for tasks to queue
[2023-08-10T17:46:27.533+0000] {logging_mixin.py:150} INFO - [2023-08-10T17:46:27.533+0000] {dagbag.py:541} INFO - Filling up the DagBag from /home/airflow/.local/lib/python3.7/site-packages/airflow/example_dags/example_latest_only_with_trigger.py
[2023-08-10T17:46:27.541+0000] {processor.py:836} INFO - DAG(s) dict_keys(['latest_only_with_trigger']) retrieved from /home/airflow/.local/lib/python3.7/site-packages/airflow/example_dags/example_latest_only_with_trigger.py
[2023-08-10T17:46:27.582+0000] {logging_mixin.py:150} INFO - [2023-08-10T17:46:27.582+0000] {dag.py:2742} INFO - Sync 1 DAGs
[2023-08-10T17:46:27.630+0000] {logging_mixin.py:150} INFO - [2023-08-10T17:46:27.630+0000] {dag.py:3508} INFO - Setting next_dagrun for latest_only_with_trigger to 2023-08-10T13:46:27.629677+00:00, run_after=2023-08-10T17:46:27.629677+00:00
[2023-08-10T17:46:27.693+0000] {processor.py:179} INFO - Processing /home/airflow/.local/lib/python3.7/site-packages/airflow/example_dags/example_latest_only_with_trigger.py took 0.166 seconds
[2023-08-10T17:47:00.401+0000] {processor.py:157} INFO - Started process (PID=649) to work on /home/airflow/.local/lib/python3.7/site-packages/airflow/example_dags/example_latest_only_with_trigger.py
[2023-08-10T17:47:00.432+0000] {processor.py:826} INFO - Processing file /home/airflow/.local/lib/python3.7/site-packages/airflow/example_dags/example_latest_only_with_trigger.py for tasks to queue
[2023-08-10T17:47:00.434+0000] {logging_mixin.py:150} INFO - [2023-08-10T17:47:00.434+0000] {dagbag.py:541} INFO - Filling up the DagBag from /home/airflow/.local/lib/python3.7/site-packages/airflow/example_dags/example_latest_only_with_trigger.py
[2023-08-10T17:47:00.452+0000] {processor.py:836} INFO - DAG(s) dict_keys(['latest_only_with_trigger']) retrieved from /home/airflow/.local/lib/python3.7/site-packages/airflow/example_dags/example_latest_only_with_trigger.py
[2023-08-10T17:47:00.513+0000] {logging_mixin.py:150} INFO - [2023-08-10T17:47:00.512+0000] {dag.py:2742} INFO - Sync 1 DAGs
[2023-08-10T17:47:00.608+0000] {logging_mixin.py:150} INFO - [2023-08-10T17:47:00.607+0000] {dag.py:3508} INFO - Setting next_dagrun for latest_only_with_trigger to 2023-08-10T13:47:00.607337+00:00, run_after=2023-08-10T17:47:00.607337+00:00
[2023-08-10T17:47:00.701+0000] {processor.py:179} INFO - Processing /home/airflow/.local/lib/python3.7/site-packages/airflow/example_dags/example_latest_only_with_trigger.py took 0.306 seconds
[2023-08-10T17:47:31.189+0000] {processor.py:157} INFO - Started process (PID=707) to work on /home/airflow/.local/lib/python3.7/site-packages/airflow/example_dags/example_latest_only_with_trigger.py
[2023-08-10T17:47:31.196+0000] {processor.py:826} INFO - Processing file /home/airflow/.local/lib/python3.7/site-packages/airflow/example_dags/example_latest_only_with_trigger.py for tasks to queue
[2023-08-10T17:47:31.198+0000] {logging_mixin.py:150} INFO - [2023-08-10T17:47:31.198+0000] {dagbag.py:541} INFO - Filling up the DagBag from /home/airflow/.local/lib/python3.7/site-packages/airflow/example_dags/example_latest_only_with_trigger.py
[2023-08-10T17:47:31.225+0000] {processor.py:836} INFO - DAG(s) dict_keys(['latest_only_with_trigger']) retrieved from /home/airflow/.local/lib/python3.7/site-packages/airflow/example_dags/example_latest_only_with_trigger.py
[2023-08-10T17:47:31.307+0000] {logging_mixin.py:150} INFO - [2023-08-10T17:47:31.306+0000] {dag.py:2742} INFO - Sync 1 DAGs
[2023-08-10T17:47:31.399+0000] {logging_mixin.py:150} INFO - [2023-08-10T17:47:31.398+0000] {dag.py:3508} INFO - Setting next_dagrun for latest_only_with_trigger to 2023-08-10T13:47:31.398524+00:00, run_after=2023-08-10T17:47:31.398524+00:00
[2023-08-10T17:47:31.486+0000] {processor.py:179} INFO - Processing /home/airflow/.local/lib/python3.7/site-packages/airflow/example_dags/example_latest_only_with_trigger.py took 0.303 seconds
[2023-08-10T17:48:02.856+0000] {processor.py:157} INFO - Started process (PID=765) to work on /home/airflow/.local/lib/python3.7/site-packages/airflow/example_dags/example_latest_only_with_trigger.py
[2023-08-10T17:48:02.864+0000] {processor.py:826} INFO - Processing file /home/airflow/.local/lib/python3.7/site-packages/airflow/example_dags/example_latest_only_with_trigger.py for tasks to queue
[2023-08-10T17:48:02.868+0000] {logging_mixin.py:150} INFO - [2023-08-10T17:48:02.867+0000] {dagbag.py:541} INFO - Filling up the DagBag from /home/airflow/.local/lib/python3.7/site-packages/airflow/example_dags/example_latest_only_with_trigger.py
[2023-08-10T17:48:02.886+0000] {processor.py:836} INFO - DAG(s) dict_keys(['latest_only_with_trigger']) retrieved from /home/airflow/.local/lib/python3.7/site-packages/airflow/example_dags/example_latest_only_with_trigger.py
[2023-08-10T17:48:02.960+0000] {logging_mixin.py:150} INFO - [2023-08-10T17:48:02.959+0000] {dag.py:2742} INFO - Sync 1 DAGs
[2023-08-10T17:48:03.033+0000] {logging_mixin.py:150} INFO - [2023-08-10T17:48:03.032+0000] {dag.py:3508} INFO - Setting next_dagrun for latest_only_with_trigger to 2023-08-10T13:48:03.032447+00:00, run_after=2023-08-10T17:48:03.032447+00:00
[2023-08-10T17:48:03.104+0000] {processor.py:179} INFO - Processing /home/airflow/.local/lib/python3.7/site-packages/airflow/example_dags/example_latest_only_with_trigger.py took 0.254 seconds
[2023-08-10T17:48:33.881+0000] {processor.py:157} INFO - Started process (PID=823) to work on /home/airflow/.local/lib/python3.7/site-packages/airflow/example_dags/example_latest_only_with_trigger.py
[2023-08-10T17:48:33.883+0000] {processor.py:826} INFO - Processing file /home/airflow/.local/lib/python3.7/site-packages/airflow/example_dags/example_latest_only_with_trigger.py for tasks to queue
[2023-08-10T17:48:33.885+0000] {logging_mixin.py:150} INFO - [2023-08-10T17:48:33.885+0000] {dagbag.py:541} INFO - Filling up the DagBag from /home/airflow/.local/lib/python3.7/site-packages/airflow/example_dags/example_latest_only_with_trigger.py
[2023-08-10T17:48:33.908+0000] {processor.py:836} INFO - DAG(s) dict_keys(['latest_only_with_trigger']) retrieved from /home/airflow/.local/lib/python3.7/site-packages/airflow/example_dags/example_latest_only_with_trigger.py
[2023-08-10T17:48:34.056+0000] {logging_mixin.py:150} INFO - [2023-08-10T17:48:34.055+0000] {dag.py:2742} INFO - Sync 1 DAGs
[2023-08-10T17:48:34.163+0000] {logging_mixin.py:150} INFO - [2023-08-10T17:48:34.162+0000] {dag.py:3508} INFO - Setting next_dagrun for latest_only_with_trigger to 2023-08-10T13:48:34.161666+00:00, run_after=2023-08-10T17:48:34.161666+00:00
[2023-08-10T17:48:34.229+0000] {processor.py:179} INFO - Processing /home/airflow/.local/lib/python3.7/site-packages/airflow/example_dags/example_latest_only_with_trigger.py took 0.362 seconds
[2023-08-10T17:49:04.507+0000] {processor.py:157} INFO - Started process (PID=880) to work on /home/airflow/.local/lib/python3.7/site-packages/airflow/example_dags/example_latest_only_with_trigger.py
[2023-08-10T17:49:04.509+0000] {processor.py:826} INFO - Processing file /home/airflow/.local/lib/python3.7/site-packages/airflow/example_dags/example_latest_only_with_trigger.py for tasks to queue
[2023-08-10T17:49:04.512+0000] {logging_mixin.py:150} INFO - [2023-08-10T17:49:04.511+0000] {dagbag.py:541} INFO - Filling up the DagBag from /home/airflow/.local/lib/python3.7/site-packages/airflow/example_dags/example_latest_only_with_trigger.py
[2023-08-10T17:49:04.523+0000] {processor.py:836} INFO - DAG(s) dict_keys(['latest_only_with_trigger']) retrieved from /home/airflow/.local/lib/python3.7/site-packages/airflow/example_dags/example_latest_only_with_trigger.py
[2023-08-10T17:49:04.596+0000] {logging_mixin.py:150} INFO - [2023-08-10T17:49:04.596+0000] {dag.py:2742} INFO - Sync 1 DAGs
[2023-08-10T17:49:04.690+0000] {logging_mixin.py:150} INFO - [2023-08-10T17:49:04.679+0000] {dag.py:3508} INFO - Setting next_dagrun for latest_only_with_trigger to 2023-08-10T13:49:04.678761+00:00, run_after=2023-08-10T17:49:04.678761+00:00
[2023-08-10T17:49:04.793+0000] {processor.py:179} INFO - Processing /home/airflow/.local/lib/python3.7/site-packages/airflow/example_dags/example_latest_only_with_trigger.py took 0.292 seconds
[2023-08-10T17:49:35.142+0000] {processor.py:157} INFO - Started process (PID=945) to work on /home/airflow/.local/lib/python3.7/site-packages/airflow/example_dags/example_latest_only_with_trigger.py
[2023-08-10T17:49:35.149+0000] {processor.py:826} INFO - Processing file /home/airflow/.local/lib/python3.7/site-packages/airflow/example_dags/example_latest_only_with_trigger.py for tasks to queue
[2023-08-10T17:49:35.151+0000] {logging_mixin.py:150} INFO - [2023-08-10T17:49:35.150+0000] {dagbag.py:541} INFO - Filling up the DagBag from /home/airflow/.local/lib/python3.7/site-packages/airflow/example_dags/example_latest_only_with_trigger.py
[2023-08-10T17:49:35.162+0000] {processor.py:836} INFO - DAG(s) dict_keys(['latest_only_with_trigger']) retrieved from /home/airflow/.local/lib/python3.7/site-packages/airflow/example_dags/example_latest_only_with_trigger.py
[2023-08-10T17:49:35.211+0000] {logging_mixin.py:150} INFO - [2023-08-10T17:49:35.211+0000] {dag.py:2742} INFO - Sync 1 DAGs
[2023-08-10T17:49:35.269+0000] {logging_mixin.py:150} INFO - [2023-08-10T17:49:35.268+0000] {dag.py:3508} INFO - Setting next_dagrun for latest_only_with_trigger to 2023-08-10T13:49:35.268558+00:00, run_after=2023-08-10T17:49:35.268558+00:00
[2023-08-10T17:49:35.304+0000] {processor.py:179} INFO - Processing /home/airflow/.local/lib/python3.7/site-packages/airflow/example_dags/example_latest_only_with_trigger.py took 0.168 seconds
[2023-08-10T17:50:05.831+0000] {processor.py:157} INFO - Started process (PID=1003) to work on /home/airflow/.local/lib/python3.7/site-packages/airflow/example_dags/example_latest_only_with_trigger.py
[2023-08-10T17:50:05.842+0000] {processor.py:826} INFO - Processing file /home/airflow/.local/lib/python3.7/site-packages/airflow/example_dags/example_latest_only_with_trigger.py for tasks to queue
[2023-08-10T17:50:05.844+0000] {logging_mixin.py:150} INFO - [2023-08-10T17:50:05.843+0000] {dagbag.py:541} INFO - Filling up the DagBag from /home/airflow/.local/lib/python3.7/site-packages/airflow/example_dags/example_latest_only_with_trigger.py
[2023-08-10T17:50:05.854+0000] {processor.py:836} INFO - DAG(s) dict_keys(['latest_only_with_trigger']) retrieved from /home/airflow/.local/lib/python3.7/site-packages/airflow/example_dags/example_latest_only_with_trigger.py
[2023-08-10T17:50:05.897+0000] {logging_mixin.py:150} INFO - [2023-08-10T17:50:05.897+0000] {dag.py:2742} INFO - Sync 1 DAGs
[2023-08-10T17:50:05.949+0000] {logging_mixin.py:150} INFO - [2023-08-10T17:50:05.949+0000] {dag.py:3508} INFO - Setting next_dagrun for latest_only_with_trigger to 2023-08-10T13:50:05.948632+00:00, run_after=2023-08-10T17:50:05.948632+00:00
[2023-08-10T17:50:06.013+0000] {processor.py:179} INFO - Processing /home/airflow/.local/lib/python3.7/site-packages/airflow/example_dags/example_latest_only_with_trigger.py took 0.187 seconds
[2023-08-10T17:50:36.291+0000] {processor.py:157} INFO - Started process (PID=1060) to work on /home/airflow/.local/lib/python3.7/site-packages/airflow/example_dags/example_latest_only_with_trigger.py
[2023-08-10T17:50:36.294+0000] {processor.py:826} INFO - Processing file /home/airflow/.local/lib/python3.7/site-packages/airflow/example_dags/example_latest_only_with_trigger.py for tasks to queue
[2023-08-10T17:50:36.306+0000] {logging_mixin.py:150} INFO - [2023-08-10T17:50:36.300+0000] {dagbag.py:541} INFO - Filling up the DagBag from /home/airflow/.local/lib/python3.7/site-packages/airflow/example_dags/example_latest_only_with_trigger.py
[2023-08-10T17:50:36.326+0000] {processor.py:836} INFO - DAG(s) dict_keys(['latest_only_with_trigger']) retrieved from /home/airflow/.local/lib/python3.7/site-packages/airflow/example_dags/example_latest_only_with_trigger.py
[2023-08-10T17:50:36.390+0000] {logging_mixin.py:150} INFO - [2023-08-10T17:50:36.390+0000] {dag.py:2742} INFO - Sync 1 DAGs
[2023-08-10T17:50:36.448+0000] {logging_mixin.py:150} INFO - [2023-08-10T17:50:36.448+0000] {dag.py:3508} INFO - Setting next_dagrun for latest_only_with_trigger to 2023-08-10T13:50:36.448408+00:00, run_after=2023-08-10T17:50:36.448408+00:00
[2023-08-10T17:50:36.493+0000] {processor.py:179} INFO - Processing /home/airflow/.local/lib/python3.7/site-packages/airflow/example_dags/example_latest_only_with_trigger.py took 0.223 seconds
[2023-08-10T17:51:06.608+0000] {processor.py:157} INFO - Started process (PID=1117) to work on /home/airflow/.local/lib/python3.7/site-packages/airflow/example_dags/example_latest_only_with_trigger.py
[2023-08-10T17:51:06.618+0000] {processor.py:826} INFO - Processing file /home/airflow/.local/lib/python3.7/site-packages/airflow/example_dags/example_latest_only_with_trigger.py for tasks to queue
[2023-08-10T17:51:06.620+0000] {logging_mixin.py:150} INFO - [2023-08-10T17:51:06.619+0000] {dagbag.py:541} INFO - Filling up the DagBag from /home/airflow/.local/lib/python3.7/site-packages/airflow/example_dags/example_latest_only_with_trigger.py
[2023-08-10T17:51:06.634+0000] {processor.py:836} INFO - DAG(s) dict_keys(['latest_only_with_trigger']) retrieved from /home/airflow/.local/lib/python3.7/site-packages/airflow/example_dags/example_latest_only_with_trigger.py
[2023-08-10T17:51:06.723+0000] {logging_mixin.py:150} INFO - [2023-08-10T17:51:06.723+0000] {dag.py:2742} INFO - Sync 1 DAGs
[2023-08-10T17:51:06.790+0000] {logging_mixin.py:150} INFO - [2023-08-10T17:51:06.790+0000] {dag.py:3508} INFO - Setting next_dagrun for latest_only_with_trigger to 2023-08-10T13:51:06.789723+00:00, run_after=2023-08-10T17:51:06.789723+00:00
[2023-08-10T17:51:06.849+0000] {processor.py:179} INFO - Processing /home/airflow/.local/lib/python3.7/site-packages/airflow/example_dags/example_latest_only_with_trigger.py took 0.255 seconds
[2023-08-10T17:51:37.950+0000] {processor.py:157} INFO - Started process (PID=1177) to work on /home/airflow/.local/lib/python3.7/site-packages/airflow/example_dags/example_latest_only_with_trigger.py
[2023-08-10T17:51:37.956+0000] {processor.py:826} INFO - Processing file /home/airflow/.local/lib/python3.7/site-packages/airflow/example_dags/example_latest_only_with_trigger.py for tasks to queue
[2023-08-10T17:51:37.957+0000] {logging_mixin.py:150} INFO - [2023-08-10T17:51:37.957+0000] {dagbag.py:541} INFO - Filling up the DagBag from /home/airflow/.local/lib/python3.7/site-packages/airflow/example_dags/example_latest_only_with_trigger.py
[2023-08-10T17:51:37.983+0000] {processor.py:836} INFO - DAG(s) dict_keys(['latest_only_with_trigger']) retrieved from /home/airflow/.local/lib/python3.7/site-packages/airflow/example_dags/example_latest_only_with_trigger.py
[2023-08-10T17:51:38.154+0000] {logging_mixin.py:150} INFO - [2023-08-10T17:51:38.144+0000] {dag.py:2742} INFO - Sync 1 DAGs
[2023-08-10T17:51:38.372+0000] {logging_mixin.py:150} INFO - [2023-08-10T17:51:38.371+0000] {dag.py:3508} INFO - Setting next_dagrun for latest_only_with_trigger to 2023-08-10T13:51:38.371208+00:00, run_after=2023-08-10T17:51:38.371208+00:00
[2023-08-10T17:51:38.436+0000] {processor.py:179} INFO - Processing /home/airflow/.local/lib/python3.7/site-packages/airflow/example_dags/example_latest_only_with_trigger.py took 0.493 seconds
[2023-08-10T17:52:09.412+0000] {processor.py:157} INFO - Started process (PID=1235) to work on /home/airflow/.local/lib/python3.7/site-packages/airflow/example_dags/example_latest_only_with_trigger.py
[2023-08-10T17:52:09.420+0000] {processor.py:826} INFO - Processing file /home/airflow/.local/lib/python3.7/site-packages/airflow/example_dags/example_latest_only_with_trigger.py for tasks to queue
[2023-08-10T17:52:09.421+0000] {logging_mixin.py:150} INFO - [2023-08-10T17:52:09.421+0000] {dagbag.py:541} INFO - Filling up the DagBag from /home/airflow/.local/lib/python3.7/site-packages/airflow/example_dags/example_latest_only_with_trigger.py
[2023-08-10T17:52:09.447+0000] {processor.py:836} INFO - DAG(s) dict_keys(['latest_only_with_trigger']) retrieved from /home/airflow/.local/lib/python3.7/site-packages/airflow/example_dags/example_latest_only_with_trigger.py
[2023-08-10T17:52:09.624+0000] {logging_mixin.py:150} INFO - [2023-08-10T17:52:09.624+0000] {dag.py:2742} INFO - Sync 1 DAGs
[2023-08-10T17:52:09.736+0000] {logging_mixin.py:150} INFO - [2023-08-10T17:52:09.735+0000] {dag.py:3508} INFO - Setting next_dagrun for latest_only_with_trigger to 2023-08-10T13:52:09.735163+00:00, run_after=2023-08-10T17:52:09.735163+00:00
[2023-08-10T17:52:09.826+0000] {processor.py:179} INFO - Processing /home/airflow/.local/lib/python3.7/site-packages/airflow/example_dags/example_latest_only_with_trigger.py took 0.424 seconds
