[2023-08-10T17:41:46.503+0000] {processor.py:157} INFO - Started process (PID=75) to work on /home/airflow/.local/lib/python3.7/site-packages/airflow/example_dags/example_trigger_target_dag.py
[2023-08-10T17:41:46.506+0000] {processor.py:826} INFO - Processing file /home/airflow/.local/lib/python3.7/site-packages/airflow/example_dags/example_trigger_target_dag.py for tasks to queue
[2023-08-10T17:41:46.509+0000] {logging_mixin.py:150} INFO - [2023-08-10T17:41:46.508+0000] {dagbag.py:541} INFO - Filling up the DagBag from /home/airflow/.local/lib/python3.7/site-packages/airflow/example_dags/example_trigger_target_dag.py
[2023-08-10T17:41:46.523+0000] {processor.py:836} INFO - DAG(s) dict_keys(['example_trigger_target_dag']) retrieved from /home/airflow/.local/lib/python3.7/site-packages/airflow/example_dags/example_trigger_target_dag.py
[2023-08-10T17:41:47.192+0000] {logging_mixin.py:150} INFO - [2023-08-10T17:41:47.192+0000] {manager.py:504} INFO - Created Permission View: can edit on DAG:example_trigger_target_dag
[2023-08-10T17:41:47.289+0000] {logging_mixin.py:150} INFO - [2023-08-10T17:41:47.288+0000] {manager.py:504} INFO - Created Permission View: can delete on DAG:example_trigger_target_dag
[2023-08-10T17:41:47.331+0000] {logging_mixin.py:150} INFO - [2023-08-10T17:41:47.331+0000] {manager.py:504} INFO - Created Permission View: can read on DAG:example_trigger_target_dag
[2023-08-10T17:41:47.510+0000] {logging_mixin.py:150} INFO - [2023-08-10T17:41:47.510+0000] {dag.py:2742} INFO - Sync 1 DAGs
[2023-08-10T17:41:47.607+0000] {logging_mixin.py:150} INFO - [2023-08-10T17:41:47.604+0000] {dag.py:2763} INFO - Creating ORM DAG for example_trigger_target_dag
[2023-08-10T17:41:47.658+0000] {logging_mixin.py:150} INFO - [2023-08-10T17:41:47.657+0000] {dag.py:3508} INFO - Setting next_dagrun for example_trigger_target_dag to None, run_after=None
[2023-08-10T17:41:47.744+0000] {processor.py:179} INFO - Processing /home/airflow/.local/lib/python3.7/site-packages/airflow/example_dags/example_trigger_target_dag.py took 1.251 seconds
[2023-08-10T17:42:18.389+0000] {processor.py:157} INFO - Started process (PID=132) to work on /home/airflow/.local/lib/python3.7/site-packages/airflow/example_dags/example_trigger_target_dag.py
[2023-08-10T17:42:18.394+0000] {processor.py:826} INFO - Processing file /home/airflow/.local/lib/python3.7/site-packages/airflow/example_dags/example_trigger_target_dag.py for tasks to queue
[2023-08-10T17:42:18.409+0000] {logging_mixin.py:150} INFO - [2023-08-10T17:42:18.408+0000] {dagbag.py:541} INFO - Filling up the DagBag from /home/airflow/.local/lib/python3.7/site-packages/airflow/example_dags/example_trigger_target_dag.py
[2023-08-10T17:42:18.455+0000] {processor.py:836} INFO - DAG(s) dict_keys(['example_trigger_target_dag']) retrieved from /home/airflow/.local/lib/python3.7/site-packages/airflow/example_dags/example_trigger_target_dag.py
[2023-08-10T17:42:18.818+0000] {logging_mixin.py:150} INFO - [2023-08-10T17:42:18.796+0000] {dag.py:2742} INFO - Sync 1 DAGs
[2023-08-10T17:42:18.955+0000] {logging_mixin.py:150} INFO - [2023-08-10T17:42:18.955+0000] {dag.py:3508} INFO - Setting next_dagrun for example_trigger_target_dag to None, run_after=None
[2023-08-10T17:42:19.131+0000] {processor.py:179} INFO - Processing /home/airflow/.local/lib/python3.7/site-packages/airflow/example_dags/example_trigger_target_dag.py took 0.829 seconds
[2023-08-10T17:42:49.292+0000] {processor.py:157} INFO - Started process (PID=190) to work on /home/airflow/.local/lib/python3.7/site-packages/airflow/example_dags/example_trigger_target_dag.py
[2023-08-10T17:42:49.295+0000] {processor.py:826} INFO - Processing file /home/airflow/.local/lib/python3.7/site-packages/airflow/example_dags/example_trigger_target_dag.py for tasks to queue
[2023-08-10T17:42:49.299+0000] {logging_mixin.py:150} INFO - [2023-08-10T17:42:49.298+0000] {dagbag.py:541} INFO - Filling up the DagBag from /home/airflow/.local/lib/python3.7/site-packages/airflow/example_dags/example_trigger_target_dag.py
[2023-08-10T17:42:49.317+0000] {processor.py:836} INFO - DAG(s) dict_keys(['example_trigger_target_dag']) retrieved from /home/airflow/.local/lib/python3.7/site-packages/airflow/example_dags/example_trigger_target_dag.py
[2023-08-10T17:42:49.448+0000] {logging_mixin.py:150} INFO - [2023-08-10T17:42:49.448+0000] {dag.py:2742} INFO - Sync 1 DAGs
[2023-08-10T17:42:49.621+0000] {logging_mixin.py:150} INFO - [2023-08-10T17:42:49.620+0000] {dag.py:3508} INFO - Setting next_dagrun for example_trigger_target_dag to None, run_after=None
[2023-08-10T17:42:49.735+0000] {processor.py:179} INFO - Processing /home/airflow/.local/lib/python3.7/site-packages/airflow/example_dags/example_trigger_target_dag.py took 0.449 seconds
[2023-08-10T17:43:22.741+0000] {processor.py:157} INFO - Started process (PID=248) to work on /home/airflow/.local/lib/python3.7/site-packages/airflow/example_dags/example_trigger_target_dag.py
[2023-08-10T17:43:22.743+0000] {processor.py:826} INFO - Processing file /home/airflow/.local/lib/python3.7/site-packages/airflow/example_dags/example_trigger_target_dag.py for tasks to queue
[2023-08-10T17:43:22.745+0000] {logging_mixin.py:150} INFO - [2023-08-10T17:43:22.744+0000] {dagbag.py:541} INFO - Filling up the DagBag from /home/airflow/.local/lib/python3.7/site-packages/airflow/example_dags/example_trigger_target_dag.py
[2023-08-10T17:43:22.759+0000] {processor.py:836} INFO - DAG(s) dict_keys(['example_trigger_target_dag']) retrieved from /home/airflow/.local/lib/python3.7/site-packages/airflow/example_dags/example_trigger_target_dag.py
[2023-08-10T17:43:22.817+0000] {logging_mixin.py:150} INFO - [2023-08-10T17:43:22.817+0000] {dag.py:2742} INFO - Sync 1 DAGs
[2023-08-10T17:43:22.883+0000] {logging_mixin.py:150} INFO - [2023-08-10T17:43:22.883+0000] {dag.py:3508} INFO - Setting next_dagrun for example_trigger_target_dag to None, run_after=None
[2023-08-10T17:43:22.956+0000] {processor.py:179} INFO - Processing /home/airflow/.local/lib/python3.7/site-packages/airflow/example_dags/example_trigger_target_dag.py took 0.221 seconds
[2023-08-10T17:43:53.794+0000] {processor.py:157} INFO - Started process (PID=306) to work on /home/airflow/.local/lib/python3.7/site-packages/airflow/example_dags/example_trigger_target_dag.py
[2023-08-10T17:43:53.795+0000] {processor.py:826} INFO - Processing file /home/airflow/.local/lib/python3.7/site-packages/airflow/example_dags/example_trigger_target_dag.py for tasks to queue
[2023-08-10T17:43:53.796+0000] {logging_mixin.py:150} INFO - [2023-08-10T17:43:53.796+0000] {dagbag.py:541} INFO - Filling up the DagBag from /home/airflow/.local/lib/python3.7/site-packages/airflow/example_dags/example_trigger_target_dag.py
[2023-08-10T17:43:53.803+0000] {processor.py:836} INFO - DAG(s) dict_keys(['example_trigger_target_dag']) retrieved from /home/airflow/.local/lib/python3.7/site-packages/airflow/example_dags/example_trigger_target_dag.py
[2023-08-10T17:43:53.839+0000] {logging_mixin.py:150} INFO - [2023-08-10T17:43:53.839+0000] {dag.py:2742} INFO - Sync 1 DAGs
[2023-08-10T17:43:53.894+0000] {logging_mixin.py:150} INFO - [2023-08-10T17:43:53.893+0000] {dag.py:3508} INFO - Setting next_dagrun for example_trigger_target_dag to None, run_after=None
[2023-08-10T17:43:53.943+0000] {processor.py:179} INFO - Processing /home/airflow/.local/lib/python3.7/site-packages/airflow/example_dags/example_trigger_target_dag.py took 0.153 seconds
[2023-08-10T17:44:24.158+0000] {processor.py:157} INFO - Started process (PID=364) to work on /home/airflow/.local/lib/python3.7/site-packages/airflow/example_dags/example_trigger_target_dag.py
[2023-08-10T17:44:24.160+0000] {processor.py:826} INFO - Processing file /home/airflow/.local/lib/python3.7/site-packages/airflow/example_dags/example_trigger_target_dag.py for tasks to queue
[2023-08-10T17:44:24.161+0000] {logging_mixin.py:150} INFO - [2023-08-10T17:44:24.161+0000] {dagbag.py:541} INFO - Filling up the DagBag from /home/airflow/.local/lib/python3.7/site-packages/airflow/example_dags/example_trigger_target_dag.py
[2023-08-10T17:44:24.183+0000] {processor.py:836} INFO - DAG(s) dict_keys(['example_trigger_target_dag']) retrieved from /home/airflow/.local/lib/python3.7/site-packages/airflow/example_dags/example_trigger_target_dag.py
[2023-08-10T17:44:24.244+0000] {logging_mixin.py:150} INFO - [2023-08-10T17:44:24.244+0000] {dag.py:2742} INFO - Sync 1 DAGs
[2023-08-10T17:44:24.354+0000] {logging_mixin.py:150} INFO - [2023-08-10T17:44:24.353+0000] {dag.py:3508} INFO - Setting next_dagrun for example_trigger_target_dag to None, run_after=None
[2023-08-10T17:44:24.423+0000] {processor.py:179} INFO - Processing /home/airflow/.local/lib/python3.7/site-packages/airflow/example_dags/example_trigger_target_dag.py took 0.291 seconds
[2023-08-10T17:44:55.831+0000] {processor.py:157} INFO - Started process (PID=422) to work on /home/airflow/.local/lib/python3.7/site-packages/airflow/example_dags/example_trigger_target_dag.py
[2023-08-10T17:44:55.838+0000] {processor.py:826} INFO - Processing file /home/airflow/.local/lib/python3.7/site-packages/airflow/example_dags/example_trigger_target_dag.py for tasks to queue
[2023-08-10T17:44:55.840+0000] {logging_mixin.py:150} INFO - [2023-08-10T17:44:55.839+0000] {dagbag.py:541} INFO - Filling up the DagBag from /home/airflow/.local/lib/python3.7/site-packages/airflow/example_dags/example_trigger_target_dag.py
[2023-08-10T17:44:55.857+0000] {processor.py:836} INFO - DAG(s) dict_keys(['example_trigger_target_dag']) retrieved from /home/airflow/.local/lib/python3.7/site-packages/airflow/example_dags/example_trigger_target_dag.py
[2023-08-10T17:44:55.929+0000] {logging_mixin.py:150} INFO - [2023-08-10T17:44:55.929+0000] {dag.py:2742} INFO - Sync 1 DAGs
[2023-08-10T17:44:56.004+0000] {logging_mixin.py:150} INFO - [2023-08-10T17:44:56.003+0000] {dag.py:3508} INFO - Setting next_dagrun for example_trigger_target_dag to None, run_after=None
[2023-08-10T17:44:56.116+0000] {processor.py:179} INFO - Processing /home/airflow/.local/lib/python3.7/site-packages/airflow/example_dags/example_trigger_target_dag.py took 0.306 seconds
[2023-08-10T17:45:26.893+0000] {processor.py:157} INFO - Started process (PID=475) to work on /home/airflow/.local/lib/python3.7/site-packages/airflow/example_dags/example_trigger_target_dag.py
[2023-08-10T17:45:26.908+0000] {processor.py:826} INFO - Processing file /home/airflow/.local/lib/python3.7/site-packages/airflow/example_dags/example_trigger_target_dag.py for tasks to queue
[2023-08-10T17:45:26.910+0000] {logging_mixin.py:150} INFO - [2023-08-10T17:45:26.910+0000] {dagbag.py:541} INFO - Filling up the DagBag from /home/airflow/.local/lib/python3.7/site-packages/airflow/example_dags/example_trigger_target_dag.py
[2023-08-10T17:45:26.923+0000] {processor.py:836} INFO - DAG(s) dict_keys(['example_trigger_target_dag']) retrieved from /home/airflow/.local/lib/python3.7/site-packages/airflow/example_dags/example_trigger_target_dag.py
[2023-08-10T17:45:27.000+0000] {logging_mixin.py:150} INFO - [2023-08-10T17:45:26.999+0000] {dag.py:2742} INFO - Sync 1 DAGs
[2023-08-10T17:45:27.088+0000] {logging_mixin.py:150} INFO - [2023-08-10T17:45:27.087+0000] {dag.py:3508} INFO - Setting next_dagrun for example_trigger_target_dag to None, run_after=None
[2023-08-10T17:45:27.172+0000] {processor.py:179} INFO - Processing /home/airflow/.local/lib/python3.7/site-packages/airflow/example_dags/example_trigger_target_dag.py took 0.284 seconds
[2023-08-10T17:45:57.650+0000] {processor.py:157} INFO - Started process (PID=533) to work on /home/airflow/.local/lib/python3.7/site-packages/airflow/example_dags/example_trigger_target_dag.py
[2023-08-10T17:45:57.670+0000] {processor.py:826} INFO - Processing file /home/airflow/.local/lib/python3.7/site-packages/airflow/example_dags/example_trigger_target_dag.py for tasks to queue
[2023-08-10T17:45:57.671+0000] {logging_mixin.py:150} INFO - [2023-08-10T17:45:57.671+0000] {dagbag.py:541} INFO - Filling up the DagBag from /home/airflow/.local/lib/python3.7/site-packages/airflow/example_dags/example_trigger_target_dag.py
[2023-08-10T17:45:57.682+0000] {processor.py:836} INFO - DAG(s) dict_keys(['example_trigger_target_dag']) retrieved from /home/airflow/.local/lib/python3.7/site-packages/airflow/example_dags/example_trigger_target_dag.py
[2023-08-10T17:45:57.740+0000] {logging_mixin.py:150} INFO - [2023-08-10T17:45:57.740+0000] {dag.py:2742} INFO - Sync 1 DAGs
[2023-08-10T17:45:57.786+0000] {logging_mixin.py:150} INFO - [2023-08-10T17:45:57.786+0000] {dag.py:3508} INFO - Setting next_dagrun for example_trigger_target_dag to None, run_after=None
[2023-08-10T17:45:57.826+0000] {processor.py:179} INFO - Processing /home/airflow/.local/lib/python3.7/site-packages/airflow/example_dags/example_trigger_target_dag.py took 0.182 seconds
[2023-08-10T17:46:28.545+0000] {processor.py:157} INFO - Started process (PID=591) to work on /home/airflow/.local/lib/python3.7/site-packages/airflow/example_dags/example_trigger_target_dag.py
[2023-08-10T17:46:28.566+0000] {processor.py:826} INFO - Processing file /home/airflow/.local/lib/python3.7/site-packages/airflow/example_dags/example_trigger_target_dag.py for tasks to queue
[2023-08-10T17:46:28.568+0000] {logging_mixin.py:150} INFO - [2023-08-10T17:46:28.567+0000] {dagbag.py:541} INFO - Filling up the DagBag from /home/airflow/.local/lib/python3.7/site-packages/airflow/example_dags/example_trigger_target_dag.py
[2023-08-10T17:46:28.577+0000] {processor.py:836} INFO - DAG(s) dict_keys(['example_trigger_target_dag']) retrieved from /home/airflow/.local/lib/python3.7/site-packages/airflow/example_dags/example_trigger_target_dag.py
[2023-08-10T17:46:28.621+0000] {logging_mixin.py:150} INFO - [2023-08-10T17:46:28.621+0000] {dag.py:2742} INFO - Sync 1 DAGs
[2023-08-10T17:46:28.685+0000] {logging_mixin.py:150} INFO - [2023-08-10T17:46:28.685+0000] {dag.py:3508} INFO - Setting next_dagrun for example_trigger_target_dag to None, run_after=None
[2023-08-10T17:46:28.730+0000] {processor.py:179} INFO - Processing /home/airflow/.local/lib/python3.7/site-packages/airflow/example_dags/example_trigger_target_dag.py took 0.191 seconds
[2023-08-10T17:47:00.749+0000] {processor.py:157} INFO - Started process (PID=650) to work on /home/airflow/.local/lib/python3.7/site-packages/airflow/example_dags/example_trigger_target_dag.py
[2023-08-10T17:47:00.781+0000] {processor.py:826} INFO - Processing file /home/airflow/.local/lib/python3.7/site-packages/airflow/example_dags/example_trigger_target_dag.py for tasks to queue
[2023-08-10T17:47:00.782+0000] {logging_mixin.py:150} INFO - [2023-08-10T17:47:00.782+0000] {dagbag.py:541} INFO - Filling up the DagBag from /home/airflow/.local/lib/python3.7/site-packages/airflow/example_dags/example_trigger_target_dag.py
[2023-08-10T17:47:00.793+0000] {processor.py:836} INFO - DAG(s) dict_keys(['example_trigger_target_dag']) retrieved from /home/airflow/.local/lib/python3.7/site-packages/airflow/example_dags/example_trigger_target_dag.py
[2023-08-10T17:47:00.903+0000] {logging_mixin.py:150} INFO - [2023-08-10T17:47:00.902+0000] {dag.py:2742} INFO - Sync 1 DAGs
[2023-08-10T17:47:00.998+0000] {logging_mixin.py:150} INFO - [2023-08-10T17:47:00.998+0000] {dag.py:3508} INFO - Setting next_dagrun for example_trigger_target_dag to None, run_after=None
[2023-08-10T17:47:01.088+0000] {processor.py:179} INFO - Processing /home/airflow/.local/lib/python3.7/site-packages/airflow/example_dags/example_trigger_target_dag.py took 0.344 seconds
[2023-08-10T17:47:31.389+0000] {processor.py:157} INFO - Started process (PID=708) to work on /home/airflow/.local/lib/python3.7/site-packages/airflow/example_dags/example_trigger_target_dag.py
[2023-08-10T17:47:31.391+0000] {processor.py:826} INFO - Processing file /home/airflow/.local/lib/python3.7/site-packages/airflow/example_dags/example_trigger_target_dag.py for tasks to queue
[2023-08-10T17:47:31.393+0000] {logging_mixin.py:150} INFO - [2023-08-10T17:47:31.392+0000] {dagbag.py:541} INFO - Filling up the DagBag from /home/airflow/.local/lib/python3.7/site-packages/airflow/example_dags/example_trigger_target_dag.py
[2023-08-10T17:47:31.417+0000] {processor.py:836} INFO - DAG(s) dict_keys(['example_trigger_target_dag']) retrieved from /home/airflow/.local/lib/python3.7/site-packages/airflow/example_dags/example_trigger_target_dag.py
[2023-08-10T17:47:31.470+0000] {logging_mixin.py:150} INFO - [2023-08-10T17:47:31.469+0000] {dag.py:2742} INFO - Sync 1 DAGs
[2023-08-10T17:47:31.554+0000] {logging_mixin.py:150} INFO - [2023-08-10T17:47:31.554+0000] {dag.py:3508} INFO - Setting next_dagrun for example_trigger_target_dag to None, run_after=None
[2023-08-10T17:47:31.628+0000] {processor.py:179} INFO - Processing /home/airflow/.local/lib/python3.7/site-packages/airflow/example_dags/example_trigger_target_dag.py took 0.253 seconds
[2023-08-10T17:48:03.055+0000] {processor.py:157} INFO - Started process (PID=766) to work on /home/airflow/.local/lib/python3.7/site-packages/airflow/example_dags/example_trigger_target_dag.py
[2023-08-10T17:48:03.066+0000] {processor.py:826} INFO - Processing file /home/airflow/.local/lib/python3.7/site-packages/airflow/example_dags/example_trigger_target_dag.py for tasks to queue
[2023-08-10T17:48:03.068+0000] {logging_mixin.py:150} INFO - [2023-08-10T17:48:03.067+0000] {dagbag.py:541} INFO - Filling up the DagBag from /home/airflow/.local/lib/python3.7/site-packages/airflow/example_dags/example_trigger_target_dag.py
[2023-08-10T17:48:03.083+0000] {processor.py:836} INFO - DAG(s) dict_keys(['example_trigger_target_dag']) retrieved from /home/airflow/.local/lib/python3.7/site-packages/airflow/example_dags/example_trigger_target_dag.py
[2023-08-10T17:48:03.155+0000] {logging_mixin.py:150} INFO - [2023-08-10T17:48:03.154+0000] {dag.py:2742} INFO - Sync 1 DAGs
[2023-08-10T17:48:03.231+0000] {logging_mixin.py:150} INFO - [2023-08-10T17:48:03.230+0000] {dag.py:3508} INFO - Setting next_dagrun for example_trigger_target_dag to None, run_after=None
[2023-08-10T17:48:03.332+0000] {processor.py:179} INFO - Processing /home/airflow/.local/lib/python3.7/site-packages/airflow/example_dags/example_trigger_target_dag.py took 0.284 seconds
[2023-08-10T17:48:34.323+0000] {processor.py:157} INFO - Started process (PID=824) to work on /home/airflow/.local/lib/python3.7/site-packages/airflow/example_dags/example_trigger_target_dag.py
[2023-08-10T17:48:34.330+0000] {processor.py:826} INFO - Processing file /home/airflow/.local/lib/python3.7/site-packages/airflow/example_dags/example_trigger_target_dag.py for tasks to queue
[2023-08-10T17:48:34.334+0000] {logging_mixin.py:150} INFO - [2023-08-10T17:48:34.333+0000] {dagbag.py:541} INFO - Filling up the DagBag from /home/airflow/.local/lib/python3.7/site-packages/airflow/example_dags/example_trigger_target_dag.py
[2023-08-10T17:48:34.374+0000] {processor.py:836} INFO - DAG(s) dict_keys(['example_trigger_target_dag']) retrieved from /home/airflow/.local/lib/python3.7/site-packages/airflow/example_dags/example_trigger_target_dag.py
[2023-08-10T17:48:34.552+0000] {logging_mixin.py:150} INFO - [2023-08-10T17:48:34.551+0000] {dag.py:2742} INFO - Sync 1 DAGs
[2023-08-10T17:48:34.692+0000] {logging_mixin.py:150} INFO - [2023-08-10T17:48:34.692+0000] {dag.py:3508} INFO - Setting next_dagrun for example_trigger_target_dag to None, run_after=None
[2023-08-10T17:48:34.787+0000] {processor.py:179} INFO - Processing /home/airflow/.local/lib/python3.7/site-packages/airflow/example_dags/example_trigger_target_dag.py took 0.474 seconds
[2023-08-10T17:49:05.419+0000] {processor.py:157} INFO - Started process (PID=889) to work on /home/airflow/.local/lib/python3.7/site-packages/airflow/example_dags/example_trigger_target_dag.py
[2023-08-10T17:49:05.434+0000] {processor.py:826} INFO - Processing file /home/airflow/.local/lib/python3.7/site-packages/airflow/example_dags/example_trigger_target_dag.py for tasks to queue
[2023-08-10T17:49:05.436+0000] {logging_mixin.py:150} INFO - [2023-08-10T17:49:05.435+0000] {dagbag.py:541} INFO - Filling up the DagBag from /home/airflow/.local/lib/python3.7/site-packages/airflow/example_dags/example_trigger_target_dag.py
[2023-08-10T17:49:05.447+0000] {processor.py:836} INFO - DAG(s) dict_keys(['example_trigger_target_dag']) retrieved from /home/airflow/.local/lib/python3.7/site-packages/airflow/example_dags/example_trigger_target_dag.py
[2023-08-10T17:49:05.497+0000] {logging_mixin.py:150} INFO - [2023-08-10T17:49:05.496+0000] {dag.py:2742} INFO - Sync 1 DAGs
[2023-08-10T17:49:05.561+0000] {logging_mixin.py:150} INFO - [2023-08-10T17:49:05.560+0000] {dag.py:3508} INFO - Setting next_dagrun for example_trigger_target_dag to None, run_after=None
[2023-08-10T17:49:05.621+0000] {processor.py:179} INFO - Processing /home/airflow/.local/lib/python3.7/site-packages/airflow/example_dags/example_trigger_target_dag.py took 0.207 seconds
[2023-08-10T17:49:36.350+0000] {processor.py:157} INFO - Started process (PID=947) to work on /home/airflow/.local/lib/python3.7/site-packages/airflow/example_dags/example_trigger_target_dag.py
[2023-08-10T17:49:36.357+0000] {processor.py:826} INFO - Processing file /home/airflow/.local/lib/python3.7/site-packages/airflow/example_dags/example_trigger_target_dag.py for tasks to queue
[2023-08-10T17:49:36.358+0000] {logging_mixin.py:150} INFO - [2023-08-10T17:49:36.358+0000] {dagbag.py:541} INFO - Filling up the DagBag from /home/airflow/.local/lib/python3.7/site-packages/airflow/example_dags/example_trigger_target_dag.py
[2023-08-10T17:49:36.367+0000] {processor.py:836} INFO - DAG(s) dict_keys(['example_trigger_target_dag']) retrieved from /home/airflow/.local/lib/python3.7/site-packages/airflow/example_dags/example_trigger_target_dag.py
[2023-08-10T17:49:36.410+0000] {logging_mixin.py:150} INFO - [2023-08-10T17:49:36.410+0000] {dag.py:2742} INFO - Sync 1 DAGs
[2023-08-10T17:49:36.467+0000] {logging_mixin.py:150} INFO - [2023-08-10T17:49:36.467+0000] {dag.py:3508} INFO - Setting next_dagrun for example_trigger_target_dag to None, run_after=None
[2023-08-10T17:49:36.504+0000] {processor.py:179} INFO - Processing /home/airflow/.local/lib/python3.7/site-packages/airflow/example_dags/example_trigger_target_dag.py took 0.159 seconds
[2023-08-10T17:50:06.908+0000] {processor.py:157} INFO - Started process (PID=1004) to work on /home/airflow/.local/lib/python3.7/site-packages/airflow/example_dags/example_trigger_target_dag.py
[2023-08-10T17:50:06.927+0000] {processor.py:826} INFO - Processing file /home/airflow/.local/lib/python3.7/site-packages/airflow/example_dags/example_trigger_target_dag.py for tasks to queue
[2023-08-10T17:50:06.929+0000] {logging_mixin.py:150} INFO - [2023-08-10T17:50:06.928+0000] {dagbag.py:541} INFO - Filling up the DagBag from /home/airflow/.local/lib/python3.7/site-packages/airflow/example_dags/example_trigger_target_dag.py
[2023-08-10T17:50:06.937+0000] {processor.py:836} INFO - DAG(s) dict_keys(['example_trigger_target_dag']) retrieved from /home/airflow/.local/lib/python3.7/site-packages/airflow/example_dags/example_trigger_target_dag.py
[2023-08-10T17:50:06.978+0000] {logging_mixin.py:150} INFO - [2023-08-10T17:50:06.978+0000] {dag.py:2742} INFO - Sync 1 DAGs
[2023-08-10T17:50:07.036+0000] {logging_mixin.py:150} INFO - [2023-08-10T17:50:07.036+0000] {dag.py:3508} INFO - Setting next_dagrun for example_trigger_target_dag to None, run_after=None
[2023-08-10T17:50:07.089+0000] {processor.py:179} INFO - Processing /home/airflow/.local/lib/python3.7/site-packages/airflow/example_dags/example_trigger_target_dag.py took 0.185 seconds
[2023-08-10T17:50:37.288+0000] {processor.py:157} INFO - Started process (PID=1061) to work on /home/airflow/.local/lib/python3.7/site-packages/airflow/example_dags/example_trigger_target_dag.py
[2023-08-10T17:50:37.311+0000] {processor.py:826} INFO - Processing file /home/airflow/.local/lib/python3.7/site-packages/airflow/example_dags/example_trigger_target_dag.py for tasks to queue
[2023-08-10T17:50:37.312+0000] {logging_mixin.py:150} INFO - [2023-08-10T17:50:37.312+0000] {dagbag.py:541} INFO - Filling up the DagBag from /home/airflow/.local/lib/python3.7/site-packages/airflow/example_dags/example_trigger_target_dag.py
[2023-08-10T17:50:37.324+0000] {processor.py:836} INFO - DAG(s) dict_keys(['example_trigger_target_dag']) retrieved from /home/airflow/.local/lib/python3.7/site-packages/airflow/example_dags/example_trigger_target_dag.py
[2023-08-10T17:50:37.381+0000] {logging_mixin.py:150} INFO - [2023-08-10T17:50:37.380+0000] {dag.py:2742} INFO - Sync 1 DAGs
[2023-08-10T17:50:37.444+0000] {logging_mixin.py:150} INFO - [2023-08-10T17:50:37.444+0000] {dag.py:3508} INFO - Setting next_dagrun for example_trigger_target_dag to None, run_after=None
[2023-08-10T17:50:37.477+0000] {processor.py:179} INFO - Processing /home/airflow/.local/lib/python3.7/site-packages/airflow/example_dags/example_trigger_target_dag.py took 0.193 seconds
[2023-08-10T17:51:07.900+0000] {processor.py:157} INFO - Started process (PID=1118) to work on /home/airflow/.local/lib/python3.7/site-packages/airflow/example_dags/example_trigger_target_dag.py
[2023-08-10T17:51:07.926+0000] {processor.py:826} INFO - Processing file /home/airflow/.local/lib/python3.7/site-packages/airflow/example_dags/example_trigger_target_dag.py for tasks to queue
[2023-08-10T17:51:07.928+0000] {logging_mixin.py:150} INFO - [2023-08-10T17:51:07.927+0000] {dagbag.py:541} INFO - Filling up the DagBag from /home/airflow/.local/lib/python3.7/site-packages/airflow/example_dags/example_trigger_target_dag.py
[2023-08-10T17:51:07.935+0000] {processor.py:836} INFO - DAG(s) dict_keys(['example_trigger_target_dag']) retrieved from /home/airflow/.local/lib/python3.7/site-packages/airflow/example_dags/example_trigger_target_dag.py
[2023-08-10T17:51:07.969+0000] {logging_mixin.py:150} INFO - [2023-08-10T17:51:07.968+0000] {dag.py:2742} INFO - Sync 1 DAGs
[2023-08-10T17:51:08.013+0000] {logging_mixin.py:150} INFO - [2023-08-10T17:51:08.012+0000] {dag.py:3508} INFO - Setting next_dagrun for example_trigger_target_dag to None, run_after=None
[2023-08-10T17:51:08.050+0000] {processor.py:179} INFO - Processing /home/airflow/.local/lib/python3.7/site-packages/airflow/example_dags/example_trigger_target_dag.py took 0.154 seconds
[2023-08-10T17:51:38.125+0000] {processor.py:157} INFO - Started process (PID=1178) to work on /home/airflow/.local/lib/python3.7/site-packages/airflow/example_dags/example_trigger_target_dag.py
[2023-08-10T17:51:38.130+0000] {processor.py:826} INFO - Processing file /home/airflow/.local/lib/python3.7/site-packages/airflow/example_dags/example_trigger_target_dag.py for tasks to queue
[2023-08-10T17:51:38.132+0000] {logging_mixin.py:150} INFO - [2023-08-10T17:51:38.131+0000] {dagbag.py:541} INFO - Filling up the DagBag from /home/airflow/.local/lib/python3.7/site-packages/airflow/example_dags/example_trigger_target_dag.py
[2023-08-10T17:51:38.153+0000] {processor.py:836} INFO - DAG(s) dict_keys(['example_trigger_target_dag']) retrieved from /home/airflow/.local/lib/python3.7/site-packages/airflow/example_dags/example_trigger_target_dag.py
[2023-08-10T17:51:38.370+0000] {logging_mixin.py:150} INFO - [2023-08-10T17:51:38.364+0000] {dag.py:2742} INFO - Sync 1 DAGs
[2023-08-10T17:51:38.482+0000] {logging_mixin.py:150} INFO - [2023-08-10T17:51:38.481+0000] {dag.py:3508} INFO - Setting next_dagrun for example_trigger_target_dag to None, run_after=None
[2023-08-10T17:51:38.557+0000] {processor.py:179} INFO - Processing /home/airflow/.local/lib/python3.7/site-packages/airflow/example_dags/example_trigger_target_dag.py took 0.443 seconds
[2023-08-10T17:52:09.456+0000] {processor.py:157} INFO - Started process (PID=1236) to work on /home/airflow/.local/lib/python3.7/site-packages/airflow/example_dags/example_trigger_target_dag.py
[2023-08-10T17:52:09.464+0000] {processor.py:826} INFO - Processing file /home/airflow/.local/lib/python3.7/site-packages/airflow/example_dags/example_trigger_target_dag.py for tasks to queue
[2023-08-10T17:52:09.465+0000] {logging_mixin.py:150} INFO - [2023-08-10T17:52:09.465+0000] {dagbag.py:541} INFO - Filling up the DagBag from /home/airflow/.local/lib/python3.7/site-packages/airflow/example_dags/example_trigger_target_dag.py
[2023-08-10T17:52:09.500+0000] {processor.py:836} INFO - DAG(s) dict_keys(['example_trigger_target_dag']) retrieved from /home/airflow/.local/lib/python3.7/site-packages/airflow/example_dags/example_trigger_target_dag.py
[2023-08-10T17:52:09.595+0000] {logging_mixin.py:150} INFO - [2023-08-10T17:52:09.595+0000] {dag.py:2742} INFO - Sync 1 DAGs
[2023-08-10T17:52:09.743+0000] {logging_mixin.py:150} INFO - [2023-08-10T17:52:09.742+0000] {dag.py:3508} INFO - Setting next_dagrun for example_trigger_target_dag to None, run_after=None
[2023-08-10T17:52:09.826+0000] {processor.py:179} INFO - Processing /home/airflow/.local/lib/python3.7/site-packages/airflow/example_dags/example_trigger_target_dag.py took 0.387 seconds
[2023-08-10T17:52:40.411+0000] {processor.py:157} INFO - Started process (PID=1294) to work on /home/airflow/.local/lib/python3.7/site-packages/airflow/example_dags/example_trigger_target_dag.py
[2023-08-10T17:52:40.412+0000] {processor.py:826} INFO - Processing file /home/airflow/.local/lib/python3.7/site-packages/airflow/example_dags/example_trigger_target_dag.py for tasks to queue
[2023-08-10T17:52:40.413+0000] {logging_mixin.py:150} INFO - [2023-08-10T17:52:40.413+0000] {dagbag.py:541} INFO - Filling up the DagBag from /home/airflow/.local/lib/python3.7/site-packages/airflow/example_dags/example_trigger_target_dag.py
[2023-08-10T17:52:40.421+0000] {processor.py:836} INFO - DAG(s) dict_keys(['example_trigger_target_dag']) retrieved from /home/airflow/.local/lib/python3.7/site-packages/airflow/example_dags/example_trigger_target_dag.py
[2023-08-10T17:52:40.461+0000] {logging_mixin.py:150} INFO - [2023-08-10T17:52:40.460+0000] {dag.py:2742} INFO - Sync 1 DAGs
[2023-08-10T17:52:40.513+0000] {logging_mixin.py:150} INFO - [2023-08-10T17:52:40.513+0000] {dag.py:3508} INFO - Setting next_dagrun for example_trigger_target_dag to None, run_after=None
[2023-08-10T17:52:40.549+0000] {processor.py:179} INFO - Processing /home/airflow/.local/lib/python3.7/site-packages/airflow/example_dags/example_trigger_target_dag.py took 0.143 seconds
[2023-08-10T17:53:10.731+0000] {processor.py:157} INFO - Started process (PID=1352) to work on /home/airflow/.local/lib/python3.7/site-packages/airflow/example_dags/example_trigger_target_dag.py
[2023-08-10T17:53:10.734+0000] {processor.py:826} INFO - Processing file /home/airflow/.local/lib/python3.7/site-packages/airflow/example_dags/example_trigger_target_dag.py for tasks to queue
[2023-08-10T17:53:10.735+0000] {logging_mixin.py:150} INFO - [2023-08-10T17:53:10.735+0000] {dagbag.py:541} INFO - Filling up the DagBag from /home/airflow/.local/lib/python3.7/site-packages/airflow/example_dags/example_trigger_target_dag.py
[2023-08-10T17:53:10.743+0000] {processor.py:836} INFO - DAG(s) dict_keys(['example_trigger_target_dag']) retrieved from /home/airflow/.local/lib/python3.7/site-packages/airflow/example_dags/example_trigger_target_dag.py
[2023-08-10T17:53:10.779+0000] {logging_mixin.py:150} INFO - [2023-08-10T17:53:10.778+0000] {dag.py:2742} INFO - Sync 1 DAGs
[2023-08-10T17:53:10.829+0000] {logging_mixin.py:150} INFO - [2023-08-10T17:53:10.829+0000] {dag.py:3508} INFO - Setting next_dagrun for example_trigger_target_dag to None, run_after=None
[2023-08-10T17:53:10.863+0000] {processor.py:179} INFO - Processing /home/airflow/.local/lib/python3.7/site-packages/airflow/example_dags/example_trigger_target_dag.py took 0.137 seconds
[2023-08-10T17:53:41.215+0000] {processor.py:157} INFO - Started process (PID=1410) to work on /home/airflow/.local/lib/python3.7/site-packages/airflow/example_dags/example_trigger_target_dag.py
[2023-08-10T17:53:41.219+0000] {processor.py:826} INFO - Processing file /home/airflow/.local/lib/python3.7/site-packages/airflow/example_dags/example_trigger_target_dag.py for tasks to queue
[2023-08-10T17:53:41.221+0000] {logging_mixin.py:150} INFO - [2023-08-10T17:53:41.220+0000] {dagbag.py:541} INFO - Filling up the DagBag from /home/airflow/.local/lib/python3.7/site-packages/airflow/example_dags/example_trigger_target_dag.py
[2023-08-10T17:53:41.228+0000] {processor.py:836} INFO - DAG(s) dict_keys(['example_trigger_target_dag']) retrieved from /home/airflow/.local/lib/python3.7/site-packages/airflow/example_dags/example_trigger_target_dag.py
[2023-08-10T17:53:41.275+0000] {logging_mixin.py:150} INFO - [2023-08-10T17:53:41.274+0000] {dag.py:2742} INFO - Sync 1 DAGs
[2023-08-10T17:53:41.326+0000] {logging_mixin.py:150} INFO - [2023-08-10T17:53:41.326+0000] {dag.py:3508} INFO - Setting next_dagrun for example_trigger_target_dag to None, run_after=None
[2023-08-10T17:53:41.363+0000] {processor.py:179} INFO - Processing /home/airflow/.local/lib/python3.7/site-packages/airflow/example_dags/example_trigger_target_dag.py took 0.153 seconds
[2023-08-10T17:54:11.649+0000] {processor.py:157} INFO - Started process (PID=1468) to work on /home/airflow/.local/lib/python3.7/site-packages/airflow/example_dags/example_trigger_target_dag.py
[2023-08-10T17:54:11.656+0000] {processor.py:826} INFO - Processing file /home/airflow/.local/lib/python3.7/site-packages/airflow/example_dags/example_trigger_target_dag.py for tasks to queue
[2023-08-10T17:54:11.657+0000] {logging_mixin.py:150} INFO - [2023-08-10T17:54:11.657+0000] {dagbag.py:541} INFO - Filling up the DagBag from /home/airflow/.local/lib/python3.7/site-packages/airflow/example_dags/example_trigger_target_dag.py
[2023-08-10T17:54:11.664+0000] {processor.py:836} INFO - DAG(s) dict_keys(['example_trigger_target_dag']) retrieved from /home/airflow/.local/lib/python3.7/site-packages/airflow/example_dags/example_trigger_target_dag.py
[2023-08-10T17:54:11.699+0000] {logging_mixin.py:150} INFO - [2023-08-10T17:54:11.699+0000] {dag.py:2742} INFO - Sync 1 DAGs
[2023-08-10T17:54:11.746+0000] {logging_mixin.py:150} INFO - [2023-08-10T17:54:11.746+0000] {dag.py:3508} INFO - Setting next_dagrun for example_trigger_target_dag to None, run_after=None
[2023-08-10T17:54:11.783+0000] {processor.py:179} INFO - Processing /home/airflow/.local/lib/python3.7/site-packages/airflow/example_dags/example_trigger_target_dag.py took 0.138 seconds
[2023-08-10T17:54:42.389+0000] {processor.py:157} INFO - Started process (PID=1526) to work on /home/airflow/.local/lib/python3.7/site-packages/airflow/example_dags/example_trigger_target_dag.py
[2023-08-10T17:54:42.396+0000] {processor.py:826} INFO - Processing file /home/airflow/.local/lib/python3.7/site-packages/airflow/example_dags/example_trigger_target_dag.py for tasks to queue
[2023-08-10T17:54:42.397+0000] {logging_mixin.py:150} INFO - [2023-08-10T17:54:42.397+0000] {dagbag.py:541} INFO - Filling up the DagBag from /home/airflow/.local/lib/python3.7/site-packages/airflow/example_dags/example_trigger_target_dag.py
[2023-08-10T17:54:42.407+0000] {processor.py:836} INFO - DAG(s) dict_keys(['example_trigger_target_dag']) retrieved from /home/airflow/.local/lib/python3.7/site-packages/airflow/example_dags/example_trigger_target_dag.py
[2023-08-10T17:54:42.463+0000] {logging_mixin.py:150} INFO - [2023-08-10T17:54:42.462+0000] {dag.py:2742} INFO - Sync 1 DAGs
[2023-08-10T17:54:42.595+0000] {logging_mixin.py:150} INFO - [2023-08-10T17:54:42.595+0000] {dag.py:3508} INFO - Setting next_dagrun for example_trigger_target_dag to None, run_after=None
[2023-08-10T17:54:42.696+0000] {processor.py:179} INFO - Processing /home/airflow/.local/lib/python3.7/site-packages/airflow/example_dags/example_trigger_target_dag.py took 0.313 seconds
