[2023-08-10T17:41:49.453+0000] {processor.py:157} INFO - Started process (PID=80) to work on /home/airflow/.local/lib/python3.7/site-packages/airflow/example_dags/example_kubernetes_executor.py
[2023-08-10T17:41:49.458+0000] {processor.py:826} INFO - Processing file /home/airflow/.local/lib/python3.7/site-packages/airflow/example_dags/example_kubernetes_executor.py for tasks to queue
[2023-08-10T17:41:49.459+0000] {logging_mixin.py:150} INFO - [2023-08-10T17:41:49.459+0000] {dagbag.py:541} INFO - Filling up the DagBag from /home/airflow/.local/lib/python3.7/site-packages/airflow/example_dags/example_kubernetes_executor.py
[2023-08-10T17:41:52.238+0000] {processor.py:836} INFO - DAG(s) dict_keys(['example_kubernetes_executor']) retrieved from /home/airflow/.local/lib/python3.7/site-packages/airflow/example_dags/example_kubernetes_executor.py
[2023-08-10T17:41:53.227+0000] {logging_mixin.py:150} INFO - [2023-08-10T17:41:53.226+0000] {manager.py:504} INFO - Created Permission View: can edit on DAG:example_kubernetes_executor
[2023-08-10T17:41:53.309+0000] {logging_mixin.py:150} INFO - [2023-08-10T17:41:53.309+0000] {manager.py:504} INFO - Created Permission View: can delete on DAG:example_kubernetes_executor
[2023-08-10T17:41:53.353+0000] {logging_mixin.py:150} INFO - [2023-08-10T17:41:53.353+0000] {manager.py:504} INFO - Created Permission View: can read on DAG:example_kubernetes_executor
[2023-08-10T17:41:53.449+0000] {logging_mixin.py:150} INFO - [2023-08-10T17:41:53.449+0000] {dag.py:2742} INFO - Sync 1 DAGs
[2023-08-10T17:41:53.546+0000] {logging_mixin.py:150} INFO - [2023-08-10T17:41:53.546+0000] {dag.py:2763} INFO - Creating ORM DAG for example_kubernetes_executor
[2023-08-10T17:41:53.603+0000] {logging_mixin.py:150} INFO - [2023-08-10T17:41:53.603+0000] {dag.py:3508} INFO - Setting next_dagrun for example_kubernetes_executor to None, run_after=None
[2023-08-10T17:41:53.745+0000] {processor.py:179} INFO - Processing /home/airflow/.local/lib/python3.7/site-packages/airflow/example_dags/example_kubernetes_executor.py took 4.306 seconds
[2023-08-10T17:42:24.254+0000] {processor.py:157} INFO - Started process (PID=139) to work on /home/airflow/.local/lib/python3.7/site-packages/airflow/example_dags/example_kubernetes_executor.py
[2023-08-10T17:42:24.263+0000] {processor.py:826} INFO - Processing file /home/airflow/.local/lib/python3.7/site-packages/airflow/example_dags/example_kubernetes_executor.py for tasks to queue
[2023-08-10T17:42:24.271+0000] {logging_mixin.py:150} INFO - [2023-08-10T17:42:24.270+0000] {dagbag.py:541} INFO - Filling up the DagBag from /home/airflow/.local/lib/python3.7/site-packages/airflow/example_dags/example_kubernetes_executor.py
[2023-08-10T17:42:29.610+0000] {processor.py:836} INFO - DAG(s) dict_keys(['example_kubernetes_executor']) retrieved from /home/airflow/.local/lib/python3.7/site-packages/airflow/example_dags/example_kubernetes_executor.py
[2023-08-10T17:42:30.349+0000] {logging_mixin.py:150} INFO - [2023-08-10T17:42:30.349+0000] {dag.py:2742} INFO - Sync 1 DAGs
[2023-08-10T17:42:30.419+0000] {logging_mixin.py:150} INFO - [2023-08-10T17:42:30.419+0000] {dag.py:3508} INFO - Setting next_dagrun for example_kubernetes_executor to None, run_after=None
[2023-08-10T17:42:30.709+0000] {processor.py:179} INFO - Processing /home/airflow/.local/lib/python3.7/site-packages/airflow/example_dags/example_kubernetes_executor.py took 6.462 seconds
[2023-08-10T17:43:01.403+0000] {processor.py:157} INFO - Started process (PID=209) to work on /home/airflow/.local/lib/python3.7/site-packages/airflow/example_dags/example_kubernetes_executor.py
[2023-08-10T17:43:01.406+0000] {processor.py:826} INFO - Processing file /home/airflow/.local/lib/python3.7/site-packages/airflow/example_dags/example_kubernetes_executor.py for tasks to queue
[2023-08-10T17:43:01.408+0000] {logging_mixin.py:150} INFO - [2023-08-10T17:43:01.407+0000] {dagbag.py:541} INFO - Filling up the DagBag from /home/airflow/.local/lib/python3.7/site-packages/airflow/example_dags/example_kubernetes_executor.py
[2023-08-10T17:43:05.044+0000] {processor.py:836} INFO - DAG(s) dict_keys(['example_kubernetes_executor']) retrieved from /home/airflow/.local/lib/python3.7/site-packages/airflow/example_dags/example_kubernetes_executor.py
[2023-08-10T17:43:05.490+0000] {logging_mixin.py:150} INFO - [2023-08-10T17:43:05.490+0000] {dag.py:2742} INFO - Sync 1 DAGs
[2023-08-10T17:43:05.626+0000] {logging_mixin.py:150} INFO - [2023-08-10T17:43:05.625+0000] {dag.py:3508} INFO - Setting next_dagrun for example_kubernetes_executor to None, run_after=None
[2023-08-10T17:43:05.692+0000] {processor.py:179} INFO - Processing /home/airflow/.local/lib/python3.7/site-packages/airflow/example_dags/example_kubernetes_executor.py took 4.298 seconds
[2023-08-10T17:43:36.304+0000] {processor.py:157} INFO - Started process (PID=277) to work on /home/airflow/.local/lib/python3.7/site-packages/airflow/example_dags/example_kubernetes_executor.py
[2023-08-10T17:43:36.311+0000] {processor.py:826} INFO - Processing file /home/airflow/.local/lib/python3.7/site-packages/airflow/example_dags/example_kubernetes_executor.py for tasks to queue
[2023-08-10T17:43:36.313+0000] {logging_mixin.py:150} INFO - [2023-08-10T17:43:36.312+0000] {dagbag.py:541} INFO - Filling up the DagBag from /home/airflow/.local/lib/python3.7/site-packages/airflow/example_dags/example_kubernetes_executor.py
[2023-08-10T17:43:37.607+0000] {processor.py:836} INFO - DAG(s) dict_keys(['example_kubernetes_executor']) retrieved from /home/airflow/.local/lib/python3.7/site-packages/airflow/example_dags/example_kubernetes_executor.py
[2023-08-10T17:43:37.683+0000] {logging_mixin.py:150} INFO - [2023-08-10T17:43:37.683+0000] {dag.py:2742} INFO - Sync 1 DAGs
[2023-08-10T17:43:37.740+0000] {logging_mixin.py:150} INFO - [2023-08-10T17:43:37.739+0000] {dag.py:3508} INFO - Setting next_dagrun for example_kubernetes_executor to None, run_after=None
[2023-08-10T17:43:37.931+0000] {processor.py:179} INFO - Processing /home/airflow/.local/lib/python3.7/site-packages/airflow/example_dags/example_kubernetes_executor.py took 1.634 seconds
[2023-08-10T17:44:08.787+0000] {processor.py:157} INFO - Started process (PID=340) to work on /home/airflow/.local/lib/python3.7/site-packages/airflow/example_dags/example_kubernetes_executor.py
[2023-08-10T17:44:08.790+0000] {processor.py:826} INFO - Processing file /home/airflow/.local/lib/python3.7/site-packages/airflow/example_dags/example_kubernetes_executor.py for tasks to queue
[2023-08-10T17:44:08.791+0000] {logging_mixin.py:150} INFO - [2023-08-10T17:44:08.791+0000] {dagbag.py:541} INFO - Filling up the DagBag from /home/airflow/.local/lib/python3.7/site-packages/airflow/example_dags/example_kubernetes_executor.py
[2023-08-10T17:44:09.219+0000] {processor.py:836} INFO - DAG(s) dict_keys(['example_kubernetes_executor']) retrieved from /home/airflow/.local/lib/python3.7/site-packages/airflow/example_dags/example_kubernetes_executor.py
[2023-08-10T17:44:09.289+0000] {logging_mixin.py:150} INFO - [2023-08-10T17:44:09.288+0000] {dag.py:2742} INFO - Sync 1 DAGs
[2023-08-10T17:44:09.336+0000] {logging_mixin.py:150} INFO - [2023-08-10T17:44:09.335+0000] {dag.py:3508} INFO - Setting next_dagrun for example_kubernetes_executor to None, run_after=None
[2023-08-10T17:44:09.375+0000] {processor.py:179} INFO - Processing /home/airflow/.local/lib/python3.7/site-packages/airflow/example_dags/example_kubernetes_executor.py took 0.594 seconds
[2023-08-10T17:44:40.432+0000] {processor.py:157} INFO - Started process (PID=399) to work on /home/airflow/.local/lib/python3.7/site-packages/airflow/example_dags/example_kubernetes_executor.py
[2023-08-10T17:44:40.442+0000] {processor.py:826} INFO - Processing file /home/airflow/.local/lib/python3.7/site-packages/airflow/example_dags/example_kubernetes_executor.py for tasks to queue
[2023-08-10T17:44:40.444+0000] {logging_mixin.py:150} INFO - [2023-08-10T17:44:40.443+0000] {dagbag.py:541} INFO - Filling up the DagBag from /home/airflow/.local/lib/python3.7/site-packages/airflow/example_dags/example_kubernetes_executor.py
[2023-08-10T17:44:40.911+0000] {processor.py:836} INFO - DAG(s) dict_keys(['example_kubernetes_executor']) retrieved from /home/airflow/.local/lib/python3.7/site-packages/airflow/example_dags/example_kubernetes_executor.py
[2023-08-10T17:44:40.992+0000] {logging_mixin.py:150} INFO - [2023-08-10T17:44:40.992+0000] {dag.py:2742} INFO - Sync 1 DAGs
[2023-08-10T17:44:41.052+0000] {logging_mixin.py:150} INFO - [2023-08-10T17:44:41.051+0000] {dag.py:3508} INFO - Setting next_dagrun for example_kubernetes_executor to None, run_after=None
[2023-08-10T17:44:41.123+0000] {processor.py:179} INFO - Processing /home/airflow/.local/lib/python3.7/site-packages/airflow/example_dags/example_kubernetes_executor.py took 0.697 seconds
[2023-08-10T17:45:11.327+0000] {processor.py:157} INFO - Started process (PID=459) to work on /home/airflow/.local/lib/python3.7/site-packages/airflow/example_dags/example_kubernetes_executor.py
[2023-08-10T17:45:11.329+0000] {processor.py:826} INFO - Processing file /home/airflow/.local/lib/python3.7/site-packages/airflow/example_dags/example_kubernetes_executor.py for tasks to queue
[2023-08-10T17:45:11.331+0000] {logging_mixin.py:150} INFO - [2023-08-10T17:45:11.330+0000] {dagbag.py:541} INFO - Filling up the DagBag from /home/airflow/.local/lib/python3.7/site-packages/airflow/example_dags/example_kubernetes_executor.py
[2023-08-10T17:45:11.944+0000] {processor.py:836} INFO - DAG(s) dict_keys(['example_kubernetes_executor']) retrieved from /home/airflow/.local/lib/python3.7/site-packages/airflow/example_dags/example_kubernetes_executor.py
[2023-08-10T17:45:12.054+0000] {logging_mixin.py:150} INFO - [2023-08-10T17:45:12.054+0000] {dag.py:2742} INFO - Sync 1 DAGs
[2023-08-10T17:45:12.164+0000] {logging_mixin.py:150} INFO - [2023-08-10T17:45:12.163+0000] {dag.py:3508} INFO - Setting next_dagrun for example_kubernetes_executor to None, run_after=None
[2023-08-10T17:45:12.222+0000] {processor.py:179} INFO - Processing /home/airflow/.local/lib/python3.7/site-packages/airflow/example_dags/example_kubernetes_executor.py took 0.902 seconds
[2023-08-10T17:45:42.566+0000] {processor.py:157} INFO - Started process (PID=517) to work on /home/airflow/.local/lib/python3.7/site-packages/airflow/example_dags/example_kubernetes_executor.py
[2023-08-10T17:45:42.585+0000] {processor.py:826} INFO - Processing file /home/airflow/.local/lib/python3.7/site-packages/airflow/example_dags/example_kubernetes_executor.py for tasks to queue
[2023-08-10T17:45:42.586+0000] {logging_mixin.py:150} INFO - [2023-08-10T17:45:42.586+0000] {dagbag.py:541} INFO - Filling up the DagBag from /home/airflow/.local/lib/python3.7/site-packages/airflow/example_dags/example_kubernetes_executor.py
[2023-08-10T17:45:42.950+0000] {processor.py:836} INFO - DAG(s) dict_keys(['example_kubernetes_executor']) retrieved from /home/airflow/.local/lib/python3.7/site-packages/airflow/example_dags/example_kubernetes_executor.py
[2023-08-10T17:45:43.028+0000] {logging_mixin.py:150} INFO - [2023-08-10T17:45:43.028+0000] {dag.py:2742} INFO - Sync 1 DAGs
[2023-08-10T17:45:43.084+0000] {logging_mixin.py:150} INFO - [2023-08-10T17:45:43.084+0000] {dag.py:3508} INFO - Setting next_dagrun for example_kubernetes_executor to None, run_after=None
[2023-08-10T17:45:43.123+0000] {processor.py:179} INFO - Processing /home/airflow/.local/lib/python3.7/site-packages/airflow/example_dags/example_kubernetes_executor.py took 0.561 seconds
[2023-08-10T17:46:14.092+0000] {processor.py:157} INFO - Started process (PID=575) to work on /home/airflow/.local/lib/python3.7/site-packages/airflow/example_dags/example_kubernetes_executor.py
[2023-08-10T17:46:14.113+0000] {processor.py:826} INFO - Processing file /home/airflow/.local/lib/python3.7/site-packages/airflow/example_dags/example_kubernetes_executor.py for tasks to queue
[2023-08-10T17:46:14.115+0000] {logging_mixin.py:150} INFO - [2023-08-10T17:46:14.114+0000] {dagbag.py:541} INFO - Filling up the DagBag from /home/airflow/.local/lib/python3.7/site-packages/airflow/example_dags/example_kubernetes_executor.py
[2023-08-10T17:46:14.719+0000] {processor.py:836} INFO - DAG(s) dict_keys(['example_kubernetes_executor']) retrieved from /home/airflow/.local/lib/python3.7/site-packages/airflow/example_dags/example_kubernetes_executor.py
[2023-08-10T17:46:14.801+0000] {logging_mixin.py:150} INFO - [2023-08-10T17:46:14.800+0000] {dag.py:2742} INFO - Sync 1 DAGs
[2023-08-10T17:46:14.858+0000] {logging_mixin.py:150} INFO - [2023-08-10T17:46:14.857+0000] {dag.py:3508} INFO - Setting next_dagrun for example_kubernetes_executor to None, run_after=None
[2023-08-10T17:46:14.929+0000] {processor.py:179} INFO - Processing /home/airflow/.local/lib/python3.7/site-packages/airflow/example_dags/example_kubernetes_executor.py took 0.846 seconds
[2023-08-10T17:46:45.192+0000] {processor.py:157} INFO - Started process (PID=634) to work on /home/airflow/.local/lib/python3.7/site-packages/airflow/example_dags/example_kubernetes_executor.py
[2023-08-10T17:46:45.193+0000] {processor.py:826} INFO - Processing file /home/airflow/.local/lib/python3.7/site-packages/airflow/example_dags/example_kubernetes_executor.py for tasks to queue
[2023-08-10T17:46:45.197+0000] {logging_mixin.py:150} INFO - [2023-08-10T17:46:45.195+0000] {dagbag.py:541} INFO - Filling up the DagBag from /home/airflow/.local/lib/python3.7/site-packages/airflow/example_dags/example_kubernetes_executor.py
[2023-08-10T17:46:46.048+0000] {processor.py:836} INFO - DAG(s) dict_keys(['example_kubernetes_executor']) retrieved from /home/airflow/.local/lib/python3.7/site-packages/airflow/example_dags/example_kubernetes_executor.py
[2023-08-10T17:46:46.263+0000] {logging_mixin.py:150} INFO - [2023-08-10T17:46:46.262+0000] {dag.py:2742} INFO - Sync 1 DAGs
[2023-08-10T17:46:46.328+0000] {logging_mixin.py:150} INFO - [2023-08-10T17:46:46.328+0000] {dag.py:3508} INFO - Setting next_dagrun for example_kubernetes_executor to None, run_after=None
[2023-08-10T17:46:46.447+0000] {processor.py:179} INFO - Processing /home/airflow/.local/lib/python3.7/site-packages/airflow/example_dags/example_kubernetes_executor.py took 1.263 seconds
[2023-08-10T17:47:17.071+0000] {processor.py:157} INFO - Started process (PID=692) to work on /home/airflow/.local/lib/python3.7/site-packages/airflow/example_dags/example_kubernetes_executor.py
[2023-08-10T17:47:17.507+0000] {processor.py:826} INFO - Processing file /home/airflow/.local/lib/python3.7/site-packages/airflow/example_dags/example_kubernetes_executor.py for tasks to queue
[2023-08-10T17:47:17.509+0000] {logging_mixin.py:150} INFO - [2023-08-10T17:47:17.508+0000] {dagbag.py:541} INFO - Filling up the DagBag from /home/airflow/.local/lib/python3.7/site-packages/airflow/example_dags/example_kubernetes_executor.py
[2023-08-10T17:47:20.585+0000] {processor.py:836} INFO - DAG(s) dict_keys(['example_kubernetes_executor']) retrieved from /home/airflow/.local/lib/python3.7/site-packages/airflow/example_dags/example_kubernetes_executor.py
[2023-08-10T17:47:20.767+0000] {logging_mixin.py:150} INFO - [2023-08-10T17:47:20.766+0000] {dag.py:2742} INFO - Sync 1 DAGs
[2023-08-10T17:47:20.858+0000] {logging_mixin.py:150} INFO - [2023-08-10T17:47:20.858+0000] {dag.py:3508} INFO - Setting next_dagrun for example_kubernetes_executor to None, run_after=None
[2023-08-10T17:47:20.927+0000] {processor.py:179} INFO - Processing /home/airflow/.local/lib/python3.7/site-packages/airflow/example_dags/example_kubernetes_executor.py took 3.884 seconds
[2023-08-10T17:47:51.634+0000] {processor.py:157} INFO - Started process (PID=750) to work on /home/airflow/.local/lib/python3.7/site-packages/airflow/example_dags/example_kubernetes_executor.py
[2023-08-10T17:47:51.636+0000] {processor.py:826} INFO - Processing file /home/airflow/.local/lib/python3.7/site-packages/airflow/example_dags/example_kubernetes_executor.py for tasks to queue
[2023-08-10T17:47:51.639+0000] {logging_mixin.py:150} INFO - [2023-08-10T17:47:51.639+0000] {dagbag.py:541} INFO - Filling up the DagBag from /home/airflow/.local/lib/python3.7/site-packages/airflow/example_dags/example_kubernetes_executor.py
[2023-08-10T17:47:52.436+0000] {processor.py:836} INFO - DAG(s) dict_keys(['example_kubernetes_executor']) retrieved from /home/airflow/.local/lib/python3.7/site-packages/airflow/example_dags/example_kubernetes_executor.py
[2023-08-10T17:47:52.529+0000] {logging_mixin.py:150} INFO - [2023-08-10T17:47:52.529+0000] {dag.py:2742} INFO - Sync 1 DAGs
[2023-08-10T17:47:52.638+0000] {logging_mixin.py:150} INFO - [2023-08-10T17:47:52.637+0000] {dag.py:3508} INFO - Setting next_dagrun for example_kubernetes_executor to None, run_after=None
[2023-08-10T17:47:52.824+0000] {processor.py:179} INFO - Processing /home/airflow/.local/lib/python3.7/site-packages/airflow/example_dags/example_kubernetes_executor.py took 1.198 seconds
[2023-08-10T17:48:22.975+0000] {processor.py:157} INFO - Started process (PID=808) to work on /home/airflow/.local/lib/python3.7/site-packages/airflow/example_dags/example_kubernetes_executor.py
[2023-08-10T17:48:22.977+0000] {processor.py:826} INFO - Processing file /home/airflow/.local/lib/python3.7/site-packages/airflow/example_dags/example_kubernetes_executor.py for tasks to queue
[2023-08-10T17:48:22.979+0000] {logging_mixin.py:150} INFO - [2023-08-10T17:48:22.979+0000] {dagbag.py:541} INFO - Filling up the DagBag from /home/airflow/.local/lib/python3.7/site-packages/airflow/example_dags/example_kubernetes_executor.py
[2023-08-10T17:48:23.741+0000] {processor.py:836} INFO - DAG(s) dict_keys(['example_kubernetes_executor']) retrieved from /home/airflow/.local/lib/python3.7/site-packages/airflow/example_dags/example_kubernetes_executor.py
[2023-08-10T17:48:23.857+0000] {logging_mixin.py:150} INFO - [2023-08-10T17:48:23.856+0000] {dag.py:2742} INFO - Sync 1 DAGs
[2023-08-10T17:48:23.905+0000] {logging_mixin.py:150} INFO - [2023-08-10T17:48:23.904+0000] {dag.py:3508} INFO - Setting next_dagrun for example_kubernetes_executor to None, run_after=None
[2023-08-10T17:48:23.969+0000] {processor.py:179} INFO - Processing /home/airflow/.local/lib/python3.7/site-packages/airflow/example_dags/example_kubernetes_executor.py took 0.999 seconds
[2023-08-10T17:48:54.402+0000] {processor.py:157} INFO - Started process (PID=866) to work on /home/airflow/.local/lib/python3.7/site-packages/airflow/example_dags/example_kubernetes_executor.py
[2023-08-10T17:48:54.416+0000] {processor.py:826} INFO - Processing file /home/airflow/.local/lib/python3.7/site-packages/airflow/example_dags/example_kubernetes_executor.py for tasks to queue
[2023-08-10T17:48:54.419+0000] {logging_mixin.py:150} INFO - [2023-08-10T17:48:54.418+0000] {dagbag.py:541} INFO - Filling up the DagBag from /home/airflow/.local/lib/python3.7/site-packages/airflow/example_dags/example_kubernetes_executor.py
[2023-08-10T17:48:55.175+0000] {processor.py:836} INFO - DAG(s) dict_keys(['example_kubernetes_executor']) retrieved from /home/airflow/.local/lib/python3.7/site-packages/airflow/example_dags/example_kubernetes_executor.py
[2023-08-10T17:48:55.301+0000] {logging_mixin.py:150} INFO - [2023-08-10T17:48:55.300+0000] {dag.py:2742} INFO - Sync 1 DAGs
[2023-08-10T17:48:55.365+0000] {logging_mixin.py:150} INFO - [2023-08-10T17:48:55.365+0000] {dag.py:3508} INFO - Setting next_dagrun for example_kubernetes_executor to None, run_after=None
[2023-08-10T17:48:55.418+0000] {processor.py:179} INFO - Processing /home/airflow/.local/lib/python3.7/site-packages/airflow/example_dags/example_kubernetes_executor.py took 1.026 seconds
[2023-08-10T17:49:25.485+0000] {processor.py:157} INFO - Started process (PID=924) to work on /home/airflow/.local/lib/python3.7/site-packages/airflow/example_dags/example_kubernetes_executor.py
[2023-08-10T17:49:25.498+0000] {processor.py:826} INFO - Processing file /home/airflow/.local/lib/python3.7/site-packages/airflow/example_dags/example_kubernetes_executor.py for tasks to queue
[2023-08-10T17:49:25.500+0000] {logging_mixin.py:150} INFO - [2023-08-10T17:49:25.499+0000] {dagbag.py:541} INFO - Filling up the DagBag from /home/airflow/.local/lib/python3.7/site-packages/airflow/example_dags/example_kubernetes_executor.py
[2023-08-10T17:49:25.873+0000] {processor.py:836} INFO - DAG(s) dict_keys(['example_kubernetes_executor']) retrieved from /home/airflow/.local/lib/python3.7/site-packages/airflow/example_dags/example_kubernetes_executor.py
[2023-08-10T17:49:25.939+0000] {logging_mixin.py:150} INFO - [2023-08-10T17:49:25.939+0000] {dag.py:2742} INFO - Sync 1 DAGs
[2023-08-10T17:49:25.978+0000] {logging_mixin.py:150} INFO - [2023-08-10T17:49:25.978+0000] {dag.py:3508} INFO - Setting next_dagrun for example_kubernetes_executor to None, run_after=None
[2023-08-10T17:49:26.026+0000] {processor.py:179} INFO - Processing /home/airflow/.local/lib/python3.7/site-packages/airflow/example_dags/example_kubernetes_executor.py took 0.547 seconds
[2023-08-10T17:49:56.297+0000] {processor.py:157} INFO - Started process (PID=982) to work on /home/airflow/.local/lib/python3.7/site-packages/airflow/example_dags/example_kubernetes_executor.py
[2023-08-10T17:49:56.299+0000] {processor.py:826} INFO - Processing file /home/airflow/.local/lib/python3.7/site-packages/airflow/example_dags/example_kubernetes_executor.py for tasks to queue
[2023-08-10T17:49:56.304+0000] {logging_mixin.py:150} INFO - [2023-08-10T17:49:56.303+0000] {dagbag.py:541} INFO - Filling up the DagBag from /home/airflow/.local/lib/python3.7/site-packages/airflow/example_dags/example_kubernetes_executor.py
[2023-08-10T17:49:56.793+0000] {processor.py:836} INFO - DAG(s) dict_keys(['example_kubernetes_executor']) retrieved from /home/airflow/.local/lib/python3.7/site-packages/airflow/example_dags/example_kubernetes_executor.py
[2023-08-10T17:49:56.858+0000] {logging_mixin.py:150} INFO - [2023-08-10T17:49:56.858+0000] {dag.py:2742} INFO - Sync 1 DAGs
[2023-08-10T17:49:56.913+0000] {logging_mixin.py:150} INFO - [2023-08-10T17:49:56.912+0000] {dag.py:3508} INFO - Setting next_dagrun for example_kubernetes_executor to None, run_after=None
[2023-08-10T17:49:56.953+0000] {processor.py:179} INFO - Processing /home/airflow/.local/lib/python3.7/site-packages/airflow/example_dags/example_kubernetes_executor.py took 0.666 seconds
[2023-08-10T17:50:27.105+0000] {processor.py:157} INFO - Started process (PID=1040) to work on /home/airflow/.local/lib/python3.7/site-packages/airflow/example_dags/example_kubernetes_executor.py
[2023-08-10T17:50:27.113+0000] {processor.py:826} INFO - Processing file /home/airflow/.local/lib/python3.7/site-packages/airflow/example_dags/example_kubernetes_executor.py for tasks to queue
[2023-08-10T17:50:27.115+0000] {logging_mixin.py:150} INFO - [2023-08-10T17:50:27.114+0000] {dagbag.py:541} INFO - Filling up the DagBag from /home/airflow/.local/lib/python3.7/site-packages/airflow/example_dags/example_kubernetes_executor.py
[2023-08-10T17:50:28.007+0000] {processor.py:836} INFO - DAG(s) dict_keys(['example_kubernetes_executor']) retrieved from /home/airflow/.local/lib/python3.7/site-packages/airflow/example_dags/example_kubernetes_executor.py
[2023-08-10T17:50:28.312+0000] {logging_mixin.py:150} INFO - [2023-08-10T17:50:28.312+0000] {dag.py:2742} INFO - Sync 1 DAGs
[2023-08-10T17:50:28.464+0000] {logging_mixin.py:150} INFO - [2023-08-10T17:50:28.464+0000] {dag.py:3508} INFO - Setting next_dagrun for example_kubernetes_executor to None, run_after=None
[2023-08-10T17:50:28.544+0000] {processor.py:179} INFO - Processing /home/airflow/.local/lib/python3.7/site-packages/airflow/example_dags/example_kubernetes_executor.py took 1.445 seconds
