[2023-08-10T17:41:39.231+0000] {processor.py:157} INFO - Started process (PID=67) to work on /home/airflow/.local/lib/python3.7/site-packages/airflow/example_dags/example_branch_python_dop_operator_3.py
[2023-08-10T17:41:39.232+0000] {processor.py:826} INFO - Processing file /home/airflow/.local/lib/python3.7/site-packages/airflow/example_dags/example_branch_python_dop_operator_3.py for tasks to queue
[2023-08-10T17:41:39.236+0000] {logging_mixin.py:150} INFO - [2023-08-10T17:41:39.233+0000] {dagbag.py:541} INFO - Filling up the DagBag from /home/airflow/.local/lib/python3.7/site-packages/airflow/example_dags/example_branch_python_dop_operator_3.py
[2023-08-10T17:41:39.264+0000] {processor.py:836} INFO - DAG(s) dict_keys(['example_branch_dop_operator_v3']) retrieved from /home/airflow/.local/lib/python3.7/site-packages/airflow/example_dags/example_branch_python_dop_operator_3.py
[2023-08-10T17:41:39.919+0000] {logging_mixin.py:150} INFO - [2023-08-10T17:41:39.919+0000] {manager.py:504} INFO - Created Permission View: can edit on DAG:example_branch_dop_operator_v3
[2023-08-10T17:41:40.017+0000] {logging_mixin.py:150} INFO - [2023-08-10T17:41:40.017+0000] {manager.py:504} INFO - Created Permission View: can delete on DAG:example_branch_dop_operator_v3
[2023-08-10T17:41:40.117+0000] {logging_mixin.py:150} INFO - [2023-08-10T17:41:40.117+0000] {manager.py:504} INFO - Created Permission View: can read on DAG:example_branch_dop_operator_v3
[2023-08-10T17:41:40.290+0000] {logging_mixin.py:150} INFO - [2023-08-10T17:41:40.290+0000] {dag.py:2742} INFO - Sync 1 DAGs
[2023-08-10T17:41:40.457+0000] {logging_mixin.py:150} INFO - [2023-08-10T17:41:40.457+0000] {dag.py:2763} INFO - Creating ORM DAG for example_branch_dop_operator_v3
[2023-08-10T17:41:40.580+0000] {logging_mixin.py:150} INFO - [2023-08-10T17:41:40.580+0000] {dag.py:3508} INFO - Setting next_dagrun for example_branch_dop_operator_v3 to 2023-08-10T17:40:00+00:00, run_after=2023-08-10T17:41:00+00:00
[2023-08-10T17:41:40.845+0000] {processor.py:179} INFO - Processing /home/airflow/.local/lib/python3.7/site-packages/airflow/example_dags/example_branch_python_dop_operator_3.py took 1.622 seconds
[2023-08-10T17:42:11.313+0000] {processor.py:157} INFO - Started process (PID=124) to work on /home/airflow/.local/lib/python3.7/site-packages/airflow/example_dags/example_branch_python_dop_operator_3.py
[2023-08-10T17:42:11.321+0000] {processor.py:826} INFO - Processing file /home/airflow/.local/lib/python3.7/site-packages/airflow/example_dags/example_branch_python_dop_operator_3.py for tasks to queue
[2023-08-10T17:42:11.323+0000] {logging_mixin.py:150} INFO - [2023-08-10T17:42:11.323+0000] {dagbag.py:541} INFO - Filling up the DagBag from /home/airflow/.local/lib/python3.7/site-packages/airflow/example_dags/example_branch_python_dop_operator_3.py
[2023-08-10T17:42:11.371+0000] {processor.py:836} INFO - DAG(s) dict_keys(['example_branch_dop_operator_v3']) retrieved from /home/airflow/.local/lib/python3.7/site-packages/airflow/example_dags/example_branch_python_dop_operator_3.py
[2023-08-10T17:42:11.463+0000] {logging_mixin.py:150} INFO - [2023-08-10T17:42:11.462+0000] {dag.py:2742} INFO - Sync 1 DAGs
[2023-08-10T17:42:11.538+0000] {logging_mixin.py:150} INFO - [2023-08-10T17:42:11.538+0000] {dag.py:3508} INFO - Setting next_dagrun for example_branch_dop_operator_v3 to 2023-08-10T17:41:00+00:00, run_after=2023-08-10T17:42:00+00:00
[2023-08-10T17:42:11.577+0000] {processor.py:179} INFO - Processing /home/airflow/.local/lib/python3.7/site-packages/airflow/example_dags/example_branch_python_dop_operator_3.py took 0.277 seconds
[2023-08-10T17:42:44.840+0000] {processor.py:157} INFO - Started process (PID=182) to work on /home/airflow/.local/lib/python3.7/site-packages/airflow/example_dags/example_branch_python_dop_operator_3.py
[2023-08-10T17:42:44.849+0000] {processor.py:826} INFO - Processing file /home/airflow/.local/lib/python3.7/site-packages/airflow/example_dags/example_branch_python_dop_operator_3.py for tasks to queue
[2023-08-10T17:42:44.857+0000] {logging_mixin.py:150} INFO - [2023-08-10T17:42:44.857+0000] {dagbag.py:541} INFO - Filling up the DagBag from /home/airflow/.local/lib/python3.7/site-packages/airflow/example_dags/example_branch_python_dop_operator_3.py
[2023-08-10T17:42:44.887+0000] {processor.py:836} INFO - DAG(s) dict_keys(['example_branch_dop_operator_v3']) retrieved from /home/airflow/.local/lib/python3.7/site-packages/airflow/example_dags/example_branch_python_dop_operator_3.py
[2023-08-10T17:42:44.960+0000] {logging_mixin.py:150} INFO - [2023-08-10T17:42:44.960+0000] {dag.py:2742} INFO - Sync 1 DAGs
[2023-08-10T17:42:45.084+0000] {logging_mixin.py:150} INFO - [2023-08-10T17:42:45.082+0000] {dag.py:3508} INFO - Setting next_dagrun for example_branch_dop_operator_v3 to 2023-08-10T17:41:00+00:00, run_after=2023-08-10T17:42:00+00:00
[2023-08-10T17:42:45.196+0000] {processor.py:179} INFO - Processing /home/airflow/.local/lib/python3.7/site-packages/airflow/example_dags/example_branch_python_dop_operator_3.py took 0.363 seconds
[2023-08-10T17:43:21.284+0000] {processor.py:157} INFO - Started process (PID=240) to work on /home/airflow/.local/lib/python3.7/site-packages/airflow/example_dags/example_branch_python_dop_operator_3.py
[2023-08-10T17:43:21.290+0000] {processor.py:826} INFO - Processing file /home/airflow/.local/lib/python3.7/site-packages/airflow/example_dags/example_branch_python_dop_operator_3.py for tasks to queue
[2023-08-10T17:43:21.297+0000] {logging_mixin.py:150} INFO - [2023-08-10T17:43:21.295+0000] {dagbag.py:541} INFO - Filling up the DagBag from /home/airflow/.local/lib/python3.7/site-packages/airflow/example_dags/example_branch_python_dop_operator_3.py
[2023-08-10T17:43:21.331+0000] {processor.py:836} INFO - DAG(s) dict_keys(['example_branch_dop_operator_v3']) retrieved from /home/airflow/.local/lib/python3.7/site-packages/airflow/example_dags/example_branch_python_dop_operator_3.py
[2023-08-10T17:43:21.417+0000] {logging_mixin.py:150} INFO - [2023-08-10T17:43:21.417+0000] {dag.py:2742} INFO - Sync 1 DAGs
[2023-08-10T17:43:21.518+0000] {logging_mixin.py:150} INFO - [2023-08-10T17:43:21.518+0000] {dag.py:3508} INFO - Setting next_dagrun for example_branch_dop_operator_v3 to 2023-08-10T17:42:00+00:00, run_after=2023-08-10T17:43:00+00:00
[2023-08-10T17:43:21.777+0000] {processor.py:179} INFO - Processing /home/airflow/.local/lib/python3.7/site-packages/airflow/example_dags/example_branch_python_dop_operator_3.py took 0.502 seconds
[2023-08-10T17:43:51.994+0000] {processor.py:157} INFO - Started process (PID=298) to work on /home/airflow/.local/lib/python3.7/site-packages/airflow/example_dags/example_branch_python_dop_operator_3.py
[2023-08-10T17:43:51.995+0000] {processor.py:826} INFO - Processing file /home/airflow/.local/lib/python3.7/site-packages/airflow/example_dags/example_branch_python_dop_operator_3.py for tasks to queue
[2023-08-10T17:43:51.997+0000] {logging_mixin.py:150} INFO - [2023-08-10T17:43:51.996+0000] {dagbag.py:541} INFO - Filling up the DagBag from /home/airflow/.local/lib/python3.7/site-packages/airflow/example_dags/example_branch_python_dop_operator_3.py
[2023-08-10T17:43:52.011+0000] {processor.py:836} INFO - DAG(s) dict_keys(['example_branch_dop_operator_v3']) retrieved from /home/airflow/.local/lib/python3.7/site-packages/airflow/example_dags/example_branch_python_dop_operator_3.py
[2023-08-10T17:43:52.069+0000] {logging_mixin.py:150} INFO - [2023-08-10T17:43:52.069+0000] {dag.py:2742} INFO - Sync 1 DAGs
[2023-08-10T17:43:52.136+0000] {logging_mixin.py:150} INFO - [2023-08-10T17:43:52.136+0000] {dag.py:3508} INFO - Setting next_dagrun for example_branch_dop_operator_v3 to 2023-08-10T17:42:00+00:00, run_after=2023-08-10T17:43:00+00:00
[2023-08-10T17:43:52.172+0000] {processor.py:179} INFO - Processing /home/airflow/.local/lib/python3.7/site-packages/airflow/example_dags/example_branch_python_dop_operator_3.py took 0.184 seconds
[2023-08-10T17:44:22.692+0000] {processor.py:157} INFO - Started process (PID=351) to work on /home/airflow/.local/lib/python3.7/site-packages/airflow/example_dags/example_branch_python_dop_operator_3.py
[2023-08-10T17:44:22.702+0000] {processor.py:826} INFO - Processing file /home/airflow/.local/lib/python3.7/site-packages/airflow/example_dags/example_branch_python_dop_operator_3.py for tasks to queue
[2023-08-10T17:44:22.704+0000] {logging_mixin.py:150} INFO - [2023-08-10T17:44:22.703+0000] {dagbag.py:541} INFO - Filling up the DagBag from /home/airflow/.local/lib/python3.7/site-packages/airflow/example_dags/example_branch_python_dop_operator_3.py
[2023-08-10T17:44:22.723+0000] {processor.py:836} INFO - DAG(s) dict_keys(['example_branch_dop_operator_v3']) retrieved from /home/airflow/.local/lib/python3.7/site-packages/airflow/example_dags/example_branch_python_dop_operator_3.py
[2023-08-10T17:44:22.774+0000] {logging_mixin.py:150} INFO - [2023-08-10T17:44:22.774+0000] {dag.py:2742} INFO - Sync 1 DAGs
[2023-08-10T17:44:22.859+0000] {logging_mixin.py:150} INFO - [2023-08-10T17:44:22.859+0000] {dag.py:3508} INFO - Setting next_dagrun for example_branch_dop_operator_v3 to 2023-08-10T17:43:00+00:00, run_after=2023-08-10T17:44:00+00:00
[2023-08-10T17:44:22.902+0000] {processor.py:179} INFO - Processing /home/airflow/.local/lib/python3.7/site-packages/airflow/example_dags/example_branch_python_dop_operator_3.py took 0.216 seconds
[2023-08-10T17:44:53.385+0000] {processor.py:157} INFO - Started process (PID=409) to work on /home/airflow/.local/lib/python3.7/site-packages/airflow/example_dags/example_branch_python_dop_operator_3.py
[2023-08-10T17:44:53.387+0000] {processor.py:826} INFO - Processing file /home/airflow/.local/lib/python3.7/site-packages/airflow/example_dags/example_branch_python_dop_operator_3.py for tasks to queue
[2023-08-10T17:44:53.388+0000] {logging_mixin.py:150} INFO - [2023-08-10T17:44:53.387+0000] {dagbag.py:541} INFO - Filling up the DagBag from /home/airflow/.local/lib/python3.7/site-packages/airflow/example_dags/example_branch_python_dop_operator_3.py
[2023-08-10T17:44:53.400+0000] {processor.py:836} INFO - DAG(s) dict_keys(['example_branch_dop_operator_v3']) retrieved from /home/airflow/.local/lib/python3.7/site-packages/airflow/example_dags/example_branch_python_dop_operator_3.py
[2023-08-10T17:44:53.449+0000] {logging_mixin.py:150} INFO - [2023-08-10T17:44:53.449+0000] {dag.py:2742} INFO - Sync 1 DAGs
[2023-08-10T17:44:53.530+0000] {logging_mixin.py:150} INFO - [2023-08-10T17:44:53.529+0000] {dag.py:3508} INFO - Setting next_dagrun for example_branch_dop_operator_v3 to 2023-08-10T17:43:00+00:00, run_after=2023-08-10T17:44:00+00:00
[2023-08-10T17:44:53.589+0000] {processor.py:179} INFO - Processing /home/airflow/.local/lib/python3.7/site-packages/airflow/example_dags/example_branch_python_dop_operator_3.py took 0.208 seconds
[2023-08-10T17:45:24.036+0000] {processor.py:157} INFO - Started process (PID=467) to work on /home/airflow/.local/lib/python3.7/site-packages/airflow/example_dags/example_branch_python_dop_operator_3.py
[2023-08-10T17:45:24.051+0000] {processor.py:826} INFO - Processing file /home/airflow/.local/lib/python3.7/site-packages/airflow/example_dags/example_branch_python_dop_operator_3.py for tasks to queue
[2023-08-10T17:45:24.053+0000] {logging_mixin.py:150} INFO - [2023-08-10T17:45:24.052+0000] {dagbag.py:541} INFO - Filling up the DagBag from /home/airflow/.local/lib/python3.7/site-packages/airflow/example_dags/example_branch_python_dop_operator_3.py
[2023-08-10T17:45:24.078+0000] {processor.py:836} INFO - DAG(s) dict_keys(['example_branch_dop_operator_v3']) retrieved from /home/airflow/.local/lib/python3.7/site-packages/airflow/example_dags/example_branch_python_dop_operator_3.py
[2023-08-10T17:45:24.135+0000] {logging_mixin.py:150} INFO - [2023-08-10T17:45:24.134+0000] {dag.py:2742} INFO - Sync 1 DAGs
[2023-08-10T17:45:24.238+0000] {logging_mixin.py:150} INFO - [2023-08-10T17:45:24.238+0000] {dag.py:3508} INFO - Setting next_dagrun for example_branch_dop_operator_v3 to 2023-08-10T17:44:00+00:00, run_after=2023-08-10T17:45:00+00:00
[2023-08-10T17:45:24.321+0000] {processor.py:179} INFO - Processing /home/airflow/.local/lib/python3.7/site-packages/airflow/example_dags/example_branch_python_dop_operator_3.py took 0.323 seconds
[2023-08-10T17:45:55.321+0000] {processor.py:157} INFO - Started process (PID=525) to work on /home/airflow/.local/lib/python3.7/site-packages/airflow/example_dags/example_branch_python_dop_operator_3.py
[2023-08-10T17:45:55.342+0000] {processor.py:826} INFO - Processing file /home/airflow/.local/lib/python3.7/site-packages/airflow/example_dags/example_branch_python_dop_operator_3.py for tasks to queue
[2023-08-10T17:45:55.345+0000] {logging_mixin.py:150} INFO - [2023-08-10T17:45:55.344+0000] {dagbag.py:541} INFO - Filling up the DagBag from /home/airflow/.local/lib/python3.7/site-packages/airflow/example_dags/example_branch_python_dop_operator_3.py
[2023-08-10T17:45:55.379+0000] {processor.py:836} INFO - DAG(s) dict_keys(['example_branch_dop_operator_v3']) retrieved from /home/airflow/.local/lib/python3.7/site-packages/airflow/example_dags/example_branch_python_dop_operator_3.py
[2023-08-10T17:45:55.476+0000] {logging_mixin.py:150} INFO - [2023-08-10T17:45:55.475+0000] {dag.py:2742} INFO - Sync 1 DAGs
[2023-08-10T17:45:55.596+0000] {logging_mixin.py:150} INFO - [2023-08-10T17:45:55.595+0000] {dag.py:3508} INFO - Setting next_dagrun for example_branch_dop_operator_v3 to 2023-08-10T17:44:00+00:00, run_after=2023-08-10T17:45:00+00:00
[2023-08-10T17:45:55.638+0000] {processor.py:179} INFO - Processing /home/airflow/.local/lib/python3.7/site-packages/airflow/example_dags/example_branch_python_dop_operator_3.py took 0.326 seconds
[2023-08-10T17:46:26.185+0000] {processor.py:157} INFO - Started process (PID=583) to work on /home/airflow/.local/lib/python3.7/site-packages/airflow/example_dags/example_branch_python_dop_operator_3.py
[2023-08-10T17:46:26.208+0000] {processor.py:826} INFO - Processing file /home/airflow/.local/lib/python3.7/site-packages/airflow/example_dags/example_branch_python_dop_operator_3.py for tasks to queue
[2023-08-10T17:46:26.211+0000] {logging_mixin.py:150} INFO - [2023-08-10T17:46:26.210+0000] {dagbag.py:541} INFO - Filling up the DagBag from /home/airflow/.local/lib/python3.7/site-packages/airflow/example_dags/example_branch_python_dop_operator_3.py
[2023-08-10T17:46:26.245+0000] {processor.py:836} INFO - DAG(s) dict_keys(['example_branch_dop_operator_v3']) retrieved from /home/airflow/.local/lib/python3.7/site-packages/airflow/example_dags/example_branch_python_dop_operator_3.py
[2023-08-10T17:46:26.328+0000] {logging_mixin.py:150} INFO - [2023-08-10T17:46:26.328+0000] {dag.py:2742} INFO - Sync 1 DAGs
[2023-08-10T17:46:26.451+0000] {logging_mixin.py:150} INFO - [2023-08-10T17:46:26.451+0000] {dag.py:3508} INFO - Setting next_dagrun for example_branch_dop_operator_v3 to 2023-08-10T17:45:00+00:00, run_after=2023-08-10T17:46:00+00:00
[2023-08-10T17:46:26.519+0000] {processor.py:179} INFO - Processing /home/airflow/.local/lib/python3.7/site-packages/airflow/example_dags/example_branch_python_dop_operator_3.py took 0.347 seconds
[2023-08-10T17:46:58.501+0000] {processor.py:157} INFO - Started process (PID=642) to work on /home/airflow/.local/lib/python3.7/site-packages/airflow/example_dags/example_branch_python_dop_operator_3.py
[2023-08-10T17:46:58.542+0000] {processor.py:826} INFO - Processing file /home/airflow/.local/lib/python3.7/site-packages/airflow/example_dags/example_branch_python_dop_operator_3.py for tasks to queue
[2023-08-10T17:46:58.545+0000] {logging_mixin.py:150} INFO - [2023-08-10T17:46:58.544+0000] {dagbag.py:541} INFO - Filling up the DagBag from /home/airflow/.local/lib/python3.7/site-packages/airflow/example_dags/example_branch_python_dop_operator_3.py
[2023-08-10T17:46:58.592+0000] {processor.py:836} INFO - DAG(s) dict_keys(['example_branch_dop_operator_v3']) retrieved from /home/airflow/.local/lib/python3.7/site-packages/airflow/example_dags/example_branch_python_dop_operator_3.py
[2023-08-10T17:46:58.787+0000] {logging_mixin.py:150} INFO - [2023-08-10T17:46:58.786+0000] {dag.py:2742} INFO - Sync 1 DAGs
[2023-08-10T17:46:58.973+0000] {logging_mixin.py:150} INFO - [2023-08-10T17:46:58.973+0000] {dag.py:3508} INFO - Setting next_dagrun for example_branch_dop_operator_v3 to 2023-08-10T17:45:00+00:00, run_after=2023-08-10T17:46:00+00:00
[2023-08-10T17:46:59.092+0000] {processor.py:179} INFO - Processing /home/airflow/.local/lib/python3.7/site-packages/airflow/example_dags/example_branch_python_dop_operator_3.py took 0.603 seconds
[2023-08-10T17:47:29.905+0000] {processor.py:157} INFO - Started process (PID=700) to work on /home/airflow/.local/lib/python3.7/site-packages/airflow/example_dags/example_branch_python_dop_operator_3.py
[2023-08-10T17:47:29.919+0000] {processor.py:826} INFO - Processing file /home/airflow/.local/lib/python3.7/site-packages/airflow/example_dags/example_branch_python_dop_operator_3.py for tasks to queue
[2023-08-10T17:47:29.921+0000] {logging_mixin.py:150} INFO - [2023-08-10T17:47:29.920+0000] {dagbag.py:541} INFO - Filling up the DagBag from /home/airflow/.local/lib/python3.7/site-packages/airflow/example_dags/example_branch_python_dop_operator_3.py
[2023-08-10T17:47:29.962+0000] {processor.py:836} INFO - DAG(s) dict_keys(['example_branch_dop_operator_v3']) retrieved from /home/airflow/.local/lib/python3.7/site-packages/airflow/example_dags/example_branch_python_dop_operator_3.py
[2023-08-10T17:47:30.076+0000] {logging_mixin.py:150} INFO - [2023-08-10T17:47:30.075+0000] {dag.py:2742} INFO - Sync 1 DAGs
[2023-08-10T17:47:30.201+0000] {logging_mixin.py:150} INFO - [2023-08-10T17:47:30.201+0000] {dag.py:3508} INFO - Setting next_dagrun for example_branch_dop_operator_v3 to 2023-08-10T17:46:00+00:00, run_after=2023-08-10T17:47:00+00:00
[2023-08-10T17:47:30.288+0000] {processor.py:179} INFO - Processing /home/airflow/.local/lib/python3.7/site-packages/airflow/example_dags/example_branch_python_dop_operator_3.py took 0.389 seconds
[2023-08-10T17:48:00.638+0000] {processor.py:157} INFO - Started process (PID=758) to work on /home/airflow/.local/lib/python3.7/site-packages/airflow/example_dags/example_branch_python_dop_operator_3.py
[2023-08-10T17:48:00.641+0000] {processor.py:826} INFO - Processing file /home/airflow/.local/lib/python3.7/site-packages/airflow/example_dags/example_branch_python_dop_operator_3.py for tasks to queue
[2023-08-10T17:48:00.642+0000] {logging_mixin.py:150} INFO - [2023-08-10T17:48:00.642+0000] {dagbag.py:541} INFO - Filling up the DagBag from /home/airflow/.local/lib/python3.7/site-packages/airflow/example_dags/example_branch_python_dop_operator_3.py
[2023-08-10T17:48:00.673+0000] {processor.py:836} INFO - DAG(s) dict_keys(['example_branch_dop_operator_v3']) retrieved from /home/airflow/.local/lib/python3.7/site-packages/airflow/example_dags/example_branch_python_dop_operator_3.py
[2023-08-10T17:48:00.736+0000] {logging_mixin.py:150} INFO - [2023-08-10T17:48:00.736+0000] {dag.py:2742} INFO - Sync 1 DAGs
[2023-08-10T17:48:00.891+0000] {logging_mixin.py:150} INFO - [2023-08-10T17:48:00.890+0000] {dag.py:3508} INFO - Setting next_dagrun for example_branch_dop_operator_v3 to 2023-08-10T17:47:00+00:00, run_after=2023-08-10T17:48:00+00:00
[2023-08-10T17:48:00.967+0000] {processor.py:179} INFO - Processing /home/airflow/.local/lib/python3.7/site-packages/airflow/example_dags/example_branch_python_dop_operator_3.py took 0.350 seconds
[2023-08-10T17:48:31.123+0000] {processor.py:157} INFO - Started process (PID=815) to work on /home/airflow/.local/lib/python3.7/site-packages/airflow/example_dags/example_branch_python_dop_operator_3.py
[2023-08-10T17:48:31.132+0000] {processor.py:826} INFO - Processing file /home/airflow/.local/lib/python3.7/site-packages/airflow/example_dags/example_branch_python_dop_operator_3.py for tasks to queue
[2023-08-10T17:48:31.137+0000] {logging_mixin.py:150} INFO - [2023-08-10T17:48:31.133+0000] {dagbag.py:541} INFO - Filling up the DagBag from /home/airflow/.local/lib/python3.7/site-packages/airflow/example_dags/example_branch_python_dop_operator_3.py
[2023-08-10T17:48:31.183+0000] {processor.py:836} INFO - DAG(s) dict_keys(['example_branch_dop_operator_v3']) retrieved from /home/airflow/.local/lib/python3.7/site-packages/airflow/example_dags/example_branch_python_dop_operator_3.py
[2023-08-10T17:48:31.292+0000] {logging_mixin.py:150} INFO - [2023-08-10T17:48:31.291+0000] {dag.py:2742} INFO - Sync 1 DAGs
[2023-08-10T17:48:31.461+0000] {logging_mixin.py:150} INFO - [2023-08-10T17:48:31.460+0000] {dag.py:3508} INFO - Setting next_dagrun for example_branch_dop_operator_v3 to 2023-08-10T17:47:00+00:00, run_after=2023-08-10T17:48:00+00:00
[2023-08-10T17:48:31.571+0000] {processor.py:179} INFO - Processing /home/airflow/.local/lib/python3.7/site-packages/airflow/example_dags/example_branch_python_dop_operator_3.py took 0.459 seconds
[2023-08-10T17:49:02.243+0000] {processor.py:157} INFO - Started process (PID=873) to work on /home/airflow/.local/lib/python3.7/site-packages/airflow/example_dags/example_branch_python_dop_operator_3.py
[2023-08-10T17:49:02.252+0000] {processor.py:826} INFO - Processing file /home/airflow/.local/lib/python3.7/site-packages/airflow/example_dags/example_branch_python_dop_operator_3.py for tasks to queue
[2023-08-10T17:49:02.254+0000] {logging_mixin.py:150} INFO - [2023-08-10T17:49:02.253+0000] {dagbag.py:541} INFO - Filling up the DagBag from /home/airflow/.local/lib/python3.7/site-packages/airflow/example_dags/example_branch_python_dop_operator_3.py
[2023-08-10T17:49:02.290+0000] {processor.py:836} INFO - DAG(s) dict_keys(['example_branch_dop_operator_v3']) retrieved from /home/airflow/.local/lib/python3.7/site-packages/airflow/example_dags/example_branch_python_dop_operator_3.py
[2023-08-10T17:49:02.422+0000] {logging_mixin.py:150} INFO - [2023-08-10T17:49:02.421+0000] {dag.py:2742} INFO - Sync 1 DAGs
[2023-08-10T17:49:02.562+0000] {logging_mixin.py:150} INFO - [2023-08-10T17:49:02.560+0000] {dag.py:3508} INFO - Setting next_dagrun for example_branch_dop_operator_v3 to 2023-08-10T17:48:00+00:00, run_after=2023-08-10T17:49:00+00:00
[2023-08-10T17:49:02.642+0000] {processor.py:179} INFO - Processing /home/airflow/.local/lib/python3.7/site-packages/airflow/example_dags/example_branch_python_dop_operator_3.py took 0.409 seconds
[2023-08-10T17:49:33.520+0000] {processor.py:157} INFO - Started process (PID=931) to work on /home/airflow/.local/lib/python3.7/site-packages/airflow/example_dags/example_branch_python_dop_operator_3.py
[2023-08-10T17:49:33.521+0000] {processor.py:826} INFO - Processing file /home/airflow/.local/lib/python3.7/site-packages/airflow/example_dags/example_branch_python_dop_operator_3.py for tasks to queue
[2023-08-10T17:49:33.522+0000] {logging_mixin.py:150} INFO - [2023-08-10T17:49:33.522+0000] {dagbag.py:541} INFO - Filling up the DagBag from /home/airflow/.local/lib/python3.7/site-packages/airflow/example_dags/example_branch_python_dop_operator_3.py
[2023-08-10T17:49:33.535+0000] {processor.py:836} INFO - DAG(s) dict_keys(['example_branch_dop_operator_v3']) retrieved from /home/airflow/.local/lib/python3.7/site-packages/airflow/example_dags/example_branch_python_dop_operator_3.py
[2023-08-10T17:49:33.577+0000] {logging_mixin.py:150} INFO - [2023-08-10T17:49:33.577+0000] {dag.py:2742} INFO - Sync 1 DAGs
[2023-08-10T17:49:33.645+0000] {logging_mixin.py:150} INFO - [2023-08-10T17:49:33.644+0000] {dag.py:3508} INFO - Setting next_dagrun for example_branch_dop_operator_v3 to 2023-08-10T17:48:00+00:00, run_after=2023-08-10T17:49:00+00:00
[2023-08-10T17:49:33.692+0000] {processor.py:179} INFO - Processing /home/airflow/.local/lib/python3.7/site-packages/airflow/example_dags/example_branch_python_dop_operator_3.py took 0.177 seconds
[2023-08-10T17:50:04.021+0000] {processor.py:157} INFO - Started process (PID=989) to work on /home/airflow/.local/lib/python3.7/site-packages/airflow/example_dags/example_branch_python_dop_operator_3.py
[2023-08-10T17:50:04.032+0000] {processor.py:826} INFO - Processing file /home/airflow/.local/lib/python3.7/site-packages/airflow/example_dags/example_branch_python_dop_operator_3.py for tasks to queue
[2023-08-10T17:50:04.034+0000] {logging_mixin.py:150} INFO - [2023-08-10T17:50:04.033+0000] {dagbag.py:541} INFO - Filling up the DagBag from /home/airflow/.local/lib/python3.7/site-packages/airflow/example_dags/example_branch_python_dop_operator_3.py
[2023-08-10T17:50:04.047+0000] {processor.py:836} INFO - DAG(s) dict_keys(['example_branch_dop_operator_v3']) retrieved from /home/airflow/.local/lib/python3.7/site-packages/airflow/example_dags/example_branch_python_dop_operator_3.py
[2023-08-10T17:50:04.081+0000] {logging_mixin.py:150} INFO - [2023-08-10T17:50:04.080+0000] {dag.py:2742} INFO - Sync 1 DAGs
[2023-08-10T17:50:04.170+0000] {logging_mixin.py:150} INFO - [2023-08-10T17:50:04.170+0000] {dag.py:3508} INFO - Setting next_dagrun for example_branch_dop_operator_v3 to 2023-08-10T17:49:00+00:00, run_after=2023-08-10T17:50:00+00:00
[2023-08-10T17:50:04.243+0000] {processor.py:179} INFO - Processing /home/airflow/.local/lib/python3.7/site-packages/airflow/example_dags/example_branch_python_dop_operator_3.py took 0.226 seconds
[2023-08-10T17:50:34.402+0000] {processor.py:157} INFO - Started process (PID=1046) to work on /home/airflow/.local/lib/python3.7/site-packages/airflow/example_dags/example_branch_python_dop_operator_3.py
[2023-08-10T17:50:34.415+0000] {processor.py:826} INFO - Processing file /home/airflow/.local/lib/python3.7/site-packages/airflow/example_dags/example_branch_python_dop_operator_3.py for tasks to queue
[2023-08-10T17:50:34.417+0000] {logging_mixin.py:150} INFO - [2023-08-10T17:50:34.417+0000] {dagbag.py:541} INFO - Filling up the DagBag from /home/airflow/.local/lib/python3.7/site-packages/airflow/example_dags/example_branch_python_dop_operator_3.py
[2023-08-10T17:50:34.434+0000] {processor.py:836} INFO - DAG(s) dict_keys(['example_branch_dop_operator_v3']) retrieved from /home/airflow/.local/lib/python3.7/site-packages/airflow/example_dags/example_branch_python_dop_operator_3.py
[2023-08-10T17:50:34.469+0000] {logging_mixin.py:150} INFO - [2023-08-10T17:50:34.469+0000] {dag.py:2742} INFO - Sync 1 DAGs
[2023-08-10T17:50:34.517+0000] {logging_mixin.py:150} INFO - [2023-08-10T17:50:34.517+0000] {dag.py:3508} INFO - Setting next_dagrun for example_branch_dop_operator_v3 to 2023-08-10T17:49:00+00:00, run_after=2023-08-10T17:50:00+00:00
[2023-08-10T17:50:34.568+0000] {processor.py:179} INFO - Processing /home/airflow/.local/lib/python3.7/site-packages/airflow/example_dags/example_branch_python_dop_operator_3.py took 0.172 seconds
[2023-08-10T17:51:04.797+0000] {processor.py:157} INFO - Started process (PID=1103) to work on /home/airflow/.local/lib/python3.7/site-packages/airflow/example_dags/example_branch_python_dop_operator_3.py
[2023-08-10T17:51:04.823+0000] {processor.py:826} INFO - Processing file /home/airflow/.local/lib/python3.7/site-packages/airflow/example_dags/example_branch_python_dop_operator_3.py for tasks to queue
[2023-08-10T17:51:04.825+0000] {logging_mixin.py:150} INFO - [2023-08-10T17:51:04.824+0000] {dagbag.py:541} INFO - Filling up the DagBag from /home/airflow/.local/lib/python3.7/site-packages/airflow/example_dags/example_branch_python_dop_operator_3.py
[2023-08-10T17:51:04.837+0000] {processor.py:836} INFO - DAG(s) dict_keys(['example_branch_dop_operator_v3']) retrieved from /home/airflow/.local/lib/python3.7/site-packages/airflow/example_dags/example_branch_python_dop_operator_3.py
[2023-08-10T17:51:04.877+0000] {logging_mixin.py:150} INFO - [2023-08-10T17:51:04.877+0000] {dag.py:2742} INFO - Sync 1 DAGs
[2023-08-10T17:51:04.948+0000] {logging_mixin.py:150} INFO - [2023-08-10T17:51:04.947+0000] {dag.py:3508} INFO - Setting next_dagrun for example_branch_dop_operator_v3 to 2023-08-10T17:50:00+00:00, run_after=2023-08-10T17:51:00+00:00
[2023-08-10T17:51:04.985+0000] {processor.py:179} INFO - Processing /home/airflow/.local/lib/python3.7/site-packages/airflow/example_dags/example_branch_python_dop_operator_3.py took 0.192 seconds
[2023-08-10T17:51:35.616+0000] {processor.py:157} INFO - Started process (PID=1160) to work on /home/airflow/.local/lib/python3.7/site-packages/airflow/example_dags/example_branch_python_dop_operator_3.py
[2023-08-10T17:51:35.623+0000] {processor.py:826} INFO - Processing file /home/airflow/.local/lib/python3.7/site-packages/airflow/example_dags/example_branch_python_dop_operator_3.py for tasks to queue
[2023-08-10T17:51:35.625+0000] {logging_mixin.py:150} INFO - [2023-08-10T17:51:35.624+0000] {dagbag.py:541} INFO - Filling up the DagBag from /home/airflow/.local/lib/python3.7/site-packages/airflow/example_dags/example_branch_python_dop_operator_3.py
[2023-08-10T17:51:35.659+0000] {processor.py:836} INFO - DAG(s) dict_keys(['example_branch_dop_operator_v3']) retrieved from /home/airflow/.local/lib/python3.7/site-packages/airflow/example_dags/example_branch_python_dop_operator_3.py
[2023-08-10T17:51:35.732+0000] {logging_mixin.py:150} INFO - [2023-08-10T17:51:35.732+0000] {dag.py:2742} INFO - Sync 1 DAGs
[2023-08-10T17:51:35.847+0000] {logging_mixin.py:150} INFO - [2023-08-10T17:51:35.847+0000] {dag.py:3508} INFO - Setting next_dagrun for example_branch_dop_operator_v3 to 2023-08-10T17:50:00+00:00, run_after=2023-08-10T17:51:00+00:00
[2023-08-10T17:51:36.002+0000] {processor.py:179} INFO - Processing /home/airflow/.local/lib/python3.7/site-packages/airflow/example_dags/example_branch_python_dop_operator_3.py took 0.395 seconds
[2023-08-10T17:52:06.256+0000] {processor.py:157} INFO - Started process (PID=1221) to work on /home/airflow/.local/lib/python3.7/site-packages/airflow/example_dags/example_branch_python_dop_operator_3.py
[2023-08-10T17:52:06.258+0000] {processor.py:826} INFO - Processing file /home/airflow/.local/lib/python3.7/site-packages/airflow/example_dags/example_branch_python_dop_operator_3.py for tasks to queue
[2023-08-10T17:52:06.260+0000] {logging_mixin.py:150} INFO - [2023-08-10T17:52:06.260+0000] {dagbag.py:541} INFO - Filling up the DagBag from /home/airflow/.local/lib/python3.7/site-packages/airflow/example_dags/example_branch_python_dop_operator_3.py
[2023-08-10T17:52:06.277+0000] {processor.py:836} INFO - DAG(s) dict_keys(['example_branch_dop_operator_v3']) retrieved from /home/airflow/.local/lib/python3.7/site-packages/airflow/example_dags/example_branch_python_dop_operator_3.py
[2023-08-10T17:52:06.330+0000] {logging_mixin.py:150} INFO - [2023-08-10T17:52:06.330+0000] {dag.py:2742} INFO - Sync 1 DAGs
[2023-08-10T17:52:06.424+0000] {logging_mixin.py:150} INFO - [2023-08-10T17:52:06.423+0000] {dag.py:3508} INFO - Setting next_dagrun for example_branch_dop_operator_v3 to 2023-08-10T17:51:00+00:00, run_after=2023-08-10T17:52:00+00:00
[2023-08-10T17:52:06.520+0000] {processor.py:179} INFO - Processing /home/airflow/.local/lib/python3.7/site-packages/airflow/example_dags/example_branch_python_dop_operator_3.py took 0.272 seconds
