[2023-08-10T17:41:15.070+0000] {processor.py:157} INFO - Started process (PID=39) to work on /home/airflow/.local/lib/python3.7/site-packages/airflow/example_dags/example_branch_operator.py
[2023-08-10T17:41:15.071+0000] {processor.py:826} INFO - Processing file /home/airflow/.local/lib/python3.7/site-packages/airflow/example_dags/example_branch_operator.py for tasks to queue
[2023-08-10T17:41:15.073+0000] {logging_mixin.py:150} INFO - [2023-08-10T17:41:15.072+0000] {dagbag.py:541} INFO - Filling up the DagBag from /home/airflow/.local/lib/python3.7/site-packages/airflow/example_dags/example_branch_operator.py
[2023-08-10T17:41:15.470+0000] {processor.py:836} INFO - DAG(s) dict_keys(['example_branch_operator']) retrieved from /home/airflow/.local/lib/python3.7/site-packages/airflow/example_dags/example_branch_operator.py
[2023-08-10T17:41:17.190+0000] {logging_mixin.py:150} INFO - [2023-08-10T17:41:17.190+0000] {manager.py:504} INFO - Created Permission View: can edit on DAG:example_branch_operator
[2023-08-10T17:41:17.293+0000] {logging_mixin.py:150} INFO - [2023-08-10T17:41:17.292+0000] {manager.py:504} INFO - Created Permission View: can delete on DAG:example_branch_operator
[2023-08-10T17:41:17.349+0000] {logging_mixin.py:150} INFO - [2023-08-10T17:41:17.349+0000] {manager.py:504} INFO - Created Permission View: can read on DAG:example_branch_operator
[2023-08-10T17:41:17.528+0000] {logging_mixin.py:150} INFO - [2023-08-10T17:41:17.528+0000] {dag.py:2742} INFO - Sync 1 DAGs
[2023-08-10T17:41:17.621+0000] {logging_mixin.py:150} INFO - [2023-08-10T17:41:17.620+0000] {dag.py:2763} INFO - Creating ORM DAG for example_branch_operator
[2023-08-10T17:41:17.945+0000] {logging_mixin.py:150} INFO - [2023-08-10T17:41:17.945+0000] {dag.py:3508} INFO - Setting next_dagrun for example_branch_operator to 2023-08-09T00:00:00+00:00, run_after=2023-08-10T00:00:00+00:00
[2023-08-10T17:41:18.289+0000] {processor.py:179} INFO - Processing /home/airflow/.local/lib/python3.7/site-packages/airflow/example_dags/example_branch_operator.py took 3.269 seconds
[2023-08-10T17:41:56.812+0000] {processor.py:157} INFO - Started process (PID=96) to work on /home/airflow/.local/lib/python3.7/site-packages/airflow/example_dags/example_branch_operator.py
[2023-08-10T17:41:56.813+0000] {processor.py:826} INFO - Processing file /home/airflow/.local/lib/python3.7/site-packages/airflow/example_dags/example_branch_operator.py for tasks to queue
[2023-08-10T17:41:56.815+0000] {logging_mixin.py:150} INFO - [2023-08-10T17:41:56.814+0000] {dagbag.py:541} INFO - Filling up the DagBag from /home/airflow/.local/lib/python3.7/site-packages/airflow/example_dags/example_branch_operator.py
[2023-08-10T17:41:56.836+0000] {processor.py:836} INFO - DAG(s) dict_keys(['example_branch_operator']) retrieved from /home/airflow/.local/lib/python3.7/site-packages/airflow/example_dags/example_branch_operator.py
[2023-08-10T17:41:56.899+0000] {logging_mixin.py:150} INFO - [2023-08-10T17:41:56.898+0000] {dag.py:2742} INFO - Sync 1 DAGs
[2023-08-10T17:41:57.021+0000] {logging_mixin.py:150} INFO - [2023-08-10T17:41:57.019+0000] {dag.py:3508} INFO - Setting next_dagrun for example_branch_operator to 2023-08-09T00:00:00+00:00, run_after=2023-08-10T00:00:00+00:00
[2023-08-10T17:41:57.094+0000] {processor.py:179} INFO - Processing /home/airflow/.local/lib/python3.7/site-packages/airflow/example_dags/example_branch_operator.py took 0.288 seconds
[2023-08-10T17:42:28.686+0000] {processor.py:157} INFO - Started process (PID=150) to work on /home/airflow/.local/lib/python3.7/site-packages/airflow/example_dags/example_branch_operator.py
[2023-08-10T17:42:28.694+0000] {processor.py:826} INFO - Processing file /home/airflow/.local/lib/python3.7/site-packages/airflow/example_dags/example_branch_operator.py for tasks to queue
[2023-08-10T17:42:28.712+0000] {logging_mixin.py:150} INFO - [2023-08-10T17:42:28.695+0000] {dagbag.py:541} INFO - Filling up the DagBag from /home/airflow/.local/lib/python3.7/site-packages/airflow/example_dags/example_branch_operator.py
[2023-08-10T17:42:28.869+0000] {processor.py:836} INFO - DAG(s) dict_keys(['example_branch_operator']) retrieved from /home/airflow/.local/lib/python3.7/site-packages/airflow/example_dags/example_branch_operator.py
[2023-08-10T17:42:29.826+0000] {logging_mixin.py:150} INFO - [2023-08-10T17:42:29.825+0000] {dag.py:2742} INFO - Sync 1 DAGs
[2023-08-10T17:42:29.998+0000] {logging_mixin.py:150} INFO - [2023-08-10T17:42:29.997+0000] {dag.py:3508} INFO - Setting next_dagrun for example_branch_operator to 2023-08-09T00:00:00+00:00, run_after=2023-08-10T00:00:00+00:00
[2023-08-10T17:42:30.174+0000] {processor.py:179} INFO - Processing /home/airflow/.local/lib/python3.7/site-packages/airflow/example_dags/example_branch_operator.py took 1.495 seconds
[2023-08-10T17:43:00.555+0000] {processor.py:157} INFO - Started process (PID=207) to work on /home/airflow/.local/lib/python3.7/site-packages/airflow/example_dags/example_branch_operator.py
[2023-08-10T17:43:00.564+0000] {processor.py:826} INFO - Processing file /home/airflow/.local/lib/python3.7/site-packages/airflow/example_dags/example_branch_operator.py for tasks to queue
[2023-08-10T17:43:00.579+0000] {logging_mixin.py:150} INFO - [2023-08-10T17:43:00.565+0000] {dagbag.py:541} INFO - Filling up the DagBag from /home/airflow/.local/lib/python3.7/site-packages/airflow/example_dags/example_branch_operator.py
[2023-08-10T17:43:00.683+0000] {processor.py:836} INFO - DAG(s) dict_keys(['example_branch_operator']) retrieved from /home/airflow/.local/lib/python3.7/site-packages/airflow/example_dags/example_branch_operator.py
[2023-08-10T17:43:01.129+0000] {logging_mixin.py:150} INFO - [2023-08-10T17:43:01.129+0000] {dag.py:2742} INFO - Sync 1 DAGs
[2023-08-10T17:43:01.228+0000] {logging_mixin.py:150} INFO - [2023-08-10T17:43:01.225+0000] {dag.py:3508} INFO - Setting next_dagrun for example_branch_operator to 2023-08-09T00:00:00+00:00, run_after=2023-08-10T00:00:00+00:00
[2023-08-10T17:43:01.346+0000] {processor.py:179} INFO - Processing /home/airflow/.local/lib/python3.7/site-packages/airflow/example_dags/example_branch_operator.py took 0.853 seconds
[2023-08-10T17:43:31.535+0000] {processor.py:157} INFO - Started process (PID=266) to work on /home/airflow/.local/lib/python3.7/site-packages/airflow/example_dags/example_branch_operator.py
[2023-08-10T17:43:31.537+0000] {processor.py:826} INFO - Processing file /home/airflow/.local/lib/python3.7/site-packages/airflow/example_dags/example_branch_operator.py for tasks to queue
[2023-08-10T17:43:31.539+0000] {logging_mixin.py:150} INFO - [2023-08-10T17:43:31.538+0000] {dagbag.py:541} INFO - Filling up the DagBag from /home/airflow/.local/lib/python3.7/site-packages/airflow/example_dags/example_branch_operator.py
[2023-08-10T17:43:31.561+0000] {processor.py:836} INFO - DAG(s) dict_keys(['example_branch_operator']) retrieved from /home/airflow/.local/lib/python3.7/site-packages/airflow/example_dags/example_branch_operator.py
[2023-08-10T17:43:31.633+0000] {logging_mixin.py:150} INFO - [2023-08-10T17:43:31.633+0000] {dag.py:2742} INFO - Sync 1 DAGs
[2023-08-10T17:43:31.706+0000] {logging_mixin.py:150} INFO - [2023-08-10T17:43:31.706+0000] {dag.py:3508} INFO - Setting next_dagrun for example_branch_operator to 2023-08-09T00:00:00+00:00, run_after=2023-08-10T00:00:00+00:00
[2023-08-10T17:43:31.754+0000] {processor.py:179} INFO - Processing /home/airflow/.local/lib/python3.7/site-packages/airflow/example_dags/example_branch_operator.py took 0.224 seconds
[2023-08-10T17:44:01.990+0000] {processor.py:157} INFO - Started process (PID=324) to work on /home/airflow/.local/lib/python3.7/site-packages/airflow/example_dags/example_branch_operator.py
[2023-08-10T17:44:01.993+0000] {processor.py:826} INFO - Processing file /home/airflow/.local/lib/python3.7/site-packages/airflow/example_dags/example_branch_operator.py for tasks to queue
[2023-08-10T17:44:01.998+0000] {logging_mixin.py:150} INFO - [2023-08-10T17:44:01.997+0000] {dagbag.py:541} INFO - Filling up the DagBag from /home/airflow/.local/lib/python3.7/site-packages/airflow/example_dags/example_branch_operator.py
[2023-08-10T17:44:02.021+0000] {processor.py:836} INFO - DAG(s) dict_keys(['example_branch_operator']) retrieved from /home/airflow/.local/lib/python3.7/site-packages/airflow/example_dags/example_branch_operator.py
[2023-08-10T17:44:02.074+0000] {logging_mixin.py:150} INFO - [2023-08-10T17:44:02.073+0000] {dag.py:2742} INFO - Sync 1 DAGs
[2023-08-10T17:44:02.130+0000] {logging_mixin.py:150} INFO - [2023-08-10T17:44:02.130+0000] {dag.py:3508} INFO - Setting next_dagrun for example_branch_operator to 2023-08-09T00:00:00+00:00, run_after=2023-08-10T00:00:00+00:00
[2023-08-10T17:44:02.187+0000] {processor.py:179} INFO - Processing /home/airflow/.local/lib/python3.7/site-packages/airflow/example_dags/example_branch_operator.py took 0.205 seconds
[2023-08-10T17:44:32.467+0000] {processor.py:157} INFO - Started process (PID=382) to work on /home/airflow/.local/lib/python3.7/site-packages/airflow/example_dags/example_branch_operator.py
[2023-08-10T17:44:32.477+0000] {processor.py:826} INFO - Processing file /home/airflow/.local/lib/python3.7/site-packages/airflow/example_dags/example_branch_operator.py for tasks to queue
[2023-08-10T17:44:32.478+0000] {logging_mixin.py:150} INFO - [2023-08-10T17:44:32.478+0000] {dagbag.py:541} INFO - Filling up the DagBag from /home/airflow/.local/lib/python3.7/site-packages/airflow/example_dags/example_branch_operator.py
[2023-08-10T17:44:32.491+0000] {processor.py:836} INFO - DAG(s) dict_keys(['example_branch_operator']) retrieved from /home/airflow/.local/lib/python3.7/site-packages/airflow/example_dags/example_branch_operator.py
[2023-08-10T17:44:32.530+0000] {logging_mixin.py:150} INFO - [2023-08-10T17:44:32.530+0000] {dag.py:2742} INFO - Sync 1 DAGs
[2023-08-10T17:44:32.574+0000] {logging_mixin.py:150} INFO - [2023-08-10T17:44:32.573+0000] {dag.py:3508} INFO - Setting next_dagrun for example_branch_operator to 2023-08-09T00:00:00+00:00, run_after=2023-08-10T00:00:00+00:00
[2023-08-10T17:44:32.607+0000] {processor.py:179} INFO - Processing /home/airflow/.local/lib/python3.7/site-packages/airflow/example_dags/example_branch_operator.py took 0.144 seconds
[2023-08-10T17:45:02.812+0000] {processor.py:157} INFO - Started process (PID=440) to work on /home/airflow/.local/lib/python3.7/site-packages/airflow/example_dags/example_branch_operator.py
[2023-08-10T17:45:02.813+0000] {processor.py:826} INFO - Processing file /home/airflow/.local/lib/python3.7/site-packages/airflow/example_dags/example_branch_operator.py for tasks to queue
[2023-08-10T17:45:02.814+0000] {logging_mixin.py:150} INFO - [2023-08-10T17:45:02.814+0000] {dagbag.py:541} INFO - Filling up the DagBag from /home/airflow/.local/lib/python3.7/site-packages/airflow/example_dags/example_branch_operator.py
[2023-08-10T17:45:02.834+0000] {processor.py:836} INFO - DAG(s) dict_keys(['example_branch_operator']) retrieved from /home/airflow/.local/lib/python3.7/site-packages/airflow/example_dags/example_branch_operator.py
[2023-08-10T17:45:02.919+0000] {logging_mixin.py:150} INFO - [2023-08-10T17:45:02.918+0000] {dag.py:2742} INFO - Sync 1 DAGs
[2023-08-10T17:45:03.004+0000] {logging_mixin.py:150} INFO - [2023-08-10T17:45:03.004+0000] {dag.py:3508} INFO - Setting next_dagrun for example_branch_operator to 2023-08-09T00:00:00+00:00, run_after=2023-08-10T00:00:00+00:00
[2023-08-10T17:45:03.054+0000] {processor.py:179} INFO - Processing /home/airflow/.local/lib/python3.7/site-packages/airflow/example_dags/example_branch_operator.py took 0.246 seconds
[2023-08-10T17:45:33.351+0000] {processor.py:157} INFO - Started process (PID=498) to work on /home/airflow/.local/lib/python3.7/site-packages/airflow/example_dags/example_branch_operator.py
[2023-08-10T17:45:33.370+0000] {processor.py:826} INFO - Processing file /home/airflow/.local/lib/python3.7/site-packages/airflow/example_dags/example_branch_operator.py for tasks to queue
[2023-08-10T17:45:33.371+0000] {logging_mixin.py:150} INFO - [2023-08-10T17:45:33.371+0000] {dagbag.py:541} INFO - Filling up the DagBag from /home/airflow/.local/lib/python3.7/site-packages/airflow/example_dags/example_branch_operator.py
[2023-08-10T17:45:33.385+0000] {processor.py:836} INFO - DAG(s) dict_keys(['example_branch_operator']) retrieved from /home/airflow/.local/lib/python3.7/site-packages/airflow/example_dags/example_branch_operator.py
[2023-08-10T17:45:33.447+0000] {logging_mixin.py:150} INFO - [2023-08-10T17:45:33.446+0000] {dag.py:2742} INFO - Sync 1 DAGs
[2023-08-10T17:45:33.501+0000] {logging_mixin.py:150} INFO - [2023-08-10T17:45:33.501+0000] {dag.py:3508} INFO - Setting next_dagrun for example_branch_operator to 2023-08-09T00:00:00+00:00, run_after=2023-08-10T00:00:00+00:00
[2023-08-10T17:45:33.554+0000] {processor.py:179} INFO - Processing /home/airflow/.local/lib/python3.7/site-packages/airflow/example_dags/example_branch_operator.py took 0.207 seconds
[2023-08-10T17:46:04.007+0000] {processor.py:157} INFO - Started process (PID=556) to work on /home/airflow/.local/lib/python3.7/site-packages/airflow/example_dags/example_branch_operator.py
[2023-08-10T17:46:04.009+0000] {processor.py:826} INFO - Processing file /home/airflow/.local/lib/python3.7/site-packages/airflow/example_dags/example_branch_operator.py for tasks to queue
[2023-08-10T17:46:04.010+0000] {logging_mixin.py:150} INFO - [2023-08-10T17:46:04.009+0000] {dagbag.py:541} INFO - Filling up the DagBag from /home/airflow/.local/lib/python3.7/site-packages/airflow/example_dags/example_branch_operator.py
[2023-08-10T17:46:04.026+0000] {processor.py:836} INFO - DAG(s) dict_keys(['example_branch_operator']) retrieved from /home/airflow/.local/lib/python3.7/site-packages/airflow/example_dags/example_branch_operator.py
[2023-08-10T17:46:04.063+0000] {logging_mixin.py:150} INFO - [2023-08-10T17:46:04.062+0000] {dag.py:2742} INFO - Sync 1 DAGs
[2023-08-10T17:46:04.120+0000] {logging_mixin.py:150} INFO - [2023-08-10T17:46:04.120+0000] {dag.py:3508} INFO - Setting next_dagrun for example_branch_operator to 2023-08-09T00:00:00+00:00, run_after=2023-08-10T00:00:00+00:00
[2023-08-10T17:46:04.161+0000] {processor.py:179} INFO - Processing /home/airflow/.local/lib/python3.7/site-packages/airflow/example_dags/example_branch_operator.py took 0.158 seconds
[2023-08-10T17:46:34.842+0000] {processor.py:157} INFO - Started process (PID=615) to work on /home/airflow/.local/lib/python3.7/site-packages/airflow/example_dags/example_branch_operator.py
[2023-08-10T17:46:34.865+0000] {processor.py:826} INFO - Processing file /home/airflow/.local/lib/python3.7/site-packages/airflow/example_dags/example_branch_operator.py for tasks to queue
[2023-08-10T17:46:34.867+0000] {logging_mixin.py:150} INFO - [2023-08-10T17:46:34.866+0000] {dagbag.py:541} INFO - Filling up the DagBag from /home/airflow/.local/lib/python3.7/site-packages/airflow/example_dags/example_branch_operator.py
[2023-08-10T17:46:34.881+0000] {processor.py:836} INFO - DAG(s) dict_keys(['example_branch_operator']) retrieved from /home/airflow/.local/lib/python3.7/site-packages/airflow/example_dags/example_branch_operator.py
[2023-08-10T17:46:34.923+0000] {logging_mixin.py:150} INFO - [2023-08-10T17:46:34.923+0000] {dag.py:2742} INFO - Sync 1 DAGs
[2023-08-10T17:46:34.966+0000] {logging_mixin.py:150} INFO - [2023-08-10T17:46:34.966+0000] {dag.py:3508} INFO - Setting next_dagrun for example_branch_operator to 2023-08-09T00:00:00+00:00, run_after=2023-08-10T00:00:00+00:00
[2023-08-10T17:46:35.004+0000] {processor.py:179} INFO - Processing /home/airflow/.local/lib/python3.7/site-packages/airflow/example_dags/example_branch_operator.py took 0.167 seconds
[2023-08-10T17:47:05.107+0000] {processor.py:157} INFO - Started process (PID=673) to work on /home/airflow/.local/lib/python3.7/site-packages/airflow/example_dags/example_branch_operator.py
[2023-08-10T17:47:05.114+0000] {processor.py:826} INFO - Processing file /home/airflow/.local/lib/python3.7/site-packages/airflow/example_dags/example_branch_operator.py for tasks to queue
[2023-08-10T17:47:05.116+0000] {logging_mixin.py:150} INFO - [2023-08-10T17:47:05.115+0000] {dagbag.py:541} INFO - Filling up the DagBag from /home/airflow/.local/lib/python3.7/site-packages/airflow/example_dags/example_branch_operator.py
[2023-08-10T17:47:05.160+0000] {processor.py:836} INFO - DAG(s) dict_keys(['example_branch_operator']) retrieved from /home/airflow/.local/lib/python3.7/site-packages/airflow/example_dags/example_branch_operator.py
[2023-08-10T17:47:05.409+0000] {logging_mixin.py:150} INFO - [2023-08-10T17:47:05.409+0000] {dag.py:2742} INFO - Sync 1 DAGs
[2023-08-10T17:47:05.621+0000] {logging_mixin.py:150} INFO - [2023-08-10T17:47:05.620+0000] {dag.py:3508} INFO - Setting next_dagrun for example_branch_operator to 2023-08-09T00:00:00+00:00, run_after=2023-08-10T00:00:00+00:00
[2023-08-10T17:47:05.729+0000] {processor.py:179} INFO - Processing /home/airflow/.local/lib/python3.7/site-packages/airflow/example_dags/example_branch_operator.py took 0.633 seconds
[2023-08-10T17:47:36.230+0000] {processor.py:157} INFO - Started process (PID=726) to work on /home/airflow/.local/lib/python3.7/site-packages/airflow/example_dags/example_branch_operator.py
[2023-08-10T17:47:36.232+0000] {processor.py:826} INFO - Processing file /home/airflow/.local/lib/python3.7/site-packages/airflow/example_dags/example_branch_operator.py for tasks to queue
[2023-08-10T17:47:36.234+0000] {logging_mixin.py:150} INFO - [2023-08-10T17:47:36.233+0000] {dagbag.py:541} INFO - Filling up the DagBag from /home/airflow/.local/lib/python3.7/site-packages/airflow/example_dags/example_branch_operator.py
[2023-08-10T17:47:36.254+0000] {processor.py:836} INFO - DAG(s) dict_keys(['example_branch_operator']) retrieved from /home/airflow/.local/lib/python3.7/site-packages/airflow/example_dags/example_branch_operator.py
[2023-08-10T17:47:36.349+0000] {logging_mixin.py:150} INFO - [2023-08-10T17:47:36.349+0000] {dag.py:2742} INFO - Sync 1 DAGs
[2023-08-10T17:47:36.450+0000] {logging_mixin.py:150} INFO - [2023-08-10T17:47:36.449+0000] {dag.py:3508} INFO - Setting next_dagrun for example_branch_operator to 2023-08-09T00:00:00+00:00, run_after=2023-08-10T00:00:00+00:00
[2023-08-10T17:47:36.485+0000] {processor.py:179} INFO - Processing /home/airflow/.local/lib/python3.7/site-packages/airflow/example_dags/example_branch_operator.py took 0.261 seconds
[2023-08-10T17:48:06.572+0000] {processor.py:157} INFO - Started process (PID=784) to work on /home/airflow/.local/lib/python3.7/site-packages/airflow/example_dags/example_branch_operator.py
[2023-08-10T17:48:06.584+0000] {processor.py:826} INFO - Processing file /home/airflow/.local/lib/python3.7/site-packages/airflow/example_dags/example_branch_operator.py for tasks to queue
[2023-08-10T17:48:06.590+0000] {logging_mixin.py:150} INFO - [2023-08-10T17:48:06.589+0000] {dagbag.py:541} INFO - Filling up the DagBag from /home/airflow/.local/lib/python3.7/site-packages/airflow/example_dags/example_branch_operator.py
[2023-08-10T17:48:06.629+0000] {processor.py:836} INFO - DAG(s) dict_keys(['example_branch_operator']) retrieved from /home/airflow/.local/lib/python3.7/site-packages/airflow/example_dags/example_branch_operator.py
[2023-08-10T17:48:06.752+0000] {logging_mixin.py:150} INFO - [2023-08-10T17:48:06.752+0000] {dag.py:2742} INFO - Sync 1 DAGs
[2023-08-10T17:48:06.851+0000] {logging_mixin.py:150} INFO - [2023-08-10T17:48:06.851+0000] {dag.py:3508} INFO - Setting next_dagrun for example_branch_operator to 2023-08-09T00:00:00+00:00, run_after=2023-08-10T00:00:00+00:00
[2023-08-10T17:48:06.936+0000] {processor.py:179} INFO - Processing /home/airflow/.local/lib/python3.7/site-packages/airflow/example_dags/example_branch_operator.py took 0.388 seconds
[2023-08-10T17:48:37.424+0000] {processor.py:157} INFO - Started process (PID=840) to work on /home/airflow/.local/lib/python3.7/site-packages/airflow/example_dags/example_branch_operator.py
[2023-08-10T17:48:37.433+0000] {processor.py:826} INFO - Processing file /home/airflow/.local/lib/python3.7/site-packages/airflow/example_dags/example_branch_operator.py for tasks to queue
[2023-08-10T17:48:37.436+0000] {logging_mixin.py:150} INFO - [2023-08-10T17:48:37.436+0000] {dagbag.py:541} INFO - Filling up the DagBag from /home/airflow/.local/lib/python3.7/site-packages/airflow/example_dags/example_branch_operator.py
[2023-08-10T17:48:37.519+0000] {processor.py:836} INFO - DAG(s) dict_keys(['example_branch_operator']) retrieved from /home/airflow/.local/lib/python3.7/site-packages/airflow/example_dags/example_branch_operator.py
[2023-08-10T17:48:37.756+0000] {logging_mixin.py:150} INFO - [2023-08-10T17:48:37.755+0000] {dag.py:2742} INFO - Sync 1 DAGs
[2023-08-10T17:48:37.989+0000] {logging_mixin.py:150} INFO - [2023-08-10T17:48:37.988+0000] {dag.py:3508} INFO - Setting next_dagrun for example_branch_operator to 2023-08-09T00:00:00+00:00, run_after=2023-08-10T00:00:00+00:00
[2023-08-10T17:48:38.098+0000] {processor.py:179} INFO - Processing /home/airflow/.local/lib/python3.7/site-packages/airflow/example_dags/example_branch_operator.py took 0.687 seconds
[2023-08-10T17:49:08.501+0000] {processor.py:157} INFO - Started process (PID=897) to work on /home/airflow/.local/lib/python3.7/site-packages/airflow/example_dags/example_branch_operator.py
[2023-08-10T17:49:08.503+0000] {processor.py:826} INFO - Processing file /home/airflow/.local/lib/python3.7/site-packages/airflow/example_dags/example_branch_operator.py for tasks to queue
[2023-08-10T17:49:08.506+0000] {logging_mixin.py:150} INFO - [2023-08-10T17:49:08.504+0000] {dagbag.py:541} INFO - Filling up the DagBag from /home/airflow/.local/lib/python3.7/site-packages/airflow/example_dags/example_branch_operator.py
[2023-08-10T17:49:08.532+0000] {processor.py:836} INFO - DAG(s) dict_keys(['example_branch_operator']) retrieved from /home/airflow/.local/lib/python3.7/site-packages/airflow/example_dags/example_branch_operator.py
[2023-08-10T17:49:08.592+0000] {logging_mixin.py:150} INFO - [2023-08-10T17:49:08.591+0000] {dag.py:2742} INFO - Sync 1 DAGs
[2023-08-10T17:49:08.656+0000] {logging_mixin.py:150} INFO - [2023-08-10T17:49:08.655+0000] {dag.py:3508} INFO - Setting next_dagrun for example_branch_operator to 2023-08-09T00:00:00+00:00, run_after=2023-08-10T00:00:00+00:00
[2023-08-10T17:49:08.716+0000] {processor.py:179} INFO - Processing /home/airflow/.local/lib/python3.7/site-packages/airflow/example_dags/example_branch_operator.py took 0.219 seconds
[2023-08-10T17:49:39.379+0000] {processor.py:157} INFO - Started process (PID=955) to work on /home/airflow/.local/lib/python3.7/site-packages/airflow/example_dags/example_branch_operator.py
[2023-08-10T17:49:39.397+0000] {processor.py:826} INFO - Processing file /home/airflow/.local/lib/python3.7/site-packages/airflow/example_dags/example_branch_operator.py for tasks to queue
[2023-08-10T17:49:39.399+0000] {logging_mixin.py:150} INFO - [2023-08-10T17:49:39.398+0000] {dagbag.py:541} INFO - Filling up the DagBag from /home/airflow/.local/lib/python3.7/site-packages/airflow/example_dags/example_branch_operator.py
[2023-08-10T17:49:39.413+0000] {processor.py:836} INFO - DAG(s) dict_keys(['example_branch_operator']) retrieved from /home/airflow/.local/lib/python3.7/site-packages/airflow/example_dags/example_branch_operator.py
[2023-08-10T17:49:39.463+0000] {logging_mixin.py:150} INFO - [2023-08-10T17:49:39.462+0000] {dag.py:2742} INFO - Sync 1 DAGs
[2023-08-10T17:49:39.526+0000] {logging_mixin.py:150} INFO - [2023-08-10T17:49:39.526+0000] {dag.py:3508} INFO - Setting next_dagrun for example_branch_operator to 2023-08-09T00:00:00+00:00, run_after=2023-08-10T00:00:00+00:00
[2023-08-10T17:49:39.582+0000] {processor.py:179} INFO - Processing /home/airflow/.local/lib/python3.7/site-packages/airflow/example_dags/example_branch_operator.py took 0.207 seconds
[2023-08-10T17:50:10.188+0000] {processor.py:157} INFO - Started process (PID=1013) to work on /home/airflow/.local/lib/python3.7/site-packages/airflow/example_dags/example_branch_operator.py
[2023-08-10T17:50:10.193+0000] {processor.py:826} INFO - Processing file /home/airflow/.local/lib/python3.7/site-packages/airflow/example_dags/example_branch_operator.py for tasks to queue
[2023-08-10T17:50:10.195+0000] {logging_mixin.py:150} INFO - [2023-08-10T17:50:10.195+0000] {dagbag.py:541} INFO - Filling up the DagBag from /home/airflow/.local/lib/python3.7/site-packages/airflow/example_dags/example_branch_operator.py
[2023-08-10T17:50:10.229+0000] {processor.py:836} INFO - DAG(s) dict_keys(['example_branch_operator']) retrieved from /home/airflow/.local/lib/python3.7/site-packages/airflow/example_dags/example_branch_operator.py
[2023-08-10T17:50:10.324+0000] {logging_mixin.py:150} INFO - [2023-08-10T17:50:10.323+0000] {dag.py:2742} INFO - Sync 1 DAGs
[2023-08-10T17:50:10.435+0000] {logging_mixin.py:150} INFO - [2023-08-10T17:50:10.434+0000] {dag.py:3508} INFO - Setting next_dagrun for example_branch_operator to 2023-08-09T00:00:00+00:00, run_after=2023-08-10T00:00:00+00:00
[2023-08-10T17:50:10.517+0000] {processor.py:179} INFO - Processing /home/airflow/.local/lib/python3.7/site-packages/airflow/example_dags/example_branch_operator.py took 0.336 seconds
[2023-08-10T17:50:40.662+0000] {processor.py:157} INFO - Started process (PID=1070) to work on /home/airflow/.local/lib/python3.7/site-packages/airflow/example_dags/example_branch_operator.py
[2023-08-10T17:50:40.684+0000] {processor.py:826} INFO - Processing file /home/airflow/.local/lib/python3.7/site-packages/airflow/example_dags/example_branch_operator.py for tasks to queue
[2023-08-10T17:50:40.685+0000] {logging_mixin.py:150} INFO - [2023-08-10T17:50:40.685+0000] {dagbag.py:541} INFO - Filling up the DagBag from /home/airflow/.local/lib/python3.7/site-packages/airflow/example_dags/example_branch_operator.py
[2023-08-10T17:50:40.698+0000] {processor.py:836} INFO - DAG(s) dict_keys(['example_branch_operator']) retrieved from /home/airflow/.local/lib/python3.7/site-packages/airflow/example_dags/example_branch_operator.py
[2023-08-10T17:50:40.741+0000] {logging_mixin.py:150} INFO - [2023-08-10T17:50:40.741+0000] {dag.py:2742} INFO - Sync 1 DAGs
[2023-08-10T17:50:40.787+0000] {logging_mixin.py:150} INFO - [2023-08-10T17:50:40.787+0000] {dag.py:3508} INFO - Setting next_dagrun for example_branch_operator to 2023-08-09T00:00:00+00:00, run_after=2023-08-10T00:00:00+00:00
[2023-08-10T17:50:40.820+0000] {processor.py:179} INFO - Processing /home/airflow/.local/lib/python3.7/site-packages/airflow/example_dags/example_branch_operator.py took 0.163 seconds
[2023-08-10T17:51:11.016+0000] {processor.py:157} INFO - Started process (PID=1127) to work on /home/airflow/.local/lib/python3.7/site-packages/airflow/example_dags/example_branch_operator.py
[2023-08-10T17:51:11.017+0000] {processor.py:826} INFO - Processing file /home/airflow/.local/lib/python3.7/site-packages/airflow/example_dags/example_branch_operator.py for tasks to queue
[2023-08-10T17:51:11.018+0000] {logging_mixin.py:150} INFO - [2023-08-10T17:51:11.018+0000] {dagbag.py:541} INFO - Filling up the DagBag from /home/airflow/.local/lib/python3.7/site-packages/airflow/example_dags/example_branch_operator.py
[2023-08-10T17:51:11.036+0000] {processor.py:836} INFO - DAG(s) dict_keys(['example_branch_operator']) retrieved from /home/airflow/.local/lib/python3.7/site-packages/airflow/example_dags/example_branch_operator.py
[2023-08-10T17:51:11.077+0000] {logging_mixin.py:150} INFO - [2023-08-10T17:51:11.077+0000] {dag.py:2742} INFO - Sync 1 DAGs
[2023-08-10T17:51:11.124+0000] {logging_mixin.py:150} INFO - [2023-08-10T17:51:11.124+0000] {dag.py:3508} INFO - Setting next_dagrun for example_branch_operator to 2023-08-09T00:00:00+00:00, run_after=2023-08-10T00:00:00+00:00
[2023-08-10T17:51:11.190+0000] {processor.py:179} INFO - Processing /home/airflow/.local/lib/python3.7/site-packages/airflow/example_dags/example_branch_operator.py took 0.178 seconds
[2023-08-10T17:51:41.456+0000] {processor.py:157} INFO - Started process (PID=1187) to work on /home/airflow/.local/lib/python3.7/site-packages/airflow/example_dags/example_branch_operator.py
[2023-08-10T17:51:41.457+0000] {processor.py:826} INFO - Processing file /home/airflow/.local/lib/python3.7/site-packages/airflow/example_dags/example_branch_operator.py for tasks to queue
[2023-08-10T17:51:41.459+0000] {logging_mixin.py:150} INFO - [2023-08-10T17:51:41.458+0000] {dagbag.py:541} INFO - Filling up the DagBag from /home/airflow/.local/lib/python3.7/site-packages/airflow/example_dags/example_branch_operator.py
[2023-08-10T17:51:41.478+0000] {processor.py:836} INFO - DAG(s) dict_keys(['example_branch_operator']) retrieved from /home/airflow/.local/lib/python3.7/site-packages/airflow/example_dags/example_branch_operator.py
[2023-08-10T17:51:41.535+0000] {logging_mixin.py:150} INFO - [2023-08-10T17:51:41.535+0000] {dag.py:2742} INFO - Sync 1 DAGs
[2023-08-10T17:51:41.607+0000] {logging_mixin.py:150} INFO - [2023-08-10T17:51:41.607+0000] {dag.py:3508} INFO - Setting next_dagrun for example_branch_operator to 2023-08-09T00:00:00+00:00, run_after=2023-08-10T00:00:00+00:00
[2023-08-10T17:51:41.647+0000] {processor.py:179} INFO - Processing /home/airflow/.local/lib/python3.7/site-packages/airflow/example_dags/example_branch_operator.py took 0.197 seconds
[2023-08-10T17:52:11.704+0000] {processor.py:157} INFO - Started process (PID=1243) to work on /home/airflow/.local/lib/python3.7/site-packages/airflow/example_dags/example_branch_operator.py
[2023-08-10T17:52:11.710+0000] {processor.py:826} INFO - Processing file /home/airflow/.local/lib/python3.7/site-packages/airflow/example_dags/example_branch_operator.py for tasks to queue
[2023-08-10T17:52:11.712+0000] {logging_mixin.py:150} INFO - [2023-08-10T17:52:11.711+0000] {dagbag.py:541} INFO - Filling up the DagBag from /home/airflow/.local/lib/python3.7/site-packages/airflow/example_dags/example_branch_operator.py
[2023-08-10T17:52:11.759+0000] {processor.py:836} INFO - DAG(s) dict_keys(['example_branch_operator']) retrieved from /home/airflow/.local/lib/python3.7/site-packages/airflow/example_dags/example_branch_operator.py
[2023-08-10T17:52:11.840+0000] {logging_mixin.py:150} INFO - [2023-08-10T17:52:11.837+0000] {dag.py:2742} INFO - Sync 1 DAGs
[2023-08-10T17:52:11.962+0000] {logging_mixin.py:150} INFO - [2023-08-10T17:52:11.957+0000] {dag.py:3508} INFO - Setting next_dagrun for example_branch_operator to 2023-08-09T00:00:00+00:00, run_after=2023-08-10T00:00:00+00:00
[2023-08-10T17:52:12.094+0000] {processor.py:179} INFO - Processing /home/airflow/.local/lib/python3.7/site-packages/airflow/example_dags/example_branch_operator.py took 0.395 seconds
