[2023-08-10T17:41:53.032+0000] {processor.py:157} INFO - Started process (PID=83) to work on /home/airflow/.local/lib/python3.7/site-packages/airflow/example_dags/example_short_circuit_operator.py
[2023-08-10T17:41:53.036+0000] {processor.py:826} INFO - Processing file /home/airflow/.local/lib/python3.7/site-packages/airflow/example_dags/example_short_circuit_operator.py for tasks to queue
[2023-08-10T17:41:53.039+0000] {logging_mixin.py:150} INFO - [2023-08-10T17:41:53.038+0000] {dagbag.py:541} INFO - Filling up the DagBag from /home/airflow/.local/lib/python3.7/site-packages/airflow/example_dags/example_short_circuit_operator.py
[2023-08-10T17:41:53.082+0000] {processor.py:836} INFO - DAG(s) dict_keys(['example_short_circuit_operator']) retrieved from /home/airflow/.local/lib/python3.7/site-packages/airflow/example_dags/example_short_circuit_operator.py
[2023-08-10T17:41:53.705+0000] {logging_mixin.py:150} INFO - [2023-08-10T17:41:53.704+0000] {manager.py:504} INFO - Created Permission View: can edit on DAG:example_short_circuit_operator
[2023-08-10T17:41:53.784+0000] {logging_mixin.py:150} INFO - [2023-08-10T17:41:53.784+0000] {manager.py:504} INFO - Created Permission View: can delete on DAG:example_short_circuit_operator
[2023-08-10T17:41:53.822+0000] {logging_mixin.py:150} INFO - [2023-08-10T17:41:53.822+0000] {manager.py:504} INFO - Created Permission View: can read on DAG:example_short_circuit_operator
[2023-08-10T17:41:53.895+0000] {logging_mixin.py:150} INFO - [2023-08-10T17:41:53.895+0000] {dag.py:2742} INFO - Sync 1 DAGs
[2023-08-10T17:41:53.939+0000] {logging_mixin.py:150} INFO - [2023-08-10T17:41:53.939+0000] {dag.py:2763} INFO - Creating ORM DAG for example_short_circuit_operator
[2023-08-10T17:41:53.969+0000] {logging_mixin.py:150} INFO - [2023-08-10T17:41:53.969+0000] {dag.py:3508} INFO - Setting next_dagrun for example_short_circuit_operator to 2023-08-09T17:41:53.968427+00:00, run_after=2023-08-10T17:41:53.968427+00:00
[2023-08-10T17:41:54.070+0000] {processor.py:179} INFO - Processing /home/airflow/.local/lib/python3.7/site-packages/airflow/example_dags/example_short_circuit_operator.py took 1.047 seconds
[2023-08-10T17:42:24.287+0000] {processor.py:157} INFO - Started process (PID=140) to work on /home/airflow/.local/lib/python3.7/site-packages/airflow/example_dags/example_short_circuit_operator.py
[2023-08-10T17:42:24.296+0000] {processor.py:826} INFO - Processing file /home/airflow/.local/lib/python3.7/site-packages/airflow/example_dags/example_short_circuit_operator.py for tasks to queue
[2023-08-10T17:42:24.303+0000] {logging_mixin.py:150} INFO - [2023-08-10T17:42:24.303+0000] {dagbag.py:541} INFO - Filling up the DagBag from /home/airflow/.local/lib/python3.7/site-packages/airflow/example_dags/example_short_circuit_operator.py
[2023-08-10T17:42:24.334+0000] {processor.py:836} INFO - DAG(s) dict_keys(['example_short_circuit_operator']) retrieved from /home/airflow/.local/lib/python3.7/site-packages/airflow/example_dags/example_short_circuit_operator.py
[2023-08-10T17:42:24.548+0000] {logging_mixin.py:150} INFO - [2023-08-10T17:42:24.548+0000] {dag.py:2742} INFO - Sync 1 DAGs
[2023-08-10T17:42:24.621+0000] {logging_mixin.py:150} INFO - [2023-08-10T17:42:24.621+0000] {dag.py:3508} INFO - Setting next_dagrun for example_short_circuit_operator to 2023-08-09T17:42:24.611894+00:00, run_after=2023-08-10T17:42:24.611894+00:00
[2023-08-10T17:42:24.724+0000] {processor.py:179} INFO - Processing /home/airflow/.local/lib/python3.7/site-packages/airflow/example_dags/example_short_circuit_operator.py took 0.451 seconds
[2023-08-10T17:42:54.838+0000] {processor.py:157} INFO - Started process (PID=197) to work on /home/airflow/.local/lib/python3.7/site-packages/airflow/example_dags/example_short_circuit_operator.py
[2023-08-10T17:42:54.842+0000] {processor.py:826} INFO - Processing file /home/airflow/.local/lib/python3.7/site-packages/airflow/example_dags/example_short_circuit_operator.py for tasks to queue
[2023-08-10T17:42:54.844+0000] {logging_mixin.py:150} INFO - [2023-08-10T17:42:54.843+0000] {dagbag.py:541} INFO - Filling up the DagBag from /home/airflow/.local/lib/python3.7/site-packages/airflow/example_dags/example_short_circuit_operator.py
[2023-08-10T17:42:54.876+0000] {processor.py:836} INFO - DAG(s) dict_keys(['example_short_circuit_operator']) retrieved from /home/airflow/.local/lib/python3.7/site-packages/airflow/example_dags/example_short_circuit_operator.py
[2023-08-10T17:42:55.275+0000] {logging_mixin.py:150} INFO - [2023-08-10T17:42:55.275+0000] {dag.py:2742} INFO - Sync 1 DAGs
[2023-08-10T17:42:55.379+0000] {logging_mixin.py:150} INFO - [2023-08-10T17:42:55.378+0000] {dag.py:3508} INFO - Setting next_dagrun for example_short_circuit_operator to 2023-08-09T17:42:55.371844+00:00, run_after=2023-08-10T17:42:55.371844+00:00
[2023-08-10T17:42:55.457+0000] {processor.py:179} INFO - Processing /home/airflow/.local/lib/python3.7/site-packages/airflow/example_dags/example_short_circuit_operator.py took 0.626 seconds
[2023-08-10T17:43:25.899+0000] {processor.py:157} INFO - Started process (PID=255) to work on /home/airflow/.local/lib/python3.7/site-packages/airflow/example_dags/example_short_circuit_operator.py
[2023-08-10T17:43:25.925+0000] {processor.py:826} INFO - Processing file /home/airflow/.local/lib/python3.7/site-packages/airflow/example_dags/example_short_circuit_operator.py for tasks to queue
[2023-08-10T17:43:25.931+0000] {logging_mixin.py:150} INFO - [2023-08-10T17:43:25.931+0000] {dagbag.py:541} INFO - Filling up the DagBag from /home/airflow/.local/lib/python3.7/site-packages/airflow/example_dags/example_short_circuit_operator.py
[2023-08-10T17:43:25.984+0000] {processor.py:836} INFO - DAG(s) dict_keys(['example_short_circuit_operator']) retrieved from /home/airflow/.local/lib/python3.7/site-packages/airflow/example_dags/example_short_circuit_operator.py
[2023-08-10T17:43:26.064+0000] {logging_mixin.py:150} INFO - [2023-08-10T17:43:26.064+0000] {dag.py:2742} INFO - Sync 1 DAGs
[2023-08-10T17:43:26.144+0000] {logging_mixin.py:150} INFO - [2023-08-10T17:43:26.144+0000] {dag.py:3508} INFO - Setting next_dagrun for example_short_circuit_operator to 2023-08-09T17:43:26.138289+00:00, run_after=2023-08-10T17:43:26.138289+00:00
[2023-08-10T17:43:26.232+0000] {processor.py:179} INFO - Processing /home/airflow/.local/lib/python3.7/site-packages/airflow/example_dags/example_short_circuit_operator.py took 0.384 seconds
[2023-08-10T17:43:56.763+0000] {processor.py:157} INFO - Started process (PID=313) to work on /home/airflow/.local/lib/python3.7/site-packages/airflow/example_dags/example_short_circuit_operator.py
[2023-08-10T17:43:56.765+0000] {processor.py:826} INFO - Processing file /home/airflow/.local/lib/python3.7/site-packages/airflow/example_dags/example_short_circuit_operator.py for tasks to queue
[2023-08-10T17:43:56.766+0000] {logging_mixin.py:150} INFO - [2023-08-10T17:43:56.766+0000] {dagbag.py:541} INFO - Filling up the DagBag from /home/airflow/.local/lib/python3.7/site-packages/airflow/example_dags/example_short_circuit_operator.py
[2023-08-10T17:43:56.788+0000] {processor.py:836} INFO - DAG(s) dict_keys(['example_short_circuit_operator']) retrieved from /home/airflow/.local/lib/python3.7/site-packages/airflow/example_dags/example_short_circuit_operator.py
[2023-08-10T17:43:56.847+0000] {logging_mixin.py:150} INFO - [2023-08-10T17:43:56.846+0000] {dag.py:2742} INFO - Sync 1 DAGs
[2023-08-10T17:43:56.931+0000] {logging_mixin.py:150} INFO - [2023-08-10T17:43:56.931+0000] {dag.py:3508} INFO - Setting next_dagrun for example_short_circuit_operator to 2023-08-09T17:43:56.930868+00:00, run_after=2023-08-10T17:43:56.930868+00:00
[2023-08-10T17:43:56.980+0000] {processor.py:179} INFO - Processing /home/airflow/.local/lib/python3.7/site-packages/airflow/example_dags/example_short_circuit_operator.py took 0.222 seconds
[2023-08-10T17:44:27.181+0000] {processor.py:157} INFO - Started process (PID=371) to work on /home/airflow/.local/lib/python3.7/site-packages/airflow/example_dags/example_short_circuit_operator.py
[2023-08-10T17:44:27.182+0000] {processor.py:826} INFO - Processing file /home/airflow/.local/lib/python3.7/site-packages/airflow/example_dags/example_short_circuit_operator.py for tasks to queue
[2023-08-10T17:44:27.184+0000] {logging_mixin.py:150} INFO - [2023-08-10T17:44:27.183+0000] {dagbag.py:541} INFO - Filling up the DagBag from /home/airflow/.local/lib/python3.7/site-packages/airflow/example_dags/example_short_circuit_operator.py
[2023-08-10T17:44:27.204+0000] {processor.py:836} INFO - DAG(s) dict_keys(['example_short_circuit_operator']) retrieved from /home/airflow/.local/lib/python3.7/site-packages/airflow/example_dags/example_short_circuit_operator.py
[2023-08-10T17:44:27.261+0000] {logging_mixin.py:150} INFO - [2023-08-10T17:44:27.260+0000] {dag.py:2742} INFO - Sync 1 DAGs
[2023-08-10T17:44:27.318+0000] {logging_mixin.py:150} INFO - [2023-08-10T17:44:27.318+0000] {dag.py:3508} INFO - Setting next_dagrun for example_short_circuit_operator to 2023-08-09T17:44:27.315171+00:00, run_after=2023-08-10T17:44:27.315171+00:00
[2023-08-10T17:44:27.361+0000] {processor.py:179} INFO - Processing /home/airflow/.local/lib/python3.7/site-packages/airflow/example_dags/example_short_circuit_operator.py took 0.189 seconds
[2023-08-10T17:44:57.426+0000] {processor.py:157} INFO - Started process (PID=429) to work on /home/airflow/.local/lib/python3.7/site-packages/airflow/example_dags/example_short_circuit_operator.py
[2023-08-10T17:44:57.438+0000] {processor.py:826} INFO - Processing file /home/airflow/.local/lib/python3.7/site-packages/airflow/example_dags/example_short_circuit_operator.py for tasks to queue
[2023-08-10T17:44:57.439+0000] {logging_mixin.py:150} INFO - [2023-08-10T17:44:57.439+0000] {dagbag.py:541} INFO - Filling up the DagBag from /home/airflow/.local/lib/python3.7/site-packages/airflow/example_dags/example_short_circuit_operator.py
[2023-08-10T17:44:57.459+0000] {processor.py:836} INFO - DAG(s) dict_keys(['example_short_circuit_operator']) retrieved from /home/airflow/.local/lib/python3.7/site-packages/airflow/example_dags/example_short_circuit_operator.py
[2023-08-10T17:44:57.535+0000] {logging_mixin.py:150} INFO - [2023-08-10T17:44:57.535+0000] {dag.py:2742} INFO - Sync 1 DAGs
[2023-08-10T17:44:57.598+0000] {logging_mixin.py:150} INFO - [2023-08-10T17:44:57.597+0000] {dag.py:3508} INFO - Setting next_dagrun for example_short_circuit_operator to 2023-08-09T17:44:57.597287+00:00, run_after=2023-08-10T17:44:57.597287+00:00
[2023-08-10T17:44:57.713+0000] {processor.py:179} INFO - Processing /home/airflow/.local/lib/python3.7/site-packages/airflow/example_dags/example_short_circuit_operator.py took 0.292 seconds
[2023-08-10T17:45:28.687+0000] {processor.py:157} INFO - Started process (PID=487) to work on /home/airflow/.local/lib/python3.7/site-packages/airflow/example_dags/example_short_circuit_operator.py
[2023-08-10T17:45:28.703+0000] {processor.py:826} INFO - Processing file /home/airflow/.local/lib/python3.7/site-packages/airflow/example_dags/example_short_circuit_operator.py for tasks to queue
[2023-08-10T17:45:28.704+0000] {logging_mixin.py:150} INFO - [2023-08-10T17:45:28.703+0000] {dagbag.py:541} INFO - Filling up the DagBag from /home/airflow/.local/lib/python3.7/site-packages/airflow/example_dags/example_short_circuit_operator.py
[2023-08-10T17:45:28.721+0000] {processor.py:836} INFO - DAG(s) dict_keys(['example_short_circuit_operator']) retrieved from /home/airflow/.local/lib/python3.7/site-packages/airflow/example_dags/example_short_circuit_operator.py
[2023-08-10T17:45:28.782+0000] {logging_mixin.py:150} INFO - [2023-08-10T17:45:28.782+0000] {dag.py:2742} INFO - Sync 1 DAGs
[2023-08-10T17:45:28.836+0000] {logging_mixin.py:150} INFO - [2023-08-10T17:45:28.835+0000] {dag.py:3508} INFO - Setting next_dagrun for example_short_circuit_operator to 2023-08-09T17:45:28.835469+00:00, run_after=2023-08-10T17:45:28.835469+00:00
[2023-08-10T17:45:28.876+0000] {processor.py:179} INFO - Processing /home/airflow/.local/lib/python3.7/site-packages/airflow/example_dags/example_short_circuit_operator.py took 0.195 seconds
[2023-08-10T17:45:59.639+0000] {processor.py:157} INFO - Started process (PID=540) to work on /home/airflow/.local/lib/python3.7/site-packages/airflow/example_dags/example_short_circuit_operator.py
[2023-08-10T17:45:59.641+0000] {processor.py:826} INFO - Processing file /home/airflow/.local/lib/python3.7/site-packages/airflow/example_dags/example_short_circuit_operator.py for tasks to queue
[2023-08-10T17:45:59.642+0000] {logging_mixin.py:150} INFO - [2023-08-10T17:45:59.642+0000] {dagbag.py:541} INFO - Filling up the DagBag from /home/airflow/.local/lib/python3.7/site-packages/airflow/example_dags/example_short_circuit_operator.py
[2023-08-10T17:45:59.658+0000] {processor.py:836} INFO - DAG(s) dict_keys(['example_short_circuit_operator']) retrieved from /home/airflow/.local/lib/python3.7/site-packages/airflow/example_dags/example_short_circuit_operator.py
[2023-08-10T17:45:59.760+0000] {logging_mixin.py:150} INFO - [2023-08-10T17:45:59.759+0000] {dag.py:2742} INFO - Sync 1 DAGs
[2023-08-10T17:45:59.847+0000] {logging_mixin.py:150} INFO - [2023-08-10T17:45:59.847+0000] {dag.py:3508} INFO - Setting next_dagrun for example_short_circuit_operator to 2023-08-09T17:45:59.847199+00:00, run_after=2023-08-10T17:45:59.847199+00:00
[2023-08-10T17:45:59.909+0000] {processor.py:179} INFO - Processing /home/airflow/.local/lib/python3.7/site-packages/airflow/example_dags/example_short_circuit_operator.py took 0.276 seconds
[2023-08-10T17:46:30.490+0000] {processor.py:157} INFO - Started process (PID=598) to work on /home/airflow/.local/lib/python3.7/site-packages/airflow/example_dags/example_short_circuit_operator.py
[2023-08-10T17:46:30.513+0000] {processor.py:826} INFO - Processing file /home/airflow/.local/lib/python3.7/site-packages/airflow/example_dags/example_short_circuit_operator.py for tasks to queue
[2023-08-10T17:46:30.515+0000] {logging_mixin.py:150} INFO - [2023-08-10T17:46:30.514+0000] {dagbag.py:541} INFO - Filling up the DagBag from /home/airflow/.local/lib/python3.7/site-packages/airflow/example_dags/example_short_circuit_operator.py
[2023-08-10T17:46:30.533+0000] {processor.py:836} INFO - DAG(s) dict_keys(['example_short_circuit_operator']) retrieved from /home/airflow/.local/lib/python3.7/site-packages/airflow/example_dags/example_short_circuit_operator.py
[2023-08-10T17:46:30.612+0000] {logging_mixin.py:150} INFO - [2023-08-10T17:46:30.611+0000] {dag.py:2742} INFO - Sync 1 DAGs
[2023-08-10T17:46:30.705+0000] {logging_mixin.py:150} INFO - [2023-08-10T17:46:30.705+0000] {dag.py:3508} INFO - Setting next_dagrun for example_short_circuit_operator to 2023-08-09T17:46:30.704794+00:00, run_after=2023-08-10T17:46:30.704794+00:00
[2023-08-10T17:46:30.772+0000] {processor.py:179} INFO - Processing /home/airflow/.local/lib/python3.7/site-packages/airflow/example_dags/example_short_circuit_operator.py took 0.289 seconds
[2023-08-10T17:47:03.217+0000] {processor.py:157} INFO - Started process (PID=664) to work on /home/airflow/.local/lib/python3.7/site-packages/airflow/example_dags/example_short_circuit_operator.py
[2023-08-10T17:47:03.234+0000] {processor.py:826} INFO - Processing file /home/airflow/.local/lib/python3.7/site-packages/airflow/example_dags/example_short_circuit_operator.py for tasks to queue
[2023-08-10T17:47:03.238+0000] {logging_mixin.py:150} INFO - [2023-08-10T17:47:03.237+0000] {dagbag.py:541} INFO - Filling up the DagBag from /home/airflow/.local/lib/python3.7/site-packages/airflow/example_dags/example_short_circuit_operator.py
[2023-08-10T17:47:03.272+0000] {processor.py:836} INFO - DAG(s) dict_keys(['example_short_circuit_operator']) retrieved from /home/airflow/.local/lib/python3.7/site-packages/airflow/example_dags/example_short_circuit_operator.py
[2023-08-10T17:47:03.340+0000] {logging_mixin.py:150} INFO - [2023-08-10T17:47:03.340+0000] {dag.py:2742} INFO - Sync 1 DAGs
[2023-08-10T17:47:03.409+0000] {logging_mixin.py:150} INFO - [2023-08-10T17:47:03.409+0000] {dag.py:3508} INFO - Setting next_dagrun for example_short_circuit_operator to 2023-08-09T17:47:03.408857+00:00, run_after=2023-08-10T17:47:03.408857+00:00
[2023-08-10T17:47:03.455+0000] {processor.py:179} INFO - Processing /home/airflow/.local/lib/python3.7/site-packages/airflow/example_dags/example_short_circuit_operator.py took 0.251 seconds
[2023-08-10T17:47:34.373+0000] {processor.py:157} INFO - Started process (PID=722) to work on /home/airflow/.local/lib/python3.7/site-packages/airflow/example_dags/example_short_circuit_operator.py
[2023-08-10T17:47:34.379+0000] {processor.py:826} INFO - Processing file /home/airflow/.local/lib/python3.7/site-packages/airflow/example_dags/example_short_circuit_operator.py for tasks to queue
[2023-08-10T17:47:34.381+0000] {logging_mixin.py:150} INFO - [2023-08-10T17:47:34.380+0000] {dagbag.py:541} INFO - Filling up the DagBag from /home/airflow/.local/lib/python3.7/site-packages/airflow/example_dags/example_short_circuit_operator.py
[2023-08-10T17:47:34.409+0000] {processor.py:836} INFO - DAG(s) dict_keys(['example_short_circuit_operator']) retrieved from /home/airflow/.local/lib/python3.7/site-packages/airflow/example_dags/example_short_circuit_operator.py
[2023-08-10T17:47:34.471+0000] {logging_mixin.py:150} INFO - [2023-08-10T17:47:34.470+0000] {dag.py:2742} INFO - Sync 1 DAGs
[2023-08-10T17:47:34.555+0000] {logging_mixin.py:150} INFO - [2023-08-10T17:47:34.555+0000] {dag.py:3508} INFO - Setting next_dagrun for example_short_circuit_operator to 2023-08-09T17:47:34.554789+00:00, run_after=2023-08-10T17:47:34.554789+00:00
[2023-08-10T17:47:34.759+0000] {processor.py:179} INFO - Processing /home/airflow/.local/lib/python3.7/site-packages/airflow/example_dags/example_short_circuit_operator.py took 0.394 seconds
[2023-08-10T17:48:05.791+0000] {processor.py:157} INFO - Started process (PID=781) to work on /home/airflow/.local/lib/python3.7/site-packages/airflow/example_dags/example_short_circuit_operator.py
[2023-08-10T17:48:05.798+0000] {processor.py:826} INFO - Processing file /home/airflow/.local/lib/python3.7/site-packages/airflow/example_dags/example_short_circuit_operator.py for tasks to queue
[2023-08-10T17:48:05.800+0000] {logging_mixin.py:150} INFO - [2023-08-10T17:48:05.799+0000] {dagbag.py:541} INFO - Filling up the DagBag from /home/airflow/.local/lib/python3.7/site-packages/airflow/example_dags/example_short_circuit_operator.py
[2023-08-10T17:48:05.828+0000] {processor.py:836} INFO - DAG(s) dict_keys(['example_short_circuit_operator']) retrieved from /home/airflow/.local/lib/python3.7/site-packages/airflow/example_dags/example_short_circuit_operator.py
[2023-08-10T17:48:05.951+0000] {logging_mixin.py:150} INFO - [2023-08-10T17:48:05.950+0000] {dag.py:2742} INFO - Sync 1 DAGs
[2023-08-10T17:48:06.047+0000] {logging_mixin.py:150} INFO - [2023-08-10T17:48:06.046+0000] {dag.py:3508} INFO - Setting next_dagrun for example_short_circuit_operator to 2023-08-09T17:48:06.046442+00:00, run_after=2023-08-10T17:48:06.046442+00:00
[2023-08-10T17:48:06.106+0000] {processor.py:179} INFO - Processing /home/airflow/.local/lib/python3.7/site-packages/airflow/example_dags/example_short_circuit_operator.py took 0.325 seconds
[2023-08-10T17:48:36.995+0000] {processor.py:157} INFO - Started process (PID=839) to work on /home/airflow/.local/lib/python3.7/site-packages/airflow/example_dags/example_short_circuit_operator.py
[2023-08-10T17:48:36.997+0000] {processor.py:826} INFO - Processing file /home/airflow/.local/lib/python3.7/site-packages/airflow/example_dags/example_short_circuit_operator.py for tasks to queue
[2023-08-10T17:48:37.000+0000] {logging_mixin.py:150} INFO - [2023-08-10T17:48:36.999+0000] {dagbag.py:541} INFO - Filling up the DagBag from /home/airflow/.local/lib/python3.7/site-packages/airflow/example_dags/example_short_circuit_operator.py
[2023-08-10T17:48:37.033+0000] {processor.py:836} INFO - DAG(s) dict_keys(['example_short_circuit_operator']) retrieved from /home/airflow/.local/lib/python3.7/site-packages/airflow/example_dags/example_short_circuit_operator.py
[2023-08-10T17:48:37.135+0000] {logging_mixin.py:150} INFO - [2023-08-10T17:48:37.134+0000] {dag.py:2742} INFO - Sync 1 DAGs
[2023-08-10T17:48:37.250+0000] {logging_mixin.py:150} INFO - [2023-08-10T17:48:37.250+0000] {dag.py:3508} INFO - Setting next_dagrun for example_short_circuit_operator to 2023-08-09T17:48:37.249603+00:00, run_after=2023-08-10T17:48:37.249603+00:00
[2023-08-10T17:48:37.325+0000] {processor.py:179} INFO - Processing /home/airflow/.local/lib/python3.7/site-packages/airflow/example_dags/example_short_circuit_operator.py took 0.337 seconds
[2023-08-10T17:49:07.488+0000] {processor.py:157} INFO - Started process (PID=896) to work on /home/airflow/.local/lib/python3.7/site-packages/airflow/example_dags/example_short_circuit_operator.py
[2023-08-10T17:49:07.490+0000] {processor.py:826} INFO - Processing file /home/airflow/.local/lib/python3.7/site-packages/airflow/example_dags/example_short_circuit_operator.py for tasks to queue
[2023-08-10T17:49:07.491+0000] {logging_mixin.py:150} INFO - [2023-08-10T17:49:07.491+0000] {dagbag.py:541} INFO - Filling up the DagBag from /home/airflow/.local/lib/python3.7/site-packages/airflow/example_dags/example_short_circuit_operator.py
[2023-08-10T17:49:07.515+0000] {processor.py:836} INFO - DAG(s) dict_keys(['example_short_circuit_operator']) retrieved from /home/airflow/.local/lib/python3.7/site-packages/airflow/example_dags/example_short_circuit_operator.py
[2023-08-10T17:49:07.589+0000] {logging_mixin.py:150} INFO - [2023-08-10T17:49:07.588+0000] {dag.py:2742} INFO - Sync 1 DAGs
[2023-08-10T17:49:07.705+0000] {logging_mixin.py:150} INFO - [2023-08-10T17:49:07.705+0000] {dag.py:3508} INFO - Setting next_dagrun for example_short_circuit_operator to 2023-08-09T17:49:07.704923+00:00, run_after=2023-08-10T17:49:07.704923+00:00
[2023-08-10T17:49:07.756+0000] {processor.py:179} INFO - Processing /home/airflow/.local/lib/python3.7/site-packages/airflow/example_dags/example_short_circuit_operator.py took 0.274 seconds
[2023-08-10T17:49:38.204+0000] {processor.py:157} INFO - Started process (PID=954) to work on /home/airflow/.local/lib/python3.7/site-packages/airflow/example_dags/example_short_circuit_operator.py
[2023-08-10T17:49:38.205+0000] {processor.py:826} INFO - Processing file /home/airflow/.local/lib/python3.7/site-packages/airflow/example_dags/example_short_circuit_operator.py for tasks to queue
[2023-08-10T17:49:38.206+0000] {logging_mixin.py:150} INFO - [2023-08-10T17:49:38.206+0000] {dagbag.py:541} INFO - Filling up the DagBag from /home/airflow/.local/lib/python3.7/site-packages/airflow/example_dags/example_short_circuit_operator.py
[2023-08-10T17:49:38.220+0000] {processor.py:836} INFO - DAG(s) dict_keys(['example_short_circuit_operator']) retrieved from /home/airflow/.local/lib/python3.7/site-packages/airflow/example_dags/example_short_circuit_operator.py
[2023-08-10T17:49:38.264+0000] {logging_mixin.py:150} INFO - [2023-08-10T17:49:38.264+0000] {dag.py:2742} INFO - Sync 1 DAGs
[2023-08-10T17:49:38.309+0000] {logging_mixin.py:150} INFO - [2023-08-10T17:49:38.309+0000] {dag.py:3508} INFO - Setting next_dagrun for example_short_circuit_operator to 2023-08-09T17:49:38.309460+00:00, run_after=2023-08-10T17:49:38.309460+00:00
[2023-08-10T17:49:38.355+0000] {processor.py:179} INFO - Processing /home/airflow/.local/lib/python3.7/site-packages/airflow/example_dags/example_short_circuit_operator.py took 0.156 seconds
[2023-08-10T17:50:08.875+0000] {processor.py:157} INFO - Started process (PID=1012) to work on /home/airflow/.local/lib/python3.7/site-packages/airflow/example_dags/example_short_circuit_operator.py
[2023-08-10T17:50:08.879+0000] {processor.py:826} INFO - Processing file /home/airflow/.local/lib/python3.7/site-packages/airflow/example_dags/example_short_circuit_operator.py for tasks to queue
[2023-08-10T17:50:08.881+0000] {logging_mixin.py:150} INFO - [2023-08-10T17:50:08.881+0000] {dagbag.py:541} INFO - Filling up the DagBag from /home/airflow/.local/lib/python3.7/site-packages/airflow/example_dags/example_short_circuit_operator.py
[2023-08-10T17:50:08.908+0000] {processor.py:836} INFO - DAG(s) dict_keys(['example_short_circuit_operator']) retrieved from /home/airflow/.local/lib/python3.7/site-packages/airflow/example_dags/example_short_circuit_operator.py
[2023-08-10T17:50:09.044+0000] {logging_mixin.py:150} INFO - [2023-08-10T17:50:09.043+0000] {dag.py:2742} INFO - Sync 1 DAGs
[2023-08-10T17:50:09.155+0000] {logging_mixin.py:150} INFO - [2023-08-10T17:50:09.153+0000] {dag.py:3508} INFO - Setting next_dagrun for example_short_circuit_operator to 2023-08-09T17:50:09.153374+00:00, run_after=2023-08-10T17:50:09.153374+00:00
[2023-08-10T17:50:09.204+0000] {processor.py:179} INFO - Processing /home/airflow/.local/lib/python3.7/site-packages/airflow/example_dags/example_short_circuit_operator.py took 0.336 seconds
[2023-08-10T17:50:39.482+0000] {processor.py:157} INFO - Started process (PID=1069) to work on /home/airflow/.local/lib/python3.7/site-packages/airflow/example_dags/example_short_circuit_operator.py
[2023-08-10T17:50:39.484+0000] {processor.py:826} INFO - Processing file /home/airflow/.local/lib/python3.7/site-packages/airflow/example_dags/example_short_circuit_operator.py for tasks to queue
[2023-08-10T17:50:39.485+0000] {logging_mixin.py:150} INFO - [2023-08-10T17:50:39.485+0000] {dagbag.py:541} INFO - Filling up the DagBag from /home/airflow/.local/lib/python3.7/site-packages/airflow/example_dags/example_short_circuit_operator.py
[2023-08-10T17:50:39.499+0000] {processor.py:836} INFO - DAG(s) dict_keys(['example_short_circuit_operator']) retrieved from /home/airflow/.local/lib/python3.7/site-packages/airflow/example_dags/example_short_circuit_operator.py
[2023-08-10T17:50:39.540+0000] {logging_mixin.py:150} INFO - [2023-08-10T17:50:39.540+0000] {dag.py:2742} INFO - Sync 1 DAGs
[2023-08-10T17:50:39.584+0000] {logging_mixin.py:150} INFO - [2023-08-10T17:50:39.583+0000] {dag.py:3508} INFO - Setting next_dagrun for example_short_circuit_operator to 2023-08-09T17:50:39.583524+00:00, run_after=2023-08-10T17:50:39.583524+00:00
[2023-08-10T17:50:39.624+0000] {processor.py:179} INFO - Processing /home/airflow/.local/lib/python3.7/site-packages/airflow/example_dags/example_short_circuit_operator.py took 0.146 seconds
