[2023-08-10T17:41:54.145+0000] {processor.py:157} INFO - Started process (PID=85) to work on /home/airflow/.local/lib/python3.7/site-packages/airflow/example_dags/example_latest_only.py
[2023-08-10T17:41:54.158+0000] {processor.py:826} INFO - Processing file /home/airflow/.local/lib/python3.7/site-packages/airflow/example_dags/example_latest_only.py for tasks to queue
[2023-08-10T17:41:54.160+0000] {logging_mixin.py:150} INFO - [2023-08-10T17:41:54.159+0000] {dagbag.py:541} INFO - Filling up the DagBag from /home/airflow/.local/lib/python3.7/site-packages/airflow/example_dags/example_latest_only.py
[2023-08-10T17:41:54.182+0000] {processor.py:836} INFO - DAG(s) dict_keys(['latest_only']) retrieved from /home/airflow/.local/lib/python3.7/site-packages/airflow/example_dags/example_latest_only.py
[2023-08-10T17:41:54.613+0000] {logging_mixin.py:150} INFO - [2023-08-10T17:41:54.612+0000] {manager.py:504} INFO - Created Permission View: can edit on DAG:latest_only
[2023-08-10T17:41:54.653+0000] {logging_mixin.py:150} INFO - [2023-08-10T17:41:54.653+0000] {manager.py:504} INFO - Created Permission View: can delete on DAG:latest_only
[2023-08-10T17:41:54.711+0000] {logging_mixin.py:150} INFO - [2023-08-10T17:41:54.710+0000] {manager.py:504} INFO - Created Permission View: can read on DAG:latest_only
[2023-08-10T17:41:54.832+0000] {logging_mixin.py:150} INFO - [2023-08-10T17:41:54.832+0000] {dag.py:2742} INFO - Sync 1 DAGs
[2023-08-10T17:41:54.915+0000] {logging_mixin.py:150} INFO - [2023-08-10T17:41:54.915+0000] {dag.py:2763} INFO - Creating ORM DAG for latest_only
[2023-08-10T17:41:54.951+0000] {logging_mixin.py:150} INFO - [2023-08-10T17:41:54.950+0000] {dag.py:3508} INFO - Setting next_dagrun for latest_only to 2023-08-10T13:41:54.949934+00:00, run_after=2023-08-10T17:41:54.949934+00:00
[2023-08-10T17:41:55.010+0000] {processor.py:179} INFO - Processing /home/airflow/.local/lib/python3.7/site-packages/airflow/example_dags/example_latest_only.py took 0.878 seconds
[2023-08-10T17:42:26.489+0000] {processor.py:157} INFO - Started process (PID=142) to work on /home/airflow/.local/lib/python3.7/site-packages/airflow/example_dags/example_latest_only.py
[2023-08-10T17:42:26.510+0000] {processor.py:826} INFO - Processing file /home/airflow/.local/lib/python3.7/site-packages/airflow/example_dags/example_latest_only.py for tasks to queue
[2023-08-10T17:42:26.513+0000] {logging_mixin.py:150} INFO - [2023-08-10T17:42:26.512+0000] {dagbag.py:541} INFO - Filling up the DagBag from /home/airflow/.local/lib/python3.7/site-packages/airflow/example_dags/example_latest_only.py
[2023-08-10T17:42:26.529+0000] {processor.py:836} INFO - DAG(s) dict_keys(['latest_only']) retrieved from /home/airflow/.local/lib/python3.7/site-packages/airflow/example_dags/example_latest_only.py
[2023-08-10T17:42:26.789+0000] {logging_mixin.py:150} INFO - [2023-08-10T17:42:26.789+0000] {dag.py:2742} INFO - Sync 1 DAGs
[2023-08-10T17:42:26.872+0000] {logging_mixin.py:150} INFO - [2023-08-10T17:42:26.871+0000] {dag.py:3508} INFO - Setting next_dagrun for latest_only to 2023-08-10T13:42:26.865111+00:00, run_after=2023-08-10T17:42:26.865111+00:00
[2023-08-10T17:42:27.107+0000] {processor.py:179} INFO - Processing /home/airflow/.local/lib/python3.7/site-packages/airflow/example_dags/example_latest_only.py took 0.625 seconds
[2023-08-10T17:42:57.297+0000] {processor.py:157} INFO - Started process (PID=199) to work on /home/airflow/.local/lib/python3.7/site-packages/airflow/example_dags/example_latest_only.py
[2023-08-10T17:42:57.315+0000] {processor.py:826} INFO - Processing file /home/airflow/.local/lib/python3.7/site-packages/airflow/example_dags/example_latest_only.py for tasks to queue
[2023-08-10T17:42:57.317+0000] {logging_mixin.py:150} INFO - [2023-08-10T17:42:57.316+0000] {dagbag.py:541} INFO - Filling up the DagBag from /home/airflow/.local/lib/python3.7/site-packages/airflow/example_dags/example_latest_only.py
[2023-08-10T17:42:57.331+0000] {processor.py:836} INFO - DAG(s) dict_keys(['latest_only']) retrieved from /home/airflow/.local/lib/python3.7/site-packages/airflow/example_dags/example_latest_only.py
[2023-08-10T17:42:57.471+0000] {logging_mixin.py:150} INFO - [2023-08-10T17:42:57.469+0000] {dag.py:2742} INFO - Sync 1 DAGs
[2023-08-10T17:42:57.595+0000] {logging_mixin.py:150} INFO - [2023-08-10T17:42:57.595+0000] {dag.py:3508} INFO - Setting next_dagrun for latest_only to 2023-08-10T13:42:57.594799+00:00, run_after=2023-08-10T17:42:57.594799+00:00
[2023-08-10T17:42:57.685+0000] {processor.py:179} INFO - Processing /home/airflow/.local/lib/python3.7/site-packages/airflow/example_dags/example_latest_only.py took 0.395 seconds
[2023-08-10T17:43:28.292+0000] {processor.py:157} INFO - Started process (PID=257) to work on /home/airflow/.local/lib/python3.7/site-packages/airflow/example_dags/example_latest_only.py
[2023-08-10T17:43:28.294+0000] {processor.py:826} INFO - Processing file /home/airflow/.local/lib/python3.7/site-packages/airflow/example_dags/example_latest_only.py for tasks to queue
[2023-08-10T17:43:28.296+0000] {logging_mixin.py:150} INFO - [2023-08-10T17:43:28.295+0000] {dagbag.py:541} INFO - Filling up the DagBag from /home/airflow/.local/lib/python3.7/site-packages/airflow/example_dags/example_latest_only.py
[2023-08-10T17:43:28.306+0000] {processor.py:836} INFO - DAG(s) dict_keys(['latest_only']) retrieved from /home/airflow/.local/lib/python3.7/site-packages/airflow/example_dags/example_latest_only.py
[2023-08-10T17:43:28.351+0000] {logging_mixin.py:150} INFO - [2023-08-10T17:43:28.350+0000] {dag.py:2742} INFO - Sync 1 DAGs
[2023-08-10T17:43:28.411+0000] {logging_mixin.py:150} INFO - [2023-08-10T17:43:28.411+0000] {dag.py:3508} INFO - Setting next_dagrun for latest_only to 2023-08-10T13:43:28.411132+00:00, run_after=2023-08-10T17:43:28.411132+00:00
[2023-08-10T17:43:28.464+0000] {processor.py:179} INFO - Processing /home/airflow/.local/lib/python3.7/site-packages/airflow/example_dags/example_latest_only.py took 0.177 seconds
[2023-08-10T17:43:58.795+0000] {processor.py:157} INFO - Started process (PID=315) to work on /home/airflow/.local/lib/python3.7/site-packages/airflow/example_dags/example_latest_only.py
[2023-08-10T17:43:58.796+0000] {processor.py:826} INFO - Processing file /home/airflow/.local/lib/python3.7/site-packages/airflow/example_dags/example_latest_only.py for tasks to queue
[2023-08-10T17:43:58.797+0000] {logging_mixin.py:150} INFO - [2023-08-10T17:43:58.797+0000] {dagbag.py:541} INFO - Filling up the DagBag from /home/airflow/.local/lib/python3.7/site-packages/airflow/example_dags/example_latest_only.py
[2023-08-10T17:43:58.805+0000] {processor.py:836} INFO - DAG(s) dict_keys(['latest_only']) retrieved from /home/airflow/.local/lib/python3.7/site-packages/airflow/example_dags/example_latest_only.py
[2023-08-10T17:43:58.842+0000] {logging_mixin.py:150} INFO - [2023-08-10T17:43:58.842+0000] {dag.py:2742} INFO - Sync 1 DAGs
[2023-08-10T17:43:58.885+0000] {logging_mixin.py:150} INFO - [2023-08-10T17:43:58.884+0000] {dag.py:3508} INFO - Setting next_dagrun for latest_only to 2023-08-10T13:43:58.884652+00:00, run_after=2023-08-10T17:43:58.884652+00:00
[2023-08-10T17:43:58.920+0000] {processor.py:179} INFO - Processing /home/airflow/.local/lib/python3.7/site-packages/airflow/example_dags/example_latest_only.py took 0.129 seconds
[2023-08-10T17:44:29.424+0000] {processor.py:157} INFO - Started process (PID=373) to work on /home/airflow/.local/lib/python3.7/site-packages/airflow/example_dags/example_latest_only.py
[2023-08-10T17:44:29.425+0000] {processor.py:826} INFO - Processing file /home/airflow/.local/lib/python3.7/site-packages/airflow/example_dags/example_latest_only.py for tasks to queue
[2023-08-10T17:44:29.426+0000] {logging_mixin.py:150} INFO - [2023-08-10T17:44:29.425+0000] {dagbag.py:541} INFO - Filling up the DagBag from /home/airflow/.local/lib/python3.7/site-packages/airflow/example_dags/example_latest_only.py
[2023-08-10T17:44:29.435+0000] {processor.py:836} INFO - DAG(s) dict_keys(['latest_only']) retrieved from /home/airflow/.local/lib/python3.7/site-packages/airflow/example_dags/example_latest_only.py
[2023-08-10T17:44:29.468+0000] {logging_mixin.py:150} INFO - [2023-08-10T17:44:29.468+0000] {dag.py:2742} INFO - Sync 1 DAGs
[2023-08-10T17:44:29.511+0000] {logging_mixin.py:150} INFO - [2023-08-10T17:44:29.510+0000] {dag.py:3508} INFO - Setting next_dagrun for latest_only to 2023-08-10T13:44:29.510228+00:00, run_after=2023-08-10T17:44:29.510228+00:00
[2023-08-10T17:44:29.553+0000] {processor.py:179} INFO - Processing /home/airflow/.local/lib/python3.7/site-packages/airflow/example_dags/example_latest_only.py took 0.133 seconds
[2023-08-10T17:44:59.770+0000] {processor.py:157} INFO - Started process (PID=431) to work on /home/airflow/.local/lib/python3.7/site-packages/airflow/example_dags/example_latest_only.py
[2023-08-10T17:44:59.771+0000] {processor.py:826} INFO - Processing file /home/airflow/.local/lib/python3.7/site-packages/airflow/example_dags/example_latest_only.py for tasks to queue
[2023-08-10T17:44:59.773+0000] {logging_mixin.py:150} INFO - [2023-08-10T17:44:59.772+0000] {dagbag.py:541} INFO - Filling up the DagBag from /home/airflow/.local/lib/python3.7/site-packages/airflow/example_dags/example_latest_only.py
[2023-08-10T17:44:59.781+0000] {processor.py:836} INFO - DAG(s) dict_keys(['latest_only']) retrieved from /home/airflow/.local/lib/python3.7/site-packages/airflow/example_dags/example_latest_only.py
[2023-08-10T17:44:59.825+0000] {logging_mixin.py:150} INFO - [2023-08-10T17:44:59.825+0000] {dag.py:2742} INFO - Sync 1 DAGs
[2023-08-10T17:44:59.865+0000] {logging_mixin.py:150} INFO - [2023-08-10T17:44:59.865+0000] {dag.py:3508} INFO - Setting next_dagrun for latest_only to 2023-08-10T13:44:59.865351+00:00, run_after=2023-08-10T17:44:59.865351+00:00
[2023-08-10T17:44:59.910+0000] {processor.py:179} INFO - Processing /home/airflow/.local/lib/python3.7/site-packages/airflow/example_dags/example_latest_only.py took 0.144 seconds
[2023-08-10T17:45:30.117+0000] {processor.py:157} INFO - Started process (PID=489) to work on /home/airflow/.local/lib/python3.7/site-packages/airflow/example_dags/example_latest_only.py
[2023-08-10T17:45:30.134+0000] {processor.py:826} INFO - Processing file /home/airflow/.local/lib/python3.7/site-packages/airflow/example_dags/example_latest_only.py for tasks to queue
[2023-08-10T17:45:30.135+0000] {logging_mixin.py:150} INFO - [2023-08-10T17:45:30.135+0000] {dagbag.py:541} INFO - Filling up the DagBag from /home/airflow/.local/lib/python3.7/site-packages/airflow/example_dags/example_latest_only.py
[2023-08-10T17:45:30.148+0000] {processor.py:836} INFO - DAG(s) dict_keys(['latest_only']) retrieved from /home/airflow/.local/lib/python3.7/site-packages/airflow/example_dags/example_latest_only.py
[2023-08-10T17:45:30.196+0000] {logging_mixin.py:150} INFO - [2023-08-10T17:45:30.196+0000] {dag.py:2742} INFO - Sync 1 DAGs
[2023-08-10T17:45:30.251+0000] {logging_mixin.py:150} INFO - [2023-08-10T17:45:30.250+0000] {dag.py:3508} INFO - Setting next_dagrun for latest_only to 2023-08-10T13:45:30.249835+00:00, run_after=2023-08-10T17:45:30.249835+00:00
[2023-08-10T17:45:30.289+0000] {processor.py:179} INFO - Processing /home/airflow/.local/lib/python3.7/site-packages/airflow/example_dags/example_latest_only.py took 0.183 seconds
[2023-08-10T17:46:00.593+0000] {processor.py:157} INFO - Started process (PID=547) to work on /home/airflow/.local/lib/python3.7/site-packages/airflow/example_dags/example_latest_only.py
[2023-08-10T17:46:00.610+0000] {processor.py:826} INFO - Processing file /home/airflow/.local/lib/python3.7/site-packages/airflow/example_dags/example_latest_only.py for tasks to queue
[2023-08-10T17:46:00.612+0000] {logging_mixin.py:150} INFO - [2023-08-10T17:46:00.611+0000] {dagbag.py:541} INFO - Filling up the DagBag from /home/airflow/.local/lib/python3.7/site-packages/airflow/example_dags/example_latest_only.py
[2023-08-10T17:46:00.628+0000] {processor.py:836} INFO - DAG(s) dict_keys(['latest_only']) retrieved from /home/airflow/.local/lib/python3.7/site-packages/airflow/example_dags/example_latest_only.py
[2023-08-10T17:46:00.724+0000] {logging_mixin.py:150} INFO - [2023-08-10T17:46:00.723+0000] {dag.py:2742} INFO - Sync 1 DAGs
[2023-08-10T17:46:00.820+0000] {logging_mixin.py:150} INFO - [2023-08-10T17:46:00.819+0000] {dag.py:3508} INFO - Setting next_dagrun for latest_only to 2023-08-10T13:46:00.819479+00:00, run_after=2023-08-10T17:46:00.819479+00:00
[2023-08-10T17:46:00.903+0000] {processor.py:179} INFO - Processing /home/airflow/.local/lib/python3.7/site-packages/airflow/example_dags/example_latest_only.py took 0.322 seconds
[2023-08-10T17:46:31.439+0000] {processor.py:157} INFO - Started process (PID=605) to work on /home/airflow/.local/lib/python3.7/site-packages/airflow/example_dags/example_latest_only.py
[2023-08-10T17:46:31.454+0000] {processor.py:826} INFO - Processing file /home/airflow/.local/lib/python3.7/site-packages/airflow/example_dags/example_latest_only.py for tasks to queue
[2023-08-10T17:46:31.455+0000] {logging_mixin.py:150} INFO - [2023-08-10T17:46:31.455+0000] {dagbag.py:541} INFO - Filling up the DagBag from /home/airflow/.local/lib/python3.7/site-packages/airflow/example_dags/example_latest_only.py
[2023-08-10T17:46:31.464+0000] {processor.py:836} INFO - DAG(s) dict_keys(['latest_only']) retrieved from /home/airflow/.local/lib/python3.7/site-packages/airflow/example_dags/example_latest_only.py
[2023-08-10T17:46:31.519+0000] {logging_mixin.py:150} INFO - [2023-08-10T17:46:31.519+0000] {dag.py:2742} INFO - Sync 1 DAGs
[2023-08-10T17:46:31.613+0000] {logging_mixin.py:150} INFO - [2023-08-10T17:46:31.612+0000] {dag.py:3508} INFO - Setting next_dagrun for latest_only to 2023-08-10T13:46:31.609315+00:00, run_after=2023-08-10T17:46:31.609315+00:00
[2023-08-10T17:46:31.704+0000] {processor.py:179} INFO - Processing /home/airflow/.local/lib/python3.7/site-packages/airflow/example_dags/example_latest_only.py took 0.269 seconds
[2023-08-10T17:47:03.915+0000] {processor.py:157} INFO - Started process (PID=667) to work on /home/airflow/.local/lib/python3.7/site-packages/airflow/example_dags/example_latest_only.py
[2023-08-10T17:47:03.932+0000] {processor.py:826} INFO - Processing file /home/airflow/.local/lib/python3.7/site-packages/airflow/example_dags/example_latest_only.py for tasks to queue
[2023-08-10T17:47:03.933+0000] {logging_mixin.py:150} INFO - [2023-08-10T17:47:03.933+0000] {dagbag.py:541} INFO - Filling up the DagBag from /home/airflow/.local/lib/python3.7/site-packages/airflow/example_dags/example_latest_only.py
[2023-08-10T17:47:04.011+0000] {processor.py:836} INFO - DAG(s) dict_keys(['latest_only']) retrieved from /home/airflow/.local/lib/python3.7/site-packages/airflow/example_dags/example_latest_only.py
[2023-08-10T17:47:04.143+0000] {logging_mixin.py:150} INFO - [2023-08-10T17:47:04.142+0000] {dag.py:2742} INFO - Sync 1 DAGs
[2023-08-10T17:47:04.400+0000] {logging_mixin.py:150} INFO - [2023-08-10T17:47:04.400+0000] {dag.py:3508} INFO - Setting next_dagrun for latest_only to 2023-08-10T13:47:04.400039+00:00, run_after=2023-08-10T17:47:04.400039+00:00
[2023-08-10T17:47:04.543+0000] {processor.py:179} INFO - Processing /home/airflow/.local/lib/python3.7/site-packages/airflow/example_dags/example_latest_only.py took 0.648 seconds
[2023-08-10T17:47:35.223+0000] {processor.py:157} INFO - Started process (PID=725) to work on /home/airflow/.local/lib/python3.7/site-packages/airflow/example_dags/example_latest_only.py
[2023-08-10T17:47:35.363+0000] {processor.py:826} INFO - Processing file /home/airflow/.local/lib/python3.7/site-packages/airflow/example_dags/example_latest_only.py for tasks to queue
[2023-08-10T17:47:35.365+0000] {logging_mixin.py:150} INFO - [2023-08-10T17:47:35.365+0000] {dagbag.py:541} INFO - Filling up the DagBag from /home/airflow/.local/lib/python3.7/site-packages/airflow/example_dags/example_latest_only.py
[2023-08-10T17:47:35.378+0000] {processor.py:836} INFO - DAG(s) dict_keys(['latest_only']) retrieved from /home/airflow/.local/lib/python3.7/site-packages/airflow/example_dags/example_latest_only.py
[2023-08-10T17:47:35.424+0000] {logging_mixin.py:150} INFO - [2023-08-10T17:47:35.423+0000] {dag.py:2742} INFO - Sync 1 DAGs
[2023-08-10T17:47:35.503+0000] {logging_mixin.py:150} INFO - [2023-08-10T17:47:35.503+0000] {dag.py:3508} INFO - Setting next_dagrun for latest_only to 2023-08-10T13:47:35.502996+00:00, run_after=2023-08-10T17:47:35.502996+00:00
[2023-08-10T17:47:35.551+0000] {processor.py:179} INFO - Processing /home/airflow/.local/lib/python3.7/site-packages/airflow/example_dags/example_latest_only.py took 0.343 seconds
[2023-08-10T17:48:06.165+0000] {processor.py:157} INFO - Started process (PID=783) to work on /home/airflow/.local/lib/python3.7/site-packages/airflow/example_dags/example_latest_only.py
[2023-08-10T17:48:06.169+0000] {processor.py:826} INFO - Processing file /home/airflow/.local/lib/python3.7/site-packages/airflow/example_dags/example_latest_only.py for tasks to queue
[2023-08-10T17:48:06.170+0000] {logging_mixin.py:150} INFO - [2023-08-10T17:48:06.170+0000] {dagbag.py:541} INFO - Filling up the DagBag from /home/airflow/.local/lib/python3.7/site-packages/airflow/example_dags/example_latest_only.py
[2023-08-10T17:48:06.184+0000] {processor.py:836} INFO - DAG(s) dict_keys(['latest_only']) retrieved from /home/airflow/.local/lib/python3.7/site-packages/airflow/example_dags/example_latest_only.py
[2023-08-10T17:48:06.240+0000] {logging_mixin.py:150} INFO - [2023-08-10T17:48:06.239+0000] {dag.py:2742} INFO - Sync 1 DAGs
[2023-08-10T17:48:06.420+0000] {logging_mixin.py:150} INFO - [2023-08-10T17:48:06.419+0000] {dag.py:3508} INFO - Setting next_dagrun for latest_only to 2023-08-10T13:48:06.417411+00:00, run_after=2023-08-10T17:48:06.417411+00:00
[2023-08-10T17:48:06.528+0000] {processor.py:179} INFO - Processing /home/airflow/.local/lib/python3.7/site-packages/airflow/example_dags/example_latest_only.py took 0.369 seconds
[2023-08-10T17:48:38.167+0000] {processor.py:157} INFO - Started process (PID=842) to work on /home/airflow/.local/lib/python3.7/site-packages/airflow/example_dags/example_latest_only.py
[2023-08-10T17:48:38.176+0000] {processor.py:826} INFO - Processing file /home/airflow/.local/lib/python3.7/site-packages/airflow/example_dags/example_latest_only.py for tasks to queue
[2023-08-10T17:48:38.179+0000] {logging_mixin.py:150} INFO - [2023-08-10T17:48:38.178+0000] {dagbag.py:541} INFO - Filling up the DagBag from /home/airflow/.local/lib/python3.7/site-packages/airflow/example_dags/example_latest_only.py
[2023-08-10T17:48:38.196+0000] {processor.py:836} INFO - DAG(s) dict_keys(['latest_only']) retrieved from /home/airflow/.local/lib/python3.7/site-packages/airflow/example_dags/example_latest_only.py
[2023-08-10T17:48:38.381+0000] {logging_mixin.py:150} INFO - [2023-08-10T17:48:38.380+0000] {dag.py:2742} INFO - Sync 1 DAGs
[2023-08-10T17:48:38.512+0000] {logging_mixin.py:150} INFO - [2023-08-10T17:48:38.512+0000] {dag.py:3508} INFO - Setting next_dagrun for latest_only to 2023-08-10T13:48:38.511903+00:00, run_after=2023-08-10T17:48:38.511903+00:00
[2023-08-10T17:48:38.657+0000] {processor.py:179} INFO - Processing /home/airflow/.local/lib/python3.7/site-packages/airflow/example_dags/example_latest_only.py took 0.499 seconds
[2023-08-10T17:49:09.148+0000] {processor.py:157} INFO - Started process (PID=900) to work on /home/airflow/.local/lib/python3.7/site-packages/airflow/example_dags/example_latest_only.py
[2023-08-10T17:49:09.152+0000] {processor.py:826} INFO - Processing file /home/airflow/.local/lib/python3.7/site-packages/airflow/example_dags/example_latest_only.py for tasks to queue
[2023-08-10T17:49:09.154+0000] {logging_mixin.py:150} INFO - [2023-08-10T17:49:09.153+0000] {dagbag.py:541} INFO - Filling up the DagBag from /home/airflow/.local/lib/python3.7/site-packages/airflow/example_dags/example_latest_only.py
[2023-08-10T17:49:09.166+0000] {processor.py:836} INFO - DAG(s) dict_keys(['latest_only']) retrieved from /home/airflow/.local/lib/python3.7/site-packages/airflow/example_dags/example_latest_only.py
[2023-08-10T17:49:09.212+0000] {logging_mixin.py:150} INFO - [2023-08-10T17:49:09.212+0000] {dag.py:2742} INFO - Sync 1 DAGs
[2023-08-10T17:49:09.275+0000] {logging_mixin.py:150} INFO - [2023-08-10T17:49:09.275+0000] {dag.py:3508} INFO - Setting next_dagrun for latest_only to 2023-08-10T13:49:09.275031+00:00, run_after=2023-08-10T17:49:09.275031+00:00
[2023-08-10T17:49:09.313+0000] {processor.py:179} INFO - Processing /home/airflow/.local/lib/python3.7/site-packages/airflow/example_dags/example_latest_only.py took 0.173 seconds
[2023-08-10T17:49:39.871+0000] {processor.py:157} INFO - Started process (PID=958) to work on /home/airflow/.local/lib/python3.7/site-packages/airflow/example_dags/example_latest_only.py
[2023-08-10T17:49:39.872+0000] {processor.py:826} INFO - Processing file /home/airflow/.local/lib/python3.7/site-packages/airflow/example_dags/example_latest_only.py for tasks to queue
[2023-08-10T17:49:39.874+0000] {logging_mixin.py:150} INFO - [2023-08-10T17:49:39.874+0000] {dagbag.py:541} INFO - Filling up the DagBag from /home/airflow/.local/lib/python3.7/site-packages/airflow/example_dags/example_latest_only.py
[2023-08-10T17:49:39.883+0000] {processor.py:836} INFO - DAG(s) dict_keys(['latest_only']) retrieved from /home/airflow/.local/lib/python3.7/site-packages/airflow/example_dags/example_latest_only.py
[2023-08-10T17:49:39.926+0000] {logging_mixin.py:150} INFO - [2023-08-10T17:49:39.925+0000] {dag.py:2742} INFO - Sync 1 DAGs
[2023-08-10T17:49:39.984+0000] {logging_mixin.py:150} INFO - [2023-08-10T17:49:39.984+0000] {dag.py:3508} INFO - Setting next_dagrun for latest_only to 2023-08-10T13:49:39.983818+00:00, run_after=2023-08-10T17:49:39.983818+00:00
[2023-08-10T17:49:40.040+0000] {processor.py:179} INFO - Processing /home/airflow/.local/lib/python3.7/site-packages/airflow/example_dags/example_latest_only.py took 0.175 seconds
[2023-08-10T17:50:10.942+0000] {processor.py:157} INFO - Started process (PID=1016) to work on /home/airflow/.local/lib/python3.7/site-packages/airflow/example_dags/example_latest_only.py
[2023-08-10T17:50:10.943+0000] {processor.py:826} INFO - Processing file /home/airflow/.local/lib/python3.7/site-packages/airflow/example_dags/example_latest_only.py for tasks to queue
[2023-08-10T17:50:10.945+0000] {logging_mixin.py:150} INFO - [2023-08-10T17:50:10.945+0000] {dagbag.py:541} INFO - Filling up the DagBag from /home/airflow/.local/lib/python3.7/site-packages/airflow/example_dags/example_latest_only.py
[2023-08-10T17:50:10.955+0000] {processor.py:836} INFO - DAG(s) dict_keys(['latest_only']) retrieved from /home/airflow/.local/lib/python3.7/site-packages/airflow/example_dags/example_latest_only.py
[2023-08-10T17:50:11.000+0000] {logging_mixin.py:150} INFO - [2023-08-10T17:50:11.000+0000] {dag.py:2742} INFO - Sync 1 DAGs
[2023-08-10T17:50:11.057+0000] {logging_mixin.py:150} INFO - [2023-08-10T17:50:11.057+0000] {dag.py:3508} INFO - Setting next_dagrun for latest_only to 2023-08-10T13:50:11.057356+00:00, run_after=2023-08-10T17:50:11.057356+00:00
[2023-08-10T17:50:11.104+0000] {processor.py:179} INFO - Processing /home/airflow/.local/lib/python3.7/site-packages/airflow/example_dags/example_latest_only.py took 0.168 seconds
[2023-08-10T17:50:42.084+0000] {processor.py:157} INFO - Started process (PID=1074) to work on /home/airflow/.local/lib/python3.7/site-packages/airflow/example_dags/example_latest_only.py
[2023-08-10T17:50:42.086+0000] {processor.py:826} INFO - Processing file /home/airflow/.local/lib/python3.7/site-packages/airflow/example_dags/example_latest_only.py for tasks to queue
[2023-08-10T17:50:42.087+0000] {logging_mixin.py:150} INFO - [2023-08-10T17:50:42.087+0000] {dagbag.py:541} INFO - Filling up the DagBag from /home/airflow/.local/lib/python3.7/site-packages/airflow/example_dags/example_latest_only.py
[2023-08-10T17:50:42.096+0000] {processor.py:836} INFO - DAG(s) dict_keys(['latest_only']) retrieved from /home/airflow/.local/lib/python3.7/site-packages/airflow/example_dags/example_latest_only.py
[2023-08-10T17:50:42.149+0000] {logging_mixin.py:150} INFO - [2023-08-10T17:50:42.149+0000] {dag.py:2742} INFO - Sync 1 DAGs
[2023-08-10T17:50:42.214+0000] {logging_mixin.py:150} INFO - [2023-08-10T17:50:42.214+0000] {dag.py:3508} INFO - Setting next_dagrun for latest_only to 2023-08-10T13:50:42.213737+00:00, run_after=2023-08-10T17:50:42.213737+00:00
[2023-08-10T17:50:42.262+0000] {processor.py:179} INFO - Processing /home/airflow/.local/lib/python3.7/site-packages/airflow/example_dags/example_latest_only.py took 0.184 seconds
[2023-08-10T17:51:12.677+0000] {processor.py:157} INFO - Started process (PID=1131) to work on /home/airflow/.local/lib/python3.7/site-packages/airflow/example_dags/example_latest_only.py
[2023-08-10T17:51:12.678+0000] {processor.py:826} INFO - Processing file /home/airflow/.local/lib/python3.7/site-packages/airflow/example_dags/example_latest_only.py for tasks to queue
[2023-08-10T17:51:12.680+0000] {logging_mixin.py:150} INFO - [2023-08-10T17:51:12.680+0000] {dagbag.py:541} INFO - Filling up the DagBag from /home/airflow/.local/lib/python3.7/site-packages/airflow/example_dags/example_latest_only.py
[2023-08-10T17:51:12.688+0000] {processor.py:836} INFO - DAG(s) dict_keys(['latest_only']) retrieved from /home/airflow/.local/lib/python3.7/site-packages/airflow/example_dags/example_latest_only.py
[2023-08-10T17:51:12.736+0000] {logging_mixin.py:150} INFO - [2023-08-10T17:51:12.736+0000] {dag.py:2742} INFO - Sync 1 DAGs
[2023-08-10T17:51:12.789+0000] {logging_mixin.py:150} INFO - [2023-08-10T17:51:12.789+0000] {dag.py:3508} INFO - Setting next_dagrun for latest_only to 2023-08-10T13:51:12.788847+00:00, run_after=2023-08-10T17:51:12.788847+00:00
[2023-08-10T17:51:12.857+0000] {processor.py:179} INFO - Processing /home/airflow/.local/lib/python3.7/site-packages/airflow/example_dags/example_latest_only.py took 0.184 seconds
[2023-08-10T17:51:43.348+0000] {processor.py:157} INFO - Started process (PID=1191) to work on /home/airflow/.local/lib/python3.7/site-packages/airflow/example_dags/example_latest_only.py
[2023-08-10T17:51:43.349+0000] {processor.py:826} INFO - Processing file /home/airflow/.local/lib/python3.7/site-packages/airflow/example_dags/example_latest_only.py for tasks to queue
[2023-08-10T17:51:43.351+0000] {logging_mixin.py:150} INFO - [2023-08-10T17:51:43.350+0000] {dagbag.py:541} INFO - Filling up the DagBag from /home/airflow/.local/lib/python3.7/site-packages/airflow/example_dags/example_latest_only.py
[2023-08-10T17:51:43.360+0000] {processor.py:836} INFO - DAG(s) dict_keys(['latest_only']) retrieved from /home/airflow/.local/lib/python3.7/site-packages/airflow/example_dags/example_latest_only.py
[2023-08-10T17:51:43.414+0000] {logging_mixin.py:150} INFO - [2023-08-10T17:51:43.413+0000] {dag.py:2742} INFO - Sync 1 DAGs
[2023-08-10T17:51:43.489+0000] {logging_mixin.py:150} INFO - [2023-08-10T17:51:43.489+0000] {dag.py:3508} INFO - Setting next_dagrun for latest_only to 2023-08-10T13:51:43.488727+00:00, run_after=2023-08-10T17:51:43.488727+00:00
[2023-08-10T17:51:43.616+0000] {processor.py:179} INFO - Processing /home/airflow/.local/lib/python3.7/site-packages/airflow/example_dags/example_latest_only.py took 0.274 seconds
[2023-08-10T17:52:13.711+0000] {processor.py:157} INFO - Started process (PID=1249) to work on /home/airflow/.local/lib/python3.7/site-packages/airflow/example_dags/example_latest_only.py
[2023-08-10T17:52:13.718+0000] {processor.py:826} INFO - Processing file /home/airflow/.local/lib/python3.7/site-packages/airflow/example_dags/example_latest_only.py for tasks to queue
[2023-08-10T17:52:13.720+0000] {logging_mixin.py:150} INFO - [2023-08-10T17:52:13.719+0000] {dagbag.py:541} INFO - Filling up the DagBag from /home/airflow/.local/lib/python3.7/site-packages/airflow/example_dags/example_latest_only.py
[2023-08-10T17:52:13.733+0000] {processor.py:836} INFO - DAG(s) dict_keys(['latest_only']) retrieved from /home/airflow/.local/lib/python3.7/site-packages/airflow/example_dags/example_latest_only.py
[2023-08-10T17:52:13.782+0000] {logging_mixin.py:150} INFO - [2023-08-10T17:52:13.781+0000] {dag.py:2742} INFO - Sync 1 DAGs
[2023-08-10T17:52:13.842+0000] {logging_mixin.py:150} INFO - [2023-08-10T17:52:13.841+0000] {dag.py:3508} INFO - Setting next_dagrun for latest_only to 2023-08-10T13:52:13.841374+00:00, run_after=2023-08-10T17:52:13.841374+00:00
[2023-08-10T17:52:13.892+0000] {processor.py:179} INFO - Processing /home/airflow/.local/lib/python3.7/site-packages/airflow/example_dags/example_latest_only.py took 0.187 seconds
[2023-08-10T17:52:44.478+0000] {processor.py:157} INFO - Started process (PID=1307) to work on /home/airflow/.local/lib/python3.7/site-packages/airflow/example_dags/example_latest_only.py
[2023-08-10T17:52:44.491+0000] {processor.py:826} INFO - Processing file /home/airflow/.local/lib/python3.7/site-packages/airflow/example_dags/example_latest_only.py for tasks to queue
[2023-08-10T17:52:44.493+0000] {logging_mixin.py:150} INFO - [2023-08-10T17:52:44.492+0000] {dagbag.py:541} INFO - Filling up the DagBag from /home/airflow/.local/lib/python3.7/site-packages/airflow/example_dags/example_latest_only.py
[2023-08-10T17:52:44.526+0000] {processor.py:836} INFO - DAG(s) dict_keys(['latest_only']) retrieved from /home/airflow/.local/lib/python3.7/site-packages/airflow/example_dags/example_latest_only.py
[2023-08-10T17:52:44.585+0000] {logging_mixin.py:150} INFO - [2023-08-10T17:52:44.584+0000] {dag.py:2742} INFO - Sync 1 DAGs
[2023-08-10T17:52:44.648+0000] {logging_mixin.py:150} INFO - [2023-08-10T17:52:44.647+0000] {dag.py:3508} INFO - Setting next_dagrun for latest_only to 2023-08-10T13:52:44.646937+00:00, run_after=2023-08-10T17:52:44.646937+00:00
[2023-08-10T17:52:44.701+0000] {processor.py:179} INFO - Processing /home/airflow/.local/lib/python3.7/site-packages/airflow/example_dags/example_latest_only.py took 0.228 seconds
[2023-08-10T17:53:15.516+0000] {processor.py:157} INFO - Started process (PID=1365) to work on /home/airflow/.local/lib/python3.7/site-packages/airflow/example_dags/example_latest_only.py
[2023-08-10T17:53:15.517+0000] {processor.py:826} INFO - Processing file /home/airflow/.local/lib/python3.7/site-packages/airflow/example_dags/example_latest_only.py for tasks to queue
[2023-08-10T17:53:15.519+0000] {logging_mixin.py:150} INFO - [2023-08-10T17:53:15.518+0000] {dagbag.py:541} INFO - Filling up the DagBag from /home/airflow/.local/lib/python3.7/site-packages/airflow/example_dags/example_latest_only.py
[2023-08-10T17:53:15.528+0000] {processor.py:836} INFO - DAG(s) dict_keys(['latest_only']) retrieved from /home/airflow/.local/lib/python3.7/site-packages/airflow/example_dags/example_latest_only.py
[2023-08-10T17:53:15.575+0000] {logging_mixin.py:150} INFO - [2023-08-10T17:53:15.575+0000] {dag.py:2742} INFO - Sync 1 DAGs
[2023-08-10T17:53:15.643+0000] {logging_mixin.py:150} INFO - [2023-08-10T17:53:15.643+0000] {dag.py:3508} INFO - Setting next_dagrun for latest_only to 2023-08-10T13:53:15.643072+00:00, run_after=2023-08-10T17:53:15.643072+00:00
[2023-08-10T17:53:15.714+0000] {processor.py:179} INFO - Processing /home/airflow/.local/lib/python3.7/site-packages/airflow/example_dags/example_latest_only.py took 0.204 seconds
[2023-08-10T17:53:46.325+0000] {processor.py:157} INFO - Started process (PID=1423) to work on /home/airflow/.local/lib/python3.7/site-packages/airflow/example_dags/example_latest_only.py
[2023-08-10T17:53:46.339+0000] {processor.py:826} INFO - Processing file /home/airflow/.local/lib/python3.7/site-packages/airflow/example_dags/example_latest_only.py for tasks to queue
[2023-08-10T17:53:46.341+0000] {logging_mixin.py:150} INFO - [2023-08-10T17:53:46.341+0000] {dagbag.py:541} INFO - Filling up the DagBag from /home/airflow/.local/lib/python3.7/site-packages/airflow/example_dags/example_latest_only.py
[2023-08-10T17:53:46.352+0000] {processor.py:836} INFO - DAG(s) dict_keys(['latest_only']) retrieved from /home/airflow/.local/lib/python3.7/site-packages/airflow/example_dags/example_latest_only.py
[2023-08-10T17:53:46.399+0000] {logging_mixin.py:150} INFO - [2023-08-10T17:53:46.399+0000] {dag.py:2742} INFO - Sync 1 DAGs
[2023-08-10T17:53:46.451+0000] {logging_mixin.py:150} INFO - [2023-08-10T17:53:46.451+0000] {dag.py:3508} INFO - Setting next_dagrun for latest_only to 2023-08-10T13:53:46.450912+00:00, run_after=2023-08-10T17:53:46.450912+00:00
[2023-08-10T17:53:46.498+0000] {processor.py:179} INFO - Processing /home/airflow/.local/lib/python3.7/site-packages/airflow/example_dags/example_latest_only.py took 0.180 seconds
[2023-08-10T17:54:16.687+0000] {processor.py:157} INFO - Started process (PID=1480) to work on /home/airflow/.local/lib/python3.7/site-packages/airflow/example_dags/example_latest_only.py
[2023-08-10T17:54:16.697+0000] {processor.py:826} INFO - Processing file /home/airflow/.local/lib/python3.7/site-packages/airflow/example_dags/example_latest_only.py for tasks to queue
[2023-08-10T17:54:16.700+0000] {logging_mixin.py:150} INFO - [2023-08-10T17:54:16.700+0000] {dagbag.py:541} INFO - Filling up the DagBag from /home/airflow/.local/lib/python3.7/site-packages/airflow/example_dags/example_latest_only.py
[2023-08-10T17:54:16.714+0000] {processor.py:836} INFO - DAG(s) dict_keys(['latest_only']) retrieved from /home/airflow/.local/lib/python3.7/site-packages/airflow/example_dags/example_latest_only.py
[2023-08-10T17:54:16.781+0000] {logging_mixin.py:150} INFO - [2023-08-10T17:54:16.780+0000] {dag.py:2742} INFO - Sync 1 DAGs
[2023-08-10T17:54:16.855+0000] {logging_mixin.py:150} INFO - [2023-08-10T17:54:16.854+0000] {dag.py:3508} INFO - Setting next_dagrun for latest_only to 2023-08-10T13:54:16.845385+00:00, run_after=2023-08-10T17:54:16.845385+00:00
[2023-08-10T17:54:16.924+0000] {processor.py:179} INFO - Processing /home/airflow/.local/lib/python3.7/site-packages/airflow/example_dags/example_latest_only.py took 0.243 seconds
[2023-08-10T17:54:47.607+0000] {processor.py:157} INFO - Started process (PID=1538) to work on /home/airflow/.local/lib/python3.7/site-packages/airflow/example_dags/example_latest_only.py
[2023-08-10T17:54:47.608+0000] {processor.py:826} INFO - Processing file /home/airflow/.local/lib/python3.7/site-packages/airflow/example_dags/example_latest_only.py for tasks to queue
[2023-08-10T17:54:47.610+0000] {logging_mixin.py:150} INFO - [2023-08-10T17:54:47.609+0000] {dagbag.py:541} INFO - Filling up the DagBag from /home/airflow/.local/lib/python3.7/site-packages/airflow/example_dags/example_latest_only.py
[2023-08-10T17:54:47.624+0000] {processor.py:836} INFO - DAG(s) dict_keys(['latest_only']) retrieved from /home/airflow/.local/lib/python3.7/site-packages/airflow/example_dags/example_latest_only.py
[2023-08-10T17:54:47.688+0000] {logging_mixin.py:150} INFO - [2023-08-10T17:54:47.688+0000] {dag.py:2742} INFO - Sync 1 DAGs
[2023-08-10T17:54:47.762+0000] {logging_mixin.py:150} INFO - [2023-08-10T17:54:47.762+0000] {dag.py:3508} INFO - Setting next_dagrun for latest_only to 2023-08-10T13:54:47.762123+00:00, run_after=2023-08-10T17:54:47.762123+00:00
[2023-08-10T17:54:47.810+0000] {processor.py:179} INFO - Processing /home/airflow/.local/lib/python3.7/site-packages/airflow/example_dags/example_latest_only.py took 0.212 seconds
