[2023-08-10T17:41:47.823+0000] {processor.py:157} INFO - Started process (PID=77) to work on /home/airflow/.local/lib/python3.7/site-packages/airflow/example_dags/example_skip_dag.py
[2023-08-10T17:41:47.826+0000] {processor.py:826} INFO - Processing file /home/airflow/.local/lib/python3.7/site-packages/airflow/example_dags/example_skip_dag.py for tasks to queue
[2023-08-10T17:41:47.835+0000] {logging_mixin.py:150} INFO - [2023-08-10T17:41:47.834+0000] {dagbag.py:541} INFO - Filling up the DagBag from /home/airflow/.local/lib/python3.7/site-packages/airflow/example_dags/example_skip_dag.py
[2023-08-10T17:41:47.850+0000] {processor.py:836} INFO - DAG(s) dict_keys(['example_skip_dag']) retrieved from /home/airflow/.local/lib/python3.7/site-packages/airflow/example_dags/example_skip_dag.py
[2023-08-10T17:41:48.229+0000] {logging_mixin.py:150} INFO - [2023-08-10T17:41:48.229+0000] {manager.py:504} INFO - Created Permission View: can edit on DAG:example_skip_dag
[2023-08-10T17:41:48.276+0000] {logging_mixin.py:150} INFO - [2023-08-10T17:41:48.276+0000] {manager.py:504} INFO - Created Permission View: can delete on DAG:example_skip_dag
[2023-08-10T17:41:48.295+0000] {logging_mixin.py:150} INFO - [2023-08-10T17:41:48.295+0000] {manager.py:504} INFO - Created Permission View: can read on DAG:example_skip_dag
[2023-08-10T17:41:48.356+0000] {logging_mixin.py:150} INFO - [2023-08-10T17:41:48.355+0000] {dag.py:2742} INFO - Sync 1 DAGs
[2023-08-10T17:41:48.401+0000] {logging_mixin.py:150} INFO - [2023-08-10T17:41:48.400+0000] {dag.py:2763} INFO - Creating ORM DAG for example_skip_dag
[2023-08-10T17:41:48.431+0000] {logging_mixin.py:150} INFO - [2023-08-10T17:41:48.431+0000] {dag.py:3508} INFO - Setting next_dagrun for example_skip_dag to 2023-08-09T17:41:48.430660+00:00, run_after=2023-08-10T17:41:48.430660+00:00
[2023-08-10T17:41:48.507+0000] {processor.py:179} INFO - Processing /home/airflow/.local/lib/python3.7/site-packages/airflow/example_dags/example_skip_dag.py took 0.707 seconds
[2023-08-10T17:42:19.294+0000] {processor.py:157} INFO - Started process (PID=134) to work on /home/airflow/.local/lib/python3.7/site-packages/airflow/example_dags/example_skip_dag.py
[2023-08-10T17:42:19.327+0000] {processor.py:826} INFO - Processing file /home/airflow/.local/lib/python3.7/site-packages/airflow/example_dags/example_skip_dag.py for tasks to queue
[2023-08-10T17:42:19.333+0000] {logging_mixin.py:150} INFO - [2023-08-10T17:42:19.333+0000] {dagbag.py:541} INFO - Filling up the DagBag from /home/airflow/.local/lib/python3.7/site-packages/airflow/example_dags/example_skip_dag.py
[2023-08-10T17:42:19.364+0000] {processor.py:836} INFO - DAG(s) dict_keys(['example_skip_dag']) retrieved from /home/airflow/.local/lib/python3.7/site-packages/airflow/example_dags/example_skip_dag.py
[2023-08-10T17:42:19.580+0000] {logging_mixin.py:150} INFO - [2023-08-10T17:42:19.579+0000] {dag.py:2742} INFO - Sync 1 DAGs
[2023-08-10T17:42:19.900+0000] {logging_mixin.py:150} INFO - [2023-08-10T17:42:19.899+0000] {dag.py:3508} INFO - Setting next_dagrun for example_skip_dag to 2023-08-09T17:42:19.897276+00:00, run_after=2023-08-10T17:42:19.897276+00:00
[2023-08-10T17:42:20.081+0000] {processor.py:179} INFO - Processing /home/airflow/.local/lib/python3.7/site-packages/airflow/example_dags/example_skip_dag.py took 0.798 seconds
[2023-08-10T17:42:50.788+0000] {processor.py:157} INFO - Started process (PID=192) to work on /home/airflow/.local/lib/python3.7/site-packages/airflow/example_dags/example_skip_dag.py
[2023-08-10T17:42:50.792+0000] {processor.py:826} INFO - Processing file /home/airflow/.local/lib/python3.7/site-packages/airflow/example_dags/example_skip_dag.py for tasks to queue
[2023-08-10T17:42:50.794+0000] {logging_mixin.py:150} INFO - [2023-08-10T17:42:50.793+0000] {dagbag.py:541} INFO - Filling up the DagBag from /home/airflow/.local/lib/python3.7/site-packages/airflow/example_dags/example_skip_dag.py
[2023-08-10T17:42:50.841+0000] {processor.py:836} INFO - DAG(s) dict_keys(['example_skip_dag']) retrieved from /home/airflow/.local/lib/python3.7/site-packages/airflow/example_dags/example_skip_dag.py
[2023-08-10T17:42:51.066+0000] {logging_mixin.py:150} INFO - [2023-08-10T17:42:51.065+0000] {dag.py:2742} INFO - Sync 1 DAGs
[2023-08-10T17:42:51.148+0000] {logging_mixin.py:150} INFO - [2023-08-10T17:42:51.148+0000] {dag.py:3508} INFO - Setting next_dagrun for example_skip_dag to 2023-08-09T17:42:51.142408+00:00, run_after=2023-08-10T17:42:51.142408+00:00
[2023-08-10T17:42:51.259+0000] {processor.py:179} INFO - Processing /home/airflow/.local/lib/python3.7/site-packages/airflow/example_dags/example_skip_dag.py took 0.485 seconds
[2023-08-10T17:43:23.279+0000] {processor.py:157} INFO - Started process (PID=250) to work on /home/airflow/.local/lib/python3.7/site-packages/airflow/example_dags/example_skip_dag.py
[2023-08-10T17:43:23.282+0000] {processor.py:826} INFO - Processing file /home/airflow/.local/lib/python3.7/site-packages/airflow/example_dags/example_skip_dag.py for tasks to queue
[2023-08-10T17:43:23.285+0000] {logging_mixin.py:150} INFO - [2023-08-10T17:43:23.284+0000] {dagbag.py:541} INFO - Filling up the DagBag from /home/airflow/.local/lib/python3.7/site-packages/airflow/example_dags/example_skip_dag.py
[2023-08-10T17:43:23.309+0000] {processor.py:836} INFO - DAG(s) dict_keys(['example_skip_dag']) retrieved from /home/airflow/.local/lib/python3.7/site-packages/airflow/example_dags/example_skip_dag.py
[2023-08-10T17:43:23.403+0000] {logging_mixin.py:150} INFO - [2023-08-10T17:43:23.402+0000] {dag.py:2742} INFO - Sync 1 DAGs
[2023-08-10T17:43:23.559+0000] {logging_mixin.py:150} INFO - [2023-08-10T17:43:23.558+0000] {dag.py:3508} INFO - Setting next_dagrun for example_skip_dag to 2023-08-09T17:43:23.558410+00:00, run_after=2023-08-10T17:43:23.558410+00:00
[2023-08-10T17:43:23.642+0000] {processor.py:179} INFO - Processing /home/airflow/.local/lib/python3.7/site-packages/airflow/example_dags/example_skip_dag.py took 0.369 seconds
[2023-08-10T17:43:54.168+0000] {processor.py:157} INFO - Started process (PID=308) to work on /home/airflow/.local/lib/python3.7/site-packages/airflow/example_dags/example_skip_dag.py
[2023-08-10T17:43:54.172+0000] {processor.py:826} INFO - Processing file /home/airflow/.local/lib/python3.7/site-packages/airflow/example_dags/example_skip_dag.py for tasks to queue
[2023-08-10T17:43:54.173+0000] {logging_mixin.py:150} INFO - [2023-08-10T17:43:54.173+0000] {dagbag.py:541} INFO - Filling up the DagBag from /home/airflow/.local/lib/python3.7/site-packages/airflow/example_dags/example_skip_dag.py
[2023-08-10T17:43:54.195+0000] {processor.py:836} INFO - DAG(s) dict_keys(['example_skip_dag']) retrieved from /home/airflow/.local/lib/python3.7/site-packages/airflow/example_dags/example_skip_dag.py
[2023-08-10T17:43:54.274+0000] {logging_mixin.py:150} INFO - [2023-08-10T17:43:54.274+0000] {dag.py:2742} INFO - Sync 1 DAGs
[2023-08-10T17:43:54.357+0000] {logging_mixin.py:150} INFO - [2023-08-10T17:43:54.356+0000] {dag.py:3508} INFO - Setting next_dagrun for example_skip_dag to 2023-08-09T17:43:54.356525+00:00, run_after=2023-08-10T17:43:54.356525+00:00
[2023-08-10T17:43:54.408+0000] {processor.py:179} INFO - Processing /home/airflow/.local/lib/python3.7/site-packages/airflow/example_dags/example_skip_dag.py took 0.249 seconds
[2023-08-10T17:44:24.513+0000] {processor.py:157} INFO - Started process (PID=366) to work on /home/airflow/.local/lib/python3.7/site-packages/airflow/example_dags/example_skip_dag.py
[2023-08-10T17:44:24.517+0000] {processor.py:826} INFO - Processing file /home/airflow/.local/lib/python3.7/site-packages/airflow/example_dags/example_skip_dag.py for tasks to queue
[2023-08-10T17:44:24.519+0000] {logging_mixin.py:150} INFO - [2023-08-10T17:44:24.518+0000] {dagbag.py:541} INFO - Filling up the DagBag from /home/airflow/.local/lib/python3.7/site-packages/airflow/example_dags/example_skip_dag.py
[2023-08-10T17:44:24.535+0000] {processor.py:836} INFO - DAG(s) dict_keys(['example_skip_dag']) retrieved from /home/airflow/.local/lib/python3.7/site-packages/airflow/example_dags/example_skip_dag.py
[2023-08-10T17:44:24.610+0000] {logging_mixin.py:150} INFO - [2023-08-10T17:44:24.609+0000] {dag.py:2742} INFO - Sync 1 DAGs
[2023-08-10T17:44:24.697+0000] {logging_mixin.py:150} INFO - [2023-08-10T17:44:24.697+0000] {dag.py:3508} INFO - Setting next_dagrun for example_skip_dag to 2023-08-09T17:44:24.696703+00:00, run_after=2023-08-10T17:44:24.696703+00:00
[2023-08-10T17:44:24.789+0000] {processor.py:179} INFO - Processing /home/airflow/.local/lib/python3.7/site-packages/airflow/example_dags/example_skip_dag.py took 0.290 seconds
[2023-08-10T17:44:56.161+0000] {processor.py:157} INFO - Started process (PID=424) to work on /home/airflow/.local/lib/python3.7/site-packages/airflow/example_dags/example_skip_dag.py
[2023-08-10T17:44:56.170+0000] {processor.py:826} INFO - Processing file /home/airflow/.local/lib/python3.7/site-packages/airflow/example_dags/example_skip_dag.py for tasks to queue
[2023-08-10T17:44:56.172+0000] {logging_mixin.py:150} INFO - [2023-08-10T17:44:56.171+0000] {dagbag.py:541} INFO - Filling up the DagBag from /home/airflow/.local/lib/python3.7/site-packages/airflow/example_dags/example_skip_dag.py
[2023-08-10T17:44:56.232+0000] {processor.py:836} INFO - DAG(s) dict_keys(['example_skip_dag']) retrieved from /home/airflow/.local/lib/python3.7/site-packages/airflow/example_dags/example_skip_dag.py
[2023-08-10T17:44:56.388+0000] {logging_mixin.py:150} INFO - [2023-08-10T17:44:56.387+0000] {dag.py:2742} INFO - Sync 1 DAGs
[2023-08-10T17:44:56.569+0000] {logging_mixin.py:150} INFO - [2023-08-10T17:44:56.569+0000] {dag.py:3508} INFO - Setting next_dagrun for example_skip_dag to 2023-08-09T17:44:56.568646+00:00, run_after=2023-08-10T17:44:56.568646+00:00
[2023-08-10T17:44:56.644+0000] {processor.py:179} INFO - Processing /home/airflow/.local/lib/python3.7/site-packages/airflow/example_dags/example_skip_dag.py took 0.492 seconds
[2023-08-10T17:45:27.225+0000] {processor.py:157} INFO - Started process (PID=477) to work on /home/airflow/.local/lib/python3.7/site-packages/airflow/example_dags/example_skip_dag.py
[2023-08-10T17:45:27.227+0000] {processor.py:826} INFO - Processing file /home/airflow/.local/lib/python3.7/site-packages/airflow/example_dags/example_skip_dag.py for tasks to queue
[2023-08-10T17:45:27.228+0000] {logging_mixin.py:150} INFO - [2023-08-10T17:45:27.228+0000] {dagbag.py:541} INFO - Filling up the DagBag from /home/airflow/.local/lib/python3.7/site-packages/airflow/example_dags/example_skip_dag.py
[2023-08-10T17:45:27.246+0000] {processor.py:836} INFO - DAG(s) dict_keys(['example_skip_dag']) retrieved from /home/airflow/.local/lib/python3.7/site-packages/airflow/example_dags/example_skip_dag.py
[2023-08-10T17:45:27.315+0000] {logging_mixin.py:150} INFO - [2023-08-10T17:45:27.315+0000] {dag.py:2742} INFO - Sync 1 DAGs
[2023-08-10T17:45:27.408+0000] {logging_mixin.py:150} INFO - [2023-08-10T17:45:27.408+0000] {dag.py:3508} INFO - Setting next_dagrun for example_skip_dag to 2023-08-09T17:45:27.407350+00:00, run_after=2023-08-10T17:45:27.407350+00:00
[2023-08-10T17:45:27.481+0000] {processor.py:179} INFO - Processing /home/airflow/.local/lib/python3.7/site-packages/airflow/example_dags/example_skip_dag.py took 0.265 seconds
[2023-08-10T17:45:57.858+0000] {processor.py:157} INFO - Started process (PID=535) to work on /home/airflow/.local/lib/python3.7/site-packages/airflow/example_dags/example_skip_dag.py
[2023-08-10T17:45:57.860+0000] {processor.py:826} INFO - Processing file /home/airflow/.local/lib/python3.7/site-packages/airflow/example_dags/example_skip_dag.py for tasks to queue
[2023-08-10T17:45:57.861+0000] {logging_mixin.py:150} INFO - [2023-08-10T17:45:57.861+0000] {dagbag.py:541} INFO - Filling up the DagBag from /home/airflow/.local/lib/python3.7/site-packages/airflow/example_dags/example_skip_dag.py
[2023-08-10T17:45:57.876+0000] {processor.py:836} INFO - DAG(s) dict_keys(['example_skip_dag']) retrieved from /home/airflow/.local/lib/python3.7/site-packages/airflow/example_dags/example_skip_dag.py
[2023-08-10T17:45:57.932+0000] {logging_mixin.py:150} INFO - [2023-08-10T17:45:57.931+0000] {dag.py:2742} INFO - Sync 1 DAGs
[2023-08-10T17:45:57.998+0000] {logging_mixin.py:150} INFO - [2023-08-10T17:45:57.997+0000] {dag.py:3508} INFO - Setting next_dagrun for example_skip_dag to 2023-08-09T17:45:57.997470+00:00, run_after=2023-08-10T17:45:57.997470+00:00
[2023-08-10T17:45:58.091+0000] {processor.py:179} INFO - Processing /home/airflow/.local/lib/python3.7/site-packages/airflow/example_dags/example_skip_dag.py took 0.238 seconds
[2023-08-10T17:46:28.768+0000] {processor.py:157} INFO - Started process (PID=593) to work on /home/airflow/.local/lib/python3.7/site-packages/airflow/example_dags/example_skip_dag.py
[2023-08-10T17:46:28.769+0000] {processor.py:826} INFO - Processing file /home/airflow/.local/lib/python3.7/site-packages/airflow/example_dags/example_skip_dag.py for tasks to queue
[2023-08-10T17:46:28.770+0000] {logging_mixin.py:150} INFO - [2023-08-10T17:46:28.770+0000] {dagbag.py:541} INFO - Filling up the DagBag from /home/airflow/.local/lib/python3.7/site-packages/airflow/example_dags/example_skip_dag.py
[2023-08-10T17:46:28.785+0000] {processor.py:836} INFO - DAG(s) dict_keys(['example_skip_dag']) retrieved from /home/airflow/.local/lib/python3.7/site-packages/airflow/example_dags/example_skip_dag.py
[2023-08-10T17:46:28.838+0000] {logging_mixin.py:150} INFO - [2023-08-10T17:46:28.837+0000] {dag.py:2742} INFO - Sync 1 DAGs
[2023-08-10T17:46:28.905+0000] {logging_mixin.py:150} INFO - [2023-08-10T17:46:28.905+0000] {dag.py:3508} INFO - Setting next_dagrun for example_skip_dag to 2023-08-09T17:46:28.904844+00:00, run_after=2023-08-10T17:46:28.904844+00:00
[2023-08-10T17:46:28.966+0000] {processor.py:179} INFO - Processing /home/airflow/.local/lib/python3.7/site-packages/airflow/example_dags/example_skip_dag.py took 0.204 seconds
[2023-08-10T17:47:01.171+0000] {processor.py:157} INFO - Started process (PID=652) to work on /home/airflow/.local/lib/python3.7/site-packages/airflow/example_dags/example_skip_dag.py
[2023-08-10T17:47:01.199+0000] {processor.py:826} INFO - Processing file /home/airflow/.local/lib/python3.7/site-packages/airflow/example_dags/example_skip_dag.py for tasks to queue
[2023-08-10T17:47:01.200+0000] {logging_mixin.py:150} INFO - [2023-08-10T17:47:01.200+0000] {dagbag.py:541} INFO - Filling up the DagBag from /home/airflow/.local/lib/python3.7/site-packages/airflow/example_dags/example_skip_dag.py
[2023-08-10T17:47:01.231+0000] {processor.py:836} INFO - DAG(s) dict_keys(['example_skip_dag']) retrieved from /home/airflow/.local/lib/python3.7/site-packages/airflow/example_dags/example_skip_dag.py
[2023-08-10T17:47:01.345+0000] {logging_mixin.py:150} INFO - [2023-08-10T17:47:01.345+0000] {dag.py:2742} INFO - Sync 1 DAGs
[2023-08-10T17:47:01.511+0000] {logging_mixin.py:150} INFO - [2023-08-10T17:47:01.505+0000] {dag.py:3508} INFO - Setting next_dagrun for example_skip_dag to 2023-08-09T17:47:01.505384+00:00, run_after=2023-08-10T17:47:01.505384+00:00
[2023-08-10T17:47:01.660+0000] {processor.py:179} INFO - Processing /home/airflow/.local/lib/python3.7/site-packages/airflow/example_dags/example_skip_dag.py took 0.528 seconds
[2023-08-10T17:47:31.883+0000] {processor.py:157} INFO - Started process (PID=710) to work on /home/airflow/.local/lib/python3.7/site-packages/airflow/example_dags/example_skip_dag.py
[2023-08-10T17:47:31.885+0000] {processor.py:826} INFO - Processing file /home/airflow/.local/lib/python3.7/site-packages/airflow/example_dags/example_skip_dag.py for tasks to queue
[2023-08-10T17:47:31.886+0000] {logging_mixin.py:150} INFO - [2023-08-10T17:47:31.886+0000] {dagbag.py:541} INFO - Filling up the DagBag from /home/airflow/.local/lib/python3.7/site-packages/airflow/example_dags/example_skip_dag.py
[2023-08-10T17:47:31.902+0000] {processor.py:836} INFO - DAG(s) dict_keys(['example_skip_dag']) retrieved from /home/airflow/.local/lib/python3.7/site-packages/airflow/example_dags/example_skip_dag.py
[2023-08-10T17:47:31.957+0000] {logging_mixin.py:150} INFO - [2023-08-10T17:47:31.956+0000] {dag.py:2742} INFO - Sync 1 DAGs
[2023-08-10T17:47:32.025+0000] {logging_mixin.py:150} INFO - [2023-08-10T17:47:32.025+0000] {dag.py:3508} INFO - Setting next_dagrun for example_skip_dag to 2023-08-09T17:47:32.024721+00:00, run_after=2023-08-10T17:47:32.024721+00:00
[2023-08-10T17:47:32.084+0000] {processor.py:179} INFO - Processing /home/airflow/.local/lib/python3.7/site-packages/airflow/example_dags/example_skip_dag.py took 0.206 seconds
[2023-08-10T17:48:03.444+0000] {processor.py:157} INFO - Started process (PID=768) to work on /home/airflow/.local/lib/python3.7/site-packages/airflow/example_dags/example_skip_dag.py
[2023-08-10T17:48:03.454+0000] {processor.py:826} INFO - Processing file /home/airflow/.local/lib/python3.7/site-packages/airflow/example_dags/example_skip_dag.py for tasks to queue
[2023-08-10T17:48:03.456+0000] {logging_mixin.py:150} INFO - [2023-08-10T17:48:03.455+0000] {dagbag.py:541} INFO - Filling up the DagBag from /home/airflow/.local/lib/python3.7/site-packages/airflow/example_dags/example_skip_dag.py
[2023-08-10T17:48:03.500+0000] {processor.py:836} INFO - DAG(s) dict_keys(['example_skip_dag']) retrieved from /home/airflow/.local/lib/python3.7/site-packages/airflow/example_dags/example_skip_dag.py
[2023-08-10T17:48:03.586+0000] {logging_mixin.py:150} INFO - [2023-08-10T17:48:03.586+0000] {dag.py:2742} INFO - Sync 1 DAGs
[2023-08-10T17:48:03.659+0000] {logging_mixin.py:150} INFO - [2023-08-10T17:48:03.658+0000] {dag.py:3508} INFO - Setting next_dagrun for example_skip_dag to 2023-08-09T17:48:03.657621+00:00, run_after=2023-08-10T17:48:03.657621+00:00
[2023-08-10T17:48:03.726+0000] {processor.py:179} INFO - Processing /home/airflow/.local/lib/python3.7/site-packages/airflow/example_dags/example_skip_dag.py took 0.314 seconds
[2023-08-10T17:48:34.880+0000] {processor.py:157} INFO - Started process (PID=833) to work on /home/airflow/.local/lib/python3.7/site-packages/airflow/example_dags/example_skip_dag.py
[2023-08-10T17:48:34.893+0000] {processor.py:826} INFO - Processing file /home/airflow/.local/lib/python3.7/site-packages/airflow/example_dags/example_skip_dag.py for tasks to queue
[2023-08-10T17:48:34.902+0000] {logging_mixin.py:150} INFO - [2023-08-10T17:48:34.894+0000] {dagbag.py:541} INFO - Filling up the DagBag from /home/airflow/.local/lib/python3.7/site-packages/airflow/example_dags/example_skip_dag.py
[2023-08-10T17:48:34.949+0000] {processor.py:836} INFO - DAG(s) dict_keys(['example_skip_dag']) retrieved from /home/airflow/.local/lib/python3.7/site-packages/airflow/example_dags/example_skip_dag.py
[2023-08-10T17:48:35.081+0000] {logging_mixin.py:150} INFO - [2023-08-10T17:48:35.081+0000] {dag.py:2742} INFO - Sync 1 DAGs
[2023-08-10T17:48:35.203+0000] {logging_mixin.py:150} INFO - [2023-08-10T17:48:35.203+0000] {dag.py:3508} INFO - Setting next_dagrun for example_skip_dag to 2023-08-09T17:48:35.202877+00:00, run_after=2023-08-10T17:48:35.202877+00:00
[2023-08-10T17:48:35.274+0000] {processor.py:179} INFO - Processing /home/airflow/.local/lib/python3.7/site-packages/airflow/example_dags/example_skip_dag.py took 0.406 seconds
[2023-08-10T17:49:05.703+0000] {processor.py:157} INFO - Started process (PID=891) to work on /home/airflow/.local/lib/python3.7/site-packages/airflow/example_dags/example_skip_dag.py
[2023-08-10T17:49:05.705+0000] {processor.py:826} INFO - Processing file /home/airflow/.local/lib/python3.7/site-packages/airflow/example_dags/example_skip_dag.py for tasks to queue
[2023-08-10T17:49:05.708+0000] {logging_mixin.py:150} INFO - [2023-08-10T17:49:05.708+0000] {dagbag.py:541} INFO - Filling up the DagBag from /home/airflow/.local/lib/python3.7/site-packages/airflow/example_dags/example_skip_dag.py
[2023-08-10T17:49:05.719+0000] {processor.py:836} INFO - DAG(s) dict_keys(['example_skip_dag']) retrieved from /home/airflow/.local/lib/python3.7/site-packages/airflow/example_dags/example_skip_dag.py
[2023-08-10T17:49:05.755+0000] {logging_mixin.py:150} INFO - [2023-08-10T17:49:05.755+0000] {dag.py:2742} INFO - Sync 1 DAGs
[2023-08-10T17:49:05.815+0000] {logging_mixin.py:150} INFO - [2023-08-10T17:49:05.814+0000] {dag.py:3508} INFO - Setting next_dagrun for example_skip_dag to 2023-08-09T17:49:05.813930+00:00, run_after=2023-08-10T17:49:05.813930+00:00
[2023-08-10T17:49:05.862+0000] {processor.py:179} INFO - Processing /home/airflow/.local/lib/python3.7/site-packages/airflow/example_dags/example_skip_dag.py took 0.168 seconds
[2023-08-10T17:49:36.744+0000] {processor.py:157} INFO - Started process (PID=949) to work on /home/airflow/.local/lib/python3.7/site-packages/airflow/example_dags/example_skip_dag.py
[2023-08-10T17:49:36.762+0000] {processor.py:826} INFO - Processing file /home/airflow/.local/lib/python3.7/site-packages/airflow/example_dags/example_skip_dag.py for tasks to queue
[2023-08-10T17:49:36.763+0000] {logging_mixin.py:150} INFO - [2023-08-10T17:49:36.763+0000] {dagbag.py:541} INFO - Filling up the DagBag from /home/airflow/.local/lib/python3.7/site-packages/airflow/example_dags/example_skip_dag.py
[2023-08-10T17:49:36.776+0000] {processor.py:836} INFO - DAG(s) dict_keys(['example_skip_dag']) retrieved from /home/airflow/.local/lib/python3.7/site-packages/airflow/example_dags/example_skip_dag.py
[2023-08-10T17:49:36.826+0000] {logging_mixin.py:150} INFO - [2023-08-10T17:49:36.826+0000] {dag.py:2742} INFO - Sync 1 DAGs
[2023-08-10T17:49:36.882+0000] {logging_mixin.py:150} INFO - [2023-08-10T17:49:36.881+0000] {dag.py:3508} INFO - Setting next_dagrun for example_skip_dag to 2023-08-09T17:49:36.881541+00:00, run_after=2023-08-10T17:49:36.881541+00:00
[2023-08-10T17:49:36.922+0000] {processor.py:179} INFO - Processing /home/airflow/.local/lib/python3.7/site-packages/airflow/example_dags/example_skip_dag.py took 0.184 seconds
[2023-08-10T17:50:07.145+0000] {processor.py:157} INFO - Started process (PID=1007) to work on /home/airflow/.local/lib/python3.7/site-packages/airflow/example_dags/example_skip_dag.py
[2023-08-10T17:50:07.147+0000] {processor.py:826} INFO - Processing file /home/airflow/.local/lib/python3.7/site-packages/airflow/example_dags/example_skip_dag.py for tasks to queue
[2023-08-10T17:50:07.148+0000] {logging_mixin.py:150} INFO - [2023-08-10T17:50:07.148+0000] {dagbag.py:541} INFO - Filling up the DagBag from /home/airflow/.local/lib/python3.7/site-packages/airflow/example_dags/example_skip_dag.py
[2023-08-10T17:50:07.163+0000] {processor.py:836} INFO - DAG(s) dict_keys(['example_skip_dag']) retrieved from /home/airflow/.local/lib/python3.7/site-packages/airflow/example_dags/example_skip_dag.py
[2023-08-10T17:50:07.215+0000] {logging_mixin.py:150} INFO - [2023-08-10T17:50:07.215+0000] {dag.py:2742} INFO - Sync 1 DAGs
[2023-08-10T17:50:07.273+0000] {logging_mixin.py:150} INFO - [2023-08-10T17:50:07.273+0000] {dag.py:3508} INFO - Setting next_dagrun for example_skip_dag to 2023-08-09T17:50:07.272845+00:00, run_after=2023-08-10T17:50:07.272845+00:00
[2023-08-10T17:50:07.327+0000] {processor.py:179} INFO - Processing /home/airflow/.local/lib/python3.7/site-packages/airflow/example_dags/example_skip_dag.py took 0.187 seconds
[2023-08-10T17:50:37.517+0000] {processor.py:157} INFO - Started process (PID=1063) to work on /home/airflow/.local/lib/python3.7/site-packages/airflow/example_dags/example_skip_dag.py
[2023-08-10T17:50:37.518+0000] {processor.py:826} INFO - Processing file /home/airflow/.local/lib/python3.7/site-packages/airflow/example_dags/example_skip_dag.py for tasks to queue
[2023-08-10T17:50:37.520+0000] {logging_mixin.py:150} INFO - [2023-08-10T17:50:37.519+0000] {dagbag.py:541} INFO - Filling up the DagBag from /home/airflow/.local/lib/python3.7/site-packages/airflow/example_dags/example_skip_dag.py
[2023-08-10T17:50:37.532+0000] {processor.py:836} INFO - DAG(s) dict_keys(['example_skip_dag']) retrieved from /home/airflow/.local/lib/python3.7/site-packages/airflow/example_dags/example_skip_dag.py
[2023-08-10T17:50:37.575+0000] {logging_mixin.py:150} INFO - [2023-08-10T17:50:37.575+0000] {dag.py:2742} INFO - Sync 1 DAGs
[2023-08-10T17:50:37.622+0000] {logging_mixin.py:150} INFO - [2023-08-10T17:50:37.622+0000] {dag.py:3508} INFO - Setting next_dagrun for example_skip_dag to 2023-08-09T17:50:37.621800+00:00, run_after=2023-08-10T17:50:37.621800+00:00
[2023-08-10T17:50:37.677+0000] {processor.py:179} INFO - Processing /home/airflow/.local/lib/python3.7/site-packages/airflow/example_dags/example_skip_dag.py took 0.166 seconds
[2023-08-10T17:51:08.080+0000] {processor.py:157} INFO - Started process (PID=1120) to work on /home/airflow/.local/lib/python3.7/site-packages/airflow/example_dags/example_skip_dag.py
[2023-08-10T17:51:08.081+0000] {processor.py:826} INFO - Processing file /home/airflow/.local/lib/python3.7/site-packages/airflow/example_dags/example_skip_dag.py for tasks to queue
[2023-08-10T17:51:08.082+0000] {logging_mixin.py:150} INFO - [2023-08-10T17:51:08.082+0000] {dagbag.py:541} INFO - Filling up the DagBag from /home/airflow/.local/lib/python3.7/site-packages/airflow/example_dags/example_skip_dag.py
[2023-08-10T17:51:08.095+0000] {processor.py:836} INFO - DAG(s) dict_keys(['example_skip_dag']) retrieved from /home/airflow/.local/lib/python3.7/site-packages/airflow/example_dags/example_skip_dag.py
[2023-08-10T17:51:08.133+0000] {logging_mixin.py:150} INFO - [2023-08-10T17:51:08.132+0000] {dag.py:2742} INFO - Sync 1 DAGs
[2023-08-10T17:51:08.180+0000] {logging_mixin.py:150} INFO - [2023-08-10T17:51:08.180+0000] {dag.py:3508} INFO - Setting next_dagrun for example_skip_dag to 2023-08-09T17:51:08.179842+00:00, run_after=2023-08-10T17:51:08.179842+00:00
[2023-08-10T17:51:08.221+0000] {processor.py:179} INFO - Processing /home/airflow/.local/lib/python3.7/site-packages/airflow/example_dags/example_skip_dag.py took 0.145 seconds
[2023-08-10T17:51:38.639+0000] {processor.py:157} INFO - Started process (PID=1180) to work on /home/airflow/.local/lib/python3.7/site-packages/airflow/example_dags/example_skip_dag.py
[2023-08-10T17:51:38.646+0000] {processor.py:826} INFO - Processing file /home/airflow/.local/lib/python3.7/site-packages/airflow/example_dags/example_skip_dag.py for tasks to queue
[2023-08-10T17:51:38.648+0000] {logging_mixin.py:150} INFO - [2023-08-10T17:51:38.647+0000] {dagbag.py:541} INFO - Filling up the DagBag from /home/airflow/.local/lib/python3.7/site-packages/airflow/example_dags/example_skip_dag.py
[2023-08-10T17:51:38.682+0000] {processor.py:836} INFO - DAG(s) dict_keys(['example_skip_dag']) retrieved from /home/airflow/.local/lib/python3.7/site-packages/airflow/example_dags/example_skip_dag.py
[2023-08-10T17:51:38.814+0000] {logging_mixin.py:150} INFO - [2023-08-10T17:51:38.814+0000] {dag.py:2742} INFO - Sync 1 DAGs
[2023-08-10T17:51:38.985+0000] {logging_mixin.py:150} INFO - [2023-08-10T17:51:38.985+0000] {dag.py:3508} INFO - Setting next_dagrun for example_skip_dag to 2023-08-09T17:51:38.984798+00:00, run_after=2023-08-10T17:51:38.984798+00:00
[2023-08-10T17:51:39.084+0000] {processor.py:179} INFO - Processing /home/airflow/.local/lib/python3.7/site-packages/airflow/example_dags/example_skip_dag.py took 0.464 seconds
[2023-08-10T17:52:09.917+0000] {processor.py:157} INFO - Started process (PID=1238) to work on /home/airflow/.local/lib/python3.7/site-packages/airflow/example_dags/example_skip_dag.py
[2023-08-10T17:52:09.922+0000] {processor.py:826} INFO - Processing file /home/airflow/.local/lib/python3.7/site-packages/airflow/example_dags/example_skip_dag.py for tasks to queue
[2023-08-10T17:52:09.930+0000] {logging_mixin.py:150} INFO - [2023-08-10T17:52:09.923+0000] {dagbag.py:541} INFO - Filling up the DagBag from /home/airflow/.local/lib/python3.7/site-packages/airflow/example_dags/example_skip_dag.py
[2023-08-10T17:52:09.963+0000] {processor.py:836} INFO - DAG(s) dict_keys(['example_skip_dag']) retrieved from /home/airflow/.local/lib/python3.7/site-packages/airflow/example_dags/example_skip_dag.py
[2023-08-10T17:52:10.082+0000] {logging_mixin.py:150} INFO - [2023-08-10T17:52:10.082+0000] {dag.py:2742} INFO - Sync 1 DAGs
[2023-08-10T17:52:10.277+0000] {logging_mixin.py:150} INFO - [2023-08-10T17:52:10.277+0000] {dag.py:3508} INFO - Setting next_dagrun for example_skip_dag to 2023-08-09T17:52:10.277147+00:00, run_after=2023-08-10T17:52:10.277147+00:00
[2023-08-10T17:52:10.490+0000] {processor.py:179} INFO - Processing /home/airflow/.local/lib/python3.7/site-packages/airflow/example_dags/example_skip_dag.py took 0.589 seconds
[2023-08-10T17:52:40.876+0000] {processor.py:157} INFO - Started process (PID=1296) to work on /home/airflow/.local/lib/python3.7/site-packages/airflow/example_dags/example_skip_dag.py
[2023-08-10T17:52:40.878+0000] {processor.py:826} INFO - Processing file /home/airflow/.local/lib/python3.7/site-packages/airflow/example_dags/example_skip_dag.py for tasks to queue
[2023-08-10T17:52:40.880+0000] {logging_mixin.py:150} INFO - [2023-08-10T17:52:40.879+0000] {dagbag.py:541} INFO - Filling up the DagBag from /home/airflow/.local/lib/python3.7/site-packages/airflow/example_dags/example_skip_dag.py
[2023-08-10T17:52:40.902+0000] {processor.py:836} INFO - DAG(s) dict_keys(['example_skip_dag']) retrieved from /home/airflow/.local/lib/python3.7/site-packages/airflow/example_dags/example_skip_dag.py
[2023-08-10T17:52:40.953+0000] {logging_mixin.py:150} INFO - [2023-08-10T17:52:40.952+0000] {dag.py:2742} INFO - Sync 1 DAGs
[2023-08-10T17:52:41.008+0000] {logging_mixin.py:150} INFO - [2023-08-10T17:52:41.008+0000] {dag.py:3508} INFO - Setting next_dagrun for example_skip_dag to 2023-08-09T17:52:41.007896+00:00, run_after=2023-08-10T17:52:41.007896+00:00
[2023-08-10T17:52:41.046+0000] {processor.py:179} INFO - Processing /home/airflow/.local/lib/python3.7/site-packages/airflow/example_dags/example_skip_dag.py took 0.176 seconds
[2023-08-10T17:53:11.076+0000] {processor.py:157} INFO - Started process (PID=1354) to work on /home/airflow/.local/lib/python3.7/site-packages/airflow/example_dags/example_skip_dag.py
[2023-08-10T17:53:11.077+0000] {processor.py:826} INFO - Processing file /home/airflow/.local/lib/python3.7/site-packages/airflow/example_dags/example_skip_dag.py for tasks to queue
[2023-08-10T17:53:11.078+0000] {logging_mixin.py:150} INFO - [2023-08-10T17:53:11.078+0000] {dagbag.py:541} INFO - Filling up the DagBag from /home/airflow/.local/lib/python3.7/site-packages/airflow/example_dags/example_skip_dag.py
[2023-08-10T17:53:11.092+0000] {processor.py:836} INFO - DAG(s) dict_keys(['example_skip_dag']) retrieved from /home/airflow/.local/lib/python3.7/site-packages/airflow/example_dags/example_skip_dag.py
[2023-08-10T17:53:11.145+0000] {logging_mixin.py:150} INFO - [2023-08-10T17:53:11.144+0000] {dag.py:2742} INFO - Sync 1 DAGs
[2023-08-10T17:53:11.191+0000] {logging_mixin.py:150} INFO - [2023-08-10T17:53:11.191+0000] {dag.py:3508} INFO - Setting next_dagrun for example_skip_dag to 2023-08-09T17:53:11.190714+00:00, run_after=2023-08-10T17:53:11.190714+00:00
[2023-08-10T17:53:11.240+0000] {processor.py:179} INFO - Processing /home/airflow/.local/lib/python3.7/site-packages/airflow/example_dags/example_skip_dag.py took 0.170 seconds
