[2023-08-10T17:41:41.165+0000] {processor.py:157} INFO - Started process (PID=69) to work on /home/airflow/.local/lib/python3.7/site-packages/airflow/example_dags/example_subdag_operator.py
[2023-08-10T17:41:41.174+0000] {processor.py:826} INFO - Processing file /home/airflow/.local/lib/python3.7/site-packages/airflow/example_dags/example_subdag_operator.py for tasks to queue
[2023-08-10T17:41:41.175+0000] {logging_mixin.py:150} INFO - [2023-08-10T17:41:41.175+0000] {dagbag.py:541} INFO - Filling up the DagBag from /home/airflow/.local/lib/python3.7/site-packages/airflow/example_dags/example_subdag_operator.py
[2023-08-10T17:41:41.426+0000] {processor.py:836} INFO - DAG(s) dict_keys(['example_subdag_operator.section-1', 'example_subdag_operator.section-2', 'example_subdag_operator']) retrieved from /home/airflow/.local/lib/python3.7/site-packages/airflow/example_dags/example_subdag_operator.py
[2023-08-10T17:41:42.399+0000] {logging_mixin.py:150} INFO - [2023-08-10T17:41:42.399+0000] {manager.py:504} INFO - Created Permission View: can edit on DAG:example_subdag_operator
[2023-08-10T17:41:42.441+0000] {logging_mixin.py:150} INFO - [2023-08-10T17:41:42.440+0000] {manager.py:504} INFO - Created Permission View: can delete on DAG:example_subdag_operator
[2023-08-10T17:41:42.466+0000] {logging_mixin.py:150} INFO - [2023-08-10T17:41:42.466+0000] {manager.py:504} INFO - Created Permission View: can read on DAG:example_subdag_operator
[2023-08-10T17:41:42.534+0000] {logging_mixin.py:150} INFO - [2023-08-10T17:41:42.534+0000] {dag.py:2742} INFO - Sync 3 DAGs
[2023-08-10T17:41:42.581+0000] {logging_mixin.py:150} INFO - [2023-08-10T17:41:42.580+0000] {dag.py:2763} INFO - Creating ORM DAG for example_subdag_operator.section-1
[2023-08-10T17:41:42.591+0000] {logging_mixin.py:150} INFO - [2023-08-10T17:41:42.591+0000] {dag.py:2763} INFO - Creating ORM DAG for example_subdag_operator
[2023-08-10T17:41:42.597+0000] {logging_mixin.py:150} INFO - [2023-08-10T17:41:42.597+0000] {dag.py:2763} INFO - Creating ORM DAG for example_subdag_operator.section-2
[2023-08-10T17:41:42.696+0000] {logging_mixin.py:150} INFO - [2023-08-10T17:41:42.695+0000] {dag.py:3508} INFO - Setting next_dagrun for example_subdag_operator to 2022-01-01T00:00:00+00:00, run_after=2022-01-01T00:00:00+00:00
[2023-08-10T17:41:42.702+0000] {logging_mixin.py:150} INFO - [2023-08-10T17:41:42.702+0000] {dag.py:3508} INFO - Setting next_dagrun for example_subdag_operator.section-1 to None, run_after=None
[2023-08-10T17:41:42.708+0000] {logging_mixin.py:150} INFO - [2023-08-10T17:41:42.706+0000] {dag.py:3508} INFO - Setting next_dagrun for example_subdag_operator.section-2 to None, run_after=None
[2023-08-10T17:41:42.788+0000] {logging_mixin.py:150} INFO - [2023-08-10T17:41:42.787+0000] {dag.py:2742} INFO - Sync 2 DAGs
[2023-08-10T17:41:42.823+0000] {logging_mixin.py:150} INFO - [2023-08-10T17:41:42.823+0000] {dag.py:3508} INFO - Setting next_dagrun for example_subdag_operator.section-1 to None, run_after=None
[2023-08-10T17:41:42.850+0000] {logging_mixin.py:150} INFO - [2023-08-10T17:41:42.849+0000] {dag.py:3508} INFO - Setting next_dagrun for example_subdag_operator.section-2 to None, run_after=None
[2023-08-10T17:41:43.000+0000] {processor.py:179} INFO - Processing /home/airflow/.local/lib/python3.7/site-packages/airflow/example_dags/example_subdag_operator.py took 1.867 seconds
[2023-08-10T17:42:13.634+0000] {processor.py:157} INFO - Started process (PID=126) to work on /home/airflow/.local/lib/python3.7/site-packages/airflow/example_dags/example_subdag_operator.py
[2023-08-10T17:42:13.635+0000] {processor.py:826} INFO - Processing file /home/airflow/.local/lib/python3.7/site-packages/airflow/example_dags/example_subdag_operator.py for tasks to queue
[2023-08-10T17:42:13.637+0000] {logging_mixin.py:150} INFO - [2023-08-10T17:42:13.636+0000] {dagbag.py:541} INFO - Filling up the DagBag from /home/airflow/.local/lib/python3.7/site-packages/airflow/example_dags/example_subdag_operator.py
[2023-08-10T17:42:13.690+0000] {processor.py:836} INFO - DAG(s) dict_keys(['example_subdag_operator.section-1', 'example_subdag_operator.section-2', 'example_subdag_operator']) retrieved from /home/airflow/.local/lib/python3.7/site-packages/airflow/example_dags/example_subdag_operator.py
[2023-08-10T17:42:13.740+0000] {logging_mixin.py:150} INFO - [2023-08-10T17:42:13.740+0000] {dag.py:2742} INFO - Sync 3 DAGs
[2023-08-10T17:42:13.798+0000] {logging_mixin.py:150} INFO - [2023-08-10T17:42:13.797+0000] {dag.py:3508} INFO - Setting next_dagrun for example_subdag_operator to 2022-01-01T00:00:00+00:00, run_after=2022-01-01T00:00:00+00:00
[2023-08-10T17:42:13.805+0000] {logging_mixin.py:150} INFO - [2023-08-10T17:42:13.805+0000] {dag.py:3508} INFO - Setting next_dagrun for example_subdag_operator.section-1 to None, run_after=None
[2023-08-10T17:42:13.808+0000] {logging_mixin.py:150} INFO - [2023-08-10T17:42:13.808+0000] {dag.py:3508} INFO - Setting next_dagrun for example_subdag_operator.section-2 to None, run_after=None
[2023-08-10T17:42:13.824+0000] {logging_mixin.py:150} INFO - [2023-08-10T17:42:13.824+0000] {dag.py:2742} INFO - Sync 2 DAGs
[2023-08-10T17:42:13.837+0000] {logging_mixin.py:150} INFO - [2023-08-10T17:42:13.837+0000] {dag.py:3508} INFO - Setting next_dagrun for example_subdag_operator.section-1 to None, run_after=None
[2023-08-10T17:42:13.838+0000] {logging_mixin.py:150} INFO - [2023-08-10T17:42:13.838+0000] {dag.py:3508} INFO - Setting next_dagrun for example_subdag_operator.section-2 to None, run_after=None
[2023-08-10T17:42:13.862+0000] {processor.py:179} INFO - Processing /home/airflow/.local/lib/python3.7/site-packages/airflow/example_dags/example_subdag_operator.py took 0.232 seconds
[2023-08-10T17:42:45.251+0000] {processor.py:157} INFO - Started process (PID=184) to work on /home/airflow/.local/lib/python3.7/site-packages/airflow/example_dags/example_subdag_operator.py
[2023-08-10T17:42:45.253+0000] {processor.py:826} INFO - Processing file /home/airflow/.local/lib/python3.7/site-packages/airflow/example_dags/example_subdag_operator.py for tasks to queue
[2023-08-10T17:42:45.255+0000] {logging_mixin.py:150} INFO - [2023-08-10T17:42:45.254+0000] {dagbag.py:541} INFO - Filling up the DagBag from /home/airflow/.local/lib/python3.7/site-packages/airflow/example_dags/example_subdag_operator.py
[2023-08-10T17:42:45.309+0000] {processor.py:836} INFO - DAG(s) dict_keys(['example_subdag_operator.section-1', 'example_subdag_operator.section-2', 'example_subdag_operator']) retrieved from /home/airflow/.local/lib/python3.7/site-packages/airflow/example_dags/example_subdag_operator.py
[2023-08-10T17:42:45.362+0000] {logging_mixin.py:150} INFO - [2023-08-10T17:42:45.361+0000] {dag.py:2742} INFO - Sync 3 DAGs
[2023-08-10T17:42:45.439+0000] {logging_mixin.py:150} INFO - [2023-08-10T17:42:45.439+0000] {dag.py:3508} INFO - Setting next_dagrun for example_subdag_operator to 2022-01-01T00:00:00+00:00, run_after=2022-01-01T00:00:00+00:00
[2023-08-10T17:42:45.447+0000] {logging_mixin.py:150} INFO - [2023-08-10T17:42:45.447+0000] {dag.py:3508} INFO - Setting next_dagrun for example_subdag_operator.section-1 to None, run_after=None
[2023-08-10T17:42:45.450+0000] {logging_mixin.py:150} INFO - [2023-08-10T17:42:45.450+0000] {dag.py:3508} INFO - Setting next_dagrun for example_subdag_operator.section-2 to None, run_after=None
[2023-08-10T17:42:45.473+0000] {logging_mixin.py:150} INFO - [2023-08-10T17:42:45.473+0000] {dag.py:2742} INFO - Sync 2 DAGs
[2023-08-10T17:42:45.485+0000] {logging_mixin.py:150} INFO - [2023-08-10T17:42:45.485+0000] {dag.py:3508} INFO - Setting next_dagrun for example_subdag_operator.section-1 to None, run_after=None
[2023-08-10T17:42:45.486+0000] {logging_mixin.py:150} INFO - [2023-08-10T17:42:45.486+0000] {dag.py:3508} INFO - Setting next_dagrun for example_subdag_operator.section-2 to None, run_after=None
[2023-08-10T17:42:45.523+0000] {processor.py:179} INFO - Processing /home/airflow/.local/lib/python3.7/site-packages/airflow/example_dags/example_subdag_operator.py took 0.278 seconds
[2023-08-10T17:43:21.816+0000] {processor.py:157} INFO - Started process (PID=242) to work on /home/airflow/.local/lib/python3.7/site-packages/airflow/example_dags/example_subdag_operator.py
[2023-08-10T17:43:21.821+0000] {processor.py:826} INFO - Processing file /home/airflow/.local/lib/python3.7/site-packages/airflow/example_dags/example_subdag_operator.py for tasks to queue
[2023-08-10T17:43:21.823+0000] {logging_mixin.py:150} INFO - [2023-08-10T17:43:21.822+0000] {dagbag.py:541} INFO - Filling up the DagBag from /home/airflow/.local/lib/python3.7/site-packages/airflow/example_dags/example_subdag_operator.py
[2023-08-10T17:43:21.937+0000] {processor.py:836} INFO - DAG(s) dict_keys(['example_subdag_operator.section-1', 'example_subdag_operator.section-2', 'example_subdag_operator']) retrieved from /home/airflow/.local/lib/python3.7/site-packages/airflow/example_dags/example_subdag_operator.py
[2023-08-10T17:43:22.001+0000] {logging_mixin.py:150} INFO - [2023-08-10T17:43:22.001+0000] {dag.py:2742} INFO - Sync 3 DAGs
[2023-08-10T17:43:22.060+0000] {logging_mixin.py:150} INFO - [2023-08-10T17:43:22.059+0000] {dag.py:3508} INFO - Setting next_dagrun for example_subdag_operator to 2022-01-01T00:00:00+00:00, run_after=2022-01-01T00:00:00+00:00
[2023-08-10T17:43:22.067+0000] {logging_mixin.py:150} INFO - [2023-08-10T17:43:22.067+0000] {dag.py:3508} INFO - Setting next_dagrun for example_subdag_operator.section-1 to None, run_after=None
[2023-08-10T17:43:22.071+0000] {logging_mixin.py:150} INFO - [2023-08-10T17:43:22.070+0000] {dag.py:3508} INFO - Setting next_dagrun for example_subdag_operator.section-2 to None, run_after=None
[2023-08-10T17:43:22.088+0000] {logging_mixin.py:150} INFO - [2023-08-10T17:43:22.087+0000] {dag.py:2742} INFO - Sync 2 DAGs
[2023-08-10T17:43:22.101+0000] {logging_mixin.py:150} INFO - [2023-08-10T17:43:22.101+0000] {dag.py:3508} INFO - Setting next_dagrun for example_subdag_operator.section-1 to None, run_after=None
[2023-08-10T17:43:22.102+0000] {logging_mixin.py:150} INFO - [2023-08-10T17:43:22.102+0000] {dag.py:3508} INFO - Setting next_dagrun for example_subdag_operator.section-2 to None, run_after=None
[2023-08-10T17:43:22.146+0000] {processor.py:179} INFO - Processing /home/airflow/.local/lib/python3.7/site-packages/airflow/example_dags/example_subdag_operator.py took 0.336 seconds
[2023-08-10T17:43:52.204+0000] {processor.py:157} INFO - Started process (PID=300) to work on /home/airflow/.local/lib/python3.7/site-packages/airflow/example_dags/example_subdag_operator.py
[2023-08-10T17:43:52.205+0000] {processor.py:826} INFO - Processing file /home/airflow/.local/lib/python3.7/site-packages/airflow/example_dags/example_subdag_operator.py for tasks to queue
[2023-08-10T17:43:52.207+0000] {logging_mixin.py:150} INFO - [2023-08-10T17:43:52.206+0000] {dagbag.py:541} INFO - Filling up the DagBag from /home/airflow/.local/lib/python3.7/site-packages/airflow/example_dags/example_subdag_operator.py
[2023-08-10T17:43:52.251+0000] {processor.py:836} INFO - DAG(s) dict_keys(['example_subdag_operator.section-1', 'example_subdag_operator.section-2', 'example_subdag_operator']) retrieved from /home/airflow/.local/lib/python3.7/site-packages/airflow/example_dags/example_subdag_operator.py
[2023-08-10T17:43:52.285+0000] {logging_mixin.py:150} INFO - [2023-08-10T17:43:52.285+0000] {dag.py:2742} INFO - Sync 3 DAGs
[2023-08-10T17:43:52.347+0000] {logging_mixin.py:150} INFO - [2023-08-10T17:43:52.347+0000] {dag.py:3508} INFO - Setting next_dagrun for example_subdag_operator to 2022-01-01T00:00:00+00:00, run_after=2022-01-01T00:00:00+00:00
[2023-08-10T17:43:52.353+0000] {logging_mixin.py:150} INFO - [2023-08-10T17:43:52.352+0000] {dag.py:3508} INFO - Setting next_dagrun for example_subdag_operator.section-1 to None, run_after=None
[2023-08-10T17:43:52.355+0000] {logging_mixin.py:150} INFO - [2023-08-10T17:43:52.355+0000] {dag.py:3508} INFO - Setting next_dagrun for example_subdag_operator.section-2 to None, run_after=None
[2023-08-10T17:43:52.367+0000] {logging_mixin.py:150} INFO - [2023-08-10T17:43:52.367+0000] {dag.py:2742} INFO - Sync 2 DAGs
[2023-08-10T17:43:52.377+0000] {logging_mixin.py:150} INFO - [2023-08-10T17:43:52.376+0000] {dag.py:3508} INFO - Setting next_dagrun for example_subdag_operator.section-1 to None, run_after=None
[2023-08-10T17:43:52.377+0000] {logging_mixin.py:150} INFO - [2023-08-10T17:43:52.377+0000] {dag.py:3508} INFO - Setting next_dagrun for example_subdag_operator.section-2 to None, run_after=None
[2023-08-10T17:43:52.399+0000] {processor.py:179} INFO - Processing /home/airflow/.local/lib/python3.7/site-packages/airflow/example_dags/example_subdag_operator.py took 0.201 seconds
[2023-08-10T17:44:22.943+0000] {processor.py:157} INFO - Started process (PID=353) to work on /home/airflow/.local/lib/python3.7/site-packages/airflow/example_dags/example_subdag_operator.py
[2023-08-10T17:44:22.952+0000] {processor.py:826} INFO - Processing file /home/airflow/.local/lib/python3.7/site-packages/airflow/example_dags/example_subdag_operator.py for tasks to queue
[2023-08-10T17:44:22.954+0000] {logging_mixin.py:150} INFO - [2023-08-10T17:44:22.953+0000] {dagbag.py:541} INFO - Filling up the DagBag from /home/airflow/.local/lib/python3.7/site-packages/airflow/example_dags/example_subdag_operator.py
[2023-08-10T17:44:23.014+0000] {processor.py:836} INFO - DAG(s) dict_keys(['example_subdag_operator.section-1', 'example_subdag_operator.section-2', 'example_subdag_operator']) retrieved from /home/airflow/.local/lib/python3.7/site-packages/airflow/example_dags/example_subdag_operator.py
[2023-08-10T17:44:23.061+0000] {logging_mixin.py:150} INFO - [2023-08-10T17:44:23.061+0000] {dag.py:2742} INFO - Sync 3 DAGs
[2023-08-10T17:44:23.219+0000] {logging_mixin.py:150} INFO - [2023-08-10T17:44:23.218+0000] {dag.py:3508} INFO - Setting next_dagrun for example_subdag_operator to 2022-01-01T00:00:00+00:00, run_after=2022-01-01T00:00:00+00:00
[2023-08-10T17:44:23.224+0000] {logging_mixin.py:150} INFO - [2023-08-10T17:44:23.224+0000] {dag.py:3508} INFO - Setting next_dagrun for example_subdag_operator.section-1 to None, run_after=None
[2023-08-10T17:44:23.226+0000] {logging_mixin.py:150} INFO - [2023-08-10T17:44:23.226+0000] {dag.py:3508} INFO - Setting next_dagrun for example_subdag_operator.section-2 to None, run_after=None
[2023-08-10T17:44:23.240+0000] {logging_mixin.py:150} INFO - [2023-08-10T17:44:23.239+0000] {dag.py:2742} INFO - Sync 2 DAGs
[2023-08-10T17:44:23.252+0000] {logging_mixin.py:150} INFO - [2023-08-10T17:44:23.251+0000] {dag.py:3508} INFO - Setting next_dagrun for example_subdag_operator.section-1 to None, run_after=None
[2023-08-10T17:44:23.252+0000] {logging_mixin.py:150} INFO - [2023-08-10T17:44:23.252+0000] {dag.py:3508} INFO - Setting next_dagrun for example_subdag_operator.section-2 to None, run_after=None
[2023-08-10T17:44:23.275+0000] {processor.py:179} INFO - Processing /home/airflow/.local/lib/python3.7/site-packages/airflow/example_dags/example_subdag_operator.py took 0.338 seconds
[2023-08-10T17:44:53.632+0000] {processor.py:157} INFO - Started process (PID=411) to work on /home/airflow/.local/lib/python3.7/site-packages/airflow/example_dags/example_subdag_operator.py
[2023-08-10T17:44:53.642+0000] {processor.py:826} INFO - Processing file /home/airflow/.local/lib/python3.7/site-packages/airflow/example_dags/example_subdag_operator.py for tasks to queue
[2023-08-10T17:44:53.644+0000] {logging_mixin.py:150} INFO - [2023-08-10T17:44:53.644+0000] {dagbag.py:541} INFO - Filling up the DagBag from /home/airflow/.local/lib/python3.7/site-packages/airflow/example_dags/example_subdag_operator.py
[2023-08-10T17:44:53.711+0000] {processor.py:836} INFO - DAG(s) dict_keys(['example_subdag_operator.section-1', 'example_subdag_operator.section-2', 'example_subdag_operator']) retrieved from /home/airflow/.local/lib/python3.7/site-packages/airflow/example_dags/example_subdag_operator.py
[2023-08-10T17:44:53.757+0000] {logging_mixin.py:150} INFO - [2023-08-10T17:44:53.756+0000] {dag.py:2742} INFO - Sync 3 DAGs
[2023-08-10T17:44:53.831+0000] {logging_mixin.py:150} INFO - [2023-08-10T17:44:53.831+0000] {dag.py:3508} INFO - Setting next_dagrun for example_subdag_operator to 2022-01-01T00:00:00+00:00, run_after=2022-01-01T00:00:00+00:00
[2023-08-10T17:44:53.839+0000] {logging_mixin.py:150} INFO - [2023-08-10T17:44:53.839+0000] {dag.py:3508} INFO - Setting next_dagrun for example_subdag_operator.section-1 to None, run_after=None
[2023-08-10T17:44:53.843+0000] {logging_mixin.py:150} INFO - [2023-08-10T17:44:53.843+0000] {dag.py:3508} INFO - Setting next_dagrun for example_subdag_operator.section-2 to None, run_after=None
[2023-08-10T17:44:53.867+0000] {logging_mixin.py:150} INFO - [2023-08-10T17:44:53.866+0000] {dag.py:2742} INFO - Sync 2 DAGs
[2023-08-10T17:44:53.907+0000] {logging_mixin.py:150} INFO - [2023-08-10T17:44:53.906+0000] {dag.py:3508} INFO - Setting next_dagrun for example_subdag_operator.section-1 to None, run_after=None
[2023-08-10T17:44:53.907+0000] {logging_mixin.py:150} INFO - [2023-08-10T17:44:53.907+0000] {dag.py:3508} INFO - Setting next_dagrun for example_subdag_operator.section-2 to None, run_after=None
[2023-08-10T17:44:53.980+0000] {processor.py:179} INFO - Processing /home/airflow/.local/lib/python3.7/site-packages/airflow/example_dags/example_subdag_operator.py took 0.355 seconds
[2023-08-10T17:45:24.363+0000] {processor.py:157} INFO - Started process (PID=469) to work on /home/airflow/.local/lib/python3.7/site-packages/airflow/example_dags/example_subdag_operator.py
[2023-08-10T17:45:24.365+0000] {processor.py:826} INFO - Processing file /home/airflow/.local/lib/python3.7/site-packages/airflow/example_dags/example_subdag_operator.py for tasks to queue
[2023-08-10T17:45:24.367+0000] {logging_mixin.py:150} INFO - [2023-08-10T17:45:24.366+0000] {dagbag.py:541} INFO - Filling up the DagBag from /home/airflow/.local/lib/python3.7/site-packages/airflow/example_dags/example_subdag_operator.py
[2023-08-10T17:45:24.423+0000] {processor.py:836} INFO - DAG(s) dict_keys(['example_subdag_operator.section-1', 'example_subdag_operator.section-2', 'example_subdag_operator']) retrieved from /home/airflow/.local/lib/python3.7/site-packages/airflow/example_dags/example_subdag_operator.py
[2023-08-10T17:45:24.474+0000] {logging_mixin.py:150} INFO - [2023-08-10T17:45:24.473+0000] {dag.py:2742} INFO - Sync 3 DAGs
[2023-08-10T17:45:24.533+0000] {logging_mixin.py:150} INFO - [2023-08-10T17:45:24.533+0000] {dag.py:3508} INFO - Setting next_dagrun for example_subdag_operator to 2022-01-01T00:00:00+00:00, run_after=2022-01-01T00:00:00+00:00
[2023-08-10T17:45:24.542+0000] {logging_mixin.py:150} INFO - [2023-08-10T17:45:24.541+0000] {dag.py:3508} INFO - Setting next_dagrun for example_subdag_operator.section-1 to None, run_after=None
[2023-08-10T17:45:24.545+0000] {logging_mixin.py:150} INFO - [2023-08-10T17:45:24.545+0000] {dag.py:3508} INFO - Setting next_dagrun for example_subdag_operator.section-2 to None, run_after=None
[2023-08-10T17:45:24.573+0000] {logging_mixin.py:150} INFO - [2023-08-10T17:45:24.573+0000] {dag.py:2742} INFO - Sync 2 DAGs
[2023-08-10T17:45:24.589+0000] {logging_mixin.py:150} INFO - [2023-08-10T17:45:24.588+0000] {dag.py:3508} INFO - Setting next_dagrun for example_subdag_operator.section-1 to None, run_after=None
[2023-08-10T17:45:24.590+0000] {logging_mixin.py:150} INFO - [2023-08-10T17:45:24.589+0000] {dag.py:3508} INFO - Setting next_dagrun for example_subdag_operator.section-2 to None, run_after=None
[2023-08-10T17:45:24.616+0000] {processor.py:179} INFO - Processing /home/airflow/.local/lib/python3.7/site-packages/airflow/example_dags/example_subdag_operator.py took 0.258 seconds
[2023-08-10T17:45:55.681+0000] {processor.py:157} INFO - Started process (PID=527) to work on /home/airflow/.local/lib/python3.7/site-packages/airflow/example_dags/example_subdag_operator.py
[2023-08-10T17:45:55.701+0000] {processor.py:826} INFO - Processing file /home/airflow/.local/lib/python3.7/site-packages/airflow/example_dags/example_subdag_operator.py for tasks to queue
[2023-08-10T17:45:55.703+0000] {logging_mixin.py:150} INFO - [2023-08-10T17:45:55.703+0000] {dagbag.py:541} INFO - Filling up the DagBag from /home/airflow/.local/lib/python3.7/site-packages/airflow/example_dags/example_subdag_operator.py
[2023-08-10T17:45:55.764+0000] {processor.py:836} INFO - DAG(s) dict_keys(['example_subdag_operator.section-1', 'example_subdag_operator.section-2', 'example_subdag_operator']) retrieved from /home/airflow/.local/lib/python3.7/site-packages/airflow/example_dags/example_subdag_operator.py
[2023-08-10T17:45:55.811+0000] {logging_mixin.py:150} INFO - [2023-08-10T17:45:55.810+0000] {dag.py:2742} INFO - Sync 3 DAGs
[2023-08-10T17:45:55.876+0000] {logging_mixin.py:150} INFO - [2023-08-10T17:45:55.875+0000] {dag.py:3508} INFO - Setting next_dagrun for example_subdag_operator to 2022-01-01T00:00:00+00:00, run_after=2022-01-01T00:00:00+00:00
[2023-08-10T17:45:55.883+0000] {logging_mixin.py:150} INFO - [2023-08-10T17:45:55.883+0000] {dag.py:3508} INFO - Setting next_dagrun for example_subdag_operator.section-1 to None, run_after=None
[2023-08-10T17:45:55.886+0000] {logging_mixin.py:150} INFO - [2023-08-10T17:45:55.886+0000] {dag.py:3508} INFO - Setting next_dagrun for example_subdag_operator.section-2 to None, run_after=None
[2023-08-10T17:45:55.904+0000] {logging_mixin.py:150} INFO - [2023-08-10T17:45:55.904+0000] {dag.py:2742} INFO - Sync 2 DAGs
[2023-08-10T17:45:55.927+0000] {logging_mixin.py:150} INFO - [2023-08-10T17:45:55.927+0000] {dag.py:3508} INFO - Setting next_dagrun for example_subdag_operator.section-1 to None, run_after=None
[2023-08-10T17:45:55.928+0000] {logging_mixin.py:150} INFO - [2023-08-10T17:45:55.928+0000] {dag.py:3508} INFO - Setting next_dagrun for example_subdag_operator.section-2 to None, run_after=None
[2023-08-10T17:45:55.995+0000] {processor.py:179} INFO - Processing /home/airflow/.local/lib/python3.7/site-packages/airflow/example_dags/example_subdag_operator.py took 0.319 seconds
[2023-08-10T17:46:26.625+0000] {processor.py:157} INFO - Started process (PID=585) to work on /home/airflow/.local/lib/python3.7/site-packages/airflow/example_dags/example_subdag_operator.py
[2023-08-10T17:46:26.627+0000] {processor.py:826} INFO - Processing file /home/airflow/.local/lib/python3.7/site-packages/airflow/example_dags/example_subdag_operator.py for tasks to queue
[2023-08-10T17:46:26.628+0000] {logging_mixin.py:150} INFO - [2023-08-10T17:46:26.628+0000] {dagbag.py:541} INFO - Filling up the DagBag from /home/airflow/.local/lib/python3.7/site-packages/airflow/example_dags/example_subdag_operator.py
[2023-08-10T17:46:26.703+0000] {processor.py:836} INFO - DAG(s) dict_keys(['example_subdag_operator.section-1', 'example_subdag_operator.section-2', 'example_subdag_operator']) retrieved from /home/airflow/.local/lib/python3.7/site-packages/airflow/example_dags/example_subdag_operator.py
[2023-08-10T17:46:26.767+0000] {logging_mixin.py:150} INFO - [2023-08-10T17:46:26.767+0000] {dag.py:2742} INFO - Sync 3 DAGs
[2023-08-10T17:46:26.844+0000] {logging_mixin.py:150} INFO - [2023-08-10T17:46:26.843+0000] {dag.py:3508} INFO - Setting next_dagrun for example_subdag_operator to 2022-01-01T00:00:00+00:00, run_after=2022-01-01T00:00:00+00:00
[2023-08-10T17:46:26.851+0000] {logging_mixin.py:150} INFO - [2023-08-10T17:46:26.851+0000] {dag.py:3508} INFO - Setting next_dagrun for example_subdag_operator.section-1 to None, run_after=None
[2023-08-10T17:46:26.859+0000] {logging_mixin.py:150} INFO - [2023-08-10T17:46:26.858+0000] {dag.py:3508} INFO - Setting next_dagrun for example_subdag_operator.section-2 to None, run_after=None
[2023-08-10T17:46:26.883+0000] {logging_mixin.py:150} INFO - [2023-08-10T17:46:26.882+0000] {dag.py:2742} INFO - Sync 2 DAGs
[2023-08-10T17:46:26.902+0000] {logging_mixin.py:150} INFO - [2023-08-10T17:46:26.902+0000] {dag.py:3508} INFO - Setting next_dagrun for example_subdag_operator.section-1 to None, run_after=None
[2023-08-10T17:46:26.903+0000] {logging_mixin.py:150} INFO - [2023-08-10T17:46:26.903+0000] {dag.py:3508} INFO - Setting next_dagrun for example_subdag_operator.section-2 to None, run_after=None
[2023-08-10T17:46:26.973+0000] {processor.py:179} INFO - Processing /home/airflow/.local/lib/python3.7/site-packages/airflow/example_dags/example_subdag_operator.py took 0.356 seconds
[2023-08-10T17:46:59.205+0000] {processor.py:157} INFO - Started process (PID=644) to work on /home/airflow/.local/lib/python3.7/site-packages/airflow/example_dags/example_subdag_operator.py
[2023-08-10T17:46:59.222+0000] {processor.py:826} INFO - Processing file /home/airflow/.local/lib/python3.7/site-packages/airflow/example_dags/example_subdag_operator.py for tasks to queue
[2023-08-10T17:46:59.225+0000] {logging_mixin.py:150} INFO - [2023-08-10T17:46:59.225+0000] {dagbag.py:541} INFO - Filling up the DagBag from /home/airflow/.local/lib/python3.7/site-packages/airflow/example_dags/example_subdag_operator.py
[2023-08-10T17:46:59.373+0000] {processor.py:836} INFO - DAG(s) dict_keys(['example_subdag_operator.section-1', 'example_subdag_operator.section-2', 'example_subdag_operator']) retrieved from /home/airflow/.local/lib/python3.7/site-packages/airflow/example_dags/example_subdag_operator.py
[2023-08-10T17:46:59.446+0000] {logging_mixin.py:150} INFO - [2023-08-10T17:46:59.446+0000] {dag.py:2742} INFO - Sync 3 DAGs
[2023-08-10T17:46:59.535+0000] {logging_mixin.py:150} INFO - [2023-08-10T17:46:59.535+0000] {dag.py:3508} INFO - Setting next_dagrun for example_subdag_operator to 2022-01-01T00:00:00+00:00, run_after=2022-01-01T00:00:00+00:00
[2023-08-10T17:46:59.544+0000] {logging_mixin.py:150} INFO - [2023-08-10T17:46:59.544+0000] {dag.py:3508} INFO - Setting next_dagrun for example_subdag_operator.section-1 to None, run_after=None
[2023-08-10T17:46:59.548+0000] {logging_mixin.py:150} INFO - [2023-08-10T17:46:59.547+0000] {dag.py:3508} INFO - Setting next_dagrun for example_subdag_operator.section-2 to None, run_after=None
[2023-08-10T17:46:59.568+0000] {logging_mixin.py:150} INFO - [2023-08-10T17:46:59.568+0000] {dag.py:2742} INFO - Sync 2 DAGs
[2023-08-10T17:46:59.590+0000] {logging_mixin.py:150} INFO - [2023-08-10T17:46:59.589+0000] {dag.py:3508} INFO - Setting next_dagrun for example_subdag_operator.section-1 to None, run_after=None
[2023-08-10T17:46:59.591+0000] {logging_mixin.py:150} INFO - [2023-08-10T17:46:59.591+0000] {dag.py:3508} INFO - Setting next_dagrun for example_subdag_operator.section-2 to None, run_after=None
[2023-08-10T17:46:59.660+0000] {processor.py:179} INFO - Processing /home/airflow/.local/lib/python3.7/site-packages/airflow/example_dags/example_subdag_operator.py took 0.478 seconds
[2023-08-10T17:47:30.362+0000] {processor.py:157} INFO - Started process (PID=702) to work on /home/airflow/.local/lib/python3.7/site-packages/airflow/example_dags/example_subdag_operator.py
[2023-08-10T17:47:30.366+0000] {processor.py:826} INFO - Processing file /home/airflow/.local/lib/python3.7/site-packages/airflow/example_dags/example_subdag_operator.py for tasks to queue
[2023-08-10T17:47:30.368+0000] {logging_mixin.py:150} INFO - [2023-08-10T17:47:30.367+0000] {dagbag.py:541} INFO - Filling up the DagBag from /home/airflow/.local/lib/python3.7/site-packages/airflow/example_dags/example_subdag_operator.py
[2023-08-10T17:47:30.466+0000] {processor.py:836} INFO - DAG(s) dict_keys(['example_subdag_operator.section-1', 'example_subdag_operator.section-2', 'example_subdag_operator']) retrieved from /home/airflow/.local/lib/python3.7/site-packages/airflow/example_dags/example_subdag_operator.py
[2023-08-10T17:47:30.528+0000] {logging_mixin.py:150} INFO - [2023-08-10T17:47:30.528+0000] {dag.py:2742} INFO - Sync 3 DAGs
[2023-08-10T17:47:30.631+0000] {logging_mixin.py:150} INFO - [2023-08-10T17:47:30.631+0000] {dag.py:3508} INFO - Setting next_dagrun for example_subdag_operator to 2022-01-01T00:00:00+00:00, run_after=2022-01-01T00:00:00+00:00
[2023-08-10T17:47:30.648+0000] {logging_mixin.py:150} INFO - [2023-08-10T17:47:30.647+0000] {dag.py:3508} INFO - Setting next_dagrun for example_subdag_operator.section-1 to None, run_after=None
[2023-08-10T17:47:30.651+0000] {logging_mixin.py:150} INFO - [2023-08-10T17:47:30.651+0000] {dag.py:3508} INFO - Setting next_dagrun for example_subdag_operator.section-2 to None, run_after=None
[2023-08-10T17:47:30.682+0000] {logging_mixin.py:150} INFO - [2023-08-10T17:47:30.682+0000] {dag.py:2742} INFO - Sync 2 DAGs
[2023-08-10T17:47:30.703+0000] {logging_mixin.py:150} INFO - [2023-08-10T17:47:30.702+0000] {dag.py:3508} INFO - Setting next_dagrun for example_subdag_operator.section-1 to None, run_after=None
[2023-08-10T17:47:30.704+0000] {logging_mixin.py:150} INFO - [2023-08-10T17:47:30.703+0000] {dag.py:3508} INFO - Setting next_dagrun for example_subdag_operator.section-2 to None, run_after=None
[2023-08-10T17:47:30.736+0000] {processor.py:179} INFO - Processing /home/airflow/.local/lib/python3.7/site-packages/airflow/example_dags/example_subdag_operator.py took 0.384 seconds
[2023-08-10T17:48:01.299+0000] {processor.py:157} INFO - Started process (PID=760) to work on /home/airflow/.local/lib/python3.7/site-packages/airflow/example_dags/example_subdag_operator.py
[2023-08-10T17:48:01.302+0000] {processor.py:826} INFO - Processing file /home/airflow/.local/lib/python3.7/site-packages/airflow/example_dags/example_subdag_operator.py for tasks to queue
[2023-08-10T17:48:01.304+0000] {logging_mixin.py:150} INFO - [2023-08-10T17:48:01.303+0000] {dagbag.py:541} INFO - Filling up the DagBag from /home/airflow/.local/lib/python3.7/site-packages/airflow/example_dags/example_subdag_operator.py
[2023-08-10T17:48:01.358+0000] {processor.py:836} INFO - DAG(s) dict_keys(['example_subdag_operator.section-1', 'example_subdag_operator.section-2', 'example_subdag_operator']) retrieved from /home/airflow/.local/lib/python3.7/site-packages/airflow/example_dags/example_subdag_operator.py
[2023-08-10T17:48:01.407+0000] {logging_mixin.py:150} INFO - [2023-08-10T17:48:01.407+0000] {dag.py:2742} INFO - Sync 3 DAGs
[2023-08-10T17:48:01.480+0000] {logging_mixin.py:150} INFO - [2023-08-10T17:48:01.479+0000] {dag.py:3508} INFO - Setting next_dagrun for example_subdag_operator to 2022-01-01T00:00:00+00:00, run_after=2022-01-01T00:00:00+00:00
[2023-08-10T17:48:01.490+0000] {logging_mixin.py:150} INFO - [2023-08-10T17:48:01.489+0000] {dag.py:3508} INFO - Setting next_dagrun for example_subdag_operator.section-1 to None, run_after=None
[2023-08-10T17:48:01.495+0000] {logging_mixin.py:150} INFO - [2023-08-10T17:48:01.494+0000] {dag.py:3508} INFO - Setting next_dagrun for example_subdag_operator.section-2 to None, run_after=None
[2023-08-10T17:48:01.514+0000] {logging_mixin.py:150} INFO - [2023-08-10T17:48:01.514+0000] {dag.py:2742} INFO - Sync 2 DAGs
[2023-08-10T17:48:01.530+0000] {logging_mixin.py:150} INFO - [2023-08-10T17:48:01.530+0000] {dag.py:3508} INFO - Setting next_dagrun for example_subdag_operator.section-1 to None, run_after=None
[2023-08-10T17:48:01.533+0000] {logging_mixin.py:150} INFO - [2023-08-10T17:48:01.532+0000] {dag.py:3508} INFO - Setting next_dagrun for example_subdag_operator.section-2 to None, run_after=None
[2023-08-10T17:48:01.593+0000] {processor.py:179} INFO - Processing /home/airflow/.local/lib/python3.7/site-packages/airflow/example_dags/example_subdag_operator.py took 0.301 seconds
[2023-08-10T17:48:31.707+0000] {processor.py:157} INFO - Started process (PID=817) to work on /home/airflow/.local/lib/python3.7/site-packages/airflow/example_dags/example_subdag_operator.py
[2023-08-10T17:48:31.711+0000] {processor.py:826} INFO - Processing file /home/airflow/.local/lib/python3.7/site-packages/airflow/example_dags/example_subdag_operator.py for tasks to queue
[2023-08-10T17:48:31.713+0000] {logging_mixin.py:150} INFO - [2023-08-10T17:48:31.713+0000] {dagbag.py:541} INFO - Filling up the DagBag from /home/airflow/.local/lib/python3.7/site-packages/airflow/example_dags/example_subdag_operator.py
[2023-08-10T17:48:31.801+0000] {processor.py:836} INFO - DAG(s) dict_keys(['example_subdag_operator.section-1', 'example_subdag_operator.section-2', 'example_subdag_operator']) retrieved from /home/airflow/.local/lib/python3.7/site-packages/airflow/example_dags/example_subdag_operator.py
[2023-08-10T17:48:31.890+0000] {logging_mixin.py:150} INFO - [2023-08-10T17:48:31.890+0000] {dag.py:2742} INFO - Sync 3 DAGs
[2023-08-10T17:48:31.972+0000] {logging_mixin.py:150} INFO - [2023-08-10T17:48:31.972+0000] {dag.py:3508} INFO - Setting next_dagrun for example_subdag_operator to 2022-01-01T00:00:00+00:00, run_after=2022-01-01T00:00:00+00:00
[2023-08-10T17:48:31.987+0000] {logging_mixin.py:150} INFO - [2023-08-10T17:48:31.987+0000] {dag.py:3508} INFO - Setting next_dagrun for example_subdag_operator.section-1 to None, run_after=None
[2023-08-10T17:48:31.991+0000] {logging_mixin.py:150} INFO - [2023-08-10T17:48:31.990+0000] {dag.py:3508} INFO - Setting next_dagrun for example_subdag_operator.section-2 to None, run_after=None
[2023-08-10T17:48:32.025+0000] {logging_mixin.py:150} INFO - [2023-08-10T17:48:32.025+0000] {dag.py:2742} INFO - Sync 2 DAGs
[2023-08-10T17:48:32.047+0000] {logging_mixin.py:150} INFO - [2023-08-10T17:48:32.046+0000] {dag.py:3508} INFO - Setting next_dagrun for example_subdag_operator.section-1 to None, run_after=None
[2023-08-10T17:48:32.048+0000] {logging_mixin.py:150} INFO - [2023-08-10T17:48:32.048+0000] {dag.py:3508} INFO - Setting next_dagrun for example_subdag_operator.section-2 to None, run_after=None
[2023-08-10T17:48:32.094+0000] {processor.py:179} INFO - Processing /home/airflow/.local/lib/python3.7/site-packages/airflow/example_dags/example_subdag_operator.py took 0.395 seconds
[2023-08-10T17:49:02.840+0000] {processor.py:157} INFO - Started process (PID=875) to work on /home/airflow/.local/lib/python3.7/site-packages/airflow/example_dags/example_subdag_operator.py
[2023-08-10T17:49:02.856+0000] {processor.py:826} INFO - Processing file /home/airflow/.local/lib/python3.7/site-packages/airflow/example_dags/example_subdag_operator.py for tasks to queue
[2023-08-10T17:49:02.858+0000] {logging_mixin.py:150} INFO - [2023-08-10T17:49:02.858+0000] {dagbag.py:541} INFO - Filling up the DagBag from /home/airflow/.local/lib/python3.7/site-packages/airflow/example_dags/example_subdag_operator.py
[2023-08-10T17:49:02.941+0000] {processor.py:836} INFO - DAG(s) dict_keys(['example_subdag_operator.section-1', 'example_subdag_operator.section-2', 'example_subdag_operator']) retrieved from /home/airflow/.local/lib/python3.7/site-packages/airflow/example_dags/example_subdag_operator.py
[2023-08-10T17:49:03.017+0000] {logging_mixin.py:150} INFO - [2023-08-10T17:49:03.016+0000] {dag.py:2742} INFO - Sync 3 DAGs
[2023-08-10T17:49:03.146+0000] {logging_mixin.py:150} INFO - [2023-08-10T17:49:03.145+0000] {dag.py:3508} INFO - Setting next_dagrun for example_subdag_operator to 2022-01-01T00:00:00+00:00, run_after=2022-01-01T00:00:00+00:00
[2023-08-10T17:49:03.155+0000] {logging_mixin.py:150} INFO - [2023-08-10T17:49:03.155+0000] {dag.py:3508} INFO - Setting next_dagrun for example_subdag_operator.section-1 to None, run_after=None
[2023-08-10T17:49:03.159+0000] {logging_mixin.py:150} INFO - [2023-08-10T17:49:03.158+0000] {dag.py:3508} INFO - Setting next_dagrun for example_subdag_operator.section-2 to None, run_after=None
[2023-08-10T17:49:03.178+0000] {logging_mixin.py:150} INFO - [2023-08-10T17:49:03.178+0000] {dag.py:2742} INFO - Sync 2 DAGs
[2023-08-10T17:49:03.191+0000] {logging_mixin.py:150} INFO - [2023-08-10T17:49:03.191+0000] {dag.py:3508} INFO - Setting next_dagrun for example_subdag_operator.section-1 to None, run_after=None
[2023-08-10T17:49:03.192+0000] {logging_mixin.py:150} INFO - [2023-08-10T17:49:03.192+0000] {dag.py:3508} INFO - Setting next_dagrun for example_subdag_operator.section-2 to None, run_after=None
[2023-08-10T17:49:03.220+0000] {processor.py:179} INFO - Processing /home/airflow/.local/lib/python3.7/site-packages/airflow/example_dags/example_subdag_operator.py took 0.387 seconds
[2023-08-10T17:49:33.775+0000] {processor.py:157} INFO - Started process (PID=933) to work on /home/airflow/.local/lib/python3.7/site-packages/airflow/example_dags/example_subdag_operator.py
[2023-08-10T17:49:33.793+0000] {processor.py:826} INFO - Processing file /home/airflow/.local/lib/python3.7/site-packages/airflow/example_dags/example_subdag_operator.py for tasks to queue
[2023-08-10T17:49:33.794+0000] {logging_mixin.py:150} INFO - [2023-08-10T17:49:33.794+0000] {dagbag.py:541} INFO - Filling up the DagBag from /home/airflow/.local/lib/python3.7/site-packages/airflow/example_dags/example_subdag_operator.py
[2023-08-10T17:49:33.847+0000] {processor.py:836} INFO - DAG(s) dict_keys(['example_subdag_operator.section-1', 'example_subdag_operator.section-2', 'example_subdag_operator']) retrieved from /home/airflow/.local/lib/python3.7/site-packages/airflow/example_dags/example_subdag_operator.py
[2023-08-10T17:49:33.894+0000] {logging_mixin.py:150} INFO - [2023-08-10T17:49:33.894+0000] {dag.py:2742} INFO - Sync 3 DAGs
[2023-08-10T17:49:33.950+0000] {logging_mixin.py:150} INFO - [2023-08-10T17:49:33.950+0000] {dag.py:3508} INFO - Setting next_dagrun for example_subdag_operator to 2022-01-01T00:00:00+00:00, run_after=2022-01-01T00:00:00+00:00
[2023-08-10T17:49:33.958+0000] {logging_mixin.py:150} INFO - [2023-08-10T17:49:33.957+0000] {dag.py:3508} INFO - Setting next_dagrun for example_subdag_operator.section-1 to None, run_after=None
[2023-08-10T17:49:33.960+0000] {logging_mixin.py:150} INFO - [2023-08-10T17:49:33.960+0000] {dag.py:3508} INFO - Setting next_dagrun for example_subdag_operator.section-2 to None, run_after=None
[2023-08-10T17:49:33.976+0000] {logging_mixin.py:150} INFO - [2023-08-10T17:49:33.975+0000] {dag.py:2742} INFO - Sync 2 DAGs
[2023-08-10T17:49:33.987+0000] {logging_mixin.py:150} INFO - [2023-08-10T17:49:33.987+0000] {dag.py:3508} INFO - Setting next_dagrun for example_subdag_operator.section-1 to None, run_after=None
[2023-08-10T17:49:33.988+0000] {logging_mixin.py:150} INFO - [2023-08-10T17:49:33.988+0000] {dag.py:3508} INFO - Setting next_dagrun for example_subdag_operator.section-2 to None, run_after=None
[2023-08-10T17:49:34.025+0000] {processor.py:179} INFO - Processing /home/airflow/.local/lib/python3.7/site-packages/airflow/example_dags/example_subdag_operator.py took 0.256 seconds
[2023-08-10T17:50:04.432+0000] {processor.py:157} INFO - Started process (PID=991) to work on /home/airflow/.local/lib/python3.7/site-packages/airflow/example_dags/example_subdag_operator.py
[2023-08-10T17:50:04.434+0000] {processor.py:826} INFO - Processing file /home/airflow/.local/lib/python3.7/site-packages/airflow/example_dags/example_subdag_operator.py for tasks to queue
[2023-08-10T17:50:04.436+0000] {logging_mixin.py:150} INFO - [2023-08-10T17:50:04.435+0000] {dagbag.py:541} INFO - Filling up the DagBag from /home/airflow/.local/lib/python3.7/site-packages/airflow/example_dags/example_subdag_operator.py
[2023-08-10T17:50:04.489+0000] {processor.py:836} INFO - DAG(s) dict_keys(['example_subdag_operator.section-1', 'example_subdag_operator.section-2', 'example_subdag_operator']) retrieved from /home/airflow/.local/lib/python3.7/site-packages/airflow/example_dags/example_subdag_operator.py
[2023-08-10T17:50:04.539+0000] {logging_mixin.py:150} INFO - [2023-08-10T17:50:04.539+0000] {dag.py:2742} INFO - Sync 3 DAGs
[2023-08-10T17:50:04.590+0000] {logging_mixin.py:150} INFO - [2023-08-10T17:50:04.589+0000] {dag.py:3508} INFO - Setting next_dagrun for example_subdag_operator to 2022-01-01T00:00:00+00:00, run_after=2022-01-01T00:00:00+00:00
[2023-08-10T17:50:04.596+0000] {logging_mixin.py:150} INFO - [2023-08-10T17:50:04.596+0000] {dag.py:3508} INFO - Setting next_dagrun for example_subdag_operator.section-1 to None, run_after=None
[2023-08-10T17:50:04.602+0000] {logging_mixin.py:150} INFO - [2023-08-10T17:50:04.602+0000] {dag.py:3508} INFO - Setting next_dagrun for example_subdag_operator.section-2 to None, run_after=None
[2023-08-10T17:50:04.615+0000] {logging_mixin.py:150} INFO - [2023-08-10T17:50:04.614+0000] {dag.py:2742} INFO - Sync 2 DAGs
[2023-08-10T17:50:04.625+0000] {logging_mixin.py:150} INFO - [2023-08-10T17:50:04.625+0000] {dag.py:3508} INFO - Setting next_dagrun for example_subdag_operator.section-1 to None, run_after=None
[2023-08-10T17:50:04.626+0000] {logging_mixin.py:150} INFO - [2023-08-10T17:50:04.626+0000] {dag.py:3508} INFO - Setting next_dagrun for example_subdag_operator.section-2 to None, run_after=None
[2023-08-10T17:50:04.648+0000] {processor.py:179} INFO - Processing /home/airflow/.local/lib/python3.7/site-packages/airflow/example_dags/example_subdag_operator.py took 0.221 seconds
[2023-08-10T17:50:34.857+0000] {processor.py:157} INFO - Started process (PID=1049) to work on /home/airflow/.local/lib/python3.7/site-packages/airflow/example_dags/example_subdag_operator.py
[2023-08-10T17:50:34.863+0000] {processor.py:826} INFO - Processing file /home/airflow/.local/lib/python3.7/site-packages/airflow/example_dags/example_subdag_operator.py for tasks to queue
[2023-08-10T17:50:34.865+0000] {logging_mixin.py:150} INFO - [2023-08-10T17:50:34.864+0000] {dagbag.py:541} INFO - Filling up the DagBag from /home/airflow/.local/lib/python3.7/site-packages/airflow/example_dags/example_subdag_operator.py
[2023-08-10T17:50:34.939+0000] {processor.py:836} INFO - DAG(s) dict_keys(['example_subdag_operator.section-1', 'example_subdag_operator.section-2', 'example_subdag_operator']) retrieved from /home/airflow/.local/lib/python3.7/site-packages/airflow/example_dags/example_subdag_operator.py
[2023-08-10T17:50:34.996+0000] {logging_mixin.py:150} INFO - [2023-08-10T17:50:34.996+0000] {dag.py:2742} INFO - Sync 3 DAGs
[2023-08-10T17:50:35.067+0000] {logging_mixin.py:150} INFO - [2023-08-10T17:50:35.066+0000] {dag.py:3508} INFO - Setting next_dagrun for example_subdag_operator to 2022-01-01T00:00:00+00:00, run_after=2022-01-01T00:00:00+00:00
[2023-08-10T17:50:35.077+0000] {logging_mixin.py:150} INFO - [2023-08-10T17:50:35.076+0000] {dag.py:3508} INFO - Setting next_dagrun for example_subdag_operator.section-1 to None, run_after=None
[2023-08-10T17:50:35.080+0000] {logging_mixin.py:150} INFO - [2023-08-10T17:50:35.080+0000] {dag.py:3508} INFO - Setting next_dagrun for example_subdag_operator.section-2 to None, run_after=None
[2023-08-10T17:50:35.098+0000] {logging_mixin.py:150} INFO - [2023-08-10T17:50:35.098+0000] {dag.py:2742} INFO - Sync 2 DAGs
[2023-08-10T17:50:35.111+0000] {logging_mixin.py:150} INFO - [2023-08-10T17:50:35.111+0000] {dag.py:3508} INFO - Setting next_dagrun for example_subdag_operator.section-1 to None, run_after=None
[2023-08-10T17:50:35.113+0000] {logging_mixin.py:150} INFO - [2023-08-10T17:50:35.113+0000] {dag.py:3508} INFO - Setting next_dagrun for example_subdag_operator.section-2 to None, run_after=None
[2023-08-10T17:50:35.139+0000] {processor.py:179} INFO - Processing /home/airflow/.local/lib/python3.7/site-packages/airflow/example_dags/example_subdag_operator.py took 0.288 seconds
[2023-08-10T17:51:05.464+0000] {processor.py:157} INFO - Started process (PID=1106) to work on /home/airflow/.local/lib/python3.7/site-packages/airflow/example_dags/example_subdag_operator.py
[2023-08-10T17:51:05.486+0000] {processor.py:826} INFO - Processing file /home/airflow/.local/lib/python3.7/site-packages/airflow/example_dags/example_subdag_operator.py for tasks to queue
[2023-08-10T17:51:05.506+0000] {logging_mixin.py:150} INFO - [2023-08-10T17:51:05.488+0000] {dagbag.py:541} INFO - Filling up the DagBag from /home/airflow/.local/lib/python3.7/site-packages/airflow/example_dags/example_subdag_operator.py
[2023-08-10T17:51:05.663+0000] {processor.py:836} INFO - DAG(s) dict_keys(['example_subdag_operator.section-1', 'example_subdag_operator.section-2', 'example_subdag_operator']) retrieved from /home/airflow/.local/lib/python3.7/site-packages/airflow/example_dags/example_subdag_operator.py
[2023-08-10T17:51:05.710+0000] {logging_mixin.py:150} INFO - [2023-08-10T17:51:05.710+0000] {dag.py:2742} INFO - Sync 3 DAGs
[2023-08-10T17:51:05.775+0000] {logging_mixin.py:150} INFO - [2023-08-10T17:51:05.775+0000] {dag.py:3508} INFO - Setting next_dagrun for example_subdag_operator to 2022-01-01T00:00:00+00:00, run_after=2022-01-01T00:00:00+00:00
[2023-08-10T17:51:05.783+0000] {logging_mixin.py:150} INFO - [2023-08-10T17:51:05.782+0000] {dag.py:3508} INFO - Setting next_dagrun for example_subdag_operator.section-1 to None, run_after=None
[2023-08-10T17:51:05.786+0000] {logging_mixin.py:150} INFO - [2023-08-10T17:51:05.786+0000] {dag.py:3508} INFO - Setting next_dagrun for example_subdag_operator.section-2 to None, run_after=None
[2023-08-10T17:51:05.803+0000] {logging_mixin.py:150} INFO - [2023-08-10T17:51:05.803+0000] {dag.py:2742} INFO - Sync 2 DAGs
[2023-08-10T17:51:05.816+0000] {logging_mixin.py:150} INFO - [2023-08-10T17:51:05.815+0000] {dag.py:3508} INFO - Setting next_dagrun for example_subdag_operator.section-1 to None, run_after=None
[2023-08-10T17:51:05.817+0000] {logging_mixin.py:150} INFO - [2023-08-10T17:51:05.816+0000] {dag.py:3508} INFO - Setting next_dagrun for example_subdag_operator.section-2 to None, run_after=None
[2023-08-10T17:51:05.905+0000] {processor.py:179} INFO - Processing /home/airflow/.local/lib/python3.7/site-packages/airflow/example_dags/example_subdag_operator.py took 0.448 seconds
[2023-08-10T17:51:36.723+0000] {processor.py:157} INFO - Started process (PID=1172) to work on /home/airflow/.local/lib/python3.7/site-packages/airflow/example_dags/example_subdag_operator.py
[2023-08-10T17:51:36.730+0000] {processor.py:826} INFO - Processing file /home/airflow/.local/lib/python3.7/site-packages/airflow/example_dags/example_subdag_operator.py for tasks to queue
[2023-08-10T17:51:36.732+0000] {logging_mixin.py:150} INFO - [2023-08-10T17:51:36.732+0000] {dagbag.py:541} INFO - Filling up the DagBag from /home/airflow/.local/lib/python3.7/site-packages/airflow/example_dags/example_subdag_operator.py
[2023-08-10T17:51:36.933+0000] {processor.py:836} INFO - DAG(s) dict_keys(['example_subdag_operator.section-1', 'example_subdag_operator.section-2', 'example_subdag_operator']) retrieved from /home/airflow/.local/lib/python3.7/site-packages/airflow/example_dags/example_subdag_operator.py
[2023-08-10T17:51:37.037+0000] {logging_mixin.py:150} INFO - [2023-08-10T17:51:37.037+0000] {dag.py:2742} INFO - Sync 3 DAGs
[2023-08-10T17:51:37.242+0000] {logging_mixin.py:150} INFO - [2023-08-10T17:51:37.242+0000] {dag.py:3508} INFO - Setting next_dagrun for example_subdag_operator to 2022-01-01T00:00:00+00:00, run_after=2022-01-01T00:00:00+00:00
[2023-08-10T17:51:37.271+0000] {logging_mixin.py:150} INFO - [2023-08-10T17:51:37.271+0000] {dag.py:3508} INFO - Setting next_dagrun for example_subdag_operator.section-1 to None, run_after=None
[2023-08-10T17:51:37.286+0000] {logging_mixin.py:150} INFO - [2023-08-10T17:51:37.282+0000] {dag.py:3508} INFO - Setting next_dagrun for example_subdag_operator.section-2 to None, run_after=None
[2023-08-10T17:51:37.358+0000] {logging_mixin.py:150} INFO - [2023-08-10T17:51:37.358+0000] {dag.py:2742} INFO - Sync 2 DAGs
[2023-08-10T17:51:37.372+0000] {logging_mixin.py:150} INFO - [2023-08-10T17:51:37.371+0000] {dag.py:3508} INFO - Setting next_dagrun for example_subdag_operator.section-1 to None, run_after=None
[2023-08-10T17:51:37.372+0000] {logging_mixin.py:150} INFO - [2023-08-10T17:51:37.372+0000] {dag.py:3508} INFO - Setting next_dagrun for example_subdag_operator.section-2 to None, run_after=None
[2023-08-10T17:51:37.395+0000] {processor.py:179} INFO - Processing /home/airflow/.local/lib/python3.7/site-packages/airflow/example_dags/example_subdag_operator.py took 0.704 seconds
[2023-08-10T17:52:07.624+0000] {processor.py:157} INFO - Started process (PID=1230) to work on /home/airflow/.local/lib/python3.7/site-packages/airflow/example_dags/example_subdag_operator.py
[2023-08-10T17:52:07.630+0000] {processor.py:826} INFO - Processing file /home/airflow/.local/lib/python3.7/site-packages/airflow/example_dags/example_subdag_operator.py for tasks to queue
[2023-08-10T17:52:07.632+0000] {logging_mixin.py:150} INFO - [2023-08-10T17:52:07.631+0000] {dagbag.py:541} INFO - Filling up the DagBag from /home/airflow/.local/lib/python3.7/site-packages/airflow/example_dags/example_subdag_operator.py
[2023-08-10T17:52:07.702+0000] {processor.py:836} INFO - DAG(s) dict_keys(['example_subdag_operator.section-1', 'example_subdag_operator.section-2', 'example_subdag_operator']) retrieved from /home/airflow/.local/lib/python3.7/site-packages/airflow/example_dags/example_subdag_operator.py
[2023-08-10T17:52:07.763+0000] {logging_mixin.py:150} INFO - [2023-08-10T17:52:07.762+0000] {dag.py:2742} INFO - Sync 3 DAGs
[2023-08-10T17:52:07.839+0000] {logging_mixin.py:150} INFO - [2023-08-10T17:52:07.839+0000] {dag.py:3508} INFO - Setting next_dagrun for example_subdag_operator to 2022-01-01T00:00:00+00:00, run_after=2022-01-01T00:00:00+00:00
[2023-08-10T17:52:07.848+0000] {logging_mixin.py:150} INFO - [2023-08-10T17:52:07.847+0000] {dag.py:3508} INFO - Setting next_dagrun for example_subdag_operator.section-1 to None, run_after=None
[2023-08-10T17:52:07.851+0000] {logging_mixin.py:150} INFO - [2023-08-10T17:52:07.850+0000] {dag.py:3508} INFO - Setting next_dagrun for example_subdag_operator.section-2 to None, run_after=None
[2023-08-10T17:52:07.870+0000] {logging_mixin.py:150} INFO - [2023-08-10T17:52:07.869+0000] {dag.py:2742} INFO - Sync 2 DAGs
[2023-08-10T17:52:07.889+0000] {logging_mixin.py:150} INFO - [2023-08-10T17:52:07.888+0000] {dag.py:3508} INFO - Setting next_dagrun for example_subdag_operator.section-1 to None, run_after=None
[2023-08-10T17:52:07.889+0000] {logging_mixin.py:150} INFO - [2023-08-10T17:52:07.889+0000] {dag.py:3508} INFO - Setting next_dagrun for example_subdag_operator.section-2 to None, run_after=None
[2023-08-10T17:52:07.923+0000] {processor.py:179} INFO - Processing /home/airflow/.local/lib/python3.7/site-packages/airflow/example_dags/example_subdag_operator.py took 0.317 seconds
[2023-08-10T17:52:38.916+0000] {processor.py:157} INFO - Started process (PID=1288) to work on /home/airflow/.local/lib/python3.7/site-packages/airflow/example_dags/example_subdag_operator.py
[2023-08-10T17:52:38.918+0000] {processor.py:826} INFO - Processing file /home/airflow/.local/lib/python3.7/site-packages/airflow/example_dags/example_subdag_operator.py for tasks to queue
[2023-08-10T17:52:38.919+0000] {logging_mixin.py:150} INFO - [2023-08-10T17:52:38.919+0000] {dagbag.py:541} INFO - Filling up the DagBag from /home/airflow/.local/lib/python3.7/site-packages/airflow/example_dags/example_subdag_operator.py
[2023-08-10T17:52:38.966+0000] {processor.py:836} INFO - DAG(s) dict_keys(['example_subdag_operator.section-1', 'example_subdag_operator.section-2', 'example_subdag_operator']) retrieved from /home/airflow/.local/lib/python3.7/site-packages/airflow/example_dags/example_subdag_operator.py
[2023-08-10T17:52:39.005+0000] {logging_mixin.py:150} INFO - [2023-08-10T17:52:39.004+0000] {dag.py:2742} INFO - Sync 3 DAGs
[2023-08-10T17:52:39.062+0000] {logging_mixin.py:150} INFO - [2023-08-10T17:52:39.062+0000] {dag.py:3508} INFO - Setting next_dagrun for example_subdag_operator to 2022-01-01T00:00:00+00:00, run_after=2022-01-01T00:00:00+00:00
[2023-08-10T17:52:39.071+0000] {logging_mixin.py:150} INFO - [2023-08-10T17:52:39.070+0000] {dag.py:3508} INFO - Setting next_dagrun for example_subdag_operator.section-1 to None, run_after=None
[2023-08-10T17:52:39.074+0000] {logging_mixin.py:150} INFO - [2023-08-10T17:52:39.074+0000] {dag.py:3508} INFO - Setting next_dagrun for example_subdag_operator.section-2 to None, run_after=None
[2023-08-10T17:52:39.092+0000] {logging_mixin.py:150} INFO - [2023-08-10T17:52:39.091+0000] {dag.py:2742} INFO - Sync 2 DAGs
[2023-08-10T17:52:39.105+0000] {logging_mixin.py:150} INFO - [2023-08-10T17:52:39.105+0000] {dag.py:3508} INFO - Setting next_dagrun for example_subdag_operator.section-1 to None, run_after=None
[2023-08-10T17:52:39.106+0000] {logging_mixin.py:150} INFO - [2023-08-10T17:52:39.106+0000] {dag.py:3508} INFO - Setting next_dagrun for example_subdag_operator.section-2 to None, run_after=None
[2023-08-10T17:52:39.142+0000] {processor.py:179} INFO - Processing /home/airflow/.local/lib/python3.7/site-packages/airflow/example_dags/example_subdag_operator.py took 0.230 seconds
[2023-08-10T17:53:09.256+0000] {processor.py:157} INFO - Started process (PID=1346) to work on /home/airflow/.local/lib/python3.7/site-packages/airflow/example_dags/example_subdag_operator.py
[2023-08-10T17:53:09.258+0000] {processor.py:826} INFO - Processing file /home/airflow/.local/lib/python3.7/site-packages/airflow/example_dags/example_subdag_operator.py for tasks to queue
[2023-08-10T17:53:09.259+0000] {logging_mixin.py:150} INFO - [2023-08-10T17:53:09.259+0000] {dagbag.py:541} INFO - Filling up the DagBag from /home/airflow/.local/lib/python3.7/site-packages/airflow/example_dags/example_subdag_operator.py
[2023-08-10T17:53:09.299+0000] {processor.py:836} INFO - DAG(s) dict_keys(['example_subdag_operator.section-1', 'example_subdag_operator.section-2', 'example_subdag_operator']) retrieved from /home/airflow/.local/lib/python3.7/site-packages/airflow/example_dags/example_subdag_operator.py
[2023-08-10T17:53:09.334+0000] {logging_mixin.py:150} INFO - [2023-08-10T17:53:09.333+0000] {dag.py:2742} INFO - Sync 3 DAGs
[2023-08-10T17:53:09.379+0000] {logging_mixin.py:150} INFO - [2023-08-10T17:53:09.379+0000] {dag.py:3508} INFO - Setting next_dagrun for example_subdag_operator to 2022-01-01T00:00:00+00:00, run_after=2022-01-01T00:00:00+00:00
[2023-08-10T17:53:09.387+0000] {logging_mixin.py:150} INFO - [2023-08-10T17:53:09.386+0000] {dag.py:3508} INFO - Setting next_dagrun for example_subdag_operator.section-1 to None, run_after=None
[2023-08-10T17:53:09.389+0000] {logging_mixin.py:150} INFO - [2023-08-10T17:53:09.389+0000] {dag.py:3508} INFO - Setting next_dagrun for example_subdag_operator.section-2 to None, run_after=None
[2023-08-10T17:53:09.401+0000] {logging_mixin.py:150} INFO - [2023-08-10T17:53:09.401+0000] {dag.py:2742} INFO - Sync 2 DAGs
[2023-08-10T17:53:09.413+0000] {logging_mixin.py:150} INFO - [2023-08-10T17:53:09.413+0000] {dag.py:3508} INFO - Setting next_dagrun for example_subdag_operator.section-1 to None, run_after=None
[2023-08-10T17:53:09.414+0000] {logging_mixin.py:150} INFO - [2023-08-10T17:53:09.414+0000] {dag.py:3508} INFO - Setting next_dagrun for example_subdag_operator.section-2 to None, run_after=None
[2023-08-10T17:53:09.435+0000] {processor.py:179} INFO - Processing /home/airflow/.local/lib/python3.7/site-packages/airflow/example_dags/example_subdag_operator.py took 0.184 seconds
