[2023-08-10T17:41:40.912+0000] {processor.py:157} INFO - Started process (PID=68) to work on /home/airflow/.local/lib/python3.7/site-packages/airflow/example_dags/example_time_delta_sensor_async.py
[2023-08-10T17:41:40.913+0000] {processor.py:826} INFO - Processing file /home/airflow/.local/lib/python3.7/site-packages/airflow/example_dags/example_time_delta_sensor_async.py for tasks to queue
[2023-08-10T17:41:40.922+0000] {logging_mixin.py:150} INFO - [2023-08-10T17:41:40.922+0000] {dagbag.py:541} INFO - Filling up the DagBag from /home/airflow/.local/lib/python3.7/site-packages/airflow/example_dags/example_time_delta_sensor_async.py
[2023-08-10T17:41:40.949+0000] {processor.py:836} INFO - DAG(s) dict_keys(['example_time_delta_sensor_async']) retrieved from /home/airflow/.local/lib/python3.7/site-packages/airflow/example_dags/example_time_delta_sensor_async.py
[2023-08-10T17:41:41.940+0000] {logging_mixin.py:150} INFO - [2023-08-10T17:41:41.939+0000] {manager.py:504} INFO - Created Permission View: can edit on DAG:example_time_delta_sensor_async
[2023-08-10T17:41:41.987+0000] {logging_mixin.py:150} INFO - [2023-08-10T17:41:41.987+0000] {manager.py:504} INFO - Created Permission View: can delete on DAG:example_time_delta_sensor_async
[2023-08-10T17:41:42.045+0000] {logging_mixin.py:150} INFO - [2023-08-10T17:41:42.045+0000] {manager.py:504} INFO - Created Permission View: can read on DAG:example_time_delta_sensor_async
[2023-08-10T17:41:42.263+0000] {logging_mixin.py:150} INFO - [2023-08-10T17:41:42.263+0000] {dag.py:2742} INFO - Sync 1 DAGs
[2023-08-10T17:41:42.368+0000] {logging_mixin.py:150} INFO - [2023-08-10T17:41:42.368+0000] {dag.py:2763} INFO - Creating ORM DAG for example_time_delta_sensor_async
[2023-08-10T17:41:42.442+0000] {logging_mixin.py:150} INFO - [2023-08-10T17:41:42.442+0000] {dag.py:3508} INFO - Setting next_dagrun for example_time_delta_sensor_async to None, run_after=None
[2023-08-10T17:41:42.527+0000] {processor.py:179} INFO - Processing /home/airflow/.local/lib/python3.7/site-packages/airflow/example_dags/example_time_delta_sensor_async.py took 1.632 seconds
[2023-08-10T17:42:12.621+0000] {processor.py:157} INFO - Started process (PID=125) to work on /home/airflow/.local/lib/python3.7/site-packages/airflow/example_dags/example_time_delta_sensor_async.py
[2023-08-10T17:42:12.622+0000] {processor.py:826} INFO - Processing file /home/airflow/.local/lib/python3.7/site-packages/airflow/example_dags/example_time_delta_sensor_async.py for tasks to queue
[2023-08-10T17:42:12.624+0000] {logging_mixin.py:150} INFO - [2023-08-10T17:42:12.623+0000] {dagbag.py:541} INFO - Filling up the DagBag from /home/airflow/.local/lib/python3.7/site-packages/airflow/example_dags/example_time_delta_sensor_async.py
[2023-08-10T17:42:12.630+0000] {processor.py:836} INFO - DAG(s) dict_keys(['example_time_delta_sensor_async']) retrieved from /home/airflow/.local/lib/python3.7/site-packages/airflow/example_dags/example_time_delta_sensor_async.py
[2023-08-10T17:42:12.668+0000] {logging_mixin.py:150} INFO - [2023-08-10T17:42:12.667+0000] {dag.py:2742} INFO - Sync 1 DAGs
[2023-08-10T17:42:12.727+0000] {logging_mixin.py:150} INFO - [2023-08-10T17:42:12.727+0000] {dag.py:3508} INFO - Setting next_dagrun for example_time_delta_sensor_async to None, run_after=None
[2023-08-10T17:42:12.762+0000] {processor.py:179} INFO - Processing /home/airflow/.local/lib/python3.7/site-packages/airflow/example_dags/example_time_delta_sensor_async.py took 0.146 seconds
[2023-08-10T17:42:44.844+0000] {processor.py:157} INFO - Started process (PID=183) to work on /home/airflow/.local/lib/python3.7/site-packages/airflow/example_dags/example_time_delta_sensor_async.py
[2023-08-10T17:42:44.852+0000] {processor.py:826} INFO - Processing file /home/airflow/.local/lib/python3.7/site-packages/airflow/example_dags/example_time_delta_sensor_async.py for tasks to queue
[2023-08-10T17:42:44.853+0000] {logging_mixin.py:150} INFO - [2023-08-10T17:42:44.853+0000] {dagbag.py:541} INFO - Filling up the DagBag from /home/airflow/.local/lib/python3.7/site-packages/airflow/example_dags/example_time_delta_sensor_async.py
[2023-08-10T17:42:44.864+0000] {processor.py:836} INFO - DAG(s) dict_keys(['example_time_delta_sensor_async']) retrieved from /home/airflow/.local/lib/python3.7/site-packages/airflow/example_dags/example_time_delta_sensor_async.py
[2023-08-10T17:42:44.934+0000] {logging_mixin.py:150} INFO - [2023-08-10T17:42:44.933+0000] {dag.py:2742} INFO - Sync 1 DAGs
[2023-08-10T17:42:45.061+0000] {logging_mixin.py:150} INFO - [2023-08-10T17:42:45.061+0000] {dag.py:3508} INFO - Setting next_dagrun for example_time_delta_sensor_async to None, run_after=None
[2023-08-10T17:42:45.189+0000] {processor.py:179} INFO - Processing /home/airflow/.local/lib/python3.7/site-packages/airflow/example_dags/example_time_delta_sensor_async.py took 0.356 seconds
[2023-08-10T17:43:21.548+0000] {processor.py:157} INFO - Started process (PID=241) to work on /home/airflow/.local/lib/python3.7/site-packages/airflow/example_dags/example_time_delta_sensor_async.py
[2023-08-10T17:43:21.553+0000] {processor.py:826} INFO - Processing file /home/airflow/.local/lib/python3.7/site-packages/airflow/example_dags/example_time_delta_sensor_async.py for tasks to queue
[2023-08-10T17:43:21.555+0000] {logging_mixin.py:150} INFO - [2023-08-10T17:43:21.554+0000] {dagbag.py:541} INFO - Filling up the DagBag from /home/airflow/.local/lib/python3.7/site-packages/airflow/example_dags/example_time_delta_sensor_async.py
[2023-08-10T17:43:21.566+0000] {processor.py:836} INFO - DAG(s) dict_keys(['example_time_delta_sensor_async']) retrieved from /home/airflow/.local/lib/python3.7/site-packages/airflow/example_dags/example_time_delta_sensor_async.py
[2023-08-10T17:43:21.624+0000] {logging_mixin.py:150} INFO - [2023-08-10T17:43:21.624+0000] {dag.py:2742} INFO - Sync 1 DAGs
[2023-08-10T17:43:21.677+0000] {logging_mixin.py:150} INFO - [2023-08-10T17:43:21.676+0000] {dag.py:3508} INFO - Setting next_dagrun for example_time_delta_sensor_async to None, run_after=None
[2023-08-10T17:43:21.936+0000] {processor.py:179} INFO - Processing /home/airflow/.local/lib/python3.7/site-packages/airflow/example_dags/example_time_delta_sensor_async.py took 0.392 seconds
[2023-08-10T17:43:52.118+0000] {processor.py:157} INFO - Started process (PID=299) to work on /home/airflow/.local/lib/python3.7/site-packages/airflow/example_dags/example_time_delta_sensor_async.py
[2023-08-10T17:43:52.119+0000] {processor.py:826} INFO - Processing file /home/airflow/.local/lib/python3.7/site-packages/airflow/example_dags/example_time_delta_sensor_async.py for tasks to queue
[2023-08-10T17:43:52.121+0000] {logging_mixin.py:150} INFO - [2023-08-10T17:43:52.121+0000] {dagbag.py:541} INFO - Filling up the DagBag from /home/airflow/.local/lib/python3.7/site-packages/airflow/example_dags/example_time_delta_sensor_async.py
[2023-08-10T17:43:52.128+0000] {processor.py:836} INFO - DAG(s) dict_keys(['example_time_delta_sensor_async']) retrieved from /home/airflow/.local/lib/python3.7/site-packages/airflow/example_dags/example_time_delta_sensor_async.py
[2023-08-10T17:43:52.170+0000] {logging_mixin.py:150} INFO - [2023-08-10T17:43:52.169+0000] {dag.py:2742} INFO - Sync 1 DAGs
[2023-08-10T17:43:52.224+0000] {logging_mixin.py:150} INFO - [2023-08-10T17:43:52.223+0000] {dag.py:3508} INFO - Setting next_dagrun for example_time_delta_sensor_async to None, run_after=None
[2023-08-10T17:43:52.262+0000] {processor.py:179} INFO - Processing /home/airflow/.local/lib/python3.7/site-packages/airflow/example_dags/example_time_delta_sensor_async.py took 0.150 seconds
[2023-08-10T17:44:22.821+0000] {processor.py:157} INFO - Started process (PID=352) to work on /home/airflow/.local/lib/python3.7/site-packages/airflow/example_dags/example_time_delta_sensor_async.py
[2023-08-10T17:44:22.830+0000] {processor.py:826} INFO - Processing file /home/airflow/.local/lib/python3.7/site-packages/airflow/example_dags/example_time_delta_sensor_async.py for tasks to queue
[2023-08-10T17:44:22.832+0000] {logging_mixin.py:150} INFO - [2023-08-10T17:44:22.831+0000] {dagbag.py:541} INFO - Filling up the DagBag from /home/airflow/.local/lib/python3.7/site-packages/airflow/example_dags/example_time_delta_sensor_async.py
[2023-08-10T17:44:22.840+0000] {processor.py:836} INFO - DAG(s) dict_keys(['example_time_delta_sensor_async']) retrieved from /home/airflow/.local/lib/python3.7/site-packages/airflow/example_dags/example_time_delta_sensor_async.py
[2023-08-10T17:44:22.891+0000] {logging_mixin.py:150} INFO - [2023-08-10T17:44:22.891+0000] {dag.py:2742} INFO - Sync 1 DAGs
[2023-08-10T17:44:22.950+0000] {logging_mixin.py:150} INFO - [2023-08-10T17:44:22.950+0000] {dag.py:3508} INFO - Setting next_dagrun for example_time_delta_sensor_async to None, run_after=None
[2023-08-10T17:44:22.990+0000] {processor.py:179} INFO - Processing /home/airflow/.local/lib/python3.7/site-packages/airflow/example_dags/example_time_delta_sensor_async.py took 0.183 seconds
[2023-08-10T17:44:53.555+0000] {processor.py:157} INFO - Started process (PID=410) to work on /home/airflow/.local/lib/python3.7/site-packages/airflow/example_dags/example_time_delta_sensor_async.py
[2023-08-10T17:44:53.571+0000] {processor.py:826} INFO - Processing file /home/airflow/.local/lib/python3.7/site-packages/airflow/example_dags/example_time_delta_sensor_async.py for tasks to queue
[2023-08-10T17:44:53.572+0000] {logging_mixin.py:150} INFO - [2023-08-10T17:44:53.572+0000] {dagbag.py:541} INFO - Filling up the DagBag from /home/airflow/.local/lib/python3.7/site-packages/airflow/example_dags/example_time_delta_sensor_async.py
[2023-08-10T17:44:53.580+0000] {processor.py:836} INFO - DAG(s) dict_keys(['example_time_delta_sensor_async']) retrieved from /home/airflow/.local/lib/python3.7/site-packages/airflow/example_dags/example_time_delta_sensor_async.py
[2023-08-10T17:44:53.640+0000] {logging_mixin.py:150} INFO - [2023-08-10T17:44:53.639+0000] {dag.py:2742} INFO - Sync 1 DAGs
[2023-08-10T17:44:53.720+0000] {logging_mixin.py:150} INFO - [2023-08-10T17:44:53.719+0000] {dag.py:3508} INFO - Setting next_dagrun for example_time_delta_sensor_async to None, run_after=None
[2023-08-10T17:44:53.769+0000] {processor.py:179} INFO - Processing /home/airflow/.local/lib/python3.7/site-packages/airflow/example_dags/example_time_delta_sensor_async.py took 0.220 seconds
[2023-08-10T17:45:24.241+0000] {processor.py:157} INFO - Started process (PID=468) to work on /home/airflow/.local/lib/python3.7/site-packages/airflow/example_dags/example_time_delta_sensor_async.py
[2023-08-10T17:45:24.256+0000] {processor.py:826} INFO - Processing file /home/airflow/.local/lib/python3.7/site-packages/airflow/example_dags/example_time_delta_sensor_async.py for tasks to queue
[2023-08-10T17:45:24.258+0000] {logging_mixin.py:150} INFO - [2023-08-10T17:45:24.257+0000] {dagbag.py:541} INFO - Filling up the DagBag from /home/airflow/.local/lib/python3.7/site-packages/airflow/example_dags/example_time_delta_sensor_async.py
[2023-08-10T17:45:24.273+0000] {processor.py:836} INFO - DAG(s) dict_keys(['example_time_delta_sensor_async']) retrieved from /home/airflow/.local/lib/python3.7/site-packages/airflow/example_dags/example_time_delta_sensor_async.py
[2023-08-10T17:45:24.327+0000] {logging_mixin.py:150} INFO - [2023-08-10T17:45:24.327+0000] {dag.py:2742} INFO - Sync 1 DAGs
[2023-08-10T17:45:24.391+0000] {logging_mixin.py:150} INFO - [2023-08-10T17:45:24.391+0000] {dag.py:3508} INFO - Setting next_dagrun for example_time_delta_sensor_async to None, run_after=None
[2023-08-10T17:45:24.435+0000] {processor.py:179} INFO - Processing /home/airflow/.local/lib/python3.7/site-packages/airflow/example_dags/example_time_delta_sensor_async.py took 0.212 seconds
[2023-08-10T17:45:55.561+0000] {processor.py:157} INFO - Started process (PID=526) to work on /home/airflow/.local/lib/python3.7/site-packages/airflow/example_dags/example_time_delta_sensor_async.py
[2023-08-10T17:45:55.581+0000] {processor.py:826} INFO - Processing file /home/airflow/.local/lib/python3.7/site-packages/airflow/example_dags/example_time_delta_sensor_async.py for tasks to queue
[2023-08-10T17:45:55.582+0000] {logging_mixin.py:150} INFO - [2023-08-10T17:45:55.582+0000] {dagbag.py:541} INFO - Filling up the DagBag from /home/airflow/.local/lib/python3.7/site-packages/airflow/example_dags/example_time_delta_sensor_async.py
[2023-08-10T17:45:55.590+0000] {processor.py:836} INFO - DAG(s) dict_keys(['example_time_delta_sensor_async']) retrieved from /home/airflow/.local/lib/python3.7/site-packages/airflow/example_dags/example_time_delta_sensor_async.py
[2023-08-10T17:45:55.636+0000] {logging_mixin.py:150} INFO - [2023-08-10T17:45:55.635+0000] {dag.py:2742} INFO - Sync 1 DAGs
[2023-08-10T17:45:55.707+0000] {logging_mixin.py:150} INFO - [2023-08-10T17:45:55.707+0000] {dag.py:3508} INFO - Setting next_dagrun for example_time_delta_sensor_async to None, run_after=None
[2023-08-10T17:45:55.751+0000] {processor.py:179} INFO - Processing /home/airflow/.local/lib/python3.7/site-packages/airflow/example_dags/example_time_delta_sensor_async.py took 0.197 seconds
[2023-08-10T17:46:26.572+0000] {processor.py:157} INFO - Started process (PID=584) to work on /home/airflow/.local/lib/python3.7/site-packages/airflow/example_dags/example_time_delta_sensor_async.py
[2023-08-10T17:46:26.573+0000] {processor.py:826} INFO - Processing file /home/airflow/.local/lib/python3.7/site-packages/airflow/example_dags/example_time_delta_sensor_async.py for tasks to queue
[2023-08-10T17:46:26.575+0000] {logging_mixin.py:150} INFO - [2023-08-10T17:46:26.575+0000] {dagbag.py:541} INFO - Filling up the DagBag from /home/airflow/.local/lib/python3.7/site-packages/airflow/example_dags/example_time_delta_sensor_async.py
[2023-08-10T17:46:26.603+0000] {processor.py:836} INFO - DAG(s) dict_keys(['example_time_delta_sensor_async']) retrieved from /home/airflow/.local/lib/python3.7/site-packages/airflow/example_dags/example_time_delta_sensor_async.py
[2023-08-10T17:46:26.664+0000] {logging_mixin.py:150} INFO - [2023-08-10T17:46:26.664+0000] {dag.py:2742} INFO - Sync 1 DAGs
[2023-08-10T17:46:26.783+0000] {logging_mixin.py:150} INFO - [2023-08-10T17:46:26.783+0000] {dag.py:3508} INFO - Setting next_dagrun for example_time_delta_sensor_async to None, run_after=None
[2023-08-10T17:46:26.896+0000] {processor.py:179} INFO - Processing /home/airflow/.local/lib/python3.7/site-packages/airflow/example_dags/example_time_delta_sensor_async.py took 0.330 seconds
[2023-08-10T17:46:58.958+0000] {processor.py:157} INFO - Started process (PID=643) to work on /home/airflow/.local/lib/python3.7/site-packages/airflow/example_dags/example_time_delta_sensor_async.py
[2023-08-10T17:46:58.966+0000] {processor.py:826} INFO - Processing file /home/airflow/.local/lib/python3.7/site-packages/airflow/example_dags/example_time_delta_sensor_async.py for tasks to queue
[2023-08-10T17:46:58.968+0000] {logging_mixin.py:150} INFO - [2023-08-10T17:46:58.968+0000] {dagbag.py:541} INFO - Filling up the DagBag from /home/airflow/.local/lib/python3.7/site-packages/airflow/example_dags/example_time_delta_sensor_async.py
[2023-08-10T17:46:59.002+0000] {processor.py:836} INFO - DAG(s) dict_keys(['example_time_delta_sensor_async']) retrieved from /home/airflow/.local/lib/python3.7/site-packages/airflow/example_dags/example_time_delta_sensor_async.py
[2023-08-10T17:46:59.191+0000] {logging_mixin.py:150} INFO - [2023-08-10T17:46:59.190+0000] {dag.py:2742} INFO - Sync 1 DAGs
[2023-08-10T17:46:59.317+0000] {logging_mixin.py:150} INFO - [2023-08-10T17:46:59.317+0000] {dag.py:3508} INFO - Setting next_dagrun for example_time_delta_sensor_async to None, run_after=None
[2023-08-10T17:46:59.417+0000] {processor.py:179} INFO - Processing /home/airflow/.local/lib/python3.7/site-packages/airflow/example_dags/example_time_delta_sensor_async.py took 0.481 seconds
[2023-08-10T17:47:30.102+0000] {processor.py:157} INFO - Started process (PID=701) to work on /home/airflow/.local/lib/python3.7/site-packages/airflow/example_dags/example_time_delta_sensor_async.py
[2023-08-10T17:47:30.105+0000] {processor.py:826} INFO - Processing file /home/airflow/.local/lib/python3.7/site-packages/airflow/example_dags/example_time_delta_sensor_async.py for tasks to queue
[2023-08-10T17:47:30.107+0000] {logging_mixin.py:150} INFO - [2023-08-10T17:47:30.106+0000] {dagbag.py:541} INFO - Filling up the DagBag from /home/airflow/.local/lib/python3.7/site-packages/airflow/example_dags/example_time_delta_sensor_async.py
[2023-08-10T17:47:30.123+0000] {processor.py:836} INFO - DAG(s) dict_keys(['example_time_delta_sensor_async']) retrieved from /home/airflow/.local/lib/python3.7/site-packages/airflow/example_dags/example_time_delta_sensor_async.py
[2023-08-10T17:47:30.216+0000] {logging_mixin.py:150} INFO - [2023-08-10T17:47:30.216+0000] {dag.py:2742} INFO - Sync 1 DAGs
[2023-08-10T17:47:30.328+0000] {logging_mixin.py:150} INFO - [2023-08-10T17:47:30.327+0000] {dag.py:3508} INFO - Setting next_dagrun for example_time_delta_sensor_async to None, run_after=None
[2023-08-10T17:47:30.410+0000] {processor.py:179} INFO - Processing /home/airflow/.local/lib/python3.7/site-packages/airflow/example_dags/example_time_delta_sensor_async.py took 0.322 seconds
[2023-08-10T17:48:01.011+0000] {processor.py:157} INFO - Started process (PID=759) to work on /home/airflow/.local/lib/python3.7/site-packages/airflow/example_dags/example_time_delta_sensor_async.py
[2023-08-10T17:48:01.018+0000] {processor.py:826} INFO - Processing file /home/airflow/.local/lib/python3.7/site-packages/airflow/example_dags/example_time_delta_sensor_async.py for tasks to queue
[2023-08-10T17:48:01.020+0000] {logging_mixin.py:150} INFO - [2023-08-10T17:48:01.019+0000] {dagbag.py:541} INFO - Filling up the DagBag from /home/airflow/.local/lib/python3.7/site-packages/airflow/example_dags/example_time_delta_sensor_async.py
[2023-08-10T17:48:01.028+0000] {processor.py:836} INFO - DAG(s) dict_keys(['example_time_delta_sensor_async']) retrieved from /home/airflow/.local/lib/python3.7/site-packages/airflow/example_dags/example_time_delta_sensor_async.py
[2023-08-10T17:48:01.102+0000] {logging_mixin.py:150} INFO - [2023-08-10T17:48:01.101+0000] {dag.py:2742} INFO - Sync 1 DAGs
[2023-08-10T17:48:01.169+0000] {logging_mixin.py:150} INFO - [2023-08-10T17:48:01.169+0000] {dag.py:3508} INFO - Setting next_dagrun for example_time_delta_sensor_async to None, run_after=None
[2023-08-10T17:48:01.253+0000] {processor.py:179} INFO - Processing /home/airflow/.local/lib/python3.7/site-packages/airflow/example_dags/example_time_delta_sensor_async.py took 0.250 seconds
[2023-08-10T17:48:31.455+0000] {processor.py:157} INFO - Started process (PID=816) to work on /home/airflow/.local/lib/python3.7/site-packages/airflow/example_dags/example_time_delta_sensor_async.py
[2023-08-10T17:48:31.458+0000] {processor.py:826} INFO - Processing file /home/airflow/.local/lib/python3.7/site-packages/airflow/example_dags/example_time_delta_sensor_async.py for tasks to queue
[2023-08-10T17:48:31.460+0000] {logging_mixin.py:150} INFO - [2023-08-10T17:48:31.459+0000] {dagbag.py:541} INFO - Filling up the DagBag from /home/airflow/.local/lib/python3.7/site-packages/airflow/example_dags/example_time_delta_sensor_async.py
[2023-08-10T17:48:31.484+0000] {processor.py:836} INFO - DAG(s) dict_keys(['example_time_delta_sensor_async']) retrieved from /home/airflow/.local/lib/python3.7/site-packages/airflow/example_dags/example_time_delta_sensor_async.py
[2023-08-10T17:48:31.599+0000] {logging_mixin.py:150} INFO - [2023-08-10T17:48:31.599+0000] {dag.py:2742} INFO - Sync 1 DAGs
[2023-08-10T17:48:31.748+0000] {logging_mixin.py:150} INFO - [2023-08-10T17:48:31.748+0000] {dag.py:3508} INFO - Setting next_dagrun for example_time_delta_sensor_async to None, run_after=None
[2023-08-10T17:48:31.857+0000] {processor.py:179} INFO - Processing /home/airflow/.local/lib/python3.7/site-packages/airflow/example_dags/example_time_delta_sensor_async.py took 0.425 seconds
[2023-08-10T17:49:02.705+0000] {processor.py:157} INFO - Started process (PID=874) to work on /home/airflow/.local/lib/python3.7/site-packages/airflow/example_dags/example_time_delta_sensor_async.py
[2023-08-10T17:49:02.721+0000] {processor.py:826} INFO - Processing file /home/airflow/.local/lib/python3.7/site-packages/airflow/example_dags/example_time_delta_sensor_async.py for tasks to queue
[2023-08-10T17:49:02.724+0000] {logging_mixin.py:150} INFO - [2023-08-10T17:49:02.723+0000] {dagbag.py:541} INFO - Filling up the DagBag from /home/airflow/.local/lib/python3.7/site-packages/airflow/example_dags/example_time_delta_sensor_async.py
[2023-08-10T17:49:02.740+0000] {processor.py:836} INFO - DAG(s) dict_keys(['example_time_delta_sensor_async']) retrieved from /home/airflow/.local/lib/python3.7/site-packages/airflow/example_dags/example_time_delta_sensor_async.py
[2023-08-10T17:49:02.825+0000] {logging_mixin.py:150} INFO - [2023-08-10T17:49:02.825+0000] {dag.py:2742} INFO - Sync 1 DAGs
[2023-08-10T17:49:02.916+0000] {logging_mixin.py:150} INFO - [2023-08-10T17:49:02.916+0000] {dag.py:3508} INFO - Setting next_dagrun for example_time_delta_sensor_async to None, run_after=None
[2023-08-10T17:49:02.982+0000] {processor.py:179} INFO - Processing /home/airflow/.local/lib/python3.7/site-packages/airflow/example_dags/example_time_delta_sensor_async.py took 0.286 seconds
[2023-08-10T17:49:33.721+0000] {processor.py:157} INFO - Started process (PID=932) to work on /home/airflow/.local/lib/python3.7/site-packages/airflow/example_dags/example_time_delta_sensor_async.py
[2023-08-10T17:49:33.722+0000] {processor.py:826} INFO - Processing file /home/airflow/.local/lib/python3.7/site-packages/airflow/example_dags/example_time_delta_sensor_async.py for tasks to queue
[2023-08-10T17:49:33.723+0000] {logging_mixin.py:150} INFO - [2023-08-10T17:49:33.723+0000] {dagbag.py:541} INFO - Filling up the DagBag from /home/airflow/.local/lib/python3.7/site-packages/airflow/example_dags/example_time_delta_sensor_async.py
[2023-08-10T17:49:33.729+0000] {processor.py:836} INFO - DAG(s) dict_keys(['example_time_delta_sensor_async']) retrieved from /home/airflow/.local/lib/python3.7/site-packages/airflow/example_dags/example_time_delta_sensor_async.py
[2023-08-10T17:49:33.772+0000] {logging_mixin.py:150} INFO - [2023-08-10T17:49:33.771+0000] {dag.py:2742} INFO - Sync 1 DAGs
[2023-08-10T17:49:33.828+0000] {logging_mixin.py:150} INFO - [2023-08-10T17:49:33.828+0000] {dag.py:3508} INFO - Setting next_dagrun for example_time_delta_sensor_async to None, run_after=None
[2023-08-10T17:49:33.868+0000] {processor.py:179} INFO - Processing /home/airflow/.local/lib/python3.7/site-packages/airflow/example_dags/example_time_delta_sensor_async.py took 0.152 seconds
[2023-08-10T17:50:04.287+0000] {processor.py:157} INFO - Started process (PID=990) to work on /home/airflow/.local/lib/python3.7/site-packages/airflow/example_dags/example_time_delta_sensor_async.py
[2023-08-10T17:50:04.308+0000] {processor.py:826} INFO - Processing file /home/airflow/.local/lib/python3.7/site-packages/airflow/example_dags/example_time_delta_sensor_async.py for tasks to queue
[2023-08-10T17:50:04.312+0000] {logging_mixin.py:150} INFO - [2023-08-10T17:50:04.311+0000] {dagbag.py:541} INFO - Filling up the DagBag from /home/airflow/.local/lib/python3.7/site-packages/airflow/example_dags/example_time_delta_sensor_async.py
[2023-08-10T17:50:04.319+0000] {processor.py:836} INFO - DAG(s) dict_keys(['example_time_delta_sensor_async']) retrieved from /home/airflow/.local/lib/python3.7/site-packages/airflow/example_dags/example_time_delta_sensor_async.py
[2023-08-10T17:50:04.377+0000] {logging_mixin.py:150} INFO - [2023-08-10T17:50:04.377+0000] {dag.py:2742} INFO - Sync 1 DAGs
[2023-08-10T17:50:04.445+0000] {logging_mixin.py:150} INFO - [2023-08-10T17:50:04.445+0000] {dag.py:3508} INFO - Setting next_dagrun for example_time_delta_sensor_async to None, run_after=None
[2023-08-10T17:50:04.512+0000] {processor.py:179} INFO - Processing /home/airflow/.local/lib/python3.7/site-packages/airflow/example_dags/example_time_delta_sensor_async.py took 0.232 seconds
[2023-08-10T17:50:34.606+0000] {processor.py:157} INFO - Started process (PID=1048) to work on /home/airflow/.local/lib/python3.7/site-packages/airflow/example_dags/example_time_delta_sensor_async.py
[2023-08-10T17:50:34.607+0000] {processor.py:826} INFO - Processing file /home/airflow/.local/lib/python3.7/site-packages/airflow/example_dags/example_time_delta_sensor_async.py for tasks to queue
[2023-08-10T17:50:34.608+0000] {logging_mixin.py:150} INFO - [2023-08-10T17:50:34.608+0000] {dagbag.py:541} INFO - Filling up the DagBag from /home/airflow/.local/lib/python3.7/site-packages/airflow/example_dags/example_time_delta_sensor_async.py
[2023-08-10T17:50:34.614+0000] {processor.py:836} INFO - DAG(s) dict_keys(['example_time_delta_sensor_async']) retrieved from /home/airflow/.local/lib/python3.7/site-packages/airflow/example_dags/example_time_delta_sensor_async.py
[2023-08-10T17:50:34.652+0000] {logging_mixin.py:150} INFO - [2023-08-10T17:50:34.651+0000] {dag.py:2742} INFO - Sync 1 DAGs
[2023-08-10T17:50:34.703+0000] {logging_mixin.py:150} INFO - [2023-08-10T17:50:34.703+0000] {dag.py:3508} INFO - Setting next_dagrun for example_time_delta_sensor_async to None, run_after=None
[2023-08-10T17:50:34.767+0000] {processor.py:179} INFO - Processing /home/airflow/.local/lib/python3.7/site-packages/airflow/example_dags/example_time_delta_sensor_async.py took 0.165 seconds
[2023-08-10T17:51:05.023+0000] {processor.py:157} INFO - Started process (PID=1105) to work on /home/airflow/.local/lib/python3.7/site-packages/airflow/example_dags/example_time_delta_sensor_async.py
[2023-08-10T17:51:05.025+0000] {processor.py:826} INFO - Processing file /home/airflow/.local/lib/python3.7/site-packages/airflow/example_dags/example_time_delta_sensor_async.py for tasks to queue
[2023-08-10T17:51:05.034+0000] {logging_mixin.py:150} INFO - [2023-08-10T17:51:05.033+0000] {dagbag.py:541} INFO - Filling up the DagBag from /home/airflow/.local/lib/python3.7/site-packages/airflow/example_dags/example_time_delta_sensor_async.py
[2023-08-10T17:51:05.062+0000] {processor.py:836} INFO - DAG(s) dict_keys(['example_time_delta_sensor_async']) retrieved from /home/airflow/.local/lib/python3.7/site-packages/airflow/example_dags/example_time_delta_sensor_async.py
[2023-08-10T17:51:05.194+0000] {logging_mixin.py:150} INFO - [2023-08-10T17:51:05.193+0000] {dag.py:2742} INFO - Sync 1 DAGs
[2023-08-10T17:51:05.290+0000] {logging_mixin.py:150} INFO - [2023-08-10T17:51:05.289+0000] {dag.py:3508} INFO - Setting next_dagrun for example_time_delta_sensor_async to None, run_after=None
[2023-08-10T17:51:05.389+0000] {processor.py:179} INFO - Processing /home/airflow/.local/lib/python3.7/site-packages/airflow/example_dags/example_time_delta_sensor_async.py took 0.370 seconds
[2023-08-10T17:51:35.640+0000] {processor.py:157} INFO - Started process (PID=1161) to work on /home/airflow/.local/lib/python3.7/site-packages/airflow/example_dags/example_time_delta_sensor_async.py
[2023-08-10T17:51:35.644+0000] {processor.py:826} INFO - Processing file /home/airflow/.local/lib/python3.7/site-packages/airflow/example_dags/example_time_delta_sensor_async.py for tasks to queue
[2023-08-10T17:51:35.645+0000] {logging_mixin.py:150} INFO - [2023-08-10T17:51:35.645+0000] {dagbag.py:541} INFO - Filling up the DagBag from /home/airflow/.local/lib/python3.7/site-packages/airflow/example_dags/example_time_delta_sensor_async.py
[2023-08-10T17:51:35.660+0000] {processor.py:836} INFO - DAG(s) dict_keys(['example_time_delta_sensor_async']) retrieved from /home/airflow/.local/lib/python3.7/site-packages/airflow/example_dags/example_time_delta_sensor_async.py
[2023-08-10T17:51:35.749+0000] {logging_mixin.py:150} INFO - [2023-08-10T17:51:35.749+0000] {dag.py:2742} INFO - Sync 1 DAGs
[2023-08-10T17:51:35.831+0000] {logging_mixin.py:150} INFO - [2023-08-10T17:51:35.830+0000] {dag.py:3508} INFO - Setting next_dagrun for example_time_delta_sensor_async to None, run_after=None
[2023-08-10T17:51:35.924+0000] {processor.py:179} INFO - Processing /home/airflow/.local/lib/python3.7/site-packages/airflow/example_dags/example_time_delta_sensor_async.py took 0.292 seconds
[2023-08-10T17:52:06.016+0000] {processor.py:157} INFO - Started process (PID=1220) to work on /home/airflow/.local/lib/python3.7/site-packages/airflow/example_dags/example_time_delta_sensor_async.py
[2023-08-10T17:52:06.022+0000] {processor.py:826} INFO - Processing file /home/airflow/.local/lib/python3.7/site-packages/airflow/example_dags/example_time_delta_sensor_async.py for tasks to queue
[2023-08-10T17:52:06.024+0000] {logging_mixin.py:150} INFO - [2023-08-10T17:52:06.023+0000] {dagbag.py:541} INFO - Filling up the DagBag from /home/airflow/.local/lib/python3.7/site-packages/airflow/example_dags/example_time_delta_sensor_async.py
[2023-08-10T17:52:06.032+0000] {processor.py:836} INFO - DAG(s) dict_keys(['example_time_delta_sensor_async']) retrieved from /home/airflow/.local/lib/python3.7/site-packages/airflow/example_dags/example_time_delta_sensor_async.py
[2023-08-10T17:52:06.080+0000] {logging_mixin.py:150} INFO - [2023-08-10T17:52:06.080+0000] {dag.py:2742} INFO - Sync 1 DAGs
[2023-08-10T17:52:06.143+0000] {logging_mixin.py:150} INFO - [2023-08-10T17:52:06.142+0000] {dag.py:3508} INFO - Setting next_dagrun for example_time_delta_sensor_async to None, run_after=None
[2023-08-10T17:52:06.193+0000] {processor.py:179} INFO - Processing /home/airflow/.local/lib/python3.7/site-packages/airflow/example_dags/example_time_delta_sensor_async.py took 0.183 seconds
[2023-08-10T17:52:36.443+0000] {processor.py:157} INFO - Started process (PID=1278) to work on /home/airflow/.local/lib/python3.7/site-packages/airflow/example_dags/example_time_delta_sensor_async.py
[2023-08-10T17:52:36.445+0000] {processor.py:826} INFO - Processing file /home/airflow/.local/lib/python3.7/site-packages/airflow/example_dags/example_time_delta_sensor_async.py for tasks to queue
[2023-08-10T17:52:36.447+0000] {logging_mixin.py:150} INFO - [2023-08-10T17:52:36.446+0000] {dagbag.py:541} INFO - Filling up the DagBag from /home/airflow/.local/lib/python3.7/site-packages/airflow/example_dags/example_time_delta_sensor_async.py
[2023-08-10T17:52:36.454+0000] {processor.py:836} INFO - DAG(s) dict_keys(['example_time_delta_sensor_async']) retrieved from /home/airflow/.local/lib/python3.7/site-packages/airflow/example_dags/example_time_delta_sensor_async.py
[2023-08-10T17:52:36.498+0000] {logging_mixin.py:150} INFO - [2023-08-10T17:52:36.497+0000] {dag.py:2742} INFO - Sync 1 DAGs
[2023-08-10T17:52:36.540+0000] {logging_mixin.py:150} INFO - [2023-08-10T17:52:36.540+0000] {dag.py:3508} INFO - Setting next_dagrun for example_time_delta_sensor_async to None, run_after=None
[2023-08-10T17:52:36.597+0000] {processor.py:179} INFO - Processing /home/airflow/.local/lib/python3.7/site-packages/airflow/example_dags/example_time_delta_sensor_async.py took 0.160 seconds
[2023-08-10T17:53:06.829+0000] {processor.py:157} INFO - Started process (PID=1342) to work on /home/airflow/.local/lib/python3.7/site-packages/airflow/example_dags/example_time_delta_sensor_async.py
[2023-08-10T17:53:06.834+0000] {processor.py:826} INFO - Processing file /home/airflow/.local/lib/python3.7/site-packages/airflow/example_dags/example_time_delta_sensor_async.py for tasks to queue
[2023-08-10T17:53:06.836+0000] {logging_mixin.py:150} INFO - [2023-08-10T17:53:06.835+0000] {dagbag.py:541} INFO - Filling up the DagBag from /home/airflow/.local/lib/python3.7/site-packages/airflow/example_dags/example_time_delta_sensor_async.py
[2023-08-10T17:53:06.843+0000] {processor.py:836} INFO - DAG(s) dict_keys(['example_time_delta_sensor_async']) retrieved from /home/airflow/.local/lib/python3.7/site-packages/airflow/example_dags/example_time_delta_sensor_async.py
[2023-08-10T17:53:06.893+0000] {logging_mixin.py:150} INFO - [2023-08-10T17:53:06.893+0000] {dag.py:2742} INFO - Sync 1 DAGs
[2023-08-10T17:53:06.958+0000] {logging_mixin.py:150} INFO - [2023-08-10T17:53:06.957+0000] {dag.py:3508} INFO - Setting next_dagrun for example_time_delta_sensor_async to None, run_after=None
[2023-08-10T17:53:07.003+0000] {processor.py:179} INFO - Processing /home/airflow/.local/lib/python3.7/site-packages/airflow/example_dags/example_time_delta_sensor_async.py took 0.180 seconds
