[2023-08-10T17:41:38.116+0000] {processor.py:157} INFO - Started process (PID=66) to work on /home/airflow/.local/lib/python3.7/site-packages/airflow/example_dags/example_datasets.py
[2023-08-10T17:41:38.127+0000] {processor.py:826} INFO - Processing file /home/airflow/.local/lib/python3.7/site-packages/airflow/example_dags/example_datasets.py for tasks to queue
[2023-08-10T17:41:38.129+0000] {logging_mixin.py:150} INFO - [2023-08-10T17:41:38.128+0000] {dagbag.py:541} INFO - Filling up the DagBag from /home/airflow/.local/lib/python3.7/site-packages/airflow/example_dags/example_datasets.py
[2023-08-10T17:41:38.281+0000] {processor.py:836} INFO - DAG(s) dict_keys(['dataset_consumes_1_and_2', 'dataset_consumes_1', 'dataset_produces_1', 'dataset_consumes_1_never_scheduled', 'dataset_produces_2', 'dataset_consumes_unknown_never_scheduled']) retrieved from /home/airflow/.local/lib/python3.7/site-packages/airflow/example_dags/example_datasets.py
[2023-08-10T17:41:39.158+0000] {logging_mixin.py:150} INFO - [2023-08-10T17:41:39.158+0000] {manager.py:504} INFO - Created Permission View: can edit on DAG:dataset_consumes_1_and_2
[2023-08-10T17:41:39.199+0000] {logging_mixin.py:150} INFO - [2023-08-10T17:41:39.198+0000] {manager.py:504} INFO - Created Permission View: can delete on DAG:dataset_consumes_1_and_2
[2023-08-10T17:41:39.218+0000] {logging_mixin.py:150} INFO - [2023-08-10T17:41:39.218+0000] {manager.py:504} INFO - Created Permission View: can read on DAG:dataset_consumes_1_and_2
[2023-08-10T17:41:39.331+0000] {logging_mixin.py:150} INFO - [2023-08-10T17:41:39.331+0000] {manager.py:504} INFO - Created Permission View: can edit on DAG:dataset_consumes_1
[2023-08-10T17:41:39.364+0000] {logging_mixin.py:150} INFO - [2023-08-10T17:41:39.364+0000] {manager.py:504} INFO - Created Permission View: can delete on DAG:dataset_consumes_1
[2023-08-10T17:41:39.394+0000] {logging_mixin.py:150} INFO - [2023-08-10T17:41:39.391+0000] {manager.py:504} INFO - Created Permission View: can read on DAG:dataset_consumes_1
[2023-08-10T17:41:39.485+0000] {logging_mixin.py:150} INFO - [2023-08-10T17:41:39.485+0000] {manager.py:504} INFO - Created Permission View: can edit on DAG:dataset_produces_1
[2023-08-10T17:41:39.558+0000] {logging_mixin.py:150} INFO - [2023-08-10T17:41:39.558+0000] {manager.py:504} INFO - Created Permission View: can delete on DAG:dataset_produces_1
[2023-08-10T17:41:39.602+0000] {logging_mixin.py:150} INFO - [2023-08-10T17:41:39.602+0000] {manager.py:504} INFO - Created Permission View: can read on DAG:dataset_produces_1
[2023-08-10T17:41:39.757+0000] {logging_mixin.py:150} INFO - [2023-08-10T17:41:39.756+0000] {manager.py:504} INFO - Created Permission View: can edit on DAG:dataset_consumes_1_never_scheduled
[2023-08-10T17:41:39.815+0000] {logging_mixin.py:150} INFO - [2023-08-10T17:41:39.814+0000] {manager.py:504} INFO - Created Permission View: can delete on DAG:dataset_consumes_1_never_scheduled
[2023-08-10T17:41:39.863+0000] {logging_mixin.py:150} INFO - [2023-08-10T17:41:39.863+0000] {manager.py:504} INFO - Created Permission View: can read on DAG:dataset_consumes_1_never_scheduled
[2023-08-10T17:41:39.990+0000] {logging_mixin.py:150} INFO - [2023-08-10T17:41:39.990+0000] {manager.py:504} INFO - Created Permission View: can edit on DAG:dataset_produces_2
[2023-08-10T17:41:40.045+0000] {logging_mixin.py:150} INFO - [2023-08-10T17:41:40.045+0000] {manager.py:504} INFO - Created Permission View: can delete on DAG:dataset_produces_2
[2023-08-10T17:41:40.105+0000] {logging_mixin.py:150} INFO - [2023-08-10T17:41:40.105+0000] {manager.py:504} INFO - Created Permission View: can read on DAG:dataset_produces_2
[2023-08-10T17:41:40.246+0000] {logging_mixin.py:150} INFO - [2023-08-10T17:41:40.246+0000] {manager.py:504} INFO - Created Permission View: can edit on DAG:dataset_consumes_unknown_never_scheduled
[2023-08-10T17:41:40.295+0000] {logging_mixin.py:150} INFO - [2023-08-10T17:41:40.289+0000] {manager.py:504} INFO - Created Permission View: can delete on DAG:dataset_consumes_unknown_never_scheduled
[2023-08-10T17:41:40.348+0000] {logging_mixin.py:150} INFO - [2023-08-10T17:41:40.348+0000] {manager.py:504} INFO - Created Permission View: can read on DAG:dataset_consumes_unknown_never_scheduled
[2023-08-10T17:41:40.441+0000] {logging_mixin.py:150} INFO - [2023-08-10T17:41:40.441+0000] {dag.py:2742} INFO - Sync 6 DAGs
[2023-08-10T17:41:40.521+0000] {logging_mixin.py:150} INFO - [2023-08-10T17:41:40.521+0000] {dag.py:2763} INFO - Creating ORM DAG for dataset_consumes_1
[2023-08-10T17:41:40.523+0000] {logging_mixin.py:150} INFO - [2023-08-10T17:41:40.523+0000] {dag.py:2763} INFO - Creating ORM DAG for dataset_consumes_unknown_never_scheduled
[2023-08-10T17:41:40.524+0000] {logging_mixin.py:150} INFO - [2023-08-10T17:41:40.524+0000] {dag.py:2763} INFO - Creating ORM DAG for dataset_produces_1
[2023-08-10T17:41:40.528+0000] {logging_mixin.py:150} INFO - [2023-08-10T17:41:40.527+0000] {dag.py:2763} INFO - Creating ORM DAG for dataset_produces_2
[2023-08-10T17:41:40.529+0000] {logging_mixin.py:150} INFO - [2023-08-10T17:41:40.529+0000] {dag.py:2763} INFO - Creating ORM DAG for dataset_consumes_1_and_2
[2023-08-10T17:41:40.545+0000] {logging_mixin.py:150} INFO - [2023-08-10T17:41:40.530+0000] {dag.py:2763} INFO - Creating ORM DAG for dataset_consumes_1_never_scheduled
[2023-08-10T17:41:40.681+0000] {logging_mixin.py:150} INFO - [2023-08-10T17:41:40.680+0000] {dag.py:3508} INFO - Setting next_dagrun for dataset_consumes_1 to None, run_after=None
[2023-08-10T17:41:40.706+0000] {logging_mixin.py:150} INFO - [2023-08-10T17:41:40.693+0000] {dag.py:3508} INFO - Setting next_dagrun for dataset_consumes_1_and_2 to None, run_after=None
[2023-08-10T17:41:40.707+0000] {logging_mixin.py:150} INFO - [2023-08-10T17:41:40.707+0000] {dag.py:3508} INFO - Setting next_dagrun for dataset_consumes_1_never_scheduled to None, run_after=None
[2023-08-10T17:41:40.709+0000] {logging_mixin.py:150} INFO - [2023-08-10T17:41:40.708+0000] {dag.py:3508} INFO - Setting next_dagrun for dataset_consumes_unknown_never_scheduled to None, run_after=None
[2023-08-10T17:41:40.733+0000] {logging_mixin.py:150} INFO - [2023-08-10T17:41:40.732+0000] {dag.py:3508} INFO - Setting next_dagrun for dataset_produces_1 to 2023-08-09T00:00:00+00:00, run_after=2023-08-10T00:00:00+00:00
[2023-08-10T17:41:40.747+0000] {logging_mixin.py:150} INFO - [2023-08-10T17:41:40.747+0000] {dag.py:3508} INFO - Setting next_dagrun for dataset_produces_2 to None, run_after=None
[2023-08-10T17:41:41.042+0000] {processor.py:179} INFO - Processing /home/airflow/.local/lib/python3.7/site-packages/airflow/example_dags/example_datasets.py took 2.944 seconds
[2023-08-10T17:42:11.281+0000] {processor.py:157} INFO - Started process (PID=123) to work on /home/airflow/.local/lib/python3.7/site-packages/airflow/example_dags/example_datasets.py
[2023-08-10T17:42:11.286+0000] {processor.py:826} INFO - Processing file /home/airflow/.local/lib/python3.7/site-packages/airflow/example_dags/example_datasets.py for tasks to queue
[2023-08-10T17:42:11.293+0000] {logging_mixin.py:150} INFO - [2023-08-10T17:42:11.292+0000] {dagbag.py:541} INFO - Filling up the DagBag from /home/airflow/.local/lib/python3.7/site-packages/airflow/example_dags/example_datasets.py
[2023-08-10T17:42:11.317+0000] {processor.py:836} INFO - DAG(s) dict_keys(['dataset_consumes_1_and_2', 'dataset_produces_1', 'dataset_consumes_unknown_never_scheduled', 'dataset_produces_2', 'dataset_consumes_1_never_scheduled', 'dataset_consumes_1']) retrieved from /home/airflow/.local/lib/python3.7/site-packages/airflow/example_dags/example_datasets.py
[2023-08-10T17:42:11.483+0000] {logging_mixin.py:150} INFO - [2023-08-10T17:42:11.483+0000] {dag.py:2742} INFO - Sync 6 DAGs
[2023-08-10T17:42:11.549+0000] {logging_mixin.py:150} INFO - [2023-08-10T17:42:11.548+0000] {dag.py:3508} INFO - Setting next_dagrun for dataset_consumes_1 to None, run_after=None
[2023-08-10T17:42:11.557+0000] {logging_mixin.py:150} INFO - [2023-08-10T17:42:11.557+0000] {dag.py:3508} INFO - Setting next_dagrun for dataset_consumes_1_and_2 to None, run_after=None
[2023-08-10T17:42:11.561+0000] {logging_mixin.py:150} INFO - [2023-08-10T17:42:11.561+0000] {dag.py:3508} INFO - Setting next_dagrun for dataset_consumes_1_never_scheduled to None, run_after=None
[2023-08-10T17:42:11.564+0000] {logging_mixin.py:150} INFO - [2023-08-10T17:42:11.564+0000] {dag.py:3508} INFO - Setting next_dagrun for dataset_consumes_unknown_never_scheduled to None, run_after=None
[2023-08-10T17:42:11.575+0000] {logging_mixin.py:150} INFO - [2023-08-10T17:42:11.574+0000] {dag.py:3508} INFO - Setting next_dagrun for dataset_produces_1 to 2023-08-09T00:00:00+00:00, run_after=2023-08-10T00:00:00+00:00
[2023-08-10T17:42:11.581+0000] {logging_mixin.py:150} INFO - [2023-08-10T17:42:11.581+0000] {dag.py:3508} INFO - Setting next_dagrun for dataset_produces_2 to None, run_after=None
[2023-08-10T17:42:11.801+0000] {processor.py:179} INFO - Processing /home/airflow/.local/lib/python3.7/site-packages/airflow/example_dags/example_datasets.py took 0.532 seconds
[2023-08-10T17:42:44.461+0000] {processor.py:157} INFO - Started process (PID=181) to work on /home/airflow/.local/lib/python3.7/site-packages/airflow/example_dags/example_datasets.py
[2023-08-10T17:42:44.465+0000] {processor.py:826} INFO - Processing file /home/airflow/.local/lib/python3.7/site-packages/airflow/example_dags/example_datasets.py for tasks to queue
[2023-08-10T17:42:44.466+0000] {logging_mixin.py:150} INFO - [2023-08-10T17:42:44.466+0000] {dagbag.py:541} INFO - Filling up the DagBag from /home/airflow/.local/lib/python3.7/site-packages/airflow/example_dags/example_datasets.py
[2023-08-10T17:42:44.486+0000] {processor.py:836} INFO - DAG(s) dict_keys(['dataset_consumes_1_and_2', 'dataset_produces_1', 'dataset_produces_2', 'dataset_consumes_1', 'dataset_consumes_1_never_scheduled', 'dataset_consumes_unknown_never_scheduled']) retrieved from /home/airflow/.local/lib/python3.7/site-packages/airflow/example_dags/example_datasets.py
[2023-08-10T17:42:44.579+0000] {logging_mixin.py:150} INFO - [2023-08-10T17:42:44.579+0000] {dag.py:2742} INFO - Sync 6 DAGs
[2023-08-10T17:42:44.661+0000] {logging_mixin.py:150} INFO - [2023-08-10T17:42:44.661+0000] {dag.py:3508} INFO - Setting next_dagrun for dataset_consumes_1 to None, run_after=None
[2023-08-10T17:42:44.670+0000] {logging_mixin.py:150} INFO - [2023-08-10T17:42:44.670+0000] {dag.py:3508} INFO - Setting next_dagrun for dataset_consumes_1_and_2 to None, run_after=None
[2023-08-10T17:42:44.674+0000] {logging_mixin.py:150} INFO - [2023-08-10T17:42:44.673+0000] {dag.py:3508} INFO - Setting next_dagrun for dataset_consumes_1_never_scheduled to None, run_after=None
[2023-08-10T17:42:44.678+0000] {logging_mixin.py:150} INFO - [2023-08-10T17:42:44.678+0000] {dag.py:3508} INFO - Setting next_dagrun for dataset_consumes_unknown_never_scheduled to None, run_after=None
[2023-08-10T17:42:44.684+0000] {logging_mixin.py:150} INFO - [2023-08-10T17:42:44.684+0000] {dag.py:3508} INFO - Setting next_dagrun for dataset_produces_1 to 2023-08-09T00:00:00+00:00, run_after=2023-08-10T00:00:00+00:00
[2023-08-10T17:42:44.687+0000] {logging_mixin.py:150} INFO - [2023-08-10T17:42:44.687+0000] {dag.py:3508} INFO - Setting next_dagrun for dataset_produces_2 to None, run_after=None
[2023-08-10T17:42:44.785+0000] {processor.py:179} INFO - Processing /home/airflow/.local/lib/python3.7/site-packages/airflow/example_dags/example_datasets.py took 0.330 seconds
[2023-08-10T17:43:20.911+0000] {processor.py:157} INFO - Started process (PID=239) to work on /home/airflow/.local/lib/python3.7/site-packages/airflow/example_dags/example_datasets.py
[2023-08-10T17:43:20.918+0000] {processor.py:826} INFO - Processing file /home/airflow/.local/lib/python3.7/site-packages/airflow/example_dags/example_datasets.py for tasks to queue
[2023-08-10T17:43:20.920+0000] {logging_mixin.py:150} INFO - [2023-08-10T17:43:20.919+0000] {dagbag.py:541} INFO - Filling up the DagBag from /home/airflow/.local/lib/python3.7/site-packages/airflow/example_dags/example_datasets.py
[2023-08-10T17:43:20.976+0000] {processor.py:836} INFO - DAG(s) dict_keys(['dataset_consumes_1_never_scheduled', 'dataset_produces_2', 'dataset_produces_1', 'dataset_consumes_1', 'dataset_consumes_unknown_never_scheduled', 'dataset_consumes_1_and_2']) retrieved from /home/airflow/.local/lib/python3.7/site-packages/airflow/example_dags/example_datasets.py
[2023-08-10T17:43:21.233+0000] {logging_mixin.py:150} INFO - [2023-08-10T17:43:21.233+0000] {dag.py:2742} INFO - Sync 6 DAGs
[2023-08-10T17:43:21.352+0000] {logging_mixin.py:150} INFO - [2023-08-10T17:43:21.351+0000] {dag.py:3508} INFO - Setting next_dagrun for dataset_consumes_1 to None, run_after=None
[2023-08-10T17:43:21.359+0000] {logging_mixin.py:150} INFO - [2023-08-10T17:43:21.359+0000] {dag.py:3508} INFO - Setting next_dagrun for dataset_consumes_1_and_2 to None, run_after=None
[2023-08-10T17:43:21.363+0000] {logging_mixin.py:150} INFO - [2023-08-10T17:43:21.362+0000] {dag.py:3508} INFO - Setting next_dagrun for dataset_consumes_1_never_scheduled to None, run_after=None
[2023-08-10T17:43:21.365+0000] {logging_mixin.py:150} INFO - [2023-08-10T17:43:21.365+0000] {dag.py:3508} INFO - Setting next_dagrun for dataset_consumes_unknown_never_scheduled to None, run_after=None
[2023-08-10T17:43:21.374+0000] {logging_mixin.py:150} INFO - [2023-08-10T17:43:21.373+0000] {dag.py:3508} INFO - Setting next_dagrun for dataset_produces_1 to 2023-08-09T00:00:00+00:00, run_after=2023-08-10T00:00:00+00:00
[2023-08-10T17:43:21.377+0000] {logging_mixin.py:150} INFO - [2023-08-10T17:43:21.376+0000] {dag.py:3508} INFO - Setting next_dagrun for dataset_produces_2 to None, run_after=None
[2023-08-10T17:43:21.499+0000] {processor.py:179} INFO - Processing /home/airflow/.local/lib/python3.7/site-packages/airflow/example_dags/example_datasets.py took 0.620 seconds
[2023-08-10T17:43:51.807+0000] {processor.py:157} INFO - Started process (PID=297) to work on /home/airflow/.local/lib/python3.7/site-packages/airflow/example_dags/example_datasets.py
[2023-08-10T17:43:51.809+0000] {processor.py:826} INFO - Processing file /home/airflow/.local/lib/python3.7/site-packages/airflow/example_dags/example_datasets.py for tasks to queue
[2023-08-10T17:43:51.811+0000] {logging_mixin.py:150} INFO - [2023-08-10T17:43:51.810+0000] {dagbag.py:541} INFO - Filling up the DagBag from /home/airflow/.local/lib/python3.7/site-packages/airflow/example_dags/example_datasets.py
[2023-08-10T17:43:51.827+0000] {processor.py:836} INFO - DAG(s) dict_keys(['dataset_consumes_1_never_scheduled', 'dataset_consumes_1_and_2', 'dataset_consumes_unknown_never_scheduled', 'dataset_produces_2', 'dataset_consumes_1', 'dataset_produces_1']) retrieved from /home/airflow/.local/lib/python3.7/site-packages/airflow/example_dags/example_datasets.py
[2023-08-10T17:43:51.907+0000] {logging_mixin.py:150} INFO - [2023-08-10T17:43:51.906+0000] {dag.py:2742} INFO - Sync 6 DAGs
[2023-08-10T17:43:51.962+0000] {logging_mixin.py:150} INFO - [2023-08-10T17:43:51.962+0000] {dag.py:3508} INFO - Setting next_dagrun for dataset_consumes_1 to None, run_after=None
[2023-08-10T17:43:51.967+0000] {logging_mixin.py:150} INFO - [2023-08-10T17:43:51.967+0000] {dag.py:3508} INFO - Setting next_dagrun for dataset_consumes_1_and_2 to None, run_after=None
[2023-08-10T17:43:51.970+0000] {logging_mixin.py:150} INFO - [2023-08-10T17:43:51.969+0000] {dag.py:3508} INFO - Setting next_dagrun for dataset_consumes_1_never_scheduled to None, run_after=None
[2023-08-10T17:43:51.972+0000] {logging_mixin.py:150} INFO - [2023-08-10T17:43:51.972+0000] {dag.py:3508} INFO - Setting next_dagrun for dataset_consumes_unknown_never_scheduled to None, run_after=None
[2023-08-10T17:43:51.978+0000] {logging_mixin.py:150} INFO - [2023-08-10T17:43:51.978+0000] {dag.py:3508} INFO - Setting next_dagrun for dataset_produces_1 to 2023-08-09T00:00:00+00:00, run_after=2023-08-10T00:00:00+00:00
[2023-08-10T17:43:51.980+0000] {logging_mixin.py:150} INFO - [2023-08-10T17:43:51.980+0000] {dag.py:3508} INFO - Setting next_dagrun for dataset_produces_2 to None, run_after=None
[2023-08-10T17:43:52.075+0000] {processor.py:179} INFO - Processing /home/airflow/.local/lib/python3.7/site-packages/airflow/example_dags/example_datasets.py took 0.274 seconds
[2023-08-10T17:44:22.503+0000] {processor.py:157} INFO - Started process (PID=350) to work on /home/airflow/.local/lib/python3.7/site-packages/airflow/example_dags/example_datasets.py
[2023-08-10T17:44:22.504+0000] {processor.py:826} INFO - Processing file /home/airflow/.local/lib/python3.7/site-packages/airflow/example_dags/example_datasets.py for tasks to queue
[2023-08-10T17:44:22.506+0000] {logging_mixin.py:150} INFO - [2023-08-10T17:44:22.505+0000] {dagbag.py:541} INFO - Filling up the DagBag from /home/airflow/.local/lib/python3.7/site-packages/airflow/example_dags/example_datasets.py
[2023-08-10T17:44:22.525+0000] {processor.py:836} INFO - DAG(s) dict_keys(['dataset_produces_2', 'dataset_consumes_1', 'dataset_produces_1', 'dataset_consumes_1_never_scheduled', 'dataset_consumes_1_and_2', 'dataset_consumes_unknown_never_scheduled']) retrieved from /home/airflow/.local/lib/python3.7/site-packages/airflow/example_dags/example_datasets.py
[2023-08-10T17:44:22.597+0000] {logging_mixin.py:150} INFO - [2023-08-10T17:44:22.597+0000] {dag.py:2742} INFO - Sync 6 DAGs
[2023-08-10T17:44:22.661+0000] {logging_mixin.py:150} INFO - [2023-08-10T17:44:22.661+0000] {dag.py:3508} INFO - Setting next_dagrun for dataset_consumes_1 to None, run_after=None
[2023-08-10T17:44:22.670+0000] {logging_mixin.py:150} INFO - [2023-08-10T17:44:22.669+0000] {dag.py:3508} INFO - Setting next_dagrun for dataset_consumes_1_and_2 to None, run_after=None
[2023-08-10T17:44:22.673+0000] {logging_mixin.py:150} INFO - [2023-08-10T17:44:22.673+0000] {dag.py:3508} INFO - Setting next_dagrun for dataset_consumes_1_never_scheduled to None, run_after=None
[2023-08-10T17:44:22.675+0000] {logging_mixin.py:150} INFO - [2023-08-10T17:44:22.675+0000] {dag.py:3508} INFO - Setting next_dagrun for dataset_consumes_unknown_never_scheduled to None, run_after=None
[2023-08-10T17:44:22.680+0000] {logging_mixin.py:150} INFO - [2023-08-10T17:44:22.680+0000] {dag.py:3508} INFO - Setting next_dagrun for dataset_produces_1 to 2023-08-09T00:00:00+00:00, run_after=2023-08-10T00:00:00+00:00
[2023-08-10T17:44:22.684+0000] {logging_mixin.py:150} INFO - [2023-08-10T17:44:22.684+0000] {dag.py:3508} INFO - Setting next_dagrun for dataset_produces_2 to None, run_after=None
[2023-08-10T17:44:22.762+0000] {processor.py:179} INFO - Processing /home/airflow/.local/lib/python3.7/site-packages/airflow/example_dags/example_datasets.py took 0.264 seconds
[2023-08-10T17:44:53.192+0000] {processor.py:157} INFO - Started process (PID=408) to work on /home/airflow/.local/lib/python3.7/site-packages/airflow/example_dags/example_datasets.py
[2023-08-10T17:44:53.198+0000] {processor.py:826} INFO - Processing file /home/airflow/.local/lib/python3.7/site-packages/airflow/example_dags/example_datasets.py for tasks to queue
[2023-08-10T17:44:53.200+0000] {logging_mixin.py:150} INFO - [2023-08-10T17:44:53.199+0000] {dagbag.py:541} INFO - Filling up the DagBag from /home/airflow/.local/lib/python3.7/site-packages/airflow/example_dags/example_datasets.py
[2023-08-10T17:44:53.225+0000] {processor.py:836} INFO - DAG(s) dict_keys(['dataset_consumes_1', 'dataset_consumes_1_never_scheduled', 'dataset_produces_1', 'dataset_consumes_unknown_never_scheduled', 'dataset_consumes_1_and_2', 'dataset_produces_2']) retrieved from /home/airflow/.local/lib/python3.7/site-packages/airflow/example_dags/example_datasets.py
[2023-08-10T17:44:53.330+0000] {logging_mixin.py:150} INFO - [2023-08-10T17:44:53.329+0000] {dag.py:2742} INFO - Sync 6 DAGs
[2023-08-10T17:44:53.402+0000] {logging_mixin.py:150} INFO - [2023-08-10T17:44:53.401+0000] {dag.py:3508} INFO - Setting next_dagrun for dataset_consumes_1 to None, run_after=None
[2023-08-10T17:44:53.410+0000] {logging_mixin.py:150} INFO - [2023-08-10T17:44:53.409+0000] {dag.py:3508} INFO - Setting next_dagrun for dataset_consumes_1_and_2 to None, run_after=None
[2023-08-10T17:44:53.412+0000] {logging_mixin.py:150} INFO - [2023-08-10T17:44:53.412+0000] {dag.py:3508} INFO - Setting next_dagrun for dataset_consumes_1_never_scheduled to None, run_after=None
[2023-08-10T17:44:53.415+0000] {logging_mixin.py:150} INFO - [2023-08-10T17:44:53.414+0000] {dag.py:3508} INFO - Setting next_dagrun for dataset_consumes_unknown_never_scheduled to None, run_after=None
[2023-08-10T17:44:53.421+0000] {logging_mixin.py:150} INFO - [2023-08-10T17:44:53.421+0000] {dag.py:3508} INFO - Setting next_dagrun for dataset_produces_1 to 2023-08-09T00:00:00+00:00, run_after=2023-08-10T00:00:00+00:00
[2023-08-10T17:44:53.424+0000] {logging_mixin.py:150} INFO - [2023-08-10T17:44:53.424+0000] {dag.py:3508} INFO - Setting next_dagrun for dataset_produces_2 to None, run_after=None
[2023-08-10T17:44:53.515+0000] {processor.py:179} INFO - Processing /home/airflow/.local/lib/python3.7/site-packages/airflow/example_dags/example_datasets.py took 0.329 seconds
[2023-08-10T17:45:23.668+0000] {processor.py:157} INFO - Started process (PID=466) to work on /home/airflow/.local/lib/python3.7/site-packages/airflow/example_dags/example_datasets.py
[2023-08-10T17:45:23.675+0000] {processor.py:826} INFO - Processing file /home/airflow/.local/lib/python3.7/site-packages/airflow/example_dags/example_datasets.py for tasks to queue
[2023-08-10T17:45:23.677+0000] {logging_mixin.py:150} INFO - [2023-08-10T17:45:23.676+0000] {dagbag.py:541} INFO - Filling up the DagBag from /home/airflow/.local/lib/python3.7/site-packages/airflow/example_dags/example_datasets.py
[2023-08-10T17:45:23.752+0000] {processor.py:836} INFO - DAG(s) dict_keys(['dataset_consumes_1_never_scheduled', 'dataset_produces_2', 'dataset_consumes_1', 'dataset_consumes_unknown_never_scheduled', 'dataset_produces_1', 'dataset_consumes_1_and_2']) retrieved from /home/airflow/.local/lib/python3.7/site-packages/airflow/example_dags/example_datasets.py
[2023-08-10T17:45:23.899+0000] {logging_mixin.py:150} INFO - [2023-08-10T17:45:23.898+0000] {dag.py:2742} INFO - Sync 6 DAGs
[2023-08-10T17:45:23.971+0000] {logging_mixin.py:150} INFO - [2023-08-10T17:45:23.971+0000] {dag.py:3508} INFO - Setting next_dagrun for dataset_consumes_1 to None, run_after=None
[2023-08-10T17:45:23.979+0000] {logging_mixin.py:150} INFO - [2023-08-10T17:45:23.978+0000] {dag.py:3508} INFO - Setting next_dagrun for dataset_consumes_1_and_2 to None, run_after=None
[2023-08-10T17:45:23.984+0000] {logging_mixin.py:150} INFO - [2023-08-10T17:45:23.983+0000] {dag.py:3508} INFO - Setting next_dagrun for dataset_consumes_1_never_scheduled to None, run_after=None
[2023-08-10T17:45:23.986+0000] {logging_mixin.py:150} INFO - [2023-08-10T17:45:23.986+0000] {dag.py:3508} INFO - Setting next_dagrun for dataset_consumes_unknown_never_scheduled to None, run_after=None
[2023-08-10T17:45:23.997+0000] {logging_mixin.py:150} INFO - [2023-08-10T17:45:23.997+0000] {dag.py:3508} INFO - Setting next_dagrun for dataset_produces_1 to 2023-08-09T00:00:00+00:00, run_after=2023-08-10T00:00:00+00:00
[2023-08-10T17:45:24.000+0000] {logging_mixin.py:150} INFO - [2023-08-10T17:45:24.000+0000] {dag.py:3508} INFO - Setting next_dagrun for dataset_produces_2 to None, run_after=None
[2023-08-10T17:45:24.139+0000] {processor.py:179} INFO - Processing /home/airflow/.local/lib/python3.7/site-packages/airflow/example_dags/example_datasets.py took 0.484 seconds
[2023-08-10T17:45:54.921+0000] {processor.py:157} INFO - Started process (PID=524) to work on /home/airflow/.local/lib/python3.7/site-packages/airflow/example_dags/example_datasets.py
[2023-08-10T17:45:54.947+0000] {processor.py:826} INFO - Processing file /home/airflow/.local/lib/python3.7/site-packages/airflow/example_dags/example_datasets.py for tasks to queue
[2023-08-10T17:45:54.949+0000] {logging_mixin.py:150} INFO - [2023-08-10T17:45:54.949+0000] {dagbag.py:541} INFO - Filling up the DagBag from /home/airflow/.local/lib/python3.7/site-packages/airflow/example_dags/example_datasets.py
[2023-08-10T17:45:55.016+0000] {processor.py:836} INFO - DAG(s) dict_keys(['dataset_produces_2', 'dataset_consumes_1_never_scheduled', 'dataset_consumes_1', 'dataset_consumes_1_and_2', 'dataset_produces_1', 'dataset_consumes_unknown_never_scheduled']) retrieved from /home/airflow/.local/lib/python3.7/site-packages/airflow/example_dags/example_datasets.py
[2023-08-10T17:45:55.168+0000] {logging_mixin.py:150} INFO - [2023-08-10T17:45:55.168+0000] {dag.py:2742} INFO - Sync 6 DAGs
[2023-08-10T17:45:55.319+0000] {logging_mixin.py:150} INFO - [2023-08-10T17:45:55.318+0000] {dag.py:3508} INFO - Setting next_dagrun for dataset_consumes_1 to None, run_after=None
[2023-08-10T17:45:55.334+0000] {logging_mixin.py:150} INFO - [2023-08-10T17:45:55.334+0000] {dag.py:3508} INFO - Setting next_dagrun for dataset_consumes_1_and_2 to None, run_after=None
[2023-08-10T17:45:55.337+0000] {logging_mixin.py:150} INFO - [2023-08-10T17:45:55.337+0000] {dag.py:3508} INFO - Setting next_dagrun for dataset_consumes_1_never_scheduled to None, run_after=None
[2023-08-10T17:45:55.342+0000] {logging_mixin.py:150} INFO - [2023-08-10T17:45:55.341+0000] {dag.py:3508} INFO - Setting next_dagrun for dataset_consumes_unknown_never_scheduled to None, run_after=None
[2023-08-10T17:45:55.353+0000] {logging_mixin.py:150} INFO - [2023-08-10T17:45:55.353+0000] {dag.py:3508} INFO - Setting next_dagrun for dataset_produces_1 to 2023-08-09T00:00:00+00:00, run_after=2023-08-10T00:00:00+00:00
[2023-08-10T17:45:55.357+0000] {logging_mixin.py:150} INFO - [2023-08-10T17:45:55.356+0000] {dag.py:3508} INFO - Setting next_dagrun for dataset_produces_2 to None, run_after=None
[2023-08-10T17:45:55.504+0000] {processor.py:179} INFO - Processing /home/airflow/.local/lib/python3.7/site-packages/airflow/example_dags/example_datasets.py took 0.598 seconds
[2023-08-10T17:46:26.010+0000] {processor.py:157} INFO - Started process (PID=582) to work on /home/airflow/.local/lib/python3.7/site-packages/airflow/example_dags/example_datasets.py
[2023-08-10T17:46:26.037+0000] {processor.py:826} INFO - Processing file /home/airflow/.local/lib/python3.7/site-packages/airflow/example_dags/example_datasets.py for tasks to queue
[2023-08-10T17:46:26.039+0000] {logging_mixin.py:150} INFO - [2023-08-10T17:46:26.038+0000] {dagbag.py:541} INFO - Filling up the DagBag from /home/airflow/.local/lib/python3.7/site-packages/airflow/example_dags/example_datasets.py
[2023-08-10T17:46:26.075+0000] {processor.py:836} INFO - DAG(s) dict_keys(['dataset_consumes_1_and_2', 'dataset_consumes_1_never_scheduled', 'dataset_produces_2', 'dataset_consumes_1', 'dataset_produces_1', 'dataset_consumes_unknown_never_scheduled']) retrieved from /home/airflow/.local/lib/python3.7/site-packages/airflow/example_dags/example_datasets.py
[2023-08-10T17:46:26.282+0000] {logging_mixin.py:150} INFO - [2023-08-10T17:46:26.282+0000] {dag.py:2742} INFO - Sync 6 DAGs
[2023-08-10T17:46:26.390+0000] {logging_mixin.py:150} INFO - [2023-08-10T17:46:26.389+0000] {dag.py:3508} INFO - Setting next_dagrun for dataset_consumes_1 to None, run_after=None
[2023-08-10T17:46:26.403+0000] {logging_mixin.py:150} INFO - [2023-08-10T17:46:26.403+0000] {dag.py:3508} INFO - Setting next_dagrun for dataset_consumes_1_and_2 to None, run_after=None
[2023-08-10T17:46:26.407+0000] {logging_mixin.py:150} INFO - [2023-08-10T17:46:26.406+0000] {dag.py:3508} INFO - Setting next_dagrun for dataset_consumes_1_never_scheduled to None, run_after=None
[2023-08-10T17:46:26.411+0000] {logging_mixin.py:150} INFO - [2023-08-10T17:46:26.411+0000] {dag.py:3508} INFO - Setting next_dagrun for dataset_consumes_unknown_never_scheduled to None, run_after=None
[2023-08-10T17:46:26.423+0000] {logging_mixin.py:150} INFO - [2023-08-10T17:46:26.423+0000] {dag.py:3508} INFO - Setting next_dagrun for dataset_produces_1 to 2023-08-09T00:00:00+00:00, run_after=2023-08-10T00:00:00+00:00
[2023-08-10T17:46:26.428+0000] {logging_mixin.py:150} INFO - [2023-08-10T17:46:26.428+0000] {dag.py:3508} INFO - Setting next_dagrun for dataset_produces_2 to None, run_after=None
[2023-08-10T17:46:26.569+0000] {processor.py:179} INFO - Processing /home/airflow/.local/lib/python3.7/site-packages/airflow/example_dags/example_datasets.py took 0.572 seconds
[2023-08-10T17:46:57.412+0000] {processor.py:157} INFO - Started process (PID=641) to work on /home/airflow/.local/lib/python3.7/site-packages/airflow/example_dags/example_datasets.py
[2023-08-10T17:46:57.594+0000] {processor.py:826} INFO - Processing file /home/airflow/.local/lib/python3.7/site-packages/airflow/example_dags/example_datasets.py for tasks to queue
[2023-08-10T17:46:57.604+0000] {logging_mixin.py:150} INFO - [2023-08-10T17:46:57.604+0000] {dagbag.py:541} INFO - Filling up the DagBag from /home/airflow/.local/lib/python3.7/site-packages/airflow/example_dags/example_datasets.py
[2023-08-10T17:46:57.671+0000] {processor.py:836} INFO - DAG(s) dict_keys(['dataset_consumes_1_never_scheduled', 'dataset_produces_2', 'dataset_consumes_1', 'dataset_consumes_1_and_2', 'dataset_produces_1', 'dataset_consumes_unknown_never_scheduled']) retrieved from /home/airflow/.local/lib/python3.7/site-packages/airflow/example_dags/example_datasets.py
[2023-08-10T17:46:57.983+0000] {logging_mixin.py:150} INFO - [2023-08-10T17:46:57.982+0000] {dag.py:2742} INFO - Sync 6 DAGs
[2023-08-10T17:46:58.148+0000] {logging_mixin.py:150} INFO - [2023-08-10T17:46:58.147+0000] {dag.py:3508} INFO - Setting next_dagrun for dataset_consumes_1 to None, run_after=None
[2023-08-10T17:46:58.172+0000] {logging_mixin.py:150} INFO - [2023-08-10T17:46:58.172+0000] {dag.py:3508} INFO - Setting next_dagrun for dataset_consumes_1_and_2 to None, run_after=None
[2023-08-10T17:46:58.179+0000] {logging_mixin.py:150} INFO - [2023-08-10T17:46:58.179+0000] {dag.py:3508} INFO - Setting next_dagrun for dataset_consumes_1_never_scheduled to None, run_after=None
[2023-08-10T17:46:58.198+0000] {logging_mixin.py:150} INFO - [2023-08-10T17:46:58.197+0000] {dag.py:3508} INFO - Setting next_dagrun for dataset_consumes_unknown_never_scheduled to None, run_after=None
[2023-08-10T17:46:58.209+0000] {logging_mixin.py:150} INFO - [2023-08-10T17:46:58.208+0000] {dag.py:3508} INFO - Setting next_dagrun for dataset_produces_1 to 2023-08-09T00:00:00+00:00, run_after=2023-08-10T00:00:00+00:00
[2023-08-10T17:46:58.224+0000] {logging_mixin.py:150} INFO - [2023-08-10T17:46:58.223+0000] {dag.py:3508} INFO - Setting next_dagrun for dataset_produces_2 to None, run_after=None
[2023-08-10T17:46:58.416+0000] {processor.py:179} INFO - Processing /home/airflow/.local/lib/python3.7/site-packages/airflow/example_dags/example_datasets.py took 1.016 seconds
[2023-08-10T17:47:28.580+0000] {processor.py:157} INFO - Started process (PID=698) to work on /home/airflow/.local/lib/python3.7/site-packages/airflow/example_dags/example_datasets.py
[2023-08-10T17:47:28.588+0000] {processor.py:826} INFO - Processing file /home/airflow/.local/lib/python3.7/site-packages/airflow/example_dags/example_datasets.py for tasks to queue
[2023-08-10T17:47:28.590+0000] {logging_mixin.py:150} INFO - [2023-08-10T17:47:28.589+0000] {dagbag.py:541} INFO - Filling up the DagBag from /home/airflow/.local/lib/python3.7/site-packages/airflow/example_dags/example_datasets.py
[2023-08-10T17:47:28.621+0000] {processor.py:836} INFO - DAG(s) dict_keys(['dataset_produces_2', 'dataset_consumes_1', 'dataset_produces_1', 'dataset_consumes_1_and_2', 'dataset_consumes_1_never_scheduled', 'dataset_consumes_unknown_never_scheduled']) retrieved from /home/airflow/.local/lib/python3.7/site-packages/airflow/example_dags/example_datasets.py
[2023-08-10T17:47:28.766+0000] {logging_mixin.py:150} INFO - [2023-08-10T17:47:28.766+0000] {dag.py:2742} INFO - Sync 6 DAGs
[2023-08-10T17:47:28.835+0000] {logging_mixin.py:150} INFO - [2023-08-10T17:47:28.835+0000] {dag.py:3508} INFO - Setting next_dagrun for dataset_consumes_1 to None, run_after=None
[2023-08-10T17:47:28.843+0000] {logging_mixin.py:150} INFO - [2023-08-10T17:47:28.842+0000] {dag.py:3508} INFO - Setting next_dagrun for dataset_consumes_1_and_2 to None, run_after=None
[2023-08-10T17:47:28.849+0000] {logging_mixin.py:150} INFO - [2023-08-10T17:47:28.848+0000] {dag.py:3508} INFO - Setting next_dagrun for dataset_consumes_1_never_scheduled to None, run_after=None
[2023-08-10T17:47:28.859+0000] {logging_mixin.py:150} INFO - [2023-08-10T17:47:28.859+0000] {dag.py:3508} INFO - Setting next_dagrun for dataset_consumes_unknown_never_scheduled to None, run_after=None
[2023-08-10T17:47:28.871+0000] {logging_mixin.py:150} INFO - [2023-08-10T17:47:28.871+0000] {dag.py:3508} INFO - Setting next_dagrun for dataset_produces_1 to 2023-08-09T00:00:00+00:00, run_after=2023-08-10T00:00:00+00:00
[2023-08-10T17:47:28.874+0000] {logging_mixin.py:150} INFO - [2023-08-10T17:47:28.874+0000] {dag.py:3508} INFO - Setting next_dagrun for dataset_produces_2 to None, run_after=None
[2023-08-10T17:47:28.967+0000] {processor.py:179} INFO - Processing /home/airflow/.local/lib/python3.7/site-packages/airflow/example_dags/example_datasets.py took 0.395 seconds
[2023-08-10T17:47:59.538+0000] {processor.py:157} INFO - Started process (PID=756) to work on /home/airflow/.local/lib/python3.7/site-packages/airflow/example_dags/example_datasets.py
[2023-08-10T17:47:59.550+0000] {processor.py:826} INFO - Processing file /home/airflow/.local/lib/python3.7/site-packages/airflow/example_dags/example_datasets.py for tasks to queue
[2023-08-10T17:47:59.553+0000] {logging_mixin.py:150} INFO - [2023-08-10T17:47:59.551+0000] {dagbag.py:541} INFO - Filling up the DagBag from /home/airflow/.local/lib/python3.7/site-packages/airflow/example_dags/example_datasets.py
[2023-08-10T17:47:59.594+0000] {processor.py:836} INFO - DAG(s) dict_keys(['dataset_produces_2', 'dataset_produces_1', 'dataset_consumes_1_and_2', 'dataset_consumes_1', 'dataset_consumes_unknown_never_scheduled', 'dataset_consumes_1_never_scheduled']) retrieved from /home/airflow/.local/lib/python3.7/site-packages/airflow/example_dags/example_datasets.py
[2023-08-10T17:47:59.804+0000] {logging_mixin.py:150} INFO - [2023-08-10T17:47:59.804+0000] {dag.py:2742} INFO - Sync 6 DAGs
[2023-08-10T17:47:59.891+0000] {logging_mixin.py:150} INFO - [2023-08-10T17:47:59.891+0000] {dag.py:3508} INFO - Setting next_dagrun for dataset_consumes_1 to None, run_after=None
[2023-08-10T17:47:59.902+0000] {logging_mixin.py:150} INFO - [2023-08-10T17:47:59.902+0000] {dag.py:3508} INFO - Setting next_dagrun for dataset_consumes_1_and_2 to None, run_after=None
[2023-08-10T17:47:59.906+0000] {logging_mixin.py:150} INFO - [2023-08-10T17:47:59.906+0000] {dag.py:3508} INFO - Setting next_dagrun for dataset_consumes_1_never_scheduled to None, run_after=None
[2023-08-10T17:47:59.909+0000] {logging_mixin.py:150} INFO - [2023-08-10T17:47:59.909+0000] {dag.py:3508} INFO - Setting next_dagrun for dataset_consumes_unknown_never_scheduled to None, run_after=None
[2023-08-10T17:47:59.922+0000] {logging_mixin.py:150} INFO - [2023-08-10T17:47:59.922+0000] {dag.py:3508} INFO - Setting next_dagrun for dataset_produces_1 to 2023-08-09T00:00:00+00:00, run_after=2023-08-10T00:00:00+00:00
[2023-08-10T17:47:59.925+0000] {logging_mixin.py:150} INFO - [2023-08-10T17:47:59.925+0000] {dag.py:3508} INFO - Setting next_dagrun for dataset_produces_2 to None, run_after=None
[2023-08-10T17:48:00.102+0000] {processor.py:179} INFO - Processing /home/airflow/.local/lib/python3.7/site-packages/airflow/example_dags/example_datasets.py took 0.583 seconds
[2023-08-10T17:48:30.833+0000] {processor.py:157} INFO - Started process (PID=814) to work on /home/airflow/.local/lib/python3.7/site-packages/airflow/example_dags/example_datasets.py
[2023-08-10T17:48:30.837+0000] {processor.py:826} INFO - Processing file /home/airflow/.local/lib/python3.7/site-packages/airflow/example_dags/example_datasets.py for tasks to queue
[2023-08-10T17:48:30.839+0000] {logging_mixin.py:150} INFO - [2023-08-10T17:48:30.838+0000] {dagbag.py:541} INFO - Filling up the DagBag from /home/airflow/.local/lib/python3.7/site-packages/airflow/example_dags/example_datasets.py
[2023-08-10T17:48:30.874+0000] {processor.py:836} INFO - DAG(s) dict_keys(['dataset_produces_1', 'dataset_consumes_unknown_never_scheduled', 'dataset_consumes_1_and_2', 'dataset_produces_2', 'dataset_consumes_1_never_scheduled', 'dataset_consumes_1']) retrieved from /home/airflow/.local/lib/python3.7/site-packages/airflow/example_dags/example_datasets.py
[2023-08-10T17:48:31.029+0000] {logging_mixin.py:150} INFO - [2023-08-10T17:48:31.029+0000] {dag.py:2742} INFO - Sync 6 DAGs
[2023-08-10T17:48:31.142+0000] {logging_mixin.py:150} INFO - [2023-08-10T17:48:31.141+0000] {dag.py:3508} INFO - Setting next_dagrun for dataset_consumes_1 to None, run_after=None
[2023-08-10T17:48:31.155+0000] {logging_mixin.py:150} INFO - [2023-08-10T17:48:31.155+0000] {dag.py:3508} INFO - Setting next_dagrun for dataset_consumes_1_and_2 to None, run_after=None
[2023-08-10T17:48:31.160+0000] {logging_mixin.py:150} INFO - [2023-08-10T17:48:31.159+0000] {dag.py:3508} INFO - Setting next_dagrun for dataset_consumes_1_never_scheduled to None, run_after=None
[2023-08-10T17:48:31.163+0000] {logging_mixin.py:150} INFO - [2023-08-10T17:48:31.162+0000] {dag.py:3508} INFO - Setting next_dagrun for dataset_consumes_unknown_never_scheduled to None, run_after=None
[2023-08-10T17:48:31.178+0000] {logging_mixin.py:150} INFO - [2023-08-10T17:48:31.177+0000] {dag.py:3508} INFO - Setting next_dagrun for dataset_produces_1 to 2023-08-09T00:00:00+00:00, run_after=2023-08-10T00:00:00+00:00
[2023-08-10T17:48:31.183+0000] {logging_mixin.py:150} INFO - [2023-08-10T17:48:31.182+0000] {dag.py:3508} INFO - Setting next_dagrun for dataset_produces_2 to None, run_after=None
[2023-08-10T17:48:31.348+0000] {processor.py:179} INFO - Processing /home/airflow/.local/lib/python3.7/site-packages/airflow/example_dags/example_datasets.py took 0.528 seconds
[2023-08-10T17:49:02.226+0000] {processor.py:157} INFO - Started process (PID=872) to work on /home/airflow/.local/lib/python3.7/site-packages/airflow/example_dags/example_datasets.py
[2023-08-10T17:49:02.237+0000] {processor.py:826} INFO - Processing file /home/airflow/.local/lib/python3.7/site-packages/airflow/example_dags/example_datasets.py for tasks to queue
[2023-08-10T17:49:02.239+0000] {logging_mixin.py:150} INFO - [2023-08-10T17:49:02.239+0000] {dagbag.py:541} INFO - Filling up the DagBag from /home/airflow/.local/lib/python3.7/site-packages/airflow/example_dags/example_datasets.py
[2023-08-10T17:49:02.266+0000] {processor.py:836} INFO - DAG(s) dict_keys(['dataset_consumes_1_never_scheduled', 'dataset_produces_2', 'dataset_consumes_unknown_never_scheduled', 'dataset_produces_1', 'dataset_consumes_1_and_2', 'dataset_consumes_1']) retrieved from /home/airflow/.local/lib/python3.7/site-packages/airflow/example_dags/example_datasets.py
[2023-08-10T17:49:02.509+0000] {logging_mixin.py:150} INFO - [2023-08-10T17:49:02.508+0000] {dag.py:2742} INFO - Sync 6 DAGs
[2023-08-10T17:49:02.615+0000] {logging_mixin.py:150} INFO - [2023-08-10T17:49:02.615+0000] {dag.py:3508} INFO - Setting next_dagrun for dataset_consumes_1 to None, run_after=None
[2023-08-10T17:49:02.626+0000] {logging_mixin.py:150} INFO - [2023-08-10T17:49:02.626+0000] {dag.py:3508} INFO - Setting next_dagrun for dataset_consumes_1_and_2 to None, run_after=None
[2023-08-10T17:49:02.632+0000] {logging_mixin.py:150} INFO - [2023-08-10T17:49:02.631+0000] {dag.py:3508} INFO - Setting next_dagrun for dataset_consumes_1_never_scheduled to None, run_after=None
[2023-08-10T17:49:02.635+0000] {logging_mixin.py:150} INFO - [2023-08-10T17:49:02.634+0000] {dag.py:3508} INFO - Setting next_dagrun for dataset_consumes_unknown_never_scheduled to None, run_after=None
[2023-08-10T17:49:02.648+0000] {logging_mixin.py:150} INFO - [2023-08-10T17:49:02.648+0000] {dag.py:3508} INFO - Setting next_dagrun for dataset_produces_1 to 2023-08-09T00:00:00+00:00, run_after=2023-08-10T00:00:00+00:00
[2023-08-10T17:49:02.656+0000] {logging_mixin.py:150} INFO - [2023-08-10T17:49:02.656+0000] {dag.py:3508} INFO - Setting next_dagrun for dataset_produces_2 to None, run_after=None
[2023-08-10T17:49:02.777+0000] {processor.py:179} INFO - Processing /home/airflow/.local/lib/python3.7/site-packages/airflow/example_dags/example_datasets.py took 0.558 seconds
[2023-08-10T17:49:33.510+0000] {processor.py:157} INFO - Started process (PID=930) to work on /home/airflow/.local/lib/python3.7/site-packages/airflow/example_dags/example_datasets.py
[2023-08-10T17:49:33.511+0000] {processor.py:826} INFO - Processing file /home/airflow/.local/lib/python3.7/site-packages/airflow/example_dags/example_datasets.py for tasks to queue
[2023-08-10T17:49:33.513+0000] {logging_mixin.py:150} INFO - [2023-08-10T17:49:33.513+0000] {dagbag.py:541} INFO - Filling up the DagBag from /home/airflow/.local/lib/python3.7/site-packages/airflow/example_dags/example_datasets.py
[2023-08-10T17:49:33.528+0000] {processor.py:836} INFO - DAG(s) dict_keys(['dataset_consumes_1', 'dataset_produces_2', 'dataset_produces_1', 'dataset_consumes_unknown_never_scheduled', 'dataset_consumes_1_and_2', 'dataset_consumes_1_never_scheduled']) retrieved from /home/airflow/.local/lib/python3.7/site-packages/airflow/example_dags/example_datasets.py
[2023-08-10T17:49:33.608+0000] {logging_mixin.py:150} INFO - [2023-08-10T17:49:33.608+0000] {dag.py:2742} INFO - Sync 6 DAGs
[2023-08-10T17:49:33.662+0000] {logging_mixin.py:150} INFO - [2023-08-10T17:49:33.662+0000] {dag.py:3508} INFO - Setting next_dagrun for dataset_consumes_1 to None, run_after=None
[2023-08-10T17:49:33.668+0000] {logging_mixin.py:150} INFO - [2023-08-10T17:49:33.668+0000] {dag.py:3508} INFO - Setting next_dagrun for dataset_consumes_1_and_2 to None, run_after=None
[2023-08-10T17:49:33.670+0000] {logging_mixin.py:150} INFO - [2023-08-10T17:49:33.670+0000] {dag.py:3508} INFO - Setting next_dagrun for dataset_consumes_1_never_scheduled to None, run_after=None
[2023-08-10T17:49:33.673+0000] {logging_mixin.py:150} INFO - [2023-08-10T17:49:33.672+0000] {dag.py:3508} INFO - Setting next_dagrun for dataset_consumes_unknown_never_scheduled to None, run_after=None
[2023-08-10T17:49:33.677+0000] {logging_mixin.py:150} INFO - [2023-08-10T17:49:33.677+0000] {dag.py:3508} INFO - Setting next_dagrun for dataset_produces_1 to 2023-08-09T00:00:00+00:00, run_after=2023-08-10T00:00:00+00:00
[2023-08-10T17:49:33.680+0000] {logging_mixin.py:150} INFO - [2023-08-10T17:49:33.680+0000] {dag.py:3508} INFO - Setting next_dagrun for dataset_produces_2 to None, run_after=None
[2023-08-10T17:49:33.740+0000] {processor.py:179} INFO - Processing /home/airflow/.local/lib/python3.7/site-packages/airflow/example_dags/example_datasets.py took 0.235 seconds
[2023-08-10T17:50:04.012+0000] {processor.py:157} INFO - Started process (PID=988) to work on /home/airflow/.local/lib/python3.7/site-packages/airflow/example_dags/example_datasets.py
[2023-08-10T17:50:04.032+0000] {processor.py:826} INFO - Processing file /home/airflow/.local/lib/python3.7/site-packages/airflow/example_dags/example_datasets.py for tasks to queue
[2023-08-10T17:50:04.034+0000] {logging_mixin.py:150} INFO - [2023-08-10T17:50:04.033+0000] {dagbag.py:541} INFO - Filling up the DagBag from /home/airflow/.local/lib/python3.7/site-packages/airflow/example_dags/example_datasets.py
[2023-08-10T17:50:04.047+0000] {processor.py:836} INFO - DAG(s) dict_keys(['dataset_consumes_1_and_2', 'dataset_produces_2', 'dataset_produces_1', 'dataset_consumes_1', 'dataset_consumes_1_never_scheduled', 'dataset_consumes_unknown_never_scheduled']) retrieved from /home/airflow/.local/lib/python3.7/site-packages/airflow/example_dags/example_datasets.py
[2023-08-10T17:50:04.116+0000] {logging_mixin.py:150} INFO - [2023-08-10T17:50:04.116+0000] {dag.py:2742} INFO - Sync 6 DAGs
[2023-08-10T17:50:04.216+0000] {logging_mixin.py:150} INFO - [2023-08-10T17:50:04.216+0000] {dag.py:3508} INFO - Setting next_dagrun for dataset_consumes_1 to None, run_after=None
[2023-08-10T17:50:04.225+0000] {logging_mixin.py:150} INFO - [2023-08-10T17:50:04.225+0000] {dag.py:3508} INFO - Setting next_dagrun for dataset_consumes_1_and_2 to None, run_after=None
[2023-08-10T17:50:04.228+0000] {logging_mixin.py:150} INFO - [2023-08-10T17:50:04.228+0000] {dag.py:3508} INFO - Setting next_dagrun for dataset_consumes_1_never_scheduled to None, run_after=None
[2023-08-10T17:50:04.239+0000] {logging_mixin.py:150} INFO - [2023-08-10T17:50:04.238+0000] {dag.py:3508} INFO - Setting next_dagrun for dataset_consumes_unknown_never_scheduled to None, run_after=None
[2023-08-10T17:50:04.251+0000] {logging_mixin.py:150} INFO - [2023-08-10T17:50:04.251+0000] {dag.py:3508} INFO - Setting next_dagrun for dataset_produces_1 to 2023-08-09T00:00:00+00:00, run_after=2023-08-10T00:00:00+00:00
[2023-08-10T17:50:04.259+0000] {logging_mixin.py:150} INFO - [2023-08-10T17:50:04.259+0000] {dag.py:3508} INFO - Setting next_dagrun for dataset_produces_2 to None, run_after=None
[2023-08-10T17:50:04.380+0000] {processor.py:179} INFO - Processing /home/airflow/.local/lib/python3.7/site-packages/airflow/example_dags/example_datasets.py took 0.373 seconds
[2023-08-10T17:50:34.598+0000] {processor.py:157} INFO - Started process (PID=1047) to work on /home/airflow/.local/lib/python3.7/site-packages/airflow/example_dags/example_datasets.py
[2023-08-10T17:50:34.599+0000] {processor.py:826} INFO - Processing file /home/airflow/.local/lib/python3.7/site-packages/airflow/example_dags/example_datasets.py for tasks to queue
[2023-08-10T17:50:34.600+0000] {logging_mixin.py:150} INFO - [2023-08-10T17:50:34.600+0000] {dagbag.py:541} INFO - Filling up the DagBag from /home/airflow/.local/lib/python3.7/site-packages/airflow/example_dags/example_datasets.py
[2023-08-10T17:50:34.614+0000] {processor.py:836} INFO - DAG(s) dict_keys(['dataset_consumes_1', 'dataset_consumes_unknown_never_scheduled', 'dataset_produces_1', 'dataset_consumes_1_and_2', 'dataset_produces_2', 'dataset_consumes_1_never_scheduled']) retrieved from /home/airflow/.local/lib/python3.7/site-packages/airflow/example_dags/example_datasets.py
[2023-08-10T17:50:34.693+0000] {logging_mixin.py:150} INFO - [2023-08-10T17:50:34.693+0000] {dag.py:2742} INFO - Sync 6 DAGs
[2023-08-10T17:50:34.741+0000] {logging_mixin.py:150} INFO - [2023-08-10T17:50:34.741+0000] {dag.py:3508} INFO - Setting next_dagrun for dataset_consumes_1 to None, run_after=None
[2023-08-10T17:50:34.750+0000] {logging_mixin.py:150} INFO - [2023-08-10T17:50:34.749+0000] {dag.py:3508} INFO - Setting next_dagrun for dataset_consumes_1_and_2 to None, run_after=None
[2023-08-10T17:50:34.752+0000] {logging_mixin.py:150} INFO - [2023-08-10T17:50:34.752+0000] {dag.py:3508} INFO - Setting next_dagrun for dataset_consumes_1_never_scheduled to None, run_after=None
[2023-08-10T17:50:34.754+0000] {logging_mixin.py:150} INFO - [2023-08-10T17:50:34.754+0000] {dag.py:3508} INFO - Setting next_dagrun for dataset_consumes_unknown_never_scheduled to None, run_after=None
[2023-08-10T17:50:34.760+0000] {logging_mixin.py:150} INFO - [2023-08-10T17:50:34.759+0000] {dag.py:3508} INFO - Setting next_dagrun for dataset_produces_1 to 2023-08-09T00:00:00+00:00, run_after=2023-08-10T00:00:00+00:00
[2023-08-10T17:50:34.764+0000] {logging_mixin.py:150} INFO - [2023-08-10T17:50:34.763+0000] {dag.py:3508} INFO - Setting next_dagrun for dataset_produces_2 to None, run_after=None
[2023-08-10T17:50:34.881+0000] {processor.py:179} INFO - Processing /home/airflow/.local/lib/python3.7/site-packages/airflow/example_dags/example_datasets.py took 0.288 seconds
[2023-08-10T17:51:05.016+0000] {processor.py:157} INFO - Started process (PID=1104) to work on /home/airflow/.local/lib/python3.7/site-packages/airflow/example_dags/example_datasets.py
[2023-08-10T17:51:05.017+0000] {processor.py:826} INFO - Processing file /home/airflow/.local/lib/python3.7/site-packages/airflow/example_dags/example_datasets.py for tasks to queue
[2023-08-10T17:51:05.019+0000] {logging_mixin.py:150} INFO - [2023-08-10T17:51:05.018+0000] {dagbag.py:541} INFO - Filling up the DagBag from /home/airflow/.local/lib/python3.7/site-packages/airflow/example_dags/example_datasets.py
[2023-08-10T17:51:05.040+0000] {processor.py:836} INFO - DAG(s) dict_keys(['dataset_consumes_unknown_never_scheduled', 'dataset_produces_2', 'dataset_consumes_1_and_2', 'dataset_consumes_1', 'dataset_produces_1', 'dataset_consumes_1_never_scheduled']) retrieved from /home/airflow/.local/lib/python3.7/site-packages/airflow/example_dags/example_datasets.py
[2023-08-10T17:51:05.199+0000] {logging_mixin.py:150} INFO - [2023-08-10T17:51:05.199+0000] {dag.py:2742} INFO - Sync 6 DAGs
[2023-08-10T17:51:05.295+0000] {logging_mixin.py:150} INFO - [2023-08-10T17:51:05.295+0000] {dag.py:3508} INFO - Setting next_dagrun for dataset_consumes_1 to None, run_after=None
[2023-08-10T17:51:05.307+0000] {logging_mixin.py:150} INFO - [2023-08-10T17:51:05.306+0000] {dag.py:3508} INFO - Setting next_dagrun for dataset_consumes_1_and_2 to None, run_after=None
[2023-08-10T17:51:05.311+0000] {logging_mixin.py:150} INFO - [2023-08-10T17:51:05.311+0000] {dag.py:3508} INFO - Setting next_dagrun for dataset_consumes_1_never_scheduled to None, run_after=None
[2023-08-10T17:51:05.315+0000] {logging_mixin.py:150} INFO - [2023-08-10T17:51:05.315+0000] {dag.py:3508} INFO - Setting next_dagrun for dataset_consumes_unknown_never_scheduled to None, run_after=None
[2023-08-10T17:51:05.334+0000] {logging_mixin.py:150} INFO - [2023-08-10T17:51:05.333+0000] {dag.py:3508} INFO - Setting next_dagrun for dataset_produces_1 to 2023-08-09T00:00:00+00:00, run_after=2023-08-10T00:00:00+00:00
[2023-08-10T17:51:05.338+0000] {logging_mixin.py:150} INFO - [2023-08-10T17:51:05.337+0000] {dag.py:3508} INFO - Setting next_dagrun for dataset_produces_2 to None, run_after=None
[2023-08-10T17:51:05.610+0000] {processor.py:179} INFO - Processing /home/airflow/.local/lib/python3.7/site-packages/airflow/example_dags/example_datasets.py took 0.600 seconds
[2023-08-10T17:51:36.091+0000] {processor.py:157} INFO - Started process (PID=1164) to work on /home/airflow/.local/lib/python3.7/site-packages/airflow/example_dags/example_datasets.py
[2023-08-10T17:51:36.099+0000] {processor.py:826} INFO - Processing file /home/airflow/.local/lib/python3.7/site-packages/airflow/example_dags/example_datasets.py for tasks to queue
[2023-08-10T17:51:36.102+0000] {logging_mixin.py:150} INFO - [2023-08-10T17:51:36.102+0000] {dagbag.py:541} INFO - Filling up the DagBag from /home/airflow/.local/lib/python3.7/site-packages/airflow/example_dags/example_datasets.py
[2023-08-10T17:51:36.151+0000] {processor.py:836} INFO - DAG(s) dict_keys(['dataset_consumes_1_and_2', 'dataset_consumes_1', 'dataset_produces_1', 'dataset_consumes_unknown_never_scheduled', 'dataset_consumes_1_never_scheduled', 'dataset_produces_2']) retrieved from /home/airflow/.local/lib/python3.7/site-packages/airflow/example_dags/example_datasets.py
[2023-08-10T17:51:36.487+0000] {logging_mixin.py:150} INFO - [2023-08-10T17:51:36.486+0000] {dag.py:2742} INFO - Sync 6 DAGs
[2023-08-10T17:51:36.696+0000] {logging_mixin.py:150} INFO - [2023-08-10T17:51:36.696+0000] {dag.py:3508} INFO - Setting next_dagrun for dataset_consumes_1 to None, run_after=None
[2023-08-10T17:51:36.720+0000] {logging_mixin.py:150} INFO - [2023-08-10T17:51:36.720+0000] {dag.py:3508} INFO - Setting next_dagrun for dataset_consumes_1_and_2 to None, run_after=None
[2023-08-10T17:51:36.727+0000] {logging_mixin.py:150} INFO - [2023-08-10T17:51:36.725+0000] {dag.py:3508} INFO - Setting next_dagrun for dataset_consumes_1_never_scheduled to None, run_after=None
[2023-08-10T17:51:36.747+0000] {logging_mixin.py:150} INFO - [2023-08-10T17:51:36.747+0000] {dag.py:3508} INFO - Setting next_dagrun for dataset_consumes_unknown_never_scheduled to None, run_after=None
[2023-08-10T17:51:36.768+0000] {logging_mixin.py:150} INFO - [2023-08-10T17:51:36.767+0000] {dag.py:3508} INFO - Setting next_dagrun for dataset_produces_1 to 2023-08-09T00:00:00+00:00, run_after=2023-08-10T00:00:00+00:00
[2023-08-10T17:51:36.772+0000] {logging_mixin.py:150} INFO - [2023-08-10T17:51:36.771+0000] {dag.py:3508} INFO - Setting next_dagrun for dataset_produces_2 to None, run_after=None
[2023-08-10T17:51:36.962+0000] {processor.py:179} INFO - Processing /home/airflow/.local/lib/python3.7/site-packages/airflow/example_dags/example_datasets.py took 0.903 seconds
[2023-08-10T17:52:07.269+0000] {processor.py:157} INFO - Started process (PID=1229) to work on /home/airflow/.local/lib/python3.7/site-packages/airflow/example_dags/example_datasets.py
[2023-08-10T17:52:07.271+0000] {processor.py:826} INFO - Processing file /home/airflow/.local/lib/python3.7/site-packages/airflow/example_dags/example_datasets.py for tasks to queue
[2023-08-10T17:52:07.273+0000] {logging_mixin.py:150} INFO - [2023-08-10T17:52:07.272+0000] {dagbag.py:541} INFO - Filling up the DagBag from /home/airflow/.local/lib/python3.7/site-packages/airflow/example_dags/example_datasets.py
[2023-08-10T17:52:07.291+0000] {processor.py:836} INFO - DAG(s) dict_keys(['dataset_produces_2', 'dataset_consumes_1_never_scheduled', 'dataset_consumes_1_and_2', 'dataset_consumes_unknown_never_scheduled', 'dataset_produces_1', 'dataset_consumes_1']) retrieved from /home/airflow/.local/lib/python3.7/site-packages/airflow/example_dags/example_datasets.py
[2023-08-10T17:52:07.411+0000] {logging_mixin.py:150} INFO - [2023-08-10T17:52:07.411+0000] {dag.py:2742} INFO - Sync 6 DAGs
[2023-08-10T17:52:07.482+0000] {logging_mixin.py:150} INFO - [2023-08-10T17:52:07.481+0000] {dag.py:3508} INFO - Setting next_dagrun for dataset_consumes_1 to None, run_after=None
[2023-08-10T17:52:07.490+0000] {logging_mixin.py:150} INFO - [2023-08-10T17:52:07.490+0000] {dag.py:3508} INFO - Setting next_dagrun for dataset_consumes_1_and_2 to None, run_after=None
[2023-08-10T17:52:07.493+0000] {logging_mixin.py:150} INFO - [2023-08-10T17:52:07.492+0000] {dag.py:3508} INFO - Setting next_dagrun for dataset_consumes_1_never_scheduled to None, run_after=None
[2023-08-10T17:52:07.495+0000] {logging_mixin.py:150} INFO - [2023-08-10T17:52:07.495+0000] {dag.py:3508} INFO - Setting next_dagrun for dataset_consumes_unknown_never_scheduled to None, run_after=None
[2023-08-10T17:52:07.502+0000] {logging_mixin.py:150} INFO - [2023-08-10T17:52:07.502+0000] {dag.py:3508} INFO - Setting next_dagrun for dataset_produces_1 to 2023-08-09T00:00:00+00:00, run_after=2023-08-10T00:00:00+00:00
[2023-08-10T17:52:07.505+0000] {logging_mixin.py:150} INFO - [2023-08-10T17:52:07.505+0000] {dag.py:3508} INFO - Setting next_dagrun for dataset_produces_2 to None, run_after=None
[2023-08-10T17:52:07.588+0000] {processor.py:179} INFO - Processing /home/airflow/.local/lib/python3.7/site-packages/airflow/example_dags/example_datasets.py took 0.325 seconds
[2023-08-10T17:52:37.690+0000] {processor.py:157} INFO - Started process (PID=1287) to work on /home/airflow/.local/lib/python3.7/site-packages/airflow/example_dags/example_datasets.py
[2023-08-10T17:52:37.691+0000] {processor.py:826} INFO - Processing file /home/airflow/.local/lib/python3.7/site-packages/airflow/example_dags/example_datasets.py for tasks to queue
[2023-08-10T17:52:37.692+0000] {logging_mixin.py:150} INFO - [2023-08-10T17:52:37.692+0000] {dagbag.py:541} INFO - Filling up the DagBag from /home/airflow/.local/lib/python3.7/site-packages/airflow/example_dags/example_datasets.py
[2023-08-10T17:52:37.706+0000] {processor.py:836} INFO - DAG(s) dict_keys(['dataset_produces_2', 'dataset_consumes_1_never_scheduled', 'dataset_consumes_unknown_never_scheduled', 'dataset_consumes_1', 'dataset_produces_1', 'dataset_consumes_1_and_2']) retrieved from /home/airflow/.local/lib/python3.7/site-packages/airflow/example_dags/example_datasets.py
[2023-08-10T17:52:37.767+0000] {logging_mixin.py:150} INFO - [2023-08-10T17:52:37.766+0000] {dag.py:2742} INFO - Sync 6 DAGs
[2023-08-10T17:52:37.816+0000] {logging_mixin.py:150} INFO - [2023-08-10T17:52:37.816+0000] {dag.py:3508} INFO - Setting next_dagrun for dataset_consumes_1 to None, run_after=None
[2023-08-10T17:52:37.823+0000] {logging_mixin.py:150} INFO - [2023-08-10T17:52:37.823+0000] {dag.py:3508} INFO - Setting next_dagrun for dataset_consumes_1_and_2 to None, run_after=None
[2023-08-10T17:52:37.826+0000] {logging_mixin.py:150} INFO - [2023-08-10T17:52:37.825+0000] {dag.py:3508} INFO - Setting next_dagrun for dataset_consumes_1_never_scheduled to None, run_after=None
[2023-08-10T17:52:37.828+0000] {logging_mixin.py:150} INFO - [2023-08-10T17:52:37.828+0000] {dag.py:3508} INFO - Setting next_dagrun for dataset_consumes_unknown_never_scheduled to None, run_after=None
[2023-08-10T17:52:37.835+0000] {logging_mixin.py:150} INFO - [2023-08-10T17:52:37.834+0000] {dag.py:3508} INFO - Setting next_dagrun for dataset_produces_1 to 2023-08-09T00:00:00+00:00, run_after=2023-08-10T00:00:00+00:00
[2023-08-10T17:52:37.837+0000] {logging_mixin.py:150} INFO - [2023-08-10T17:52:37.837+0000] {dag.py:3508} INFO - Setting next_dagrun for dataset_produces_2 to None, run_after=None
[2023-08-10T17:52:37.897+0000] {processor.py:179} INFO - Processing /home/airflow/.local/lib/python3.7/site-packages/airflow/example_dags/example_datasets.py took 0.211 seconds
[2023-08-10T17:53:08.050+0000] {processor.py:157} INFO - Started process (PID=1345) to work on /home/airflow/.local/lib/python3.7/site-packages/airflow/example_dags/example_datasets.py
[2023-08-10T17:53:08.063+0000] {processor.py:826} INFO - Processing file /home/airflow/.local/lib/python3.7/site-packages/airflow/example_dags/example_datasets.py for tasks to queue
[2023-08-10T17:53:08.064+0000] {logging_mixin.py:150} INFO - [2023-08-10T17:53:08.063+0000] {dagbag.py:541} INFO - Filling up the DagBag from /home/airflow/.local/lib/python3.7/site-packages/airflow/example_dags/example_datasets.py
[2023-08-10T17:53:08.077+0000] {processor.py:836} INFO - DAG(s) dict_keys(['dataset_consumes_1', 'dataset_produces_1', 'dataset_consumes_1_and_2', 'dataset_consumes_unknown_never_scheduled', 'dataset_consumes_1_never_scheduled', 'dataset_produces_2']) retrieved from /home/airflow/.local/lib/python3.7/site-packages/airflow/example_dags/example_datasets.py
[2023-08-10T17:53:08.146+0000] {logging_mixin.py:150} INFO - [2023-08-10T17:53:08.146+0000] {dag.py:2742} INFO - Sync 6 DAGs
[2023-08-10T17:53:08.188+0000] {logging_mixin.py:150} INFO - [2023-08-10T17:53:08.188+0000] {dag.py:3508} INFO - Setting next_dagrun for dataset_consumes_1 to None, run_after=None
[2023-08-10T17:53:08.194+0000] {logging_mixin.py:150} INFO - [2023-08-10T17:53:08.193+0000] {dag.py:3508} INFO - Setting next_dagrun for dataset_consumes_1_and_2 to None, run_after=None
[2023-08-10T17:53:08.196+0000] {logging_mixin.py:150} INFO - [2023-08-10T17:53:08.196+0000] {dag.py:3508} INFO - Setting next_dagrun for dataset_consumes_1_never_scheduled to None, run_after=None
[2023-08-10T17:53:08.199+0000] {logging_mixin.py:150} INFO - [2023-08-10T17:53:08.199+0000] {dag.py:3508} INFO - Setting next_dagrun for dataset_consumes_unknown_never_scheduled to None, run_after=None
[2023-08-10T17:53:08.205+0000] {logging_mixin.py:150} INFO - [2023-08-10T17:53:08.205+0000] {dag.py:3508} INFO - Setting next_dagrun for dataset_produces_1 to 2023-08-09T00:00:00+00:00, run_after=2023-08-10T00:00:00+00:00
[2023-08-10T17:53:08.208+0000] {logging_mixin.py:150} INFO - [2023-08-10T17:53:08.207+0000] {dag.py:3508} INFO - Setting next_dagrun for dataset_produces_2 to None, run_after=None
[2023-08-10T17:53:08.297+0000] {processor.py:179} INFO - Processing /home/airflow/.local/lib/python3.7/site-packages/airflow/example_dags/example_datasets.py took 0.251 seconds
