[2023-08-10T17:41:19.634+0000] {processor.py:157} INFO - Started process (PID=42) to work on /home/airflow/.local/lib/python3.7/site-packages/airflow/example_dags/example_nested_branch_dag.py
[2023-08-10T17:41:19.648+0000] {processor.py:826} INFO - Processing file /home/airflow/.local/lib/python3.7/site-packages/airflow/example_dags/example_nested_branch_dag.py for tasks to queue
[2023-08-10T17:41:19.651+0000] {logging_mixin.py:150} INFO - [2023-08-10T17:41:19.651+0000] {dagbag.py:541} INFO - Filling up the DagBag from /home/airflow/.local/lib/python3.7/site-packages/airflow/example_dags/example_nested_branch_dag.py
[2023-08-10T17:41:19.749+0000] {processor.py:836} INFO - DAG(s) dict_keys(['example_nested_branch_dag']) retrieved from /home/airflow/.local/lib/python3.7/site-packages/airflow/example_dags/example_nested_branch_dag.py
[2023-08-10T17:41:20.662+0000] {logging_mixin.py:150} INFO - [2023-08-10T17:41:20.662+0000] {manager.py:504} INFO - Created Permission View: can edit on DAG:example_nested_branch_dag
[2023-08-10T17:41:20.775+0000] {logging_mixin.py:150} INFO - [2023-08-10T17:41:20.774+0000] {manager.py:504} INFO - Created Permission View: can delete on DAG:example_nested_branch_dag
[2023-08-10T17:41:20.806+0000] {logging_mixin.py:150} INFO - [2023-08-10T17:41:20.806+0000] {manager.py:504} INFO - Created Permission View: can read on DAG:example_nested_branch_dag
[2023-08-10T17:41:20.935+0000] {logging_mixin.py:150} INFO - [2023-08-10T17:41:20.935+0000] {dag.py:2742} INFO - Sync 1 DAGs
[2023-08-10T17:41:20.994+0000] {logging_mixin.py:150} INFO - [2023-08-10T17:41:20.993+0000] {dag.py:2763} INFO - Creating ORM DAG for example_nested_branch_dag
[2023-08-10T17:41:21.115+0000] {logging_mixin.py:150} INFO - [2023-08-10T17:41:21.114+0000] {dag.py:3508} INFO - Setting next_dagrun for example_nested_branch_dag to 2023-08-09T00:00:00+00:00, run_after=2023-08-10T00:00:00+00:00
[2023-08-10T17:41:21.201+0000] {processor.py:179} INFO - Processing /home/airflow/.local/lib/python3.7/site-packages/airflow/example_dags/example_nested_branch_dag.py took 1.577 seconds
[2023-08-10T17:41:58.353+0000] {processor.py:157} INFO - Started process (PID=106) to work on /home/airflow/.local/lib/python3.7/site-packages/airflow/example_dags/example_nested_branch_dag.py
[2023-08-10T17:41:58.357+0000] {processor.py:826} INFO - Processing file /home/airflow/.local/lib/python3.7/site-packages/airflow/example_dags/example_nested_branch_dag.py for tasks to queue
[2023-08-10T17:41:58.359+0000] {logging_mixin.py:150} INFO - [2023-08-10T17:41:58.358+0000] {dagbag.py:541} INFO - Filling up the DagBag from /home/airflow/.local/lib/python3.7/site-packages/airflow/example_dags/example_nested_branch_dag.py
[2023-08-10T17:41:58.386+0000] {processor.py:836} INFO - DAG(s) dict_keys(['example_nested_branch_dag']) retrieved from /home/airflow/.local/lib/python3.7/site-packages/airflow/example_dags/example_nested_branch_dag.py
[2023-08-10T17:41:58.496+0000] {logging_mixin.py:150} INFO - [2023-08-10T17:41:58.495+0000] {dag.py:2742} INFO - Sync 1 DAGs
[2023-08-10T17:41:58.567+0000] {logging_mixin.py:150} INFO - [2023-08-10T17:41:58.567+0000] {dag.py:3508} INFO - Setting next_dagrun for example_nested_branch_dag to 2023-08-09T00:00:00+00:00, run_after=2023-08-10T00:00:00+00:00
[2023-08-10T17:41:58.622+0000] {processor.py:179} INFO - Processing /home/airflow/.local/lib/python3.7/site-packages/airflow/example_dags/example_nested_branch_dag.py took 0.277 seconds
[2023-08-10T17:42:31.860+0000] {processor.py:157} INFO - Started process (PID=159) to work on /home/airflow/.local/lib/python3.7/site-packages/airflow/example_dags/example_nested_branch_dag.py
[2023-08-10T17:42:31.889+0000] {processor.py:826} INFO - Processing file /home/airflow/.local/lib/python3.7/site-packages/airflow/example_dags/example_nested_branch_dag.py for tasks to queue
[2023-08-10T17:42:31.891+0000] {logging_mixin.py:150} INFO - [2023-08-10T17:42:31.891+0000] {dagbag.py:541} INFO - Filling up the DagBag from /home/airflow/.local/lib/python3.7/site-packages/airflow/example_dags/example_nested_branch_dag.py
[2023-08-10T17:42:31.964+0000] {processor.py:836} INFO - DAG(s) dict_keys(['example_nested_branch_dag']) retrieved from /home/airflow/.local/lib/python3.7/site-packages/airflow/example_dags/example_nested_branch_dag.py
[2023-08-10T17:42:32.193+0000] {logging_mixin.py:150} INFO - [2023-08-10T17:42:32.192+0000] {dag.py:2742} INFO - Sync 1 DAGs
[2023-08-10T17:42:32.434+0000] {logging_mixin.py:150} INFO - [2023-08-10T17:42:32.434+0000] {dag.py:3508} INFO - Setting next_dagrun for example_nested_branch_dag to 2023-08-09T00:00:00+00:00, run_after=2023-08-10T00:00:00+00:00
[2023-08-10T17:42:32.553+0000] {processor.py:179} INFO - Processing /home/airflow/.local/lib/python3.7/site-packages/airflow/example_dags/example_nested_branch_dag.py took 0.719 seconds
[2023-08-10T17:43:03.978+0000] {processor.py:157} INFO - Started process (PID=217) to work on /home/airflow/.local/lib/python3.7/site-packages/airflow/example_dags/example_nested_branch_dag.py
[2023-08-10T17:43:03.982+0000] {processor.py:826} INFO - Processing file /home/airflow/.local/lib/python3.7/site-packages/airflow/example_dags/example_nested_branch_dag.py for tasks to queue
[2023-08-10T17:43:03.983+0000] {logging_mixin.py:150} INFO - [2023-08-10T17:43:03.983+0000] {dagbag.py:541} INFO - Filling up the DagBag from /home/airflow/.local/lib/python3.7/site-packages/airflow/example_dags/example_nested_branch_dag.py
[2023-08-10T17:43:04.007+0000] {processor.py:836} INFO - DAG(s) dict_keys(['example_nested_branch_dag']) retrieved from /home/airflow/.local/lib/python3.7/site-packages/airflow/example_dags/example_nested_branch_dag.py
[2023-08-10T17:43:04.060+0000] {logging_mixin.py:150} INFO - [2023-08-10T17:43:04.060+0000] {dag.py:2742} INFO - Sync 1 DAGs
[2023-08-10T17:43:04.126+0000] {logging_mixin.py:150} INFO - [2023-08-10T17:43:04.126+0000] {dag.py:3508} INFO - Setting next_dagrun for example_nested_branch_dag to 2023-08-09T00:00:00+00:00, run_after=2023-08-10T00:00:00+00:00
[2023-08-10T17:43:04.265+0000] {processor.py:179} INFO - Processing /home/airflow/.local/lib/python3.7/site-packages/airflow/example_dags/example_nested_branch_dag.py took 0.292 seconds
[2023-08-10T17:43:34.378+0000] {processor.py:157} INFO - Started process (PID=273) to work on /home/airflow/.local/lib/python3.7/site-packages/airflow/example_dags/example_nested_branch_dag.py
[2023-08-10T17:43:34.380+0000] {processor.py:826} INFO - Processing file /home/airflow/.local/lib/python3.7/site-packages/airflow/example_dags/example_nested_branch_dag.py for tasks to queue
[2023-08-10T17:43:34.382+0000] {logging_mixin.py:150} INFO - [2023-08-10T17:43:34.381+0000] {dagbag.py:541} INFO - Filling up the DagBag from /home/airflow/.local/lib/python3.7/site-packages/airflow/example_dags/example_nested_branch_dag.py
[2023-08-10T17:43:34.413+0000] {processor.py:836} INFO - DAG(s) dict_keys(['example_nested_branch_dag']) retrieved from /home/airflow/.local/lib/python3.7/site-packages/airflow/example_dags/example_nested_branch_dag.py
[2023-08-10T17:43:34.479+0000] {logging_mixin.py:150} INFO - [2023-08-10T17:43:34.478+0000] {dag.py:2742} INFO - Sync 1 DAGs
[2023-08-10T17:43:34.564+0000] {logging_mixin.py:150} INFO - [2023-08-10T17:43:34.564+0000] {dag.py:3508} INFO - Setting next_dagrun for example_nested_branch_dag to 2023-08-09T00:00:00+00:00, run_after=2023-08-10T00:00:00+00:00
[2023-08-10T17:43:34.758+0000] {processor.py:179} INFO - Processing /home/airflow/.local/lib/python3.7/site-packages/airflow/example_dags/example_nested_branch_dag.py took 0.392 seconds
[2023-08-10T17:44:05.659+0000] {processor.py:157} INFO - Started process (PID=331) to work on /home/airflow/.local/lib/python3.7/site-packages/airflow/example_dags/example_nested_branch_dag.py
[2023-08-10T17:44:05.670+0000] {processor.py:826} INFO - Processing file /home/airflow/.local/lib/python3.7/site-packages/airflow/example_dags/example_nested_branch_dag.py for tasks to queue
[2023-08-10T17:44:05.671+0000] {logging_mixin.py:150} INFO - [2023-08-10T17:44:05.671+0000] {dagbag.py:541} INFO - Filling up the DagBag from /home/airflow/.local/lib/python3.7/site-packages/airflow/example_dags/example_nested_branch_dag.py
[2023-08-10T17:44:05.693+0000] {processor.py:836} INFO - DAG(s) dict_keys(['example_nested_branch_dag']) retrieved from /home/airflow/.local/lib/python3.7/site-packages/airflow/example_dags/example_nested_branch_dag.py
[2023-08-10T17:44:05.749+0000] {logging_mixin.py:150} INFO - [2023-08-10T17:44:05.748+0000] {dag.py:2742} INFO - Sync 1 DAGs
[2023-08-10T17:44:05.808+0000] {logging_mixin.py:150} INFO - [2023-08-10T17:44:05.807+0000] {dag.py:3508} INFO - Setting next_dagrun for example_nested_branch_dag to 2023-08-09T00:00:00+00:00, run_after=2023-08-10T00:00:00+00:00
[2023-08-10T17:44:05.845+0000] {processor.py:179} INFO - Processing /home/airflow/.local/lib/python3.7/site-packages/airflow/example_dags/example_nested_branch_dag.py took 0.191 seconds
[2023-08-10T17:44:35.925+0000] {processor.py:157} INFO - Started process (PID=389) to work on /home/airflow/.local/lib/python3.7/site-packages/airflow/example_dags/example_nested_branch_dag.py
[2023-08-10T17:44:35.927+0000] {processor.py:826} INFO - Processing file /home/airflow/.local/lib/python3.7/site-packages/airflow/example_dags/example_nested_branch_dag.py for tasks to queue
[2023-08-10T17:44:35.928+0000] {logging_mixin.py:150} INFO - [2023-08-10T17:44:35.928+0000] {dagbag.py:541} INFO - Filling up the DagBag from /home/airflow/.local/lib/python3.7/site-packages/airflow/example_dags/example_nested_branch_dag.py
[2023-08-10T17:44:35.943+0000] {processor.py:836} INFO - DAG(s) dict_keys(['example_nested_branch_dag']) retrieved from /home/airflow/.local/lib/python3.7/site-packages/airflow/example_dags/example_nested_branch_dag.py
[2023-08-10T17:44:35.983+0000] {logging_mixin.py:150} INFO - [2023-08-10T17:44:35.982+0000] {dag.py:2742} INFO - Sync 1 DAGs
[2023-08-10T17:44:36.030+0000] {logging_mixin.py:150} INFO - [2023-08-10T17:44:36.029+0000] {dag.py:3508} INFO - Setting next_dagrun for example_nested_branch_dag to 2023-08-09T00:00:00+00:00, run_after=2023-08-10T00:00:00+00:00
[2023-08-10T17:44:36.064+0000] {processor.py:179} INFO - Processing /home/airflow/.local/lib/python3.7/site-packages/airflow/example_dags/example_nested_branch_dag.py took 0.143 seconds
[2023-08-10T17:45:06.376+0000] {processor.py:157} INFO - Started process (PID=447) to work on /home/airflow/.local/lib/python3.7/site-packages/airflow/example_dags/example_nested_branch_dag.py
[2023-08-10T17:45:06.377+0000] {processor.py:826} INFO - Processing file /home/airflow/.local/lib/python3.7/site-packages/airflow/example_dags/example_nested_branch_dag.py for tasks to queue
[2023-08-10T17:45:06.378+0000] {logging_mixin.py:150} INFO - [2023-08-10T17:45:06.377+0000] {dagbag.py:541} INFO - Filling up the DagBag from /home/airflow/.local/lib/python3.7/site-packages/airflow/example_dags/example_nested_branch_dag.py
[2023-08-10T17:45:06.393+0000] {processor.py:836} INFO - DAG(s) dict_keys(['example_nested_branch_dag']) retrieved from /home/airflow/.local/lib/python3.7/site-packages/airflow/example_dags/example_nested_branch_dag.py
[2023-08-10T17:45:06.435+0000] {logging_mixin.py:150} INFO - [2023-08-10T17:45:06.434+0000] {dag.py:2742} INFO - Sync 1 DAGs
[2023-08-10T17:45:06.483+0000] {logging_mixin.py:150} INFO - [2023-08-10T17:45:06.483+0000] {dag.py:3508} INFO - Setting next_dagrun for example_nested_branch_dag to 2023-08-09T00:00:00+00:00, run_after=2023-08-10T00:00:00+00:00
[2023-08-10T17:45:06.522+0000] {processor.py:179} INFO - Processing /home/airflow/.local/lib/python3.7/site-packages/airflow/example_dags/example_nested_branch_dag.py took 0.152 seconds
[2023-08-10T17:45:36.860+0000] {processor.py:157} INFO - Started process (PID=505) to work on /home/airflow/.local/lib/python3.7/site-packages/airflow/example_dags/example_nested_branch_dag.py
[2023-08-10T17:45:36.865+0000] {processor.py:826} INFO - Processing file /home/airflow/.local/lib/python3.7/site-packages/airflow/example_dags/example_nested_branch_dag.py for tasks to queue
[2023-08-10T17:45:36.866+0000] {logging_mixin.py:150} INFO - [2023-08-10T17:45:36.866+0000] {dagbag.py:541} INFO - Filling up the DagBag from /home/airflow/.local/lib/python3.7/site-packages/airflow/example_dags/example_nested_branch_dag.py
[2023-08-10T17:45:36.895+0000] {processor.py:836} INFO - DAG(s) dict_keys(['example_nested_branch_dag']) retrieved from /home/airflow/.local/lib/python3.7/site-packages/airflow/example_dags/example_nested_branch_dag.py
[2023-08-10T17:45:36.943+0000] {logging_mixin.py:150} INFO - [2023-08-10T17:45:36.942+0000] {dag.py:2742} INFO - Sync 1 DAGs
[2023-08-10T17:45:37.005+0000] {logging_mixin.py:150} INFO - [2023-08-10T17:45:37.005+0000] {dag.py:3508} INFO - Setting next_dagrun for example_nested_branch_dag to 2023-08-09T00:00:00+00:00, run_after=2023-08-10T00:00:00+00:00
[2023-08-10T17:45:37.042+0000] {processor.py:179} INFO - Processing /home/airflow/.local/lib/python3.7/site-packages/airflow/example_dags/example_nested_branch_dag.py took 0.191 seconds
[2023-08-10T17:46:07.452+0000] {processor.py:157} INFO - Started process (PID=563) to work on /home/airflow/.local/lib/python3.7/site-packages/airflow/example_dags/example_nested_branch_dag.py
[2023-08-10T17:46:07.462+0000] {processor.py:826} INFO - Processing file /home/airflow/.local/lib/python3.7/site-packages/airflow/example_dags/example_nested_branch_dag.py for tasks to queue
[2023-08-10T17:46:07.464+0000] {logging_mixin.py:150} INFO - [2023-08-10T17:46:07.463+0000] {dagbag.py:541} INFO - Filling up the DagBag from /home/airflow/.local/lib/python3.7/site-packages/airflow/example_dags/example_nested_branch_dag.py
[2023-08-10T17:46:07.496+0000] {processor.py:836} INFO - DAG(s) dict_keys(['example_nested_branch_dag']) retrieved from /home/airflow/.local/lib/python3.7/site-packages/airflow/example_dags/example_nested_branch_dag.py
[2023-08-10T17:46:07.585+0000] {logging_mixin.py:150} INFO - [2023-08-10T17:46:07.584+0000] {dag.py:2742} INFO - Sync 1 DAGs
[2023-08-10T17:46:07.684+0000] {logging_mixin.py:150} INFO - [2023-08-10T17:46:07.683+0000] {dag.py:3508} INFO - Setting next_dagrun for example_nested_branch_dag to 2023-08-09T00:00:00+00:00, run_after=2023-08-10T00:00:00+00:00
[2023-08-10T17:46:07.762+0000] {processor.py:179} INFO - Processing /home/airflow/.local/lib/python3.7/site-packages/airflow/example_dags/example_nested_branch_dag.py took 0.319 seconds
[2023-08-10T17:46:38.375+0000] {processor.py:157} INFO - Started process (PID=622) to work on /home/airflow/.local/lib/python3.7/site-packages/airflow/example_dags/example_nested_branch_dag.py
[2023-08-10T17:46:38.377+0000] {processor.py:826} INFO - Processing file /home/airflow/.local/lib/python3.7/site-packages/airflow/example_dags/example_nested_branch_dag.py for tasks to queue
[2023-08-10T17:46:38.378+0000] {logging_mixin.py:150} INFO - [2023-08-10T17:46:38.378+0000] {dagbag.py:541} INFO - Filling up the DagBag from /home/airflow/.local/lib/python3.7/site-packages/airflow/example_dags/example_nested_branch_dag.py
[2023-08-10T17:46:38.400+0000] {processor.py:836} INFO - DAG(s) dict_keys(['example_nested_branch_dag']) retrieved from /home/airflow/.local/lib/python3.7/site-packages/airflow/example_dags/example_nested_branch_dag.py
[2023-08-10T17:46:38.471+0000] {logging_mixin.py:150} INFO - [2023-08-10T17:46:38.471+0000] {dag.py:2742} INFO - Sync 1 DAGs
[2023-08-10T17:46:38.555+0000] {logging_mixin.py:150} INFO - [2023-08-10T17:46:38.555+0000] {dag.py:3508} INFO - Setting next_dagrun for example_nested_branch_dag to 2023-08-09T00:00:00+00:00, run_after=2023-08-10T00:00:00+00:00
[2023-08-10T17:46:38.620+0000] {processor.py:179} INFO - Processing /home/airflow/.local/lib/python3.7/site-packages/airflow/example_dags/example_nested_branch_dag.py took 0.251 seconds
[2023-08-10T17:47:08.757+0000] {processor.py:157} INFO - Started process (PID=680) to work on /home/airflow/.local/lib/python3.7/site-packages/airflow/example_dags/example_nested_branch_dag.py
[2023-08-10T17:47:08.768+0000] {processor.py:826} INFO - Processing file /home/airflow/.local/lib/python3.7/site-packages/airflow/example_dags/example_nested_branch_dag.py for tasks to queue
[2023-08-10T17:47:08.770+0000] {logging_mixin.py:150} INFO - [2023-08-10T17:47:08.769+0000] {dagbag.py:541} INFO - Filling up the DagBag from /home/airflow/.local/lib/python3.7/site-packages/airflow/example_dags/example_nested_branch_dag.py
[2023-08-10T17:47:08.813+0000] {processor.py:836} INFO - DAG(s) dict_keys(['example_nested_branch_dag']) retrieved from /home/airflow/.local/lib/python3.7/site-packages/airflow/example_dags/example_nested_branch_dag.py
[2023-08-10T17:47:08.937+0000] {logging_mixin.py:150} INFO - [2023-08-10T17:47:08.936+0000] {dag.py:2742} INFO - Sync 1 DAGs
[2023-08-10T17:47:09.071+0000] {logging_mixin.py:150} INFO - [2023-08-10T17:47:09.071+0000] {dag.py:3508} INFO - Setting next_dagrun for example_nested_branch_dag to 2023-08-09T00:00:00+00:00, run_after=2023-08-10T00:00:00+00:00
[2023-08-10T17:47:09.177+0000] {processor.py:179} INFO - Processing /home/airflow/.local/lib/python3.7/site-packages/airflow/example_dags/example_nested_branch_dag.py took 0.430 seconds
[2023-08-10T17:47:39.801+0000] {processor.py:157} INFO - Started process (PID=738) to work on /home/airflow/.local/lib/python3.7/site-packages/airflow/example_dags/example_nested_branch_dag.py
[2023-08-10T17:47:39.805+0000] {processor.py:826} INFO - Processing file /home/airflow/.local/lib/python3.7/site-packages/airflow/example_dags/example_nested_branch_dag.py for tasks to queue
[2023-08-10T17:47:39.807+0000] {logging_mixin.py:150} INFO - [2023-08-10T17:47:39.806+0000] {dagbag.py:541} INFO - Filling up the DagBag from /home/airflow/.local/lib/python3.7/site-packages/airflow/example_dags/example_nested_branch_dag.py
[2023-08-10T17:47:39.853+0000] {processor.py:836} INFO - DAG(s) dict_keys(['example_nested_branch_dag']) retrieved from /home/airflow/.local/lib/python3.7/site-packages/airflow/example_dags/example_nested_branch_dag.py
[2023-08-10T17:47:39.912+0000] {logging_mixin.py:150} INFO - [2023-08-10T17:47:39.912+0000] {dag.py:2742} INFO - Sync 1 DAGs
[2023-08-10T17:47:39.982+0000] {logging_mixin.py:150} INFO - [2023-08-10T17:47:39.982+0000] {dag.py:3508} INFO - Setting next_dagrun for example_nested_branch_dag to 2023-08-09T00:00:00+00:00, run_after=2023-08-10T00:00:00+00:00
[2023-08-10T17:47:40.051+0000] {processor.py:179} INFO - Processing /home/airflow/.local/lib/python3.7/site-packages/airflow/example_dags/example_nested_branch_dag.py took 0.259 seconds
[2023-08-10T17:48:10.238+0000] {processor.py:157} INFO - Started process (PID=790) to work on /home/airflow/.local/lib/python3.7/site-packages/airflow/example_dags/example_nested_branch_dag.py
[2023-08-10T17:48:10.240+0000] {processor.py:826} INFO - Processing file /home/airflow/.local/lib/python3.7/site-packages/airflow/example_dags/example_nested_branch_dag.py for tasks to queue
[2023-08-10T17:48:10.241+0000] {logging_mixin.py:150} INFO - [2023-08-10T17:48:10.240+0000] {dagbag.py:541} INFO - Filling up the DagBag from /home/airflow/.local/lib/python3.7/site-packages/airflow/example_dags/example_nested_branch_dag.py
[2023-08-10T17:48:10.259+0000] {processor.py:836} INFO - DAG(s) dict_keys(['example_nested_branch_dag']) retrieved from /home/airflow/.local/lib/python3.7/site-packages/airflow/example_dags/example_nested_branch_dag.py
[2023-08-10T17:48:10.316+0000] {logging_mixin.py:150} INFO - [2023-08-10T17:48:10.316+0000] {dag.py:2742} INFO - Sync 1 DAGs
[2023-08-10T17:48:10.435+0000] {logging_mixin.py:150} INFO - [2023-08-10T17:48:10.434+0000] {dag.py:3508} INFO - Setting next_dagrun for example_nested_branch_dag to 2023-08-09T00:00:00+00:00, run_after=2023-08-10T00:00:00+00:00
[2023-08-10T17:48:10.489+0000] {processor.py:179} INFO - Processing /home/airflow/.local/lib/python3.7/site-packages/airflow/example_dags/example_nested_branch_dag.py took 0.256 seconds
[2023-08-10T17:48:40.618+0000] {processor.py:157} INFO - Started process (PID=847) to work on /home/airflow/.local/lib/python3.7/site-packages/airflow/example_dags/example_nested_branch_dag.py
[2023-08-10T17:48:40.631+0000] {processor.py:826} INFO - Processing file /home/airflow/.local/lib/python3.7/site-packages/airflow/example_dags/example_nested_branch_dag.py for tasks to queue
[2023-08-10T17:48:40.633+0000] {logging_mixin.py:150} INFO - [2023-08-10T17:48:40.632+0000] {dagbag.py:541} INFO - Filling up the DagBag from /home/airflow/.local/lib/python3.7/site-packages/airflow/example_dags/example_nested_branch_dag.py
[2023-08-10T17:48:40.687+0000] {processor.py:836} INFO - DAG(s) dict_keys(['example_nested_branch_dag']) retrieved from /home/airflow/.local/lib/python3.7/site-packages/airflow/example_dags/example_nested_branch_dag.py
[2023-08-10T17:48:40.789+0000] {logging_mixin.py:150} INFO - [2023-08-10T17:48:40.789+0000] {dag.py:2742} INFO - Sync 1 DAGs
[2023-08-10T17:48:40.901+0000] {logging_mixin.py:150} INFO - [2023-08-10T17:48:40.901+0000] {dag.py:3508} INFO - Setting next_dagrun for example_nested_branch_dag to 2023-08-09T00:00:00+00:00, run_after=2023-08-10T00:00:00+00:00
[2023-08-10T17:48:40.962+0000] {processor.py:179} INFO - Processing /home/airflow/.local/lib/python3.7/site-packages/airflow/example_dags/example_nested_branch_dag.py took 0.371 seconds
[2023-08-10T17:49:11.912+0000] {processor.py:157} INFO - Started process (PID=906) to work on /home/airflow/.local/lib/python3.7/site-packages/airflow/example_dags/example_nested_branch_dag.py
[2023-08-10T17:49:11.913+0000] {processor.py:826} INFO - Processing file /home/airflow/.local/lib/python3.7/site-packages/airflow/example_dags/example_nested_branch_dag.py for tasks to queue
[2023-08-10T17:49:11.914+0000] {logging_mixin.py:150} INFO - [2023-08-10T17:49:11.914+0000] {dagbag.py:541} INFO - Filling up the DagBag from /home/airflow/.local/lib/python3.7/site-packages/airflow/example_dags/example_nested_branch_dag.py
[2023-08-10T17:49:11.941+0000] {processor.py:836} INFO - DAG(s) dict_keys(['example_nested_branch_dag']) retrieved from /home/airflow/.local/lib/python3.7/site-packages/airflow/example_dags/example_nested_branch_dag.py
[2023-08-10T17:49:11.995+0000] {logging_mixin.py:150} INFO - [2023-08-10T17:49:11.994+0000] {dag.py:2742} INFO - Sync 1 DAGs
[2023-08-10T17:49:12.107+0000] {logging_mixin.py:150} INFO - [2023-08-10T17:49:12.106+0000] {dag.py:3508} INFO - Setting next_dagrun for example_nested_branch_dag to 2023-08-09T00:00:00+00:00, run_after=2023-08-10T00:00:00+00:00
[2023-08-10T17:49:12.140+0000] {processor.py:179} INFO - Processing /home/airflow/.local/lib/python3.7/site-packages/airflow/example_dags/example_nested_branch_dag.py took 0.233 seconds
[2023-08-10T17:49:42.220+0000] {processor.py:157} INFO - Started process (PID=964) to work on /home/airflow/.local/lib/python3.7/site-packages/airflow/example_dags/example_nested_branch_dag.py
[2023-08-10T17:49:42.230+0000] {processor.py:826} INFO - Processing file /home/airflow/.local/lib/python3.7/site-packages/airflow/example_dags/example_nested_branch_dag.py for tasks to queue
[2023-08-10T17:49:42.231+0000] {logging_mixin.py:150} INFO - [2023-08-10T17:49:42.231+0000] {dagbag.py:541} INFO - Filling up the DagBag from /home/airflow/.local/lib/python3.7/site-packages/airflow/example_dags/example_nested_branch_dag.py
[2023-08-10T17:49:42.248+0000] {processor.py:836} INFO - DAG(s) dict_keys(['example_nested_branch_dag']) retrieved from /home/airflow/.local/lib/python3.7/site-packages/airflow/example_dags/example_nested_branch_dag.py
[2023-08-10T17:49:42.290+0000] {logging_mixin.py:150} INFO - [2023-08-10T17:49:42.290+0000] {dag.py:2742} INFO - Sync 1 DAGs
[2023-08-10T17:49:42.336+0000] {logging_mixin.py:150} INFO - [2023-08-10T17:49:42.335+0000] {dag.py:3508} INFO - Setting next_dagrun for example_nested_branch_dag to 2023-08-09T00:00:00+00:00, run_after=2023-08-10T00:00:00+00:00
[2023-08-10T17:49:42.368+0000] {processor.py:179} INFO - Processing /home/airflow/.local/lib/python3.7/site-packages/airflow/example_dags/example_nested_branch_dag.py took 0.152 seconds
[2023-08-10T17:50:12.456+0000] {processor.py:157} INFO - Started process (PID=1022) to work on /home/airflow/.local/lib/python3.7/site-packages/airflow/example_dags/example_nested_branch_dag.py
[2023-08-10T17:50:12.457+0000] {processor.py:826} INFO - Processing file /home/airflow/.local/lib/python3.7/site-packages/airflow/example_dags/example_nested_branch_dag.py for tasks to queue
[2023-08-10T17:50:12.458+0000] {logging_mixin.py:150} INFO - [2023-08-10T17:50:12.458+0000] {dagbag.py:541} INFO - Filling up the DagBag from /home/airflow/.local/lib/python3.7/site-packages/airflow/example_dags/example_nested_branch_dag.py
[2023-08-10T17:50:12.475+0000] {processor.py:836} INFO - DAG(s) dict_keys(['example_nested_branch_dag']) retrieved from /home/airflow/.local/lib/python3.7/site-packages/airflow/example_dags/example_nested_branch_dag.py
[2023-08-10T17:50:12.542+0000] {logging_mixin.py:150} INFO - [2023-08-10T17:50:12.541+0000] {dag.py:2742} INFO - Sync 1 DAGs
[2023-08-10T17:50:12.626+0000] {logging_mixin.py:150} INFO - [2023-08-10T17:50:12.626+0000] {dag.py:3508} INFO - Setting next_dagrun for example_nested_branch_dag to 2023-08-09T00:00:00+00:00, run_after=2023-08-10T00:00:00+00:00
[2023-08-10T17:50:12.719+0000] {processor.py:179} INFO - Processing /home/airflow/.local/lib/python3.7/site-packages/airflow/example_dags/example_nested_branch_dag.py took 0.267 seconds
[2023-08-10T17:50:43.537+0000] {processor.py:157} INFO - Started process (PID=1079) to work on /home/airflow/.local/lib/python3.7/site-packages/airflow/example_dags/example_nested_branch_dag.py
[2023-08-10T17:50:43.540+0000] {processor.py:826} INFO - Processing file /home/airflow/.local/lib/python3.7/site-packages/airflow/example_dags/example_nested_branch_dag.py for tasks to queue
[2023-08-10T17:50:43.545+0000] {logging_mixin.py:150} INFO - [2023-08-10T17:50:43.545+0000] {dagbag.py:541} INFO - Filling up the DagBag from /home/airflow/.local/lib/python3.7/site-packages/airflow/example_dags/example_nested_branch_dag.py
[2023-08-10T17:50:43.583+0000] {processor.py:836} INFO - DAG(s) dict_keys(['example_nested_branch_dag']) retrieved from /home/airflow/.local/lib/python3.7/site-packages/airflow/example_dags/example_nested_branch_dag.py
[2023-08-10T17:50:43.643+0000] {logging_mixin.py:150} INFO - [2023-08-10T17:50:43.642+0000] {dag.py:2742} INFO - Sync 1 DAGs
[2023-08-10T17:50:43.712+0000] {logging_mixin.py:150} INFO - [2023-08-10T17:50:43.711+0000] {dag.py:3508} INFO - Setting next_dagrun for example_nested_branch_dag to 2023-08-09T00:00:00+00:00, run_after=2023-08-10T00:00:00+00:00
[2023-08-10T17:50:43.786+0000] {processor.py:179} INFO - Processing /home/airflow/.local/lib/python3.7/site-packages/airflow/example_dags/example_nested_branch_dag.py took 0.257 seconds
[2023-08-10T17:51:13.978+0000] {processor.py:157} INFO - Started process (PID=1136) to work on /home/airflow/.local/lib/python3.7/site-packages/airflow/example_dags/example_nested_branch_dag.py
[2023-08-10T17:51:13.996+0000] {processor.py:826} INFO - Processing file /home/airflow/.local/lib/python3.7/site-packages/airflow/example_dags/example_nested_branch_dag.py for tasks to queue
[2023-08-10T17:51:13.997+0000] {logging_mixin.py:150} INFO - [2023-08-10T17:51:13.997+0000] {dagbag.py:541} INFO - Filling up the DagBag from /home/airflow/.local/lib/python3.7/site-packages/airflow/example_dags/example_nested_branch_dag.py
[2023-08-10T17:51:14.014+0000] {processor.py:836} INFO - DAG(s) dict_keys(['example_nested_branch_dag']) retrieved from /home/airflow/.local/lib/python3.7/site-packages/airflow/example_dags/example_nested_branch_dag.py
[2023-08-10T17:51:14.067+0000] {logging_mixin.py:150} INFO - [2023-08-10T17:51:14.067+0000] {dag.py:2742} INFO - Sync 1 DAGs
[2023-08-10T17:51:14.152+0000] {logging_mixin.py:150} INFO - [2023-08-10T17:51:14.151+0000] {dag.py:3508} INFO - Setting next_dagrun for example_nested_branch_dag to 2023-08-09T00:00:00+00:00, run_after=2023-08-10T00:00:00+00:00
[2023-08-10T17:51:14.255+0000] {processor.py:179} INFO - Processing /home/airflow/.local/lib/python3.7/site-packages/airflow/example_dags/example_nested_branch_dag.py took 0.281 seconds
[2023-08-10T17:51:44.800+0000] {processor.py:157} INFO - Started process (PID=1196) to work on /home/airflow/.local/lib/python3.7/site-packages/airflow/example_dags/example_nested_branch_dag.py
[2023-08-10T17:51:44.806+0000] {processor.py:826} INFO - Processing file /home/airflow/.local/lib/python3.7/site-packages/airflow/example_dags/example_nested_branch_dag.py for tasks to queue
[2023-08-10T17:51:44.808+0000] {logging_mixin.py:150} INFO - [2023-08-10T17:51:44.807+0000] {dagbag.py:541} INFO - Filling up the DagBag from /home/airflow/.local/lib/python3.7/site-packages/airflow/example_dags/example_nested_branch_dag.py
[2023-08-10T17:51:44.833+0000] {processor.py:836} INFO - DAG(s) dict_keys(['example_nested_branch_dag']) retrieved from /home/airflow/.local/lib/python3.7/site-packages/airflow/example_dags/example_nested_branch_dag.py
[2023-08-10T17:51:44.880+0000] {logging_mixin.py:150} INFO - [2023-08-10T17:51:44.880+0000] {dag.py:2742} INFO - Sync 1 DAGs
[2023-08-10T17:51:44.932+0000] {logging_mixin.py:150} INFO - [2023-08-10T17:51:44.931+0000] {dag.py:3508} INFO - Setting next_dagrun for example_nested_branch_dag to 2023-08-09T00:00:00+00:00, run_after=2023-08-10T00:00:00+00:00
[2023-08-10T17:51:44.979+0000] {processor.py:179} INFO - Processing /home/airflow/.local/lib/python3.7/site-packages/airflow/example_dags/example_nested_branch_dag.py took 0.185 seconds
[2023-08-10T17:52:15.200+0000] {processor.py:157} INFO - Started process (PID=1254) to work on /home/airflow/.local/lib/python3.7/site-packages/airflow/example_dags/example_nested_branch_dag.py
[2023-08-10T17:52:15.218+0000] {processor.py:826} INFO - Processing file /home/airflow/.local/lib/python3.7/site-packages/airflow/example_dags/example_nested_branch_dag.py for tasks to queue
[2023-08-10T17:52:15.219+0000] {logging_mixin.py:150} INFO - [2023-08-10T17:52:15.219+0000] {dagbag.py:541} INFO - Filling up the DagBag from /home/airflow/.local/lib/python3.7/site-packages/airflow/example_dags/example_nested_branch_dag.py
[2023-08-10T17:52:15.236+0000] {processor.py:836} INFO - DAG(s) dict_keys(['example_nested_branch_dag']) retrieved from /home/airflow/.local/lib/python3.7/site-packages/airflow/example_dags/example_nested_branch_dag.py
[2023-08-10T17:52:15.292+0000] {logging_mixin.py:150} INFO - [2023-08-10T17:52:15.291+0000] {dag.py:2742} INFO - Sync 1 DAGs
[2023-08-10T17:52:15.386+0000] {logging_mixin.py:150} INFO - [2023-08-10T17:52:15.385+0000] {dag.py:3508} INFO - Setting next_dagrun for example_nested_branch_dag to 2023-08-09T00:00:00+00:00, run_after=2023-08-10T00:00:00+00:00
[2023-08-10T17:52:15.442+0000] {processor.py:179} INFO - Processing /home/airflow/.local/lib/python3.7/site-packages/airflow/example_dags/example_nested_branch_dag.py took 0.249 seconds
[2023-08-10T17:52:45.949+0000] {processor.py:157} INFO - Started process (PID=1312) to work on /home/airflow/.local/lib/python3.7/site-packages/airflow/example_dags/example_nested_branch_dag.py
[2023-08-10T17:52:45.953+0000] {processor.py:826} INFO - Processing file /home/airflow/.local/lib/python3.7/site-packages/airflow/example_dags/example_nested_branch_dag.py for tasks to queue
[2023-08-10T17:52:45.955+0000] {logging_mixin.py:150} INFO - [2023-08-10T17:52:45.954+0000] {dagbag.py:541} INFO - Filling up the DagBag from /home/airflow/.local/lib/python3.7/site-packages/airflow/example_dags/example_nested_branch_dag.py
[2023-08-10T17:52:45.980+0000] {processor.py:836} INFO - DAG(s) dict_keys(['example_nested_branch_dag']) retrieved from /home/airflow/.local/lib/python3.7/site-packages/airflow/example_dags/example_nested_branch_dag.py
[2023-08-10T17:52:46.029+0000] {logging_mixin.py:150} INFO - [2023-08-10T17:52:46.029+0000] {dag.py:2742} INFO - Sync 1 DAGs
[2023-08-10T17:52:46.096+0000] {logging_mixin.py:150} INFO - [2023-08-10T17:52:46.096+0000] {dag.py:3508} INFO - Setting next_dagrun for example_nested_branch_dag to 2023-08-09T00:00:00+00:00, run_after=2023-08-10T00:00:00+00:00
[2023-08-10T17:52:46.139+0000] {processor.py:179} INFO - Processing /home/airflow/.local/lib/python3.7/site-packages/airflow/example_dags/example_nested_branch_dag.py took 0.194 seconds
[2023-08-10T17:53:16.924+0000] {processor.py:157} INFO - Started process (PID=1370) to work on /home/airflow/.local/lib/python3.7/site-packages/airflow/example_dags/example_nested_branch_dag.py
[2023-08-10T17:53:16.928+0000] {processor.py:826} INFO - Processing file /home/airflow/.local/lib/python3.7/site-packages/airflow/example_dags/example_nested_branch_dag.py for tasks to queue
[2023-08-10T17:53:16.930+0000] {logging_mixin.py:150} INFO - [2023-08-10T17:53:16.929+0000] {dagbag.py:541} INFO - Filling up the DagBag from /home/airflow/.local/lib/python3.7/site-packages/airflow/example_dags/example_nested_branch_dag.py
[2023-08-10T17:53:16.950+0000] {processor.py:836} INFO - DAG(s) dict_keys(['example_nested_branch_dag']) retrieved from /home/airflow/.local/lib/python3.7/site-packages/airflow/example_dags/example_nested_branch_dag.py
[2023-08-10T17:53:17.003+0000] {logging_mixin.py:150} INFO - [2023-08-10T17:53:17.003+0000] {dag.py:2742} INFO - Sync 1 DAGs
[2023-08-10T17:53:17.066+0000] {logging_mixin.py:150} INFO - [2023-08-10T17:53:17.066+0000] {dag.py:3508} INFO - Setting next_dagrun for example_nested_branch_dag to 2023-08-09T00:00:00+00:00, run_after=2023-08-10T00:00:00+00:00
[2023-08-10T17:53:17.123+0000] {processor.py:179} INFO - Processing /home/airflow/.local/lib/python3.7/site-packages/airflow/example_dags/example_nested_branch_dag.py took 0.205 seconds
