[2023-08-10T17:41:25.587+0000] {processor.py:157} INFO - Started process (PID=48) to work on /home/airflow/.local/lib/python3.7/site-packages/airflow/example_dags/example_local_kubernetes_executor.py
[2023-08-10T17:41:25.603+0000] {processor.py:826} INFO - Processing file /home/airflow/.local/lib/python3.7/site-packages/airflow/example_dags/example_local_kubernetes_executor.py for tasks to queue
[2023-08-10T17:41:25.607+0000] {logging_mixin.py:150} INFO - [2023-08-10T17:41:25.606+0000] {dagbag.py:541} INFO - Filling up the DagBag from /home/airflow/.local/lib/python3.7/site-packages/airflow/example_dags/example_local_kubernetes_executor.py
[2023-08-10T17:41:32.321+0000] {processor.py:836} INFO - DAG(s) dict_keys(['example_local_kubernetes_executor']) retrieved from /home/airflow/.local/lib/python3.7/site-packages/airflow/example_dags/example_local_kubernetes_executor.py
[2023-08-10T17:41:33.445+0000] {logging_mixin.py:150} INFO - [2023-08-10T17:41:33.445+0000] {manager.py:504} INFO - Created Permission View: can edit on DAG:example_local_kubernetes_executor
[2023-08-10T17:41:33.503+0000] {logging_mixin.py:150} INFO - [2023-08-10T17:41:33.502+0000] {manager.py:504} INFO - Created Permission View: can delete on DAG:example_local_kubernetes_executor
[2023-08-10T17:41:33.547+0000] {logging_mixin.py:150} INFO - [2023-08-10T17:41:33.546+0000] {manager.py:504} INFO - Created Permission View: can read on DAG:example_local_kubernetes_executor
[2023-08-10T17:41:33.616+0000] {logging_mixin.py:150} INFO - [2023-08-10T17:41:33.615+0000] {dag.py:2742} INFO - Sync 1 DAGs
[2023-08-10T17:41:33.660+0000] {logging_mixin.py:150} INFO - [2023-08-10T17:41:33.660+0000] {dag.py:2763} INFO - Creating ORM DAG for example_local_kubernetes_executor
[2023-08-10T17:41:33.724+0000] {logging_mixin.py:150} INFO - [2023-08-10T17:41:33.724+0000] {dag.py:3508} INFO - Setting next_dagrun for example_local_kubernetes_executor to None, run_after=None
[2023-08-10T17:41:33.864+0000] {processor.py:179} INFO - Processing /home/airflow/.local/lib/python3.7/site-packages/airflow/example_dags/example_local_kubernetes_executor.py took 8.311 seconds
[2023-08-10T17:42:04.473+0000] {processor.py:157} INFO - Started process (PID=116) to work on /home/airflow/.local/lib/python3.7/site-packages/airflow/example_dags/example_local_kubernetes_executor.py
[2023-08-10T17:42:04.478+0000] {processor.py:826} INFO - Processing file /home/airflow/.local/lib/python3.7/site-packages/airflow/example_dags/example_local_kubernetes_executor.py for tasks to queue
[2023-08-10T17:42:04.480+0000] {logging_mixin.py:150} INFO - [2023-08-10T17:42:04.480+0000] {dagbag.py:541} INFO - Filling up the DagBag from /home/airflow/.local/lib/python3.7/site-packages/airflow/example_dags/example_local_kubernetes_executor.py
[2023-08-10T17:42:05.541+0000] {processor.py:836} INFO - DAG(s) dict_keys(['example_local_kubernetes_executor']) retrieved from /home/airflow/.local/lib/python3.7/site-packages/airflow/example_dags/example_local_kubernetes_executor.py
[2023-08-10T17:42:05.614+0000] {logging_mixin.py:150} INFO - [2023-08-10T17:42:05.614+0000] {dag.py:2742} INFO - Sync 1 DAGs
[2023-08-10T17:42:05.684+0000] {logging_mixin.py:150} INFO - [2023-08-10T17:42:05.683+0000] {dag.py:3508} INFO - Setting next_dagrun for example_local_kubernetes_executor to None, run_after=None
[2023-08-10T17:42:05.757+0000] {processor.py:179} INFO - Processing /home/airflow/.local/lib/python3.7/site-packages/airflow/example_dags/example_local_kubernetes_executor.py took 1.290 seconds
[2023-08-10T17:42:36.761+0000] {processor.py:157} INFO - Started process (PID=174) to work on /home/airflow/.local/lib/python3.7/site-packages/airflow/example_dags/example_local_kubernetes_executor.py
[2023-08-10T17:42:36.767+0000] {processor.py:826} INFO - Processing file /home/airflow/.local/lib/python3.7/site-packages/airflow/example_dags/example_local_kubernetes_executor.py for tasks to queue
[2023-08-10T17:42:36.780+0000] {logging_mixin.py:150} INFO - [2023-08-10T17:42:36.768+0000] {dagbag.py:541} INFO - Filling up the DagBag from /home/airflow/.local/lib/python3.7/site-packages/airflow/example_dags/example_local_kubernetes_executor.py
[2023-08-10T17:42:41.698+0000] {processor.py:836} INFO - DAG(s) dict_keys(['example_local_kubernetes_executor']) retrieved from /home/airflow/.local/lib/python3.7/site-packages/airflow/example_dags/example_local_kubernetes_executor.py
[2023-08-10T17:42:42.968+0000] {logging_mixin.py:150} INFO - [2023-08-10T17:42:42.942+0000] {dag.py:2742} INFO - Sync 1 DAGs
[2023-08-10T17:42:43.036+0000] {logging_mixin.py:150} INFO - [2023-08-10T17:42:43.035+0000] {dag.py:3508} INFO - Setting next_dagrun for example_local_kubernetes_executor to None, run_after=None
[2023-08-10T17:42:43.437+0000] {processor.py:179} INFO - Processing /home/airflow/.local/lib/python3.7/site-packages/airflow/example_dags/example_local_kubernetes_executor.py took 6.698 seconds
[2023-08-10T17:43:13.983+0000] {processor.py:157} INFO - Started process (PID=232) to work on /home/airflow/.local/lib/python3.7/site-packages/airflow/example_dags/example_local_kubernetes_executor.py
[2023-08-10T17:43:13.987+0000] {processor.py:826} INFO - Processing file /home/airflow/.local/lib/python3.7/site-packages/airflow/example_dags/example_local_kubernetes_executor.py for tasks to queue
[2023-08-10T17:43:13.989+0000] {logging_mixin.py:150} INFO - [2023-08-10T17:43:13.989+0000] {dagbag.py:541} INFO - Filling up the DagBag from /home/airflow/.local/lib/python3.7/site-packages/airflow/example_dags/example_local_kubernetes_executor.py
[2023-08-10T17:43:17.464+0000] {processor.py:836} INFO - DAG(s) dict_keys(['example_local_kubernetes_executor']) retrieved from /home/airflow/.local/lib/python3.7/site-packages/airflow/example_dags/example_local_kubernetes_executor.py
[2023-08-10T17:43:18.795+0000] {logging_mixin.py:150} INFO - [2023-08-10T17:43:18.672+0000] {dag.py:2742} INFO - Sync 1 DAGs
[2023-08-10T17:43:18.919+0000] {logging_mixin.py:150} INFO - [2023-08-10T17:43:18.919+0000] {dag.py:3508} INFO - Setting next_dagrun for example_local_kubernetes_executor to None, run_after=None
[2023-08-10T17:43:19.207+0000] {processor.py:179} INFO - Processing /home/airflow/.local/lib/python3.7/site-packages/airflow/example_dags/example_local_kubernetes_executor.py took 5.247 seconds
[2023-08-10T17:43:49.652+0000] {processor.py:157} INFO - Started process (PID=286) to work on /home/airflow/.local/lib/python3.7/site-packages/airflow/example_dags/example_local_kubernetes_executor.py
[2023-08-10T17:43:49.654+0000] {processor.py:826} INFO - Processing file /home/airflow/.local/lib/python3.7/site-packages/airflow/example_dags/example_local_kubernetes_executor.py for tasks to queue
[2023-08-10T17:43:49.655+0000] {logging_mixin.py:150} INFO - [2023-08-10T17:43:49.655+0000] {dagbag.py:541} INFO - Filling up the DagBag from /home/airflow/.local/lib/python3.7/site-packages/airflow/example_dags/example_local_kubernetes_executor.py
[2023-08-10T17:43:50.046+0000] {processor.py:836} INFO - DAG(s) dict_keys(['example_local_kubernetes_executor']) retrieved from /home/airflow/.local/lib/python3.7/site-packages/airflow/example_dags/example_local_kubernetes_executor.py
[2023-08-10T17:43:50.115+0000] {logging_mixin.py:150} INFO - [2023-08-10T17:43:50.115+0000] {dag.py:2742} INFO - Sync 1 DAGs
[2023-08-10T17:43:50.179+0000] {logging_mixin.py:150} INFO - [2023-08-10T17:43:50.179+0000] {dag.py:3508} INFO - Setting next_dagrun for example_local_kubernetes_executor to None, run_after=None
[2023-08-10T17:43:50.225+0000] {processor.py:179} INFO - Processing /home/airflow/.local/lib/python3.7/site-packages/airflow/example_dags/example_local_kubernetes_executor.py took 0.579 seconds
[2023-08-10T17:44:20.504+0000] {processor.py:157} INFO - Started process (PID=344) to work on /home/airflow/.local/lib/python3.7/site-packages/airflow/example_dags/example_local_kubernetes_executor.py
[2023-08-10T17:44:20.506+0000] {processor.py:826} INFO - Processing file /home/airflow/.local/lib/python3.7/site-packages/airflow/example_dags/example_local_kubernetes_executor.py for tasks to queue
[2023-08-10T17:44:20.507+0000] {logging_mixin.py:150} INFO - [2023-08-10T17:44:20.506+0000] {dagbag.py:541} INFO - Filling up the DagBag from /home/airflow/.local/lib/python3.7/site-packages/airflow/example_dags/example_local_kubernetes_executor.py
[2023-08-10T17:44:21.036+0000] {processor.py:836} INFO - DAG(s) dict_keys(['example_local_kubernetes_executor']) retrieved from /home/airflow/.local/lib/python3.7/site-packages/airflow/example_dags/example_local_kubernetes_executor.py
[2023-08-10T17:44:21.122+0000] {logging_mixin.py:150} INFO - [2023-08-10T17:44:21.122+0000] {dag.py:2742} INFO - Sync 1 DAGs
[2023-08-10T17:44:21.183+0000] {logging_mixin.py:150} INFO - [2023-08-10T17:44:21.182+0000] {dag.py:3508} INFO - Setting next_dagrun for example_local_kubernetes_executor to None, run_after=None
[2023-08-10T17:44:21.241+0000] {processor.py:179} INFO - Processing /home/airflow/.local/lib/python3.7/site-packages/airflow/example_dags/example_local_kubernetes_executor.py took 0.741 seconds
[2023-08-10T17:44:51.543+0000] {processor.py:157} INFO - Started process (PID=404) to work on /home/airflow/.local/lib/python3.7/site-packages/airflow/example_dags/example_local_kubernetes_executor.py
[2023-08-10T17:44:51.545+0000] {processor.py:826} INFO - Processing file /home/airflow/.local/lib/python3.7/site-packages/airflow/example_dags/example_local_kubernetes_executor.py for tasks to queue
[2023-08-10T17:44:51.547+0000] {logging_mixin.py:150} INFO - [2023-08-10T17:44:51.546+0000] {dagbag.py:541} INFO - Filling up the DagBag from /home/airflow/.local/lib/python3.7/site-packages/airflow/example_dags/example_local_kubernetes_executor.py
[2023-08-10T17:44:52.133+0000] {processor.py:836} INFO - DAG(s) dict_keys(['example_local_kubernetes_executor']) retrieved from /home/airflow/.local/lib/python3.7/site-packages/airflow/example_dags/example_local_kubernetes_executor.py
[2023-08-10T17:44:52.190+0000] {logging_mixin.py:150} INFO - [2023-08-10T17:44:52.190+0000] {dag.py:2742} INFO - Sync 1 DAGs
[2023-08-10T17:44:52.246+0000] {logging_mixin.py:150} INFO - [2023-08-10T17:44:52.246+0000] {dag.py:3508} INFO - Setting next_dagrun for example_local_kubernetes_executor to None, run_after=None
[2023-08-10T17:44:52.278+0000] {processor.py:179} INFO - Processing /home/airflow/.local/lib/python3.7/site-packages/airflow/example_dags/example_local_kubernetes_executor.py took 0.741 seconds
[2023-08-10T17:45:22.367+0000] {processor.py:157} INFO - Started process (PID=463) to work on /home/airflow/.local/lib/python3.7/site-packages/airflow/example_dags/example_local_kubernetes_executor.py
[2023-08-10T17:45:22.373+0000] {processor.py:826} INFO - Processing file /home/airflow/.local/lib/python3.7/site-packages/airflow/example_dags/example_local_kubernetes_executor.py for tasks to queue
[2023-08-10T17:45:22.374+0000] {logging_mixin.py:150} INFO - [2023-08-10T17:45:22.374+0000] {dagbag.py:541} INFO - Filling up the DagBag from /home/airflow/.local/lib/python3.7/site-packages/airflow/example_dags/example_local_kubernetes_executor.py
[2023-08-10T17:45:23.266+0000] {processor.py:836} INFO - DAG(s) dict_keys(['example_local_kubernetes_executor']) retrieved from /home/airflow/.local/lib/python3.7/site-packages/airflow/example_dags/example_local_kubernetes_executor.py
[2023-08-10T17:45:23.372+0000] {logging_mixin.py:150} INFO - [2023-08-10T17:45:23.372+0000] {dag.py:2742} INFO - Sync 1 DAGs
[2023-08-10T17:45:23.491+0000] {logging_mixin.py:150} INFO - [2023-08-10T17:45:23.491+0000] {dag.py:3508} INFO - Setting next_dagrun for example_local_kubernetes_executor to None, run_after=None
[2023-08-10T17:45:23.541+0000] {processor.py:179} INFO - Processing /home/airflow/.local/lib/python3.7/site-packages/airflow/example_dags/example_local_kubernetes_executor.py took 1.182 seconds
[2023-08-10T17:45:53.634+0000] {processor.py:157} INFO - Started process (PID=522) to work on /home/airflow/.local/lib/python3.7/site-packages/airflow/example_dags/example_local_kubernetes_executor.py
[2023-08-10T17:45:53.636+0000] {processor.py:826} INFO - Processing file /home/airflow/.local/lib/python3.7/site-packages/airflow/example_dags/example_local_kubernetes_executor.py for tasks to queue
[2023-08-10T17:45:53.639+0000] {logging_mixin.py:150} INFO - [2023-08-10T17:45:53.637+0000] {dagbag.py:541} INFO - Filling up the DagBag from /home/airflow/.local/lib/python3.7/site-packages/airflow/example_dags/example_local_kubernetes_executor.py
[2023-08-10T17:45:54.343+0000] {processor.py:836} INFO - DAG(s) dict_keys(['example_local_kubernetes_executor']) retrieved from /home/airflow/.local/lib/python3.7/site-packages/airflow/example_dags/example_local_kubernetes_executor.py
[2023-08-10T17:45:54.520+0000] {logging_mixin.py:150} INFO - [2023-08-10T17:45:54.520+0000] {dag.py:2742} INFO - Sync 1 DAGs
[2023-08-10T17:45:54.611+0000] {logging_mixin.py:150} INFO - [2023-08-10T17:45:54.610+0000] {dag.py:3508} INFO - Setting next_dagrun for example_local_kubernetes_executor to None, run_after=None
[2023-08-10T17:45:54.838+0000] {processor.py:179} INFO - Processing /home/airflow/.local/lib/python3.7/site-packages/airflow/example_dags/example_local_kubernetes_executor.py took 1.213 seconds
[2023-08-10T17:46:24.940+0000] {processor.py:157} INFO - Started process (PID=580) to work on /home/airflow/.local/lib/python3.7/site-packages/airflow/example_dags/example_local_kubernetes_executor.py
[2023-08-10T17:46:24.962+0000] {processor.py:826} INFO - Processing file /home/airflow/.local/lib/python3.7/site-packages/airflow/example_dags/example_local_kubernetes_executor.py for tasks to queue
[2023-08-10T17:46:24.965+0000] {logging_mixin.py:150} INFO - [2023-08-10T17:46:24.964+0000] {dagbag.py:541} INFO - Filling up the DagBag from /home/airflow/.local/lib/python3.7/site-packages/airflow/example_dags/example_local_kubernetes_executor.py
[2023-08-10T17:46:25.772+0000] {processor.py:836} INFO - DAG(s) dict_keys(['example_local_kubernetes_executor']) retrieved from /home/airflow/.local/lib/python3.7/site-packages/airflow/example_dags/example_local_kubernetes_executor.py
[2023-08-10T17:46:25.894+0000] {logging_mixin.py:150} INFO - [2023-08-10T17:46:25.891+0000] {dag.py:2742} INFO - Sync 1 DAGs
[2023-08-10T17:46:25.989+0000] {logging_mixin.py:150} INFO - [2023-08-10T17:46:25.988+0000] {dag.py:3508} INFO - Setting next_dagrun for example_local_kubernetes_executor to None, run_after=None
[2023-08-10T17:46:26.087+0000] {processor.py:179} INFO - Processing /home/airflow/.local/lib/python3.7/site-packages/airflow/example_dags/example_local_kubernetes_executor.py took 1.155 seconds
[2023-08-10T17:46:56.496+0000] {processor.py:157} INFO - Started process (PID=639) to work on /home/airflow/.local/lib/python3.7/site-packages/airflow/example_dags/example_local_kubernetes_executor.py
[2023-08-10T17:46:56.601+0000] {processor.py:826} INFO - Processing file /home/airflow/.local/lib/python3.7/site-packages/airflow/example_dags/example_local_kubernetes_executor.py for tasks to queue
[2023-08-10T17:46:56.604+0000] {logging_mixin.py:150} INFO - [2023-08-10T17:46:56.603+0000] {dagbag.py:541} INFO - Filling up the DagBag from /home/airflow/.local/lib/python3.7/site-packages/airflow/example_dags/example_local_kubernetes_executor.py
[2023-08-10T17:46:58.368+0000] {processor.py:836} INFO - DAG(s) dict_keys(['example_local_kubernetes_executor']) retrieved from /home/airflow/.local/lib/python3.7/site-packages/airflow/example_dags/example_local_kubernetes_executor.py
[2023-08-10T17:46:58.539+0000] {logging_mixin.py:150} INFO - [2023-08-10T17:46:58.539+0000] {dag.py:2742} INFO - Sync 1 DAGs
[2023-08-10T17:46:58.733+0000] {logging_mixin.py:150} INFO - [2023-08-10T17:46:58.733+0000] {dag.py:3508} INFO - Setting next_dagrun for example_local_kubernetes_executor to None, run_after=None
[2023-08-10T17:46:58.824+0000] {processor.py:179} INFO - Processing /home/airflow/.local/lib/python3.7/site-packages/airflow/example_dags/example_local_kubernetes_executor.py took 2.355 seconds
[2023-08-10T17:47:29.019+0000] {processor.py:157} INFO - Started process (PID=699) to work on /home/airflow/.local/lib/python3.7/site-packages/airflow/example_dags/example_local_kubernetes_executor.py
[2023-08-10T17:47:29.020+0000] {processor.py:826} INFO - Processing file /home/airflow/.local/lib/python3.7/site-packages/airflow/example_dags/example_local_kubernetes_executor.py for tasks to queue
[2023-08-10T17:47:29.022+0000] {logging_mixin.py:150} INFO - [2023-08-10T17:47:29.021+0000] {dagbag.py:541} INFO - Filling up the DagBag from /home/airflow/.local/lib/python3.7/site-packages/airflow/example_dags/example_local_kubernetes_executor.py
[2023-08-10T17:47:29.756+0000] {processor.py:836} INFO - DAG(s) dict_keys(['example_local_kubernetes_executor']) retrieved from /home/airflow/.local/lib/python3.7/site-packages/airflow/example_dags/example_local_kubernetes_executor.py
[2023-08-10T17:47:29.852+0000] {logging_mixin.py:150} INFO - [2023-08-10T17:47:29.852+0000] {dag.py:2742} INFO - Sync 1 DAGs
[2023-08-10T17:47:29.923+0000] {logging_mixin.py:150} INFO - [2023-08-10T17:47:29.923+0000] {dag.py:3508} INFO - Setting next_dagrun for example_local_kubernetes_executor to None, run_after=None
[2023-08-10T17:47:30.011+0000] {processor.py:179} INFO - Processing /home/airflow/.local/lib/python3.7/site-packages/airflow/example_dags/example_local_kubernetes_executor.py took 1.004 seconds
[2023-08-10T17:48:00.175+0000] {processor.py:157} INFO - Started process (PID=757) to work on /home/airflow/.local/lib/python3.7/site-packages/airflow/example_dags/example_local_kubernetes_executor.py
[2023-08-10T17:48:00.187+0000] {processor.py:826} INFO - Processing file /home/airflow/.local/lib/python3.7/site-packages/airflow/example_dags/example_local_kubernetes_executor.py for tasks to queue
[2023-08-10T17:48:00.192+0000] {logging_mixin.py:150} INFO - [2023-08-10T17:48:00.189+0000] {dagbag.py:541} INFO - Filling up the DagBag from /home/airflow/.local/lib/python3.7/site-packages/airflow/example_dags/example_local_kubernetes_executor.py
[2023-08-10T17:48:02.445+0000] {processor.py:836} INFO - DAG(s) dict_keys(['example_local_kubernetes_executor']) retrieved from /home/airflow/.local/lib/python3.7/site-packages/airflow/example_dags/example_local_kubernetes_executor.py
[2023-08-10T17:48:02.645+0000] {logging_mixin.py:150} INFO - [2023-08-10T17:48:02.645+0000] {dag.py:2742} INFO - Sync 1 DAGs
[2023-08-10T17:48:02.711+0000] {logging_mixin.py:150} INFO - [2023-08-10T17:48:02.711+0000] {dag.py:3508} INFO - Setting next_dagrun for example_local_kubernetes_executor to None, run_after=None
[2023-08-10T17:48:02.798+0000] {processor.py:179} INFO - Processing /home/airflow/.local/lib/python3.7/site-packages/airflow/example_dags/example_local_kubernetes_executor.py took 2.630 seconds
[2023-08-10T17:48:33.060+0000] {processor.py:157} INFO - Started process (PID=820) to work on /home/airflow/.local/lib/python3.7/site-packages/airflow/example_dags/example_local_kubernetes_executor.py
[2023-08-10T17:48:33.065+0000] {processor.py:826} INFO - Processing file /home/airflow/.local/lib/python3.7/site-packages/airflow/example_dags/example_local_kubernetes_executor.py for tasks to queue
[2023-08-10T17:48:33.069+0000] {logging_mixin.py:150} INFO - [2023-08-10T17:48:33.068+0000] {dagbag.py:541} INFO - Filling up the DagBag from /home/airflow/.local/lib/python3.7/site-packages/airflow/example_dags/example_local_kubernetes_executor.py
[2023-08-10T17:48:34.185+0000] {processor.py:836} INFO - DAG(s) dict_keys(['example_local_kubernetes_executor']) retrieved from /home/airflow/.local/lib/python3.7/site-packages/airflow/example_dags/example_local_kubernetes_executor.py
[2023-08-10T17:48:34.390+0000] {logging_mixin.py:150} INFO - [2023-08-10T17:48:34.390+0000] {dag.py:2742} INFO - Sync 1 DAGs
[2023-08-10T17:48:34.620+0000] {logging_mixin.py:150} INFO - [2023-08-10T17:48:34.620+0000] {dag.py:3508} INFO - Setting next_dagrun for example_local_kubernetes_executor to None, run_after=None
[2023-08-10T17:48:34.715+0000] {processor.py:179} INFO - Processing /home/airflow/.local/lib/python3.7/site-packages/airflow/example_dags/example_local_kubernetes_executor.py took 1.671 seconds
[2023-08-10T17:49:04.828+0000] {processor.py:157} INFO - Started process (PID=887) to work on /home/airflow/.local/lib/python3.7/site-packages/airflow/example_dags/example_local_kubernetes_executor.py
[2023-08-10T17:49:04.831+0000] {processor.py:826} INFO - Processing file /home/airflow/.local/lib/python3.7/site-packages/airflow/example_dags/example_local_kubernetes_executor.py for tasks to queue
[2023-08-10T17:49:04.832+0000] {logging_mixin.py:150} INFO - [2023-08-10T17:49:04.832+0000] {dagbag.py:541} INFO - Filling up the DagBag from /home/airflow/.local/lib/python3.7/site-packages/airflow/example_dags/example_local_kubernetes_executor.py
[2023-08-10T17:49:05.237+0000] {processor.py:836} INFO - DAG(s) dict_keys(['example_local_kubernetes_executor']) retrieved from /home/airflow/.local/lib/python3.7/site-packages/airflow/example_dags/example_local_kubernetes_executor.py
[2023-08-10T17:49:05.292+0000] {logging_mixin.py:150} INFO - [2023-08-10T17:49:05.292+0000] {dag.py:2742} INFO - Sync 1 DAGs
[2023-08-10T17:49:05.337+0000] {logging_mixin.py:150} INFO - [2023-08-10T17:49:05.337+0000] {dag.py:3508} INFO - Setting next_dagrun for example_local_kubernetes_executor to None, run_after=None
[2023-08-10T17:49:05.385+0000] {processor.py:179} INFO - Processing /home/airflow/.local/lib/python3.7/site-packages/airflow/example_dags/example_local_kubernetes_executor.py took 0.568 seconds
[2023-08-10T17:49:36.339+0000] {processor.py:157} INFO - Started process (PID=946) to work on /home/airflow/.local/lib/python3.7/site-packages/airflow/example_dags/example_local_kubernetes_executor.py
[2023-08-10T17:49:36.357+0000] {processor.py:826} INFO - Processing file /home/airflow/.local/lib/python3.7/site-packages/airflow/example_dags/example_local_kubernetes_executor.py for tasks to queue
[2023-08-10T17:49:36.358+0000] {logging_mixin.py:150} INFO - [2023-08-10T17:49:36.358+0000] {dagbag.py:541} INFO - Filling up the DagBag from /home/airflow/.local/lib/python3.7/site-packages/airflow/example_dags/example_local_kubernetes_executor.py
[2023-08-10T17:49:36.768+0000] {processor.py:836} INFO - DAG(s) dict_keys(['example_local_kubernetes_executor']) retrieved from /home/airflow/.local/lib/python3.7/site-packages/airflow/example_dags/example_local_kubernetes_executor.py
[2023-08-10T17:49:36.839+0000] {logging_mixin.py:150} INFO - [2023-08-10T17:49:36.839+0000] {dag.py:2742} INFO - Sync 1 DAGs
[2023-08-10T17:49:36.892+0000] {logging_mixin.py:150} INFO - [2023-08-10T17:49:36.892+0000] {dag.py:3508} INFO - Setting next_dagrun for example_local_kubernetes_executor to None, run_after=None
[2023-08-10T17:49:36.933+0000] {processor.py:179} INFO - Processing /home/airflow/.local/lib/python3.7/site-packages/airflow/example_dags/example_local_kubernetes_executor.py took 0.599 seconds
[2023-08-10T17:50:07.124+0000] {processor.py:157} INFO - Started process (PID=1006) to work on /home/airflow/.local/lib/python3.7/site-packages/airflow/example_dags/example_local_kubernetes_executor.py
[2023-08-10T17:50:07.125+0000] {processor.py:826} INFO - Processing file /home/airflow/.local/lib/python3.7/site-packages/airflow/example_dags/example_local_kubernetes_executor.py for tasks to queue
[2023-08-10T17:50:07.127+0000] {logging_mixin.py:150} INFO - [2023-08-10T17:50:07.126+0000] {dagbag.py:541} INFO - Filling up the DagBag from /home/airflow/.local/lib/python3.7/site-packages/airflow/example_dags/example_local_kubernetes_executor.py
[2023-08-10T17:50:07.589+0000] {processor.py:836} INFO - DAG(s) dict_keys(['example_local_kubernetes_executor']) retrieved from /home/airflow/.local/lib/python3.7/site-packages/airflow/example_dags/example_local_kubernetes_executor.py
[2023-08-10T17:50:07.670+0000] {logging_mixin.py:150} INFO - [2023-08-10T17:50:07.669+0000] {dag.py:2742} INFO - Sync 1 DAGs
[2023-08-10T17:50:07.733+0000] {logging_mixin.py:150} INFO - [2023-08-10T17:50:07.733+0000] {dag.py:3508} INFO - Setting next_dagrun for example_local_kubernetes_executor to None, run_after=None
[2023-08-10T17:50:07.790+0000] {processor.py:179} INFO - Processing /home/airflow/.local/lib/python3.7/site-packages/airflow/example_dags/example_local_kubernetes_executor.py took 0.672 seconds
[2023-08-10T17:50:37.910+0000] {processor.py:157} INFO - Started process (PID=1065) to work on /home/airflow/.local/lib/python3.7/site-packages/airflow/example_dags/example_local_kubernetes_executor.py
[2023-08-10T17:50:37.933+0000] {processor.py:826} INFO - Processing file /home/airflow/.local/lib/python3.7/site-packages/airflow/example_dags/example_local_kubernetes_executor.py for tasks to queue
[2023-08-10T17:50:37.934+0000] {logging_mixin.py:150} INFO - [2023-08-10T17:50:37.934+0000] {dagbag.py:541} INFO - Filling up the DagBag from /home/airflow/.local/lib/python3.7/site-packages/airflow/example_dags/example_local_kubernetes_executor.py
[2023-08-10T17:50:38.526+0000] {processor.py:836} INFO - DAG(s) dict_keys(['example_local_kubernetes_executor']) retrieved from /home/airflow/.local/lib/python3.7/site-packages/airflow/example_dags/example_local_kubernetes_executor.py
[2023-08-10T17:50:38.617+0000] {logging_mixin.py:150} INFO - [2023-08-10T17:50:38.617+0000] {dag.py:2742} INFO - Sync 1 DAGs
[2023-08-10T17:50:38.676+0000] {logging_mixin.py:150} INFO - [2023-08-10T17:50:38.675+0000] {dag.py:3508} INFO - Setting next_dagrun for example_local_kubernetes_executor to None, run_after=None
[2023-08-10T17:50:38.755+0000] {processor.py:179} INFO - Processing /home/airflow/.local/lib/python3.7/site-packages/airflow/example_dags/example_local_kubernetes_executor.py took 0.851 seconds
[2023-08-10T17:51:09.492+0000] {processor.py:157} INFO - Started process (PID=1124) to work on /home/airflow/.local/lib/python3.7/site-packages/airflow/example_dags/example_local_kubernetes_executor.py
[2023-08-10T17:51:09.495+0000] {processor.py:826} INFO - Processing file /home/airflow/.local/lib/python3.7/site-packages/airflow/example_dags/example_local_kubernetes_executor.py for tasks to queue
[2023-08-10T17:51:09.497+0000] {logging_mixin.py:150} INFO - [2023-08-10T17:51:09.496+0000] {dagbag.py:541} INFO - Filling up the DagBag from /home/airflow/.local/lib/python3.7/site-packages/airflow/example_dags/example_local_kubernetes_executor.py
[2023-08-10T17:51:09.835+0000] {processor.py:836} INFO - DAG(s) dict_keys(['example_local_kubernetes_executor']) retrieved from /home/airflow/.local/lib/python3.7/site-packages/airflow/example_dags/example_local_kubernetes_executor.py
[2023-08-10T17:51:09.887+0000] {logging_mixin.py:150} INFO - [2023-08-10T17:51:09.887+0000] {dag.py:2742} INFO - Sync 1 DAGs
[2023-08-10T17:51:09.931+0000] {logging_mixin.py:150} INFO - [2023-08-10T17:51:09.931+0000] {dag.py:3508} INFO - Setting next_dagrun for example_local_kubernetes_executor to None, run_after=None
[2023-08-10T17:51:09.968+0000] {processor.py:179} INFO - Processing /home/airflow/.local/lib/python3.7/site-packages/airflow/example_dags/example_local_kubernetes_executor.py took 0.480 seconds
[2023-08-10T17:51:40.556+0000] {processor.py:157} INFO - Started process (PID=1185) to work on /home/airflow/.local/lib/python3.7/site-packages/airflow/example_dags/example_local_kubernetes_executor.py
[2023-08-10T17:51:40.558+0000] {processor.py:826} INFO - Processing file /home/airflow/.local/lib/python3.7/site-packages/airflow/example_dags/example_local_kubernetes_executor.py for tasks to queue
[2023-08-10T17:51:40.559+0000] {logging_mixin.py:150} INFO - [2023-08-10T17:51:40.559+0000] {dagbag.py:541} INFO - Filling up the DagBag from /home/airflow/.local/lib/python3.7/site-packages/airflow/example_dags/example_local_kubernetes_executor.py
[2023-08-10T17:51:41.309+0000] {processor.py:836} INFO - DAG(s) dict_keys(['example_local_kubernetes_executor']) retrieved from /home/airflow/.local/lib/python3.7/site-packages/airflow/example_dags/example_local_kubernetes_executor.py
[2023-08-10T17:51:41.389+0000] {logging_mixin.py:150} INFO - [2023-08-10T17:51:41.389+0000] {dag.py:2742} INFO - Sync 1 DAGs
[2023-08-10T17:51:41.454+0000] {logging_mixin.py:150} INFO - [2023-08-10T17:51:41.453+0000] {dag.py:3508} INFO - Setting next_dagrun for example_local_kubernetes_executor to None, run_after=None
[2023-08-10T17:51:41.521+0000] {processor.py:179} INFO - Processing /home/airflow/.local/lib/python3.7/site-packages/airflow/example_dags/example_local_kubernetes_executor.py took 0.972 seconds
[2023-08-10T17:52:11.726+0000] {processor.py:157} INFO - Started process (PID=1244) to work on /home/airflow/.local/lib/python3.7/site-packages/airflow/example_dags/example_local_kubernetes_executor.py
[2023-08-10T17:52:11.728+0000] {processor.py:826} INFO - Processing file /home/airflow/.local/lib/python3.7/site-packages/airflow/example_dags/example_local_kubernetes_executor.py for tasks to queue
[2023-08-10T17:52:11.730+0000] {logging_mixin.py:150} INFO - [2023-08-10T17:52:11.729+0000] {dagbag.py:541} INFO - Filling up the DagBag from /home/airflow/.local/lib/python3.7/site-packages/airflow/example_dags/example_local_kubernetes_executor.py
[2023-08-10T17:52:12.907+0000] {processor.py:836} INFO - DAG(s) dict_keys(['example_local_kubernetes_executor']) retrieved from /home/airflow/.local/lib/python3.7/site-packages/airflow/example_dags/example_local_kubernetes_executor.py
[2023-08-10T17:52:13.003+0000] {logging_mixin.py:150} INFO - [2023-08-10T17:52:13.002+0000] {dag.py:2742} INFO - Sync 1 DAGs
[2023-08-10T17:52:13.084+0000] {logging_mixin.py:150} INFO - [2023-08-10T17:52:13.084+0000] {dag.py:3508} INFO - Setting next_dagrun for example_local_kubernetes_executor to None, run_after=None
[2023-08-10T17:52:13.162+0000] {processor.py:179} INFO - Processing /home/airflow/.local/lib/python3.7/site-packages/airflow/example_dags/example_local_kubernetes_executor.py took 1.446 seconds
