[2023-08-10T17:41:50.770+0000] {processor.py:157} INFO - Started process (PID=82) to work on /home/airflow/.local/lib/python3.7/site-packages/airflow/example_dags/example_external_task_marker_dag.py
[2023-08-10T17:41:50.771+0000] {processor.py:826} INFO - Processing file /home/airflow/.local/lib/python3.7/site-packages/airflow/example_dags/example_external_task_marker_dag.py for tasks to queue
[2023-08-10T17:41:50.773+0000] {logging_mixin.py:150} INFO - [2023-08-10T17:41:50.772+0000] {dagbag.py:541} INFO - Filling up the DagBag from /home/airflow/.local/lib/python3.7/site-packages/airflow/example_dags/example_external_task_marker_dag.py
[2023-08-10T17:41:50.828+0000] {processor.py:836} INFO - DAG(s) dict_keys(['example_external_task_marker_child', 'example_external_task_marker_parent']) retrieved from /home/airflow/.local/lib/python3.7/site-packages/airflow/example_dags/example_external_task_marker_dag.py
[2023-08-10T17:41:51.919+0000] {logging_mixin.py:150} INFO - [2023-08-10T17:41:51.919+0000] {manager.py:504} INFO - Created Permission View: can edit on DAG:example_external_task_marker_child
[2023-08-10T17:41:52.087+0000] {logging_mixin.py:150} INFO - [2023-08-10T17:41:52.087+0000] {manager.py:504} INFO - Created Permission View: can delete on DAG:example_external_task_marker_child
[2023-08-10T17:41:52.165+0000] {logging_mixin.py:150} INFO - [2023-08-10T17:41:52.165+0000] {manager.py:504} INFO - Created Permission View: can read on DAG:example_external_task_marker_child
[2023-08-10T17:41:52.386+0000] {logging_mixin.py:150} INFO - [2023-08-10T17:41:52.386+0000] {manager.py:504} INFO - Created Permission View: can edit on DAG:example_external_task_marker_parent
[2023-08-10T17:41:52.474+0000] {logging_mixin.py:150} INFO - [2023-08-10T17:41:52.474+0000] {manager.py:504} INFO - Created Permission View: can delete on DAG:example_external_task_marker_parent
[2023-08-10T17:41:52.520+0000] {logging_mixin.py:150} INFO - [2023-08-10T17:41:52.520+0000] {manager.py:504} INFO - Created Permission View: can read on DAG:example_external_task_marker_parent
[2023-08-10T17:41:52.577+0000] {logging_mixin.py:150} INFO - [2023-08-10T17:41:52.577+0000] {dag.py:2742} INFO - Sync 2 DAGs
[2023-08-10T17:41:52.737+0000] {logging_mixin.py:150} INFO - [2023-08-10T17:41:52.737+0000] {dag.py:2763} INFO - Creating ORM DAG for example_external_task_marker_child
[2023-08-10T17:41:52.739+0000] {logging_mixin.py:150} INFO - [2023-08-10T17:41:52.739+0000] {dag.py:2763} INFO - Creating ORM DAG for example_external_task_marker_parent
[2023-08-10T17:41:52.839+0000] {logging_mixin.py:150} INFO - [2023-08-10T17:41:52.839+0000] {dag.py:3508} INFO - Setting next_dagrun for example_external_task_marker_child to None, run_after=None
[2023-08-10T17:41:52.845+0000] {logging_mixin.py:150} INFO - [2023-08-10T17:41:52.845+0000] {dag.py:3508} INFO - Setting next_dagrun for example_external_task_marker_parent to None, run_after=None
[2023-08-10T17:41:52.946+0000] {processor.py:179} INFO - Processing /home/airflow/.local/lib/python3.7/site-packages/airflow/example_dags/example_external_task_marker_dag.py took 2.213 seconds
[2023-08-10T17:42:23.152+0000] {processor.py:157} INFO - Started process (PID=138) to work on /home/airflow/.local/lib/python3.7/site-packages/airflow/example_dags/example_external_task_marker_dag.py
[2023-08-10T17:42:23.156+0000] {processor.py:826} INFO - Processing file /home/airflow/.local/lib/python3.7/site-packages/airflow/example_dags/example_external_task_marker_dag.py for tasks to queue
[2023-08-10T17:42:23.158+0000] {logging_mixin.py:150} INFO - [2023-08-10T17:42:23.157+0000] {dagbag.py:541} INFO - Filling up the DagBag from /home/airflow/.local/lib/python3.7/site-packages/airflow/example_dags/example_external_task_marker_dag.py
[2023-08-10T17:42:23.259+0000] {processor.py:836} INFO - DAG(s) dict_keys(['example_external_task_marker_child', 'example_external_task_marker_parent']) retrieved from /home/airflow/.local/lib/python3.7/site-packages/airflow/example_dags/example_external_task_marker_dag.py
[2023-08-10T17:42:23.690+0000] {logging_mixin.py:150} INFO - [2023-08-10T17:42:23.689+0000] {dag.py:2742} INFO - Sync 2 DAGs
[2023-08-10T17:42:24.048+0000] {logging_mixin.py:150} INFO - [2023-08-10T17:42:24.047+0000] {dag.py:3508} INFO - Setting next_dagrun for example_external_task_marker_child to None, run_after=None
[2023-08-10T17:42:24.077+0000] {logging_mixin.py:150} INFO - [2023-08-10T17:42:24.076+0000] {dag.py:3508} INFO - Setting next_dagrun for example_external_task_marker_parent to None, run_after=None
[2023-08-10T17:42:24.223+0000] {processor.py:179} INFO - Processing /home/airflow/.local/lib/python3.7/site-packages/airflow/example_dags/example_external_task_marker_dag.py took 1.080 seconds
[2023-08-10T17:42:54.761+0000] {processor.py:157} INFO - Started process (PID=196) to work on /home/airflow/.local/lib/python3.7/site-packages/airflow/example_dags/example_external_task_marker_dag.py
[2023-08-10T17:42:54.773+0000] {processor.py:826} INFO - Processing file /home/airflow/.local/lib/python3.7/site-packages/airflow/example_dags/example_external_task_marker_dag.py for tasks to queue
[2023-08-10T17:42:54.791+0000] {logging_mixin.py:150} INFO - [2023-08-10T17:42:54.775+0000] {dagbag.py:541} INFO - Filling up the DagBag from /home/airflow/.local/lib/python3.7/site-packages/airflow/example_dags/example_external_task_marker_dag.py
[2023-08-10T17:42:54.840+0000] {processor.py:836} INFO - DAG(s) dict_keys(['example_external_task_marker_child', 'example_external_task_marker_parent']) retrieved from /home/airflow/.local/lib/python3.7/site-packages/airflow/example_dags/example_external_task_marker_dag.py
[2023-08-10T17:42:55.285+0000] {logging_mixin.py:150} INFO - [2023-08-10T17:42:55.284+0000] {dag.py:2742} INFO - Sync 2 DAGs
[2023-08-10T17:42:55.377+0000] {logging_mixin.py:150} INFO - [2023-08-10T17:42:55.377+0000] {dag.py:3508} INFO - Setting next_dagrun for example_external_task_marker_child to None, run_after=None
[2023-08-10T17:42:55.385+0000] {logging_mixin.py:150} INFO - [2023-08-10T17:42:55.385+0000] {dag.py:3508} INFO - Setting next_dagrun for example_external_task_marker_parent to None, run_after=None
[2023-08-10T17:42:55.484+0000] {processor.py:179} INFO - Processing /home/airflow/.local/lib/python3.7/site-packages/airflow/example_dags/example_external_task_marker_dag.py took 0.764 seconds
[2023-08-10T17:43:25.829+0000] {processor.py:157} INFO - Started process (PID=254) to work on /home/airflow/.local/lib/python3.7/site-packages/airflow/example_dags/example_external_task_marker_dag.py
[2023-08-10T17:43:25.832+0000] {processor.py:826} INFO - Processing file /home/airflow/.local/lib/python3.7/site-packages/airflow/example_dags/example_external_task_marker_dag.py for tasks to queue
[2023-08-10T17:43:25.836+0000] {logging_mixin.py:150} INFO - [2023-08-10T17:43:25.835+0000] {dagbag.py:541} INFO - Filling up the DagBag from /home/airflow/.local/lib/python3.7/site-packages/airflow/example_dags/example_external_task_marker_dag.py
[2023-08-10T17:43:25.852+0000] {processor.py:836} INFO - DAG(s) dict_keys(['example_external_task_marker_child', 'example_external_task_marker_parent']) retrieved from /home/airflow/.local/lib/python3.7/site-packages/airflow/example_dags/example_external_task_marker_dag.py
[2023-08-10T17:43:26.042+0000] {logging_mixin.py:150} INFO - [2023-08-10T17:43:26.042+0000] {dag.py:2742} INFO - Sync 2 DAGs
[2023-08-10T17:43:26.127+0000] {logging_mixin.py:150} INFO - [2023-08-10T17:43:26.126+0000] {dag.py:3508} INFO - Setting next_dagrun for example_external_task_marker_child to None, run_after=None
[2023-08-10T17:43:26.133+0000] {logging_mixin.py:150} INFO - [2023-08-10T17:43:26.133+0000] {dag.py:3508} INFO - Setting next_dagrun for example_external_task_marker_parent to None, run_after=None
[2023-08-10T17:43:26.232+0000] {processor.py:179} INFO - Processing /home/airflow/.local/lib/python3.7/site-packages/airflow/example_dags/example_external_task_marker_dag.py took 0.419 seconds
[2023-08-10T17:43:56.757+0000] {processor.py:157} INFO - Started process (PID=312) to work on /home/airflow/.local/lib/python3.7/site-packages/airflow/example_dags/example_external_task_marker_dag.py
[2023-08-10T17:43:56.766+0000] {processor.py:826} INFO - Processing file /home/airflow/.local/lib/python3.7/site-packages/airflow/example_dags/example_external_task_marker_dag.py for tasks to queue
[2023-08-10T17:43:56.767+0000] {logging_mixin.py:150} INFO - [2023-08-10T17:43:56.767+0000] {dagbag.py:541} INFO - Filling up the DagBag from /home/airflow/.local/lib/python3.7/site-packages/airflow/example_dags/example_external_task_marker_dag.py
[2023-08-10T17:43:56.778+0000] {processor.py:836} INFO - DAG(s) dict_keys(['example_external_task_marker_child', 'example_external_task_marker_parent']) retrieved from /home/airflow/.local/lib/python3.7/site-packages/airflow/example_dags/example_external_task_marker_dag.py
[2023-08-10T17:43:56.871+0000] {logging_mixin.py:150} INFO - [2023-08-10T17:43:56.871+0000] {dag.py:2742} INFO - Sync 2 DAGs
[2023-08-10T17:43:56.949+0000] {logging_mixin.py:150} INFO - [2023-08-10T17:43:56.948+0000] {dag.py:3508} INFO - Setting next_dagrun for example_external_task_marker_child to None, run_after=None
[2023-08-10T17:43:56.957+0000] {logging_mixin.py:150} INFO - [2023-08-10T17:43:56.957+0000] {dag.py:3508} INFO - Setting next_dagrun for example_external_task_marker_parent to None, run_after=None
[2023-08-10T17:43:56.994+0000] {processor.py:179} INFO - Processing /home/airflow/.local/lib/python3.7/site-packages/airflow/example_dags/example_external_task_marker_dag.py took 0.244 seconds
[2023-08-10T17:44:27.170+0000] {processor.py:157} INFO - Started process (PID=370) to work on /home/airflow/.local/lib/python3.7/site-packages/airflow/example_dags/example_external_task_marker_dag.py
[2023-08-10T17:44:27.171+0000] {processor.py:826} INFO - Processing file /home/airflow/.local/lib/python3.7/site-packages/airflow/example_dags/example_external_task_marker_dag.py for tasks to queue
[2023-08-10T17:44:27.173+0000] {logging_mixin.py:150} INFO - [2023-08-10T17:44:27.172+0000] {dagbag.py:541} INFO - Filling up the DagBag from /home/airflow/.local/lib/python3.7/site-packages/airflow/example_dags/example_external_task_marker_dag.py
[2023-08-10T17:44:27.197+0000] {processor.py:836} INFO - DAG(s) dict_keys(['example_external_task_marker_parent', 'example_external_task_marker_child']) retrieved from /home/airflow/.local/lib/python3.7/site-packages/airflow/example_dags/example_external_task_marker_dag.py
[2023-08-10T17:44:27.267+0000] {logging_mixin.py:150} INFO - [2023-08-10T17:44:27.267+0000] {dag.py:2742} INFO - Sync 2 DAGs
[2023-08-10T17:44:27.324+0000] {logging_mixin.py:150} INFO - [2023-08-10T17:44:27.323+0000] {dag.py:3508} INFO - Setting next_dagrun for example_external_task_marker_child to None, run_after=None
[2023-08-10T17:44:27.333+0000] {logging_mixin.py:150} INFO - [2023-08-10T17:44:27.332+0000] {dag.py:3508} INFO - Setting next_dagrun for example_external_task_marker_parent to None, run_after=None
[2023-08-10T17:44:27.368+0000] {processor.py:179} INFO - Processing /home/airflow/.local/lib/python3.7/site-packages/airflow/example_dags/example_external_task_marker_dag.py took 0.205 seconds
[2023-08-10T17:44:57.415+0000] {processor.py:157} INFO - Started process (PID=428) to work on /home/airflow/.local/lib/python3.7/site-packages/airflow/example_dags/example_external_task_marker_dag.py
[2023-08-10T17:44:57.426+0000] {processor.py:826} INFO - Processing file /home/airflow/.local/lib/python3.7/site-packages/airflow/example_dags/example_external_task_marker_dag.py for tasks to queue
[2023-08-10T17:44:57.427+0000] {logging_mixin.py:150} INFO - [2023-08-10T17:44:57.427+0000] {dagbag.py:541} INFO - Filling up the DagBag from /home/airflow/.local/lib/python3.7/site-packages/airflow/example_dags/example_external_task_marker_dag.py
[2023-08-10T17:44:57.437+0000] {processor.py:836} INFO - DAG(s) dict_keys(['example_external_task_marker_parent', 'example_external_task_marker_child']) retrieved from /home/airflow/.local/lib/python3.7/site-packages/airflow/example_dags/example_external_task_marker_dag.py
[2023-08-10T17:44:57.517+0000] {logging_mixin.py:150} INFO - [2023-08-10T17:44:57.517+0000] {dag.py:2742} INFO - Sync 2 DAGs
[2023-08-10T17:44:57.607+0000] {logging_mixin.py:150} INFO - [2023-08-10T17:44:57.607+0000] {dag.py:3508} INFO - Setting next_dagrun for example_external_task_marker_child to None, run_after=None
[2023-08-10T17:44:57.616+0000] {logging_mixin.py:150} INFO - [2023-08-10T17:44:57.615+0000] {dag.py:3508} INFO - Setting next_dagrun for example_external_task_marker_parent to None, run_after=None
[2023-08-10T17:44:57.689+0000] {processor.py:179} INFO - Processing /home/airflow/.local/lib/python3.7/site-packages/airflow/example_dags/example_external_task_marker_dag.py took 0.279 seconds
[2023-08-10T17:45:28.580+0000] {processor.py:157} INFO - Started process (PID=486) to work on /home/airflow/.local/lib/python3.7/site-packages/airflow/example_dags/example_external_task_marker_dag.py
[2023-08-10T17:45:28.595+0000] {processor.py:826} INFO - Processing file /home/airflow/.local/lib/python3.7/site-packages/airflow/example_dags/example_external_task_marker_dag.py for tasks to queue
[2023-08-10T17:45:28.597+0000] {logging_mixin.py:150} INFO - [2023-08-10T17:45:28.596+0000] {dagbag.py:541} INFO - Filling up the DagBag from /home/airflow/.local/lib/python3.7/site-packages/airflow/example_dags/example_external_task_marker_dag.py
[2023-08-10T17:45:28.608+0000] {processor.py:836} INFO - DAG(s) dict_keys(['example_external_task_marker_parent', 'example_external_task_marker_child']) retrieved from /home/airflow/.local/lib/python3.7/site-packages/airflow/example_dags/example_external_task_marker_dag.py
[2023-08-10T17:45:28.664+0000] {logging_mixin.py:150} INFO - [2023-08-10T17:45:28.664+0000] {dag.py:2742} INFO - Sync 2 DAGs
[2023-08-10T17:45:28.725+0000] {logging_mixin.py:150} INFO - [2023-08-10T17:45:28.724+0000] {dag.py:3508} INFO - Setting next_dagrun for example_external_task_marker_child to None, run_after=None
[2023-08-10T17:45:28.735+0000] {logging_mixin.py:150} INFO - [2023-08-10T17:45:28.735+0000] {dag.py:3508} INFO - Setting next_dagrun for example_external_task_marker_parent to None, run_after=None
[2023-08-10T17:45:28.776+0000] {processor.py:179} INFO - Processing /home/airflow/.local/lib/python3.7/site-packages/airflow/example_dags/example_external_task_marker_dag.py took 0.202 seconds
[2023-08-10T17:45:59.366+0000] {processor.py:157} INFO - Started process (PID=539) to work on /home/airflow/.local/lib/python3.7/site-packages/airflow/example_dags/example_external_task_marker_dag.py
[2023-08-10T17:45:59.387+0000] {processor.py:826} INFO - Processing file /home/airflow/.local/lib/python3.7/site-packages/airflow/example_dags/example_external_task_marker_dag.py for tasks to queue
[2023-08-10T17:45:59.388+0000] {logging_mixin.py:150} INFO - [2023-08-10T17:45:59.388+0000] {dagbag.py:541} INFO - Filling up the DagBag from /home/airflow/.local/lib/python3.7/site-packages/airflow/example_dags/example_external_task_marker_dag.py
[2023-08-10T17:45:59.399+0000] {processor.py:836} INFO - DAG(s) dict_keys(['example_external_task_marker_parent', 'example_external_task_marker_child']) retrieved from /home/airflow/.local/lib/python3.7/site-packages/airflow/example_dags/example_external_task_marker_dag.py
[2023-08-10T17:45:59.466+0000] {logging_mixin.py:150} INFO - [2023-08-10T17:45:59.466+0000] {dag.py:2742} INFO - Sync 2 DAGs
[2023-08-10T17:45:59.529+0000] {logging_mixin.py:150} INFO - [2023-08-10T17:45:59.529+0000] {dag.py:3508} INFO - Setting next_dagrun for example_external_task_marker_child to None, run_after=None
[2023-08-10T17:45:59.539+0000] {logging_mixin.py:150} INFO - [2023-08-10T17:45:59.539+0000] {dag.py:3508} INFO - Setting next_dagrun for example_external_task_marker_parent to None, run_after=None
[2023-08-10T17:45:59.603+0000] {processor.py:179} INFO - Processing /home/airflow/.local/lib/python3.7/site-packages/airflow/example_dags/example_external_task_marker_dag.py took 0.242 seconds
[2023-08-10T17:46:30.234+0000] {processor.py:157} INFO - Started process (PID=597) to work on /home/airflow/.local/lib/python3.7/site-packages/airflow/example_dags/example_external_task_marker_dag.py
[2023-08-10T17:46:30.235+0000] {processor.py:826} INFO - Processing file /home/airflow/.local/lib/python3.7/site-packages/airflow/example_dags/example_external_task_marker_dag.py for tasks to queue
[2023-08-10T17:46:30.237+0000] {logging_mixin.py:150} INFO - [2023-08-10T17:46:30.237+0000] {dagbag.py:541} INFO - Filling up the DagBag from /home/airflow/.local/lib/python3.7/site-packages/airflow/example_dags/example_external_task_marker_dag.py
[2023-08-10T17:46:30.249+0000] {processor.py:836} INFO - DAG(s) dict_keys(['example_external_task_marker_parent', 'example_external_task_marker_child']) retrieved from /home/airflow/.local/lib/python3.7/site-packages/airflow/example_dags/example_external_task_marker_dag.py
[2023-08-10T17:46:30.320+0000] {logging_mixin.py:150} INFO - [2023-08-10T17:46:30.320+0000] {dag.py:2742} INFO - Sync 2 DAGs
[2023-08-10T17:46:30.388+0000] {logging_mixin.py:150} INFO - [2023-08-10T17:46:30.388+0000] {dag.py:3508} INFO - Setting next_dagrun for example_external_task_marker_child to None, run_after=None
[2023-08-10T17:46:30.397+0000] {logging_mixin.py:150} INFO - [2023-08-10T17:46:30.397+0000] {dag.py:3508} INFO - Setting next_dagrun for example_external_task_marker_parent to None, run_after=None
[2023-08-10T17:46:30.446+0000] {processor.py:179} INFO - Processing /home/airflow/.local/lib/python3.7/site-packages/airflow/example_dags/example_external_task_marker_dag.py took 0.219 seconds
[2023-08-10T17:47:02.651+0000] {processor.py:157} INFO - Started process (PID=656) to work on /home/airflow/.local/lib/python3.7/site-packages/airflow/example_dags/example_external_task_marker_dag.py
[2023-08-10T17:47:02.653+0000] {processor.py:826} INFO - Processing file /home/airflow/.local/lib/python3.7/site-packages/airflow/example_dags/example_external_task_marker_dag.py for tasks to queue
[2023-08-10T17:47:02.655+0000] {logging_mixin.py:150} INFO - [2023-08-10T17:47:02.654+0000] {dagbag.py:541} INFO - Filling up the DagBag from /home/airflow/.local/lib/python3.7/site-packages/airflow/example_dags/example_external_task_marker_dag.py
[2023-08-10T17:47:02.705+0000] {processor.py:836} INFO - DAG(s) dict_keys(['example_external_task_marker_child', 'example_external_task_marker_parent']) retrieved from /home/airflow/.local/lib/python3.7/site-packages/airflow/example_dags/example_external_task_marker_dag.py
[2023-08-10T17:47:02.857+0000] {logging_mixin.py:150} INFO - [2023-08-10T17:47:02.857+0000] {dag.py:2742} INFO - Sync 2 DAGs
[2023-08-10T17:47:03.035+0000] {logging_mixin.py:150} INFO - [2023-08-10T17:47:03.035+0000] {dag.py:3508} INFO - Setting next_dagrun for example_external_task_marker_child to None, run_after=None
[2023-08-10T17:47:03.059+0000] {logging_mixin.py:150} INFO - [2023-08-10T17:47:03.059+0000] {dag.py:3508} INFO - Setting next_dagrun for example_external_task_marker_parent to None, run_after=None
[2023-08-10T17:47:03.133+0000] {processor.py:179} INFO - Processing /home/airflow/.local/lib/python3.7/site-packages/airflow/example_dags/example_external_task_marker_dag.py took 0.489 seconds
[2023-08-10T17:47:33.897+0000] {processor.py:157} INFO - Started process (PID=721) to work on /home/airflow/.local/lib/python3.7/site-packages/airflow/example_dags/example_external_task_marker_dag.py
[2023-08-10T17:47:33.900+0000] {processor.py:826} INFO - Processing file /home/airflow/.local/lib/python3.7/site-packages/airflow/example_dags/example_external_task_marker_dag.py for tasks to queue
[2023-08-10T17:47:33.902+0000] {logging_mixin.py:150} INFO - [2023-08-10T17:47:33.901+0000] {dagbag.py:541} INFO - Filling up the DagBag from /home/airflow/.local/lib/python3.7/site-packages/airflow/example_dags/example_external_task_marker_dag.py
[2023-08-10T17:47:33.932+0000] {processor.py:836} INFO - DAG(s) dict_keys(['example_external_task_marker_parent', 'example_external_task_marker_child']) retrieved from /home/airflow/.local/lib/python3.7/site-packages/airflow/example_dags/example_external_task_marker_dag.py
[2023-08-10T17:47:34.046+0000] {logging_mixin.py:150} INFO - [2023-08-10T17:47:34.046+0000] {dag.py:2742} INFO - Sync 2 DAGs
[2023-08-10T17:47:34.141+0000] {logging_mixin.py:150} INFO - [2023-08-10T17:47:34.141+0000] {dag.py:3508} INFO - Setting next_dagrun for example_external_task_marker_child to None, run_after=None
[2023-08-10T17:47:34.149+0000] {logging_mixin.py:150} INFO - [2023-08-10T17:47:34.148+0000] {dag.py:3508} INFO - Setting next_dagrun for example_external_task_marker_parent to None, run_after=None
[2023-08-10T17:47:34.328+0000] {processor.py:179} INFO - Processing /home/airflow/.local/lib/python3.7/site-packages/airflow/example_dags/example_external_task_marker_dag.py took 0.436 seconds
[2023-08-10T17:48:04.669+0000] {processor.py:157} INFO - Started process (PID=779) to work on /home/airflow/.local/lib/python3.7/site-packages/airflow/example_dags/example_external_task_marker_dag.py
[2023-08-10T17:48:04.672+0000] {processor.py:826} INFO - Processing file /home/airflow/.local/lib/python3.7/site-packages/airflow/example_dags/example_external_task_marker_dag.py for tasks to queue
[2023-08-10T17:48:04.673+0000] {logging_mixin.py:150} INFO - [2023-08-10T17:48:04.673+0000] {dagbag.py:541} INFO - Filling up the DagBag from /home/airflow/.local/lib/python3.7/site-packages/airflow/example_dags/example_external_task_marker_dag.py
[2023-08-10T17:48:04.685+0000] {processor.py:836} INFO - DAG(s) dict_keys(['example_external_task_marker_child', 'example_external_task_marker_parent']) retrieved from /home/airflow/.local/lib/python3.7/site-packages/airflow/example_dags/example_external_task_marker_dag.py
[2023-08-10T17:48:04.767+0000] {logging_mixin.py:150} INFO - [2023-08-10T17:48:04.767+0000] {dag.py:2742} INFO - Sync 2 DAGs
[2023-08-10T17:48:04.867+0000] {logging_mixin.py:150} INFO - [2023-08-10T17:48:04.867+0000] {dag.py:3508} INFO - Setting next_dagrun for example_external_task_marker_child to None, run_after=None
[2023-08-10T17:48:04.890+0000] {logging_mixin.py:150} INFO - [2023-08-10T17:48:04.889+0000] {dag.py:3508} INFO - Setting next_dagrun for example_external_task_marker_parent to None, run_after=None
[2023-08-10T17:48:04.959+0000] {processor.py:179} INFO - Processing /home/airflow/.local/lib/python3.7/site-packages/airflow/example_dags/example_external_task_marker_dag.py took 0.301 seconds
[2023-08-10T17:48:35.838+0000] {processor.py:157} INFO - Started process (PID=836) to work on /home/airflow/.local/lib/python3.7/site-packages/airflow/example_dags/example_external_task_marker_dag.py
[2023-08-10T17:48:35.840+0000] {processor.py:826} INFO - Processing file /home/airflow/.local/lib/python3.7/site-packages/airflow/example_dags/example_external_task_marker_dag.py for tasks to queue
[2023-08-10T17:48:35.842+0000] {logging_mixin.py:150} INFO - [2023-08-10T17:48:35.841+0000] {dagbag.py:541} INFO - Filling up the DagBag from /home/airflow/.local/lib/python3.7/site-packages/airflow/example_dags/example_external_task_marker_dag.py
[2023-08-10T17:48:35.863+0000] {processor.py:836} INFO - DAG(s) dict_keys(['example_external_task_marker_parent', 'example_external_task_marker_child']) retrieved from /home/airflow/.local/lib/python3.7/site-packages/airflow/example_dags/example_external_task_marker_dag.py
[2023-08-10T17:48:35.988+0000] {logging_mixin.py:150} INFO - [2023-08-10T17:48:35.988+0000] {dag.py:2742} INFO - Sync 2 DAGs
[2023-08-10T17:48:36.097+0000] {logging_mixin.py:150} INFO - [2023-08-10T17:48:36.096+0000] {dag.py:3508} INFO - Setting next_dagrun for example_external_task_marker_child to None, run_after=None
[2023-08-10T17:48:36.113+0000] {logging_mixin.py:150} INFO - [2023-08-10T17:48:36.112+0000] {dag.py:3508} INFO - Setting next_dagrun for example_external_task_marker_parent to None, run_after=None
[2023-08-10T17:48:36.196+0000] {processor.py:179} INFO - Processing /home/airflow/.local/lib/python3.7/site-packages/airflow/example_dags/example_external_task_marker_dag.py took 0.373 seconds
[2023-08-10T17:49:06.261+0000] {processor.py:157} INFO - Started process (PID=894) to work on /home/airflow/.local/lib/python3.7/site-packages/airflow/example_dags/example_external_task_marker_dag.py
[2023-08-10T17:49:06.273+0000] {processor.py:826} INFO - Processing file /home/airflow/.local/lib/python3.7/site-packages/airflow/example_dags/example_external_task_marker_dag.py for tasks to queue
[2023-08-10T17:49:06.275+0000] {logging_mixin.py:150} INFO - [2023-08-10T17:49:06.274+0000] {dagbag.py:541} INFO - Filling up the DagBag from /home/airflow/.local/lib/python3.7/site-packages/airflow/example_dags/example_external_task_marker_dag.py
[2023-08-10T17:49:06.288+0000] {processor.py:836} INFO - DAG(s) dict_keys(['example_external_task_marker_parent', 'example_external_task_marker_child']) retrieved from /home/airflow/.local/lib/python3.7/site-packages/airflow/example_dags/example_external_task_marker_dag.py
[2023-08-10T17:49:06.392+0000] {logging_mixin.py:150} INFO - [2023-08-10T17:49:06.392+0000] {dag.py:2742} INFO - Sync 2 DAGs
[2023-08-10T17:49:06.487+0000] {logging_mixin.py:150} INFO - [2023-08-10T17:49:06.487+0000] {dag.py:3508} INFO - Setting next_dagrun for example_external_task_marker_child to None, run_after=None
[2023-08-10T17:49:06.501+0000] {logging_mixin.py:150} INFO - [2023-08-10T17:49:06.500+0000] {dag.py:3508} INFO - Setting next_dagrun for example_external_task_marker_parent to None, run_after=None
[2023-08-10T17:49:06.575+0000] {processor.py:179} INFO - Processing /home/airflow/.local/lib/python3.7/site-packages/airflow/example_dags/example_external_task_marker_dag.py took 0.324 seconds
[2023-08-10T17:49:37.178+0000] {processor.py:157} INFO - Started process (PID=952) to work on /home/airflow/.local/lib/python3.7/site-packages/airflow/example_dags/example_external_task_marker_dag.py
[2023-08-10T17:49:37.195+0000] {processor.py:826} INFO - Processing file /home/airflow/.local/lib/python3.7/site-packages/airflow/example_dags/example_external_task_marker_dag.py for tasks to queue
[2023-08-10T17:49:37.196+0000] {logging_mixin.py:150} INFO - [2023-08-10T17:49:37.196+0000] {dagbag.py:541} INFO - Filling up the DagBag from /home/airflow/.local/lib/python3.7/site-packages/airflow/example_dags/example_external_task_marker_dag.py
[2023-08-10T17:49:37.206+0000] {processor.py:836} INFO - DAG(s) dict_keys(['example_external_task_marker_child', 'example_external_task_marker_parent']) retrieved from /home/airflow/.local/lib/python3.7/site-packages/airflow/example_dags/example_external_task_marker_dag.py
[2023-08-10T17:49:37.245+0000] {logging_mixin.py:150} INFO - [2023-08-10T17:49:37.245+0000] {dag.py:2742} INFO - Sync 2 DAGs
[2023-08-10T17:49:37.299+0000] {logging_mixin.py:150} INFO - [2023-08-10T17:49:37.298+0000] {dag.py:3508} INFO - Setting next_dagrun for example_external_task_marker_child to None, run_after=None
[2023-08-10T17:49:37.307+0000] {logging_mixin.py:150} INFO - [2023-08-10T17:49:37.306+0000] {dag.py:3508} INFO - Setting next_dagrun for example_external_task_marker_parent to None, run_after=None
[2023-08-10T17:49:37.342+0000] {processor.py:179} INFO - Processing /home/airflow/.local/lib/python3.7/site-packages/airflow/example_dags/example_external_task_marker_dag.py took 0.168 seconds
[2023-08-10T17:50:07.832+0000] {processor.py:157} INFO - Started process (PID=1010) to work on /home/airflow/.local/lib/python3.7/site-packages/airflow/example_dags/example_external_task_marker_dag.py
[2023-08-10T17:50:07.833+0000] {processor.py:826} INFO - Processing file /home/airflow/.local/lib/python3.7/site-packages/airflow/example_dags/example_external_task_marker_dag.py for tasks to queue
[2023-08-10T17:50:07.834+0000] {logging_mixin.py:150} INFO - [2023-08-10T17:50:07.834+0000] {dagbag.py:541} INFO - Filling up the DagBag from /home/airflow/.local/lib/python3.7/site-packages/airflow/example_dags/example_external_task_marker_dag.py
[2023-08-10T17:50:07.844+0000] {processor.py:836} INFO - DAG(s) dict_keys(['example_external_task_marker_child', 'example_external_task_marker_parent']) retrieved from /home/airflow/.local/lib/python3.7/site-packages/airflow/example_dags/example_external_task_marker_dag.py
[2023-08-10T17:50:07.901+0000] {logging_mixin.py:150} INFO - [2023-08-10T17:50:07.901+0000] {dag.py:2742} INFO - Sync 2 DAGs
[2023-08-10T17:50:07.972+0000] {logging_mixin.py:150} INFO - [2023-08-10T17:50:07.972+0000] {dag.py:3508} INFO - Setting next_dagrun for example_external_task_marker_child to None, run_after=None
[2023-08-10T17:50:07.980+0000] {logging_mixin.py:150} INFO - [2023-08-10T17:50:07.979+0000] {dag.py:3508} INFO - Setting next_dagrun for example_external_task_marker_parent to None, run_after=None
[2023-08-10T17:50:08.029+0000] {processor.py:179} INFO - Processing /home/airflow/.local/lib/python3.7/site-packages/airflow/example_dags/example_external_task_marker_dag.py took 0.201 seconds
[2023-08-10T17:50:38.183+0000] {processor.py:157} INFO - Started process (PID=1067) to work on /home/airflow/.local/lib/python3.7/site-packages/airflow/example_dags/example_external_task_marker_dag.py
[2023-08-10T17:50:38.185+0000] {processor.py:826} INFO - Processing file /home/airflow/.local/lib/python3.7/site-packages/airflow/example_dags/example_external_task_marker_dag.py for tasks to queue
[2023-08-10T17:50:38.187+0000] {logging_mixin.py:150} INFO - [2023-08-10T17:50:38.186+0000] {dagbag.py:541} INFO - Filling up the DagBag from /home/airflow/.local/lib/python3.7/site-packages/airflow/example_dags/example_external_task_marker_dag.py
[2023-08-10T17:50:38.207+0000] {processor.py:836} INFO - DAG(s) dict_keys(['example_external_task_marker_parent', 'example_external_task_marker_child']) retrieved from /home/airflow/.local/lib/python3.7/site-packages/airflow/example_dags/example_external_task_marker_dag.py
[2023-08-10T17:50:38.280+0000] {logging_mixin.py:150} INFO - [2023-08-10T17:50:38.280+0000] {dag.py:2742} INFO - Sync 2 DAGs
[2023-08-10T17:50:38.368+0000] {logging_mixin.py:150} INFO - [2023-08-10T17:50:38.367+0000] {dag.py:3508} INFO - Setting next_dagrun for example_external_task_marker_child to None, run_after=None
[2023-08-10T17:50:38.378+0000] {logging_mixin.py:150} INFO - [2023-08-10T17:50:38.378+0000] {dag.py:3508} INFO - Setting next_dagrun for example_external_task_marker_parent to None, run_after=None
[2023-08-10T17:50:38.428+0000] {processor.py:179} INFO - Processing /home/airflow/.local/lib/python3.7/site-packages/airflow/example_dags/example_external_task_marker_dag.py took 0.252 seconds
