[2023-08-10T17:41:55.058+0000] {processor.py:157} INFO - Started process (PID=87) to work on /home/airflow/.local/lib/python3.7/site-packages/airflow/example_dags/example_params_trigger_ui.py
[2023-08-10T17:41:55.059+0000] {processor.py:826} INFO - Processing file /home/airflow/.local/lib/python3.7/site-packages/airflow/example_dags/example_params_trigger_ui.py for tasks to queue
[2023-08-10T17:41:55.061+0000] {logging_mixin.py:150} INFO - [2023-08-10T17:41:55.060+0000] {dagbag.py:541} INFO - Filling up the DagBag from /home/airflow/.local/lib/python3.7/site-packages/airflow/example_dags/example_params_trigger_ui.py
[2023-08-10T17:41:55.146+0000] {processor.py:836} INFO - DAG(s) dict_keys(['example_params_trigger_ui']) retrieved from /home/airflow/.local/lib/python3.7/site-packages/airflow/example_dags/example_params_trigger_ui.py
[2023-08-10T17:41:55.755+0000] {logging_mixin.py:150} INFO - [2023-08-10T17:41:55.754+0000] {manager.py:504} INFO - Created Permission View: can edit on DAG:example_params_trigger_ui
[2023-08-10T17:41:55.792+0000] {logging_mixin.py:150} INFO - [2023-08-10T17:41:55.792+0000] {manager.py:504} INFO - Created Permission View: can delete on DAG:example_params_trigger_ui
[2023-08-10T17:41:55.812+0000] {logging_mixin.py:150} INFO - [2023-08-10T17:41:55.812+0000] {manager.py:504} INFO - Created Permission View: can read on DAG:example_params_trigger_ui
[2023-08-10T17:41:55.854+0000] {logging_mixin.py:150} INFO - [2023-08-10T17:41:55.854+0000] {dag.py:2742} INFO - Sync 1 DAGs
[2023-08-10T17:41:55.947+0000] {logging_mixin.py:150} INFO - [2023-08-10T17:41:55.946+0000] {dag.py:2763} INFO - Creating ORM DAG for example_params_trigger_ui
[2023-08-10T17:41:55.998+0000] {logging_mixin.py:150} INFO - [2023-08-10T17:41:55.998+0000] {dag.py:3508} INFO - Setting next_dagrun for example_params_trigger_ui to None, run_after=None
[2023-08-10T17:41:56.071+0000] {processor.py:179} INFO - Processing /home/airflow/.local/lib/python3.7/site-packages/airflow/example_dags/example_params_trigger_ui.py took 1.019 seconds
[2023-08-10T17:42:30.759+0000] {processor.py:157} INFO - Started process (PID=153) to work on /home/airflow/.local/lib/python3.7/site-packages/airflow/example_dags/example_params_trigger_ui.py
[2023-08-10T17:42:30.762+0000] {processor.py:826} INFO - Processing file /home/airflow/.local/lib/python3.7/site-packages/airflow/example_dags/example_params_trigger_ui.py for tasks to queue
[2023-08-10T17:42:30.768+0000] {logging_mixin.py:150} INFO - [2023-08-10T17:42:30.768+0000] {dagbag.py:541} INFO - Filling up the DagBag from /home/airflow/.local/lib/python3.7/site-packages/airflow/example_dags/example_params_trigger_ui.py
[2023-08-10T17:42:30.880+0000] {processor.py:836} INFO - DAG(s) dict_keys(['example_params_trigger_ui']) retrieved from /home/airflow/.local/lib/python3.7/site-packages/airflow/example_dags/example_params_trigger_ui.py
[2023-08-10T17:42:31.279+0000] {logging_mixin.py:150} INFO - [2023-08-10T17:42:31.278+0000] {dag.py:2742} INFO - Sync 1 DAGs
[2023-08-10T17:42:31.507+0000] {logging_mixin.py:150} INFO - [2023-08-10T17:42:31.506+0000] {dag.py:3508} INFO - Setting next_dagrun for example_params_trigger_ui to None, run_after=None
[2023-08-10T17:42:31.622+0000] {processor.py:179} INFO - Processing /home/airflow/.local/lib/python3.7/site-packages/airflow/example_dags/example_params_trigger_ui.py took 0.869 seconds
[2023-08-10T17:43:02.753+0000] {processor.py:157} INFO - Started process (PID=215) to work on /home/airflow/.local/lib/python3.7/site-packages/airflow/example_dags/example_params_trigger_ui.py
[2023-08-10T17:43:02.754+0000] {processor.py:826} INFO - Processing file /home/airflow/.local/lib/python3.7/site-packages/airflow/example_dags/example_params_trigger_ui.py for tasks to queue
[2023-08-10T17:43:02.756+0000] {logging_mixin.py:150} INFO - [2023-08-10T17:43:02.755+0000] {dagbag.py:541} INFO - Filling up the DagBag from /home/airflow/.local/lib/python3.7/site-packages/airflow/example_dags/example_params_trigger_ui.py
[2023-08-10T17:43:02.852+0000] {processor.py:836} INFO - DAG(s) dict_keys(['example_params_trigger_ui']) retrieved from /home/airflow/.local/lib/python3.7/site-packages/airflow/example_dags/example_params_trigger_ui.py
[2023-08-10T17:43:03.213+0000] {logging_mixin.py:150} INFO - [2023-08-10T17:43:03.212+0000] {dag.py:2742} INFO - Sync 1 DAGs
[2023-08-10T17:43:03.393+0000] {logging_mixin.py:150} INFO - [2023-08-10T17:43:03.393+0000] {dag.py:3508} INFO - Setting next_dagrun for example_params_trigger_ui to None, run_after=None
[2023-08-10T17:43:03.544+0000] {processor.py:179} INFO - Processing /home/airflow/.local/lib/python3.7/site-packages/airflow/example_dags/example_params_trigger_ui.py took 0.792 seconds
[2023-08-10T17:43:34.784+0000] {processor.py:157} INFO - Started process (PID=274) to work on /home/airflow/.local/lib/python3.7/site-packages/airflow/example_dags/example_params_trigger_ui.py
[2023-08-10T17:43:34.785+0000] {processor.py:826} INFO - Processing file /home/airflow/.local/lib/python3.7/site-packages/airflow/example_dags/example_params_trigger_ui.py for tasks to queue
[2023-08-10T17:43:34.786+0000] {logging_mixin.py:150} INFO - [2023-08-10T17:43:34.786+0000] {dagbag.py:541} INFO - Filling up the DagBag from /home/airflow/.local/lib/python3.7/site-packages/airflow/example_dags/example_params_trigger_ui.py
[2023-08-10T17:43:34.820+0000] {processor.py:836} INFO - DAG(s) dict_keys(['example_params_trigger_ui']) retrieved from /home/airflow/.local/lib/python3.7/site-packages/airflow/example_dags/example_params_trigger_ui.py
[2023-08-10T17:43:35.007+0000] {logging_mixin.py:150} INFO - [2023-08-10T17:43:35.006+0000] {dag.py:2742} INFO - Sync 1 DAGs
[2023-08-10T17:43:35.050+0000] {logging_mixin.py:150} INFO - [2023-08-10T17:43:35.049+0000] {dag.py:3508} INFO - Setting next_dagrun for example_params_trigger_ui to None, run_after=None
[2023-08-10T17:43:35.227+0000] {processor.py:179} INFO - Processing /home/airflow/.local/lib/python3.7/site-packages/airflow/example_dags/example_params_trigger_ui.py took 0.447 seconds
[2023-08-10T17:44:05.881+0000] {processor.py:157} INFO - Started process (PID=333) to work on /home/airflow/.local/lib/python3.7/site-packages/airflow/example_dags/example_params_trigger_ui.py
[2023-08-10T17:44:05.882+0000] {processor.py:826} INFO - Processing file /home/airflow/.local/lib/python3.7/site-packages/airflow/example_dags/example_params_trigger_ui.py for tasks to queue
[2023-08-10T17:44:05.884+0000] {logging_mixin.py:150} INFO - [2023-08-10T17:44:05.884+0000] {dagbag.py:541} INFO - Filling up the DagBag from /home/airflow/.local/lib/python3.7/site-packages/airflow/example_dags/example_params_trigger_ui.py
[2023-08-10T17:44:05.933+0000] {processor.py:836} INFO - DAG(s) dict_keys(['example_params_trigger_ui']) retrieved from /home/airflow/.local/lib/python3.7/site-packages/airflow/example_dags/example_params_trigger_ui.py
[2023-08-10T17:44:06.134+0000] {logging_mixin.py:150} INFO - [2023-08-10T17:44:06.134+0000] {dag.py:2742} INFO - Sync 1 DAGs
[2023-08-10T17:44:06.175+0000] {logging_mixin.py:150} INFO - [2023-08-10T17:44:06.175+0000] {dag.py:3508} INFO - Setting next_dagrun for example_params_trigger_ui to None, run_after=None
[2023-08-10T17:44:06.210+0000] {processor.py:179} INFO - Processing /home/airflow/.local/lib/python3.7/site-packages/airflow/example_dags/example_params_trigger_ui.py took 0.335 seconds
[2023-08-10T17:44:36.306+0000] {processor.py:157} INFO - Started process (PID=391) to work on /home/airflow/.local/lib/python3.7/site-packages/airflow/example_dags/example_params_trigger_ui.py
[2023-08-10T17:44:36.307+0000] {processor.py:826} INFO - Processing file /home/airflow/.local/lib/python3.7/site-packages/airflow/example_dags/example_params_trigger_ui.py for tasks to queue
[2023-08-10T17:44:36.308+0000] {logging_mixin.py:150} INFO - [2023-08-10T17:44:36.307+0000] {dagbag.py:541} INFO - Filling up the DagBag from /home/airflow/.local/lib/python3.7/site-packages/airflow/example_dags/example_params_trigger_ui.py
[2023-08-10T17:44:36.339+0000] {processor.py:836} INFO - DAG(s) dict_keys(['example_params_trigger_ui']) retrieved from /home/airflow/.local/lib/python3.7/site-packages/airflow/example_dags/example_params_trigger_ui.py
[2023-08-10T17:44:36.515+0000] {logging_mixin.py:150} INFO - [2023-08-10T17:44:36.515+0000] {dag.py:2742} INFO - Sync 1 DAGs
[2023-08-10T17:44:36.560+0000] {logging_mixin.py:150} INFO - [2023-08-10T17:44:36.559+0000] {dag.py:3508} INFO - Setting next_dagrun for example_params_trigger_ui to None, run_after=None
[2023-08-10T17:44:36.595+0000] {processor.py:179} INFO - Processing /home/airflow/.local/lib/python3.7/site-packages/airflow/example_dags/example_params_trigger_ui.py took 0.294 seconds
[2023-08-10T17:45:06.774+0000] {processor.py:157} INFO - Started process (PID=449) to work on /home/airflow/.local/lib/python3.7/site-packages/airflow/example_dags/example_params_trigger_ui.py
[2023-08-10T17:45:06.788+0000] {processor.py:826} INFO - Processing file /home/airflow/.local/lib/python3.7/site-packages/airflow/example_dags/example_params_trigger_ui.py for tasks to queue
[2023-08-10T17:45:06.790+0000] {logging_mixin.py:150} INFO - [2023-08-10T17:45:06.789+0000] {dagbag.py:541} INFO - Filling up the DagBag from /home/airflow/.local/lib/python3.7/site-packages/airflow/example_dags/example_params_trigger_ui.py
[2023-08-10T17:45:06.834+0000] {processor.py:836} INFO - DAG(s) dict_keys(['example_params_trigger_ui']) retrieved from /home/airflow/.local/lib/python3.7/site-packages/airflow/example_dags/example_params_trigger_ui.py
[2023-08-10T17:45:07.068+0000] {logging_mixin.py:150} INFO - [2023-08-10T17:45:07.067+0000] {dag.py:2742} INFO - Sync 1 DAGs
[2023-08-10T17:45:07.144+0000] {logging_mixin.py:150} INFO - [2023-08-10T17:45:07.144+0000] {dag.py:3508} INFO - Setting next_dagrun for example_params_trigger_ui to None, run_after=None
[2023-08-10T17:45:07.225+0000] {processor.py:179} INFO - Processing /home/airflow/.local/lib/python3.7/site-packages/airflow/example_dags/example_params_trigger_ui.py took 0.457 seconds
[2023-08-10T17:45:37.262+0000] {processor.py:157} INFO - Started process (PID=507) to work on /home/airflow/.local/lib/python3.7/site-packages/airflow/example_dags/example_params_trigger_ui.py
[2023-08-10T17:45:37.263+0000] {processor.py:826} INFO - Processing file /home/airflow/.local/lib/python3.7/site-packages/airflow/example_dags/example_params_trigger_ui.py for tasks to queue
[2023-08-10T17:45:37.264+0000] {logging_mixin.py:150} INFO - [2023-08-10T17:45:37.264+0000] {dagbag.py:541} INFO - Filling up the DagBag from /home/airflow/.local/lib/python3.7/site-packages/airflow/example_dags/example_params_trigger_ui.py
[2023-08-10T17:45:37.299+0000] {processor.py:836} INFO - DAG(s) dict_keys(['example_params_trigger_ui']) retrieved from /home/airflow/.local/lib/python3.7/site-packages/airflow/example_dags/example_params_trigger_ui.py
[2023-08-10T17:45:37.491+0000] {logging_mixin.py:150} INFO - [2023-08-10T17:45:37.491+0000] {dag.py:2742} INFO - Sync 1 DAGs
[2023-08-10T17:45:37.539+0000] {logging_mixin.py:150} INFO - [2023-08-10T17:45:37.538+0000] {dag.py:3508} INFO - Setting next_dagrun for example_params_trigger_ui to None, run_after=None
[2023-08-10T17:45:37.586+0000] {processor.py:179} INFO - Processing /home/airflow/.local/lib/python3.7/site-packages/airflow/example_dags/example_params_trigger_ui.py took 0.329 seconds
[2023-08-10T17:46:08.158+0000] {processor.py:157} INFO - Started process (PID=565) to work on /home/airflow/.local/lib/python3.7/site-packages/airflow/example_dags/example_params_trigger_ui.py
[2023-08-10T17:46:08.179+0000] {processor.py:826} INFO - Processing file /home/airflow/.local/lib/python3.7/site-packages/airflow/example_dags/example_params_trigger_ui.py for tasks to queue
[2023-08-10T17:46:08.180+0000] {logging_mixin.py:150} INFO - [2023-08-10T17:46:08.180+0000] {dagbag.py:541} INFO - Filling up the DagBag from /home/airflow/.local/lib/python3.7/site-packages/airflow/example_dags/example_params_trigger_ui.py
[2023-08-10T17:46:08.223+0000] {processor.py:836} INFO - DAG(s) dict_keys(['example_params_trigger_ui']) retrieved from /home/airflow/.local/lib/python3.7/site-packages/airflow/example_dags/example_params_trigger_ui.py
[2023-08-10T17:46:08.434+0000] {logging_mixin.py:150} INFO - [2023-08-10T17:46:08.434+0000] {dag.py:2742} INFO - Sync 1 DAGs
[2023-08-10T17:46:08.494+0000] {logging_mixin.py:150} INFO - [2023-08-10T17:46:08.494+0000] {dag.py:3508} INFO - Setting next_dagrun for example_params_trigger_ui to None, run_after=None
[2023-08-10T17:46:08.564+0000] {processor.py:179} INFO - Processing /home/airflow/.local/lib/python3.7/site-packages/airflow/example_dags/example_params_trigger_ui.py took 0.411 seconds
[2023-08-10T17:46:38.676+0000] {processor.py:157} INFO - Started process (PID=624) to work on /home/airflow/.local/lib/python3.7/site-packages/airflow/example_dags/example_params_trigger_ui.py
[2023-08-10T17:46:38.680+0000] {processor.py:826} INFO - Processing file /home/airflow/.local/lib/python3.7/site-packages/airflow/example_dags/example_params_trigger_ui.py for tasks to queue
[2023-08-10T17:46:38.683+0000] {logging_mixin.py:150} INFO - [2023-08-10T17:46:38.683+0000] {dagbag.py:541} INFO - Filling up the DagBag from /home/airflow/.local/lib/python3.7/site-packages/airflow/example_dags/example_params_trigger_ui.py
[2023-08-10T17:46:38.752+0000] {processor.py:836} INFO - DAG(s) dict_keys(['example_params_trigger_ui']) retrieved from /home/airflow/.local/lib/python3.7/site-packages/airflow/example_dags/example_params_trigger_ui.py
[2023-08-10T17:46:39.123+0000] {logging_mixin.py:150} INFO - [2023-08-10T17:46:39.123+0000] {dag.py:2742} INFO - Sync 1 DAGs
[2023-08-10T17:46:39.183+0000] {logging_mixin.py:150} INFO - [2023-08-10T17:46:39.183+0000] {dag.py:3508} INFO - Setting next_dagrun for example_params_trigger_ui to None, run_after=None
[2023-08-10T17:46:39.233+0000] {processor.py:179} INFO - Processing /home/airflow/.local/lib/python3.7/site-packages/airflow/example_dags/example_params_trigger_ui.py took 0.562 seconds
[2023-08-10T17:47:09.638+0000] {processor.py:157} INFO - Started process (PID=682) to work on /home/airflow/.local/lib/python3.7/site-packages/airflow/example_dags/example_params_trigger_ui.py
[2023-08-10T17:47:09.664+0000] {processor.py:826} INFO - Processing file /home/airflow/.local/lib/python3.7/site-packages/airflow/example_dags/example_params_trigger_ui.py for tasks to queue
[2023-08-10T17:47:09.666+0000] {logging_mixin.py:150} INFO - [2023-08-10T17:47:09.665+0000] {dagbag.py:541} INFO - Filling up the DagBag from /home/airflow/.local/lib/python3.7/site-packages/airflow/example_dags/example_params_trigger_ui.py
[2023-08-10T17:47:09.733+0000] {processor.py:836} INFO - DAG(s) dict_keys(['example_params_trigger_ui']) retrieved from /home/airflow/.local/lib/python3.7/site-packages/airflow/example_dags/example_params_trigger_ui.py
[2023-08-10T17:47:10.093+0000] {logging_mixin.py:150} INFO - [2023-08-10T17:47:10.092+0000] {dag.py:2742} INFO - Sync 1 DAGs
[2023-08-10T17:47:10.182+0000] {logging_mixin.py:150} INFO - [2023-08-10T17:47:10.181+0000] {dag.py:3508} INFO - Setting next_dagrun for example_params_trigger_ui to None, run_after=None
[2023-08-10T17:47:10.251+0000] {processor.py:179} INFO - Processing /home/airflow/.local/lib/python3.7/site-packages/airflow/example_dags/example_params_trigger_ui.py took 0.625 seconds
[2023-08-10T17:47:40.553+0000] {processor.py:157} INFO - Started process (PID=740) to work on /home/airflow/.local/lib/python3.7/site-packages/airflow/example_dags/example_params_trigger_ui.py
[2023-08-10T17:47:40.567+0000] {processor.py:826} INFO - Processing file /home/airflow/.local/lib/python3.7/site-packages/airflow/example_dags/example_params_trigger_ui.py for tasks to queue
[2023-08-10T17:47:40.569+0000] {logging_mixin.py:150} INFO - [2023-08-10T17:47:40.568+0000] {dagbag.py:541} INFO - Filling up the DagBag from /home/airflow/.local/lib/python3.7/site-packages/airflow/example_dags/example_params_trigger_ui.py
[2023-08-10T17:47:40.673+0000] {processor.py:836} INFO - DAG(s) dict_keys(['example_params_trigger_ui']) retrieved from /home/airflow/.local/lib/python3.7/site-packages/airflow/example_dags/example_params_trigger_ui.py
[2023-08-10T17:47:41.051+0000] {logging_mixin.py:150} INFO - [2023-08-10T17:47:41.051+0000] {dag.py:2742} INFO - Sync 1 DAGs
[2023-08-10T17:47:41.191+0000] {logging_mixin.py:150} INFO - [2023-08-10T17:47:41.190+0000] {dag.py:3508} INFO - Setting next_dagrun for example_params_trigger_ui to None, run_after=None
[2023-08-10T17:47:41.268+0000] {processor.py:179} INFO - Processing /home/airflow/.local/lib/python3.7/site-packages/airflow/example_dags/example_params_trigger_ui.py took 0.730 seconds
[2023-08-10T17:48:12.204+0000] {processor.py:157} INFO - Started process (PID=798) to work on /home/airflow/.local/lib/python3.7/site-packages/airflow/example_dags/example_params_trigger_ui.py
[2023-08-10T17:48:12.209+0000] {processor.py:826} INFO - Processing file /home/airflow/.local/lib/python3.7/site-packages/airflow/example_dags/example_params_trigger_ui.py for tasks to queue
[2023-08-10T17:48:12.213+0000] {logging_mixin.py:150} INFO - [2023-08-10T17:48:12.212+0000] {dagbag.py:541} INFO - Filling up the DagBag from /home/airflow/.local/lib/python3.7/site-packages/airflow/example_dags/example_params_trigger_ui.py
[2023-08-10T17:48:12.355+0000] {processor.py:836} INFO - DAG(s) dict_keys(['example_params_trigger_ui']) retrieved from /home/airflow/.local/lib/python3.7/site-packages/airflow/example_dags/example_params_trigger_ui.py
[2023-08-10T17:48:12.810+0000] {logging_mixin.py:150} INFO - [2023-08-10T17:48:12.809+0000] {dag.py:2742} INFO - Sync 1 DAGs
[2023-08-10T17:48:12.883+0000] {logging_mixin.py:150} INFO - [2023-08-10T17:48:12.883+0000] {dag.py:3508} INFO - Setting next_dagrun for example_params_trigger_ui to None, run_after=None
[2023-08-10T17:48:12.935+0000] {processor.py:179} INFO - Processing /home/airflow/.local/lib/python3.7/site-packages/airflow/example_dags/example_params_trigger_ui.py took 0.748 seconds
[2023-08-10T17:48:43.074+0000] {processor.py:157} INFO - Started process (PID=851) to work on /home/airflow/.local/lib/python3.7/site-packages/airflow/example_dags/example_params_trigger_ui.py
[2023-08-10T17:48:43.077+0000] {processor.py:826} INFO - Processing file /home/airflow/.local/lib/python3.7/site-packages/airflow/example_dags/example_params_trigger_ui.py for tasks to queue
[2023-08-10T17:48:43.085+0000] {logging_mixin.py:150} INFO - [2023-08-10T17:48:43.085+0000] {dagbag.py:541} INFO - Filling up the DagBag from /home/airflow/.local/lib/python3.7/site-packages/airflow/example_dags/example_params_trigger_ui.py
[2023-08-10T17:48:43.185+0000] {processor.py:836} INFO - DAG(s) dict_keys(['example_params_trigger_ui']) retrieved from /home/airflow/.local/lib/python3.7/site-packages/airflow/example_dags/example_params_trigger_ui.py
[2023-08-10T17:48:43.443+0000] {logging_mixin.py:150} INFO - [2023-08-10T17:48:43.442+0000] {dag.py:2742} INFO - Sync 1 DAGs
[2023-08-10T17:48:43.519+0000] {logging_mixin.py:150} INFO - [2023-08-10T17:48:43.519+0000] {dag.py:3508} INFO - Setting next_dagrun for example_params_trigger_ui to None, run_after=None
[2023-08-10T17:48:43.591+0000] {processor.py:179} INFO - Processing /home/airflow/.local/lib/python3.7/site-packages/airflow/example_dags/example_params_trigger_ui.py took 0.525 seconds
[2023-08-10T17:49:14.413+0000] {processor.py:157} INFO - Started process (PID=910) to work on /home/airflow/.local/lib/python3.7/site-packages/airflow/example_dags/example_params_trigger_ui.py
[2023-08-10T17:49:14.415+0000] {processor.py:826} INFO - Processing file /home/airflow/.local/lib/python3.7/site-packages/airflow/example_dags/example_params_trigger_ui.py for tasks to queue
[2023-08-10T17:49:14.417+0000] {logging_mixin.py:150} INFO - [2023-08-10T17:49:14.417+0000] {dagbag.py:541} INFO - Filling up the DagBag from /home/airflow/.local/lib/python3.7/site-packages/airflow/example_dags/example_params_trigger_ui.py
[2023-08-10T17:49:14.470+0000] {processor.py:836} INFO - DAG(s) dict_keys(['example_params_trigger_ui']) retrieved from /home/airflow/.local/lib/python3.7/site-packages/airflow/example_dags/example_params_trigger_ui.py
[2023-08-10T17:49:14.756+0000] {logging_mixin.py:150} INFO - [2023-08-10T17:49:14.756+0000] {dag.py:2742} INFO - Sync 1 DAGs
[2023-08-10T17:49:14.894+0000] {logging_mixin.py:150} INFO - [2023-08-10T17:49:14.893+0000] {dag.py:3508} INFO - Setting next_dagrun for example_params_trigger_ui to None, run_after=None
[2023-08-10T17:49:14.951+0000] {processor.py:179} INFO - Processing /home/airflow/.local/lib/python3.7/site-packages/airflow/example_dags/example_params_trigger_ui.py took 0.543 seconds
[2023-08-10T17:49:46.269+0000] {processor.py:157} INFO - Started process (PID=972) to work on /home/airflow/.local/lib/python3.7/site-packages/airflow/example_dags/example_params_trigger_ui.py
[2023-08-10T17:49:46.276+0000] {processor.py:826} INFO - Processing file /home/airflow/.local/lib/python3.7/site-packages/airflow/example_dags/example_params_trigger_ui.py for tasks to queue
[2023-08-10T17:49:46.287+0000] {logging_mixin.py:150} INFO - [2023-08-10T17:49:46.287+0000] {dagbag.py:541} INFO - Filling up the DagBag from /home/airflow/.local/lib/python3.7/site-packages/airflow/example_dags/example_params_trigger_ui.py
[2023-08-10T17:49:46.367+0000] {processor.py:836} INFO - DAG(s) dict_keys(['example_params_trigger_ui']) retrieved from /home/airflow/.local/lib/python3.7/site-packages/airflow/example_dags/example_params_trigger_ui.py
[2023-08-10T17:49:46.745+0000] {logging_mixin.py:150} INFO - [2023-08-10T17:49:46.744+0000] {dag.py:2742} INFO - Sync 1 DAGs
[2023-08-10T17:49:46.840+0000] {logging_mixin.py:150} INFO - [2023-08-10T17:49:46.840+0000] {dag.py:3508} INFO - Setting next_dagrun for example_params_trigger_ui to None, run_after=None
[2023-08-10T17:49:46.910+0000] {processor.py:179} INFO - Processing /home/airflow/.local/lib/python3.7/site-packages/airflow/example_dags/example_params_trigger_ui.py took 0.656 seconds
[2023-08-10T17:50:17.105+0000] {processor.py:157} INFO - Started process (PID=1031) to work on /home/airflow/.local/lib/python3.7/site-packages/airflow/example_dags/example_params_trigger_ui.py
[2023-08-10T17:50:17.107+0000] {processor.py:826} INFO - Processing file /home/airflow/.local/lib/python3.7/site-packages/airflow/example_dags/example_params_trigger_ui.py for tasks to queue
[2023-08-10T17:50:17.108+0000] {logging_mixin.py:150} INFO - [2023-08-10T17:50:17.108+0000] {dagbag.py:541} INFO - Filling up the DagBag from /home/airflow/.local/lib/python3.7/site-packages/airflow/example_dags/example_params_trigger_ui.py
[2023-08-10T17:50:17.159+0000] {processor.py:836} INFO - DAG(s) dict_keys(['example_params_trigger_ui']) retrieved from /home/airflow/.local/lib/python3.7/site-packages/airflow/example_dags/example_params_trigger_ui.py
[2023-08-10T17:50:17.416+0000] {logging_mixin.py:150} INFO - [2023-08-10T17:50:17.415+0000] {dag.py:2742} INFO - Sync 1 DAGs
[2023-08-10T17:50:17.475+0000] {logging_mixin.py:150} INFO - [2023-08-10T17:50:17.475+0000] {dag.py:3508} INFO - Setting next_dagrun for example_params_trigger_ui to None, run_after=None
[2023-08-10T17:50:17.582+0000] {processor.py:179} INFO - Processing /home/airflow/.local/lib/python3.7/site-packages/airflow/example_dags/example_params_trigger_ui.py took 0.482 seconds
