[2023-08-10T17:41:26.995+0000] {processor.py:157} INFO - Started process (PID=49) to work on /home/airflow/.local/lib/python3.7/site-packages/airflow/example_dags/example_params_ui_tutorial.py
[2023-08-10T17:41:27.010+0000] {processor.py:826} INFO - Processing file /home/airflow/.local/lib/python3.7/site-packages/airflow/example_dags/example_params_ui_tutorial.py for tasks to queue
[2023-08-10T17:41:27.013+0000] {logging_mixin.py:150} INFO - [2023-08-10T17:41:27.013+0000] {dagbag.py:541} INFO - Filling up the DagBag from /home/airflow/.local/lib/python3.7/site-packages/airflow/example_dags/example_params_ui_tutorial.py
[2023-08-10T17:41:27.740+0000] {processor.py:836} INFO - DAG(s) dict_keys(['example_params_ui_tutorial']) retrieved from /home/airflow/.local/lib/python3.7/site-packages/airflow/example_dags/example_params_ui_tutorial.py
[2023-08-10T17:41:29.000+0000] {logging_mixin.py:150} INFO - [2023-08-10T17:41:28.999+0000] {manager.py:504} INFO - Created Permission View: can edit on DAG:example_params_ui_tutorial
[2023-08-10T17:41:29.199+0000] {logging_mixin.py:150} INFO - [2023-08-10T17:41:29.198+0000] {manager.py:504} INFO - Created Permission View: can delete on DAG:example_params_ui_tutorial
[2023-08-10T17:41:29.242+0000] {logging_mixin.py:150} INFO - [2023-08-10T17:41:29.242+0000] {manager.py:504} INFO - Created Permission View: can read on DAG:example_params_ui_tutorial
[2023-08-10T17:41:29.323+0000] {logging_mixin.py:150} INFO - [2023-08-10T17:41:29.323+0000] {dag.py:2742} INFO - Sync 1 DAGs
[2023-08-10T17:41:29.362+0000] {logging_mixin.py:150} INFO - [2023-08-10T17:41:29.362+0000] {dag.py:2763} INFO - Creating ORM DAG for example_params_ui_tutorial
[2023-08-10T17:41:29.391+0000] {logging_mixin.py:150} INFO - [2023-08-10T17:41:29.390+0000] {dag.py:3508} INFO - Setting next_dagrun for example_params_ui_tutorial to None, run_after=None
[2023-08-10T17:41:29.534+0000] {processor.py:179} INFO - Processing /home/airflow/.local/lib/python3.7/site-packages/airflow/example_dags/example_params_ui_tutorial.py took 2.603 seconds
[2023-08-10T17:42:00.960+0000] {processor.py:157} INFO - Started process (PID=112) to work on /home/airflow/.local/lib/python3.7/site-packages/airflow/example_dags/example_params_ui_tutorial.py
[2023-08-10T17:42:00.970+0000] {processor.py:826} INFO - Processing file /home/airflow/.local/lib/python3.7/site-packages/airflow/example_dags/example_params_ui_tutorial.py for tasks to queue
[2023-08-10T17:42:00.971+0000] {logging_mixin.py:150} INFO - [2023-08-10T17:42:00.971+0000] {dagbag.py:541} INFO - Filling up the DagBag from /home/airflow/.local/lib/python3.7/site-packages/airflow/example_dags/example_params_ui_tutorial.py
[2023-08-10T17:42:01.127+0000] {processor.py:836} INFO - DAG(s) dict_keys(['example_params_ui_tutorial']) retrieved from /home/airflow/.local/lib/python3.7/site-packages/airflow/example_dags/example_params_ui_tutorial.py
[2023-08-10T17:42:01.346+0000] {logging_mixin.py:150} INFO - [2023-08-10T17:42:01.346+0000] {dag.py:2742} INFO - Sync 1 DAGs
[2023-08-10T17:42:01.418+0000] {logging_mixin.py:150} INFO - [2023-08-10T17:42:01.417+0000] {dag.py:3508} INFO - Setting next_dagrun for example_params_ui_tutorial to None, run_after=None
[2023-08-10T17:42:01.481+0000] {processor.py:179} INFO - Processing /home/airflow/.local/lib/python3.7/site-packages/airflow/example_dags/example_params_ui_tutorial.py took 0.537 seconds
[2023-08-10T17:42:34.097+0000] {processor.py:157} INFO - Started process (PID=165) to work on /home/airflow/.local/lib/python3.7/site-packages/airflow/example_dags/example_params_ui_tutorial.py
[2023-08-10T17:42:34.105+0000] {processor.py:826} INFO - Processing file /home/airflow/.local/lib/python3.7/site-packages/airflow/example_dags/example_params_ui_tutorial.py for tasks to queue
[2023-08-10T17:42:34.108+0000] {logging_mixin.py:150} INFO - [2023-08-10T17:42:34.106+0000] {dagbag.py:541} INFO - Filling up the DagBag from /home/airflow/.local/lib/python3.7/site-packages/airflow/example_dags/example_params_ui_tutorial.py
[2023-08-10T17:42:34.340+0000] {processor.py:836} INFO - DAG(s) dict_keys(['example_params_ui_tutorial']) retrieved from /home/airflow/.local/lib/python3.7/site-packages/airflow/example_dags/example_params_ui_tutorial.py
[2023-08-10T17:42:34.622+0000] {logging_mixin.py:150} INFO - [2023-08-10T17:42:34.622+0000] {dag.py:2742} INFO - Sync 1 DAGs
[2023-08-10T17:42:34.712+0000] {logging_mixin.py:150} INFO - [2023-08-10T17:42:34.711+0000] {dag.py:3508} INFO - Setting next_dagrun for example_params_ui_tutorial to None, run_after=None
[2023-08-10T17:42:34.936+0000] {processor.py:179} INFO - Processing /home/airflow/.local/lib/python3.7/site-packages/airflow/example_dags/example_params_ui_tutorial.py took 0.851 seconds
[2023-08-10T17:43:06.548+0000] {processor.py:157} INFO - Started process (PID=223) to work on /home/airflow/.local/lib/python3.7/site-packages/airflow/example_dags/example_params_ui_tutorial.py
[2023-08-10T17:43:06.561+0000] {processor.py:826} INFO - Processing file /home/airflow/.local/lib/python3.7/site-packages/airflow/example_dags/example_params_ui_tutorial.py for tasks to queue
[2023-08-10T17:43:06.563+0000] {logging_mixin.py:150} INFO - [2023-08-10T17:43:06.562+0000] {dagbag.py:541} INFO - Filling up the DagBag from /home/airflow/.local/lib/python3.7/site-packages/airflow/example_dags/example_params_ui_tutorial.py
[2023-08-10T17:43:06.806+0000] {processor.py:836} INFO - DAG(s) dict_keys(['example_params_ui_tutorial']) retrieved from /home/airflow/.local/lib/python3.7/site-packages/airflow/example_dags/example_params_ui_tutorial.py
[2023-08-10T17:43:07.195+0000] {logging_mixin.py:150} INFO - [2023-08-10T17:43:07.195+0000] {dag.py:2742} INFO - Sync 1 DAGs
[2023-08-10T17:43:07.399+0000] {logging_mixin.py:150} INFO - [2023-08-10T17:43:07.399+0000] {dag.py:3508} INFO - Setting next_dagrun for example_params_ui_tutorial to None, run_after=None
[2023-08-10T17:43:07.571+0000] {processor.py:179} INFO - Processing /home/airflow/.local/lib/python3.7/site-packages/airflow/example_dags/example_params_ui_tutorial.py took 1.031 seconds
[2023-08-10T17:43:37.976+0000] {processor.py:157} INFO - Started process (PID=281) to work on /home/airflow/.local/lib/python3.7/site-packages/airflow/example_dags/example_params_ui_tutorial.py
[2023-08-10T17:43:37.988+0000] {processor.py:826} INFO - Processing file /home/airflow/.local/lib/python3.7/site-packages/airflow/example_dags/example_params_ui_tutorial.py for tasks to queue
[2023-08-10T17:43:37.990+0000] {logging_mixin.py:150} INFO - [2023-08-10T17:43:37.989+0000] {dagbag.py:541} INFO - Filling up the DagBag from /home/airflow/.local/lib/python3.7/site-packages/airflow/example_dags/example_params_ui_tutorial.py
[2023-08-10T17:43:38.123+0000] {processor.py:836} INFO - DAG(s) dict_keys(['example_params_ui_tutorial']) retrieved from /home/airflow/.local/lib/python3.7/site-packages/airflow/example_dags/example_params_ui_tutorial.py
[2023-08-10T17:43:38.332+0000] {logging_mixin.py:150} INFO - [2023-08-10T17:43:38.331+0000] {dag.py:2742} INFO - Sync 1 DAGs
[2023-08-10T17:43:38.398+0000] {logging_mixin.py:150} INFO - [2023-08-10T17:43:38.397+0000] {dag.py:3508} INFO - Setting next_dagrun for example_params_ui_tutorial to None, run_after=None
[2023-08-10T17:43:38.445+0000] {processor.py:179} INFO - Processing /home/airflow/.local/lib/python3.7/site-packages/airflow/example_dags/example_params_ui_tutorial.py took 0.476 seconds
[2023-08-10T17:44:08.693+0000] {processor.py:157} INFO - Started process (PID=338) to work on /home/airflow/.local/lib/python3.7/site-packages/airflow/example_dags/example_params_ui_tutorial.py
[2023-08-10T17:44:08.702+0000] {processor.py:826} INFO - Processing file /home/airflow/.local/lib/python3.7/site-packages/airflow/example_dags/example_params_ui_tutorial.py for tasks to queue
[2023-08-10T17:44:08.704+0000] {logging_mixin.py:150} INFO - [2023-08-10T17:44:08.704+0000] {dagbag.py:541} INFO - Filling up the DagBag from /home/airflow/.local/lib/python3.7/site-packages/airflow/example_dags/example_params_ui_tutorial.py
[2023-08-10T17:44:08.811+0000] {processor.py:836} INFO - DAG(s) dict_keys(['example_params_ui_tutorial']) retrieved from /home/airflow/.local/lib/python3.7/site-packages/airflow/example_dags/example_params_ui_tutorial.py
[2023-08-10T17:44:09.003+0000] {logging_mixin.py:150} INFO - [2023-08-10T17:44:09.002+0000] {dag.py:2742} INFO - Sync 1 DAGs
[2023-08-10T17:44:09.058+0000] {logging_mixin.py:150} INFO - [2023-08-10T17:44:09.057+0000] {dag.py:3508} INFO - Setting next_dagrun for example_params_ui_tutorial to None, run_after=None
[2023-08-10T17:44:09.097+0000] {processor.py:179} INFO - Processing /home/airflow/.local/lib/python3.7/site-packages/airflow/example_dags/example_params_ui_tutorial.py took 0.410 seconds
[2023-08-10T17:44:40.081+0000] {processor.py:157} INFO - Started process (PID=397) to work on /home/airflow/.local/lib/python3.7/site-packages/airflow/example_dags/example_params_ui_tutorial.py
[2023-08-10T17:44:40.092+0000] {processor.py:826} INFO - Processing file /home/airflow/.local/lib/python3.7/site-packages/airflow/example_dags/example_params_ui_tutorial.py for tasks to queue
[2023-08-10T17:44:40.098+0000] {logging_mixin.py:150} INFO - [2023-08-10T17:44:40.098+0000] {dagbag.py:541} INFO - Filling up the DagBag from /home/airflow/.local/lib/python3.7/site-packages/airflow/example_dags/example_params_ui_tutorial.py
[2023-08-10T17:44:40.237+0000] {processor.py:836} INFO - DAG(s) dict_keys(['example_params_ui_tutorial']) retrieved from /home/airflow/.local/lib/python3.7/site-packages/airflow/example_dags/example_params_ui_tutorial.py
[2023-08-10T17:44:40.440+0000] {logging_mixin.py:150} INFO - [2023-08-10T17:44:40.439+0000] {dag.py:2742} INFO - Sync 1 DAGs
[2023-08-10T17:44:40.495+0000] {logging_mixin.py:150} INFO - [2023-08-10T17:44:40.495+0000] {dag.py:3508} INFO - Setting next_dagrun for example_params_ui_tutorial to None, run_after=None
[2023-08-10T17:44:40.535+0000] {processor.py:179} INFO - Processing /home/airflow/.local/lib/python3.7/site-packages/airflow/example_dags/example_params_ui_tutorial.py took 0.467 seconds
[2023-08-10T17:45:10.755+0000] {processor.py:157} INFO - Started process (PID=455) to work on /home/airflow/.local/lib/python3.7/site-packages/airflow/example_dags/example_params_ui_tutorial.py
[2023-08-10T17:45:10.758+0000] {processor.py:826} INFO - Processing file /home/airflow/.local/lib/python3.7/site-packages/airflow/example_dags/example_params_ui_tutorial.py for tasks to queue
[2023-08-10T17:45:10.760+0000] {logging_mixin.py:150} INFO - [2023-08-10T17:45:10.759+0000] {dagbag.py:541} INFO - Filling up the DagBag from /home/airflow/.local/lib/python3.7/site-packages/airflow/example_dags/example_params_ui_tutorial.py
[2023-08-10T17:45:10.870+0000] {processor.py:836} INFO - DAG(s) dict_keys(['example_params_ui_tutorial']) retrieved from /home/airflow/.local/lib/python3.7/site-packages/airflow/example_dags/example_params_ui_tutorial.py
[2023-08-10T17:45:11.068+0000] {logging_mixin.py:150} INFO - [2023-08-10T17:45:11.068+0000] {dag.py:2742} INFO - Sync 1 DAGs
[2023-08-10T17:45:11.176+0000] {logging_mixin.py:150} INFO - [2023-08-10T17:45:11.175+0000] {dag.py:3508} INFO - Setting next_dagrun for example_params_ui_tutorial to None, run_after=None
[2023-08-10T17:45:11.259+0000] {processor.py:179} INFO - Processing /home/airflow/.local/lib/python3.7/site-packages/airflow/example_dags/example_params_ui_tutorial.py took 0.517 seconds
[2023-08-10T17:45:42.126+0000] {processor.py:157} INFO - Started process (PID=514) to work on /home/airflow/.local/lib/python3.7/site-packages/airflow/example_dags/example_params_ui_tutorial.py
[2023-08-10T17:45:42.134+0000] {processor.py:826} INFO - Processing file /home/airflow/.local/lib/python3.7/site-packages/airflow/example_dags/example_params_ui_tutorial.py for tasks to queue
[2023-08-10T17:45:42.135+0000] {logging_mixin.py:150} INFO - [2023-08-10T17:45:42.135+0000] {dagbag.py:541} INFO - Filling up the DagBag from /home/airflow/.local/lib/python3.7/site-packages/airflow/example_dags/example_params_ui_tutorial.py
[2023-08-10T17:45:42.231+0000] {processor.py:836} INFO - DAG(s) dict_keys(['example_params_ui_tutorial']) retrieved from /home/airflow/.local/lib/python3.7/site-packages/airflow/example_dags/example_params_ui_tutorial.py
[2023-08-10T17:45:42.395+0000] {logging_mixin.py:150} INFO - [2023-08-10T17:45:42.394+0000] {dag.py:2742} INFO - Sync 1 DAGs
[2023-08-10T17:45:42.483+0000] {logging_mixin.py:150} INFO - [2023-08-10T17:45:42.483+0000] {dag.py:3508} INFO - Setting next_dagrun for example_params_ui_tutorial to None, run_after=None
[2023-08-10T17:45:42.527+0000] {processor.py:179} INFO - Processing /home/airflow/.local/lib/python3.7/site-packages/airflow/example_dags/example_params_ui_tutorial.py took 0.407 seconds
[2023-08-10T17:46:12.682+0000] {processor.py:157} INFO - Started process (PID=573) to work on /home/airflow/.local/lib/python3.7/site-packages/airflow/example_dags/example_params_ui_tutorial.py
[2023-08-10T17:46:12.684+0000] {processor.py:826} INFO - Processing file /home/airflow/.local/lib/python3.7/site-packages/airflow/example_dags/example_params_ui_tutorial.py for tasks to queue
[2023-08-10T17:46:12.685+0000] {logging_mixin.py:150} INFO - [2023-08-10T17:46:12.685+0000] {dagbag.py:541} INFO - Filling up the DagBag from /home/airflow/.local/lib/python3.7/site-packages/airflow/example_dags/example_params_ui_tutorial.py
[2023-08-10T17:46:12.780+0000] {processor.py:836} INFO - DAG(s) dict_keys(['example_params_ui_tutorial']) retrieved from /home/airflow/.local/lib/python3.7/site-packages/airflow/example_dags/example_params_ui_tutorial.py
[2023-08-10T17:46:13.016+0000] {logging_mixin.py:150} INFO - [2023-08-10T17:46:13.015+0000] {dag.py:2742} INFO - Sync 1 DAGs
[2023-08-10T17:46:13.072+0000] {logging_mixin.py:150} INFO - [2023-08-10T17:46:13.071+0000] {dag.py:3508} INFO - Setting next_dagrun for example_params_ui_tutorial to None, run_after=None
[2023-08-10T17:46:13.107+0000] {processor.py:179} INFO - Processing /home/airflow/.local/lib/python3.7/site-packages/airflow/example_dags/example_params_ui_tutorial.py took 0.430 seconds
[2023-08-10T17:46:43.573+0000] {processor.py:157} INFO - Started process (PID=633) to work on /home/airflow/.local/lib/python3.7/site-packages/airflow/example_dags/example_params_ui_tutorial.py
[2023-08-10T17:46:43.575+0000] {processor.py:826} INFO - Processing file /home/airflow/.local/lib/python3.7/site-packages/airflow/example_dags/example_params_ui_tutorial.py for tasks to queue
[2023-08-10T17:46:43.576+0000] {logging_mixin.py:150} INFO - [2023-08-10T17:46:43.576+0000] {dagbag.py:541} INFO - Filling up the DagBag from /home/airflow/.local/lib/python3.7/site-packages/airflow/example_dags/example_params_ui_tutorial.py
[2023-08-10T17:46:43.714+0000] {processor.py:836} INFO - DAG(s) dict_keys(['example_params_ui_tutorial']) retrieved from /home/airflow/.local/lib/python3.7/site-packages/airflow/example_dags/example_params_ui_tutorial.py
[2023-08-10T17:46:44.006+0000] {logging_mixin.py:150} INFO - [2023-08-10T17:46:44.004+0000] {dag.py:2742} INFO - Sync 1 DAGs
[2023-08-10T17:46:44.103+0000] {logging_mixin.py:150} INFO - [2023-08-10T17:46:44.102+0000] {dag.py:3508} INFO - Setting next_dagrun for example_params_ui_tutorial to None, run_after=None
[2023-08-10T17:46:44.190+0000] {processor.py:179} INFO - Processing /home/airflow/.local/lib/python3.7/site-packages/airflow/example_dags/example_params_ui_tutorial.py took 0.629 seconds
[2023-08-10T17:47:14.619+0000] {processor.py:157} INFO - Started process (PID=691) to work on /home/airflow/.local/lib/python3.7/site-packages/airflow/example_dags/example_params_ui_tutorial.py
[2023-08-10T17:47:14.622+0000] {processor.py:826} INFO - Processing file /home/airflow/.local/lib/python3.7/site-packages/airflow/example_dags/example_params_ui_tutorial.py for tasks to queue
[2023-08-10T17:47:14.624+0000] {logging_mixin.py:150} INFO - [2023-08-10T17:47:14.623+0000] {dagbag.py:541} INFO - Filling up the DagBag from /home/airflow/.local/lib/python3.7/site-packages/airflow/example_dags/example_params_ui_tutorial.py
[2023-08-10T17:47:14.753+0000] {processor.py:836} INFO - DAG(s) dict_keys(['example_params_ui_tutorial']) retrieved from /home/airflow/.local/lib/python3.7/site-packages/airflow/example_dags/example_params_ui_tutorial.py
[2023-08-10T17:47:15.075+0000] {logging_mixin.py:150} INFO - [2023-08-10T17:47:15.074+0000] {dag.py:2742} INFO - Sync 1 DAGs
[2023-08-10T17:47:15.167+0000] {logging_mixin.py:150} INFO - [2023-08-10T17:47:15.167+0000] {dag.py:3508} INFO - Setting next_dagrun for example_params_ui_tutorial to None, run_after=None
[2023-08-10T17:47:15.235+0000] {processor.py:179} INFO - Processing /home/airflow/.local/lib/python3.7/site-packages/airflow/example_dags/example_params_ui_tutorial.py took 0.624 seconds
[2023-08-10T17:47:45.357+0000] {processor.py:157} INFO - Started process (PID=749) to work on /home/airflow/.local/lib/python3.7/site-packages/airflow/example_dags/example_params_ui_tutorial.py
[2023-08-10T17:47:45.360+0000] {processor.py:826} INFO - Processing file /home/airflow/.local/lib/python3.7/site-packages/airflow/example_dags/example_params_ui_tutorial.py for tasks to queue
[2023-08-10T17:47:45.362+0000] {logging_mixin.py:150} INFO - [2023-08-10T17:47:45.361+0000] {dagbag.py:541} INFO - Filling up the DagBag from /home/airflow/.local/lib/python3.7/site-packages/airflow/example_dags/example_params_ui_tutorial.py
[2023-08-10T17:47:45.490+0000] {processor.py:836} INFO - DAG(s) dict_keys(['example_params_ui_tutorial']) retrieved from /home/airflow/.local/lib/python3.7/site-packages/airflow/example_dags/example_params_ui_tutorial.py
[2023-08-10T17:47:45.699+0000] {logging_mixin.py:150} INFO - [2023-08-10T17:47:45.698+0000] {dag.py:2742} INFO - Sync 1 DAGs
[2023-08-10T17:47:45.779+0000] {logging_mixin.py:150} INFO - [2023-08-10T17:47:45.779+0000] {dag.py:3508} INFO - Setting next_dagrun for example_params_ui_tutorial to None, run_after=None
[2023-08-10T17:47:45.830+0000] {processor.py:179} INFO - Processing /home/airflow/.local/lib/python3.7/site-packages/airflow/example_dags/example_params_ui_tutorial.py took 0.480 seconds
[2023-08-10T17:48:16.311+0000] {processor.py:157} INFO - Started process (PID=807) to work on /home/airflow/.local/lib/python3.7/site-packages/airflow/example_dags/example_params_ui_tutorial.py
[2023-08-10T17:48:16.318+0000] {processor.py:826} INFO - Processing file /home/airflow/.local/lib/python3.7/site-packages/airflow/example_dags/example_params_ui_tutorial.py for tasks to queue
[2023-08-10T17:48:16.320+0000] {logging_mixin.py:150} INFO - [2023-08-10T17:48:16.319+0000] {dagbag.py:541} INFO - Filling up the DagBag from /home/airflow/.local/lib/python3.7/site-packages/airflow/example_dags/example_params_ui_tutorial.py
[2023-08-10T17:48:16.469+0000] {processor.py:836} INFO - DAG(s) dict_keys(['example_params_ui_tutorial']) retrieved from /home/airflow/.local/lib/python3.7/site-packages/airflow/example_dags/example_params_ui_tutorial.py
[2023-08-10T17:48:16.710+0000] {logging_mixin.py:150} INFO - [2023-08-10T17:48:16.709+0000] {dag.py:2742} INFO - Sync 1 DAGs
[2023-08-10T17:48:16.783+0000] {logging_mixin.py:150} INFO - [2023-08-10T17:48:16.783+0000] {dag.py:3508} INFO - Setting next_dagrun for example_params_ui_tutorial to None, run_after=None
[2023-08-10T17:48:16.858+0000] {processor.py:179} INFO - Processing /home/airflow/.local/lib/python3.7/site-packages/airflow/example_dags/example_params_ui_tutorial.py took 0.570 seconds
[2023-08-10T17:48:47.576+0000] {processor.py:157} INFO - Started process (PID=865) to work on /home/airflow/.local/lib/python3.7/site-packages/airflow/example_dags/example_params_ui_tutorial.py
[2023-08-10T17:48:47.592+0000] {processor.py:826} INFO - Processing file /home/airflow/.local/lib/python3.7/site-packages/airflow/example_dags/example_params_ui_tutorial.py for tasks to queue
[2023-08-10T17:48:47.594+0000] {logging_mixin.py:150} INFO - [2023-08-10T17:48:47.593+0000] {dagbag.py:541} INFO - Filling up the DagBag from /home/airflow/.local/lib/python3.7/site-packages/airflow/example_dags/example_params_ui_tutorial.py
[2023-08-10T17:48:47.750+0000] {processor.py:836} INFO - DAG(s) dict_keys(['example_params_ui_tutorial']) retrieved from /home/airflow/.local/lib/python3.7/site-packages/airflow/example_dags/example_params_ui_tutorial.py
[2023-08-10T17:48:48.058+0000] {logging_mixin.py:150} INFO - [2023-08-10T17:48:48.058+0000] {dag.py:2742} INFO - Sync 1 DAGs
[2023-08-10T17:48:48.169+0000] {logging_mixin.py:150} INFO - [2023-08-10T17:48:48.169+0000] {dag.py:3508} INFO - Setting next_dagrun for example_params_ui_tutorial to None, run_after=None
[2023-08-10T17:48:48.253+0000] {processor.py:179} INFO - Processing /home/airflow/.local/lib/python3.7/site-packages/airflow/example_dags/example_params_ui_tutorial.py took 0.688 seconds
[2023-08-10T17:49:18.406+0000] {processor.py:157} INFO - Started process (PID=923) to work on /home/airflow/.local/lib/python3.7/site-packages/airflow/example_dags/example_params_ui_tutorial.py
[2023-08-10T17:49:18.407+0000] {processor.py:826} INFO - Processing file /home/airflow/.local/lib/python3.7/site-packages/airflow/example_dags/example_params_ui_tutorial.py for tasks to queue
[2023-08-10T17:49:18.409+0000] {logging_mixin.py:150} INFO - [2023-08-10T17:49:18.408+0000] {dagbag.py:541} INFO - Filling up the DagBag from /home/airflow/.local/lib/python3.7/site-packages/airflow/example_dags/example_params_ui_tutorial.py
[2023-08-10T17:49:18.531+0000] {processor.py:836} INFO - DAG(s) dict_keys(['example_params_ui_tutorial']) retrieved from /home/airflow/.local/lib/python3.7/site-packages/airflow/example_dags/example_params_ui_tutorial.py
[2023-08-10T17:49:18.664+0000] {logging_mixin.py:150} INFO - [2023-08-10T17:49:18.663+0000] {dag.py:2742} INFO - Sync 1 DAGs
[2023-08-10T17:49:18.735+0000] {logging_mixin.py:150} INFO - [2023-08-10T17:49:18.735+0000] {dag.py:3508} INFO - Setting next_dagrun for example_params_ui_tutorial to None, run_after=None
[2023-08-10T17:49:18.771+0000] {processor.py:179} INFO - Processing /home/airflow/.local/lib/python3.7/site-packages/airflow/example_dags/example_params_ui_tutorial.py took 0.371 seconds
[2023-08-10T17:49:49.081+0000] {processor.py:157} INFO - Started process (PID=981) to work on /home/airflow/.local/lib/python3.7/site-packages/airflow/example_dags/example_params_ui_tutorial.py
[2023-08-10T17:49:49.082+0000] {processor.py:826} INFO - Processing file /home/airflow/.local/lib/python3.7/site-packages/airflow/example_dags/example_params_ui_tutorial.py for tasks to queue
[2023-08-10T17:49:49.084+0000] {logging_mixin.py:150} INFO - [2023-08-10T17:49:49.084+0000] {dagbag.py:541} INFO - Filling up the DagBag from /home/airflow/.local/lib/python3.7/site-packages/airflow/example_dags/example_params_ui_tutorial.py
[2023-08-10T17:49:49.155+0000] {processor.py:836} INFO - DAG(s) dict_keys(['example_params_ui_tutorial']) retrieved from /home/airflow/.local/lib/python3.7/site-packages/airflow/example_dags/example_params_ui_tutorial.py
[2023-08-10T17:49:49.303+0000] {logging_mixin.py:150} INFO - [2023-08-10T17:49:49.302+0000] {dag.py:2742} INFO - Sync 1 DAGs
[2023-08-10T17:49:49.357+0000] {logging_mixin.py:150} INFO - [2023-08-10T17:49:49.357+0000] {dag.py:3508} INFO - Setting next_dagrun for example_params_ui_tutorial to None, run_after=None
[2023-08-10T17:49:49.417+0000] {processor.py:179} INFO - Processing /home/airflow/.local/lib/python3.7/site-packages/airflow/example_dags/example_params_ui_tutorial.py took 0.344 seconds
[2023-08-10T17:50:19.903+0000] {processor.py:157} INFO - Started process (PID=1039) to work on /home/airflow/.local/lib/python3.7/site-packages/airflow/example_dags/example_params_ui_tutorial.py
[2023-08-10T17:50:19.904+0000] {processor.py:826} INFO - Processing file /home/airflow/.local/lib/python3.7/site-packages/airflow/example_dags/example_params_ui_tutorial.py for tasks to queue
[2023-08-10T17:50:19.905+0000] {logging_mixin.py:150} INFO - [2023-08-10T17:50:19.905+0000] {dagbag.py:541} INFO - Filling up the DagBag from /home/airflow/.local/lib/python3.7/site-packages/airflow/example_dags/example_params_ui_tutorial.py
[2023-08-10T17:50:19.987+0000] {processor.py:836} INFO - DAG(s) dict_keys(['example_params_ui_tutorial']) retrieved from /home/airflow/.local/lib/python3.7/site-packages/airflow/example_dags/example_params_ui_tutorial.py
[2023-08-10T17:50:20.131+0000] {logging_mixin.py:150} INFO - [2023-08-10T17:50:20.131+0000] {dag.py:2742} INFO - Sync 1 DAGs
[2023-08-10T17:50:20.176+0000] {logging_mixin.py:150} INFO - [2023-08-10T17:50:20.176+0000] {dag.py:3508} INFO - Setting next_dagrun for example_params_ui_tutorial to None, run_after=None
[2023-08-10T17:50:20.224+0000] {processor.py:179} INFO - Processing /home/airflow/.local/lib/python3.7/site-packages/airflow/example_dags/example_params_ui_tutorial.py took 0.324 seconds
