[2023-08-10T17:41:34.520+0000] {processor.py:157} INFO - Started process (PID=62) to work on /home/airflow/.local/lib/python3.7/site-packages/airflow/example_dags/tutorial.py
[2023-08-10T17:41:34.521+0000] {processor.py:826} INFO - Processing file /home/airflow/.local/lib/python3.7/site-packages/airflow/example_dags/tutorial.py for tasks to queue
[2023-08-10T17:41:34.527+0000] {logging_mixin.py:150} INFO - [2023-08-10T17:41:34.527+0000] {dagbag.py:541} INFO - Filling up the DagBag from /home/airflow/.local/lib/python3.7/site-packages/airflow/example_dags/tutorial.py
[2023-08-10T17:41:34.565+0000] {processor.py:836} INFO - DAG(s) dict_keys(['tutorial']) retrieved from /home/airflow/.local/lib/python3.7/site-packages/airflow/example_dags/tutorial.py
[2023-08-10T17:41:35.342+0000] {logging_mixin.py:150} INFO - [2023-08-10T17:41:35.342+0000] {manager.py:504} INFO - Created Permission View: can edit on DAG:tutorial
[2023-08-10T17:41:35.494+0000] {logging_mixin.py:150} INFO - [2023-08-10T17:41:35.494+0000] {manager.py:504} INFO - Created Permission View: can delete on DAG:tutorial
[2023-08-10T17:41:35.545+0000] {logging_mixin.py:150} INFO - [2023-08-10T17:41:35.545+0000] {manager.py:504} INFO - Created Permission View: can read on DAG:tutorial
[2023-08-10T17:41:35.617+0000] {logging_mixin.py:150} INFO - [2023-08-10T17:41:35.616+0000] {dag.py:2742} INFO - Sync 1 DAGs
[2023-08-10T17:41:35.733+0000] {logging_mixin.py:150} INFO - [2023-08-10T17:41:35.733+0000] {dag.py:2763} INFO - Creating ORM DAG for tutorial
[2023-08-10T17:41:35.824+0000] {logging_mixin.py:150} INFO - [2023-08-10T17:41:35.824+0000] {dag.py:3508} INFO - Setting next_dagrun for tutorial to 2023-08-09T17:41:35.823619+00:00, run_after=2023-08-10T17:41:35.823619+00:00
[2023-08-10T17:41:35.893+0000] {processor.py:179} INFO - Processing /home/airflow/.local/lib/python3.7/site-packages/airflow/example_dags/tutorial.py took 1.386 seconds
[2023-08-10T17:42:06.817+0000] {processor.py:157} INFO - Started process (PID=119) to work on /home/airflow/.local/lib/python3.7/site-packages/airflow/example_dags/tutorial.py
[2023-08-10T17:42:06.821+0000] {processor.py:826} INFO - Processing file /home/airflow/.local/lib/python3.7/site-packages/airflow/example_dags/tutorial.py for tasks to queue
[2023-08-10T17:42:06.823+0000] {logging_mixin.py:150} INFO - [2023-08-10T17:42:06.822+0000] {dagbag.py:541} INFO - Filling up the DagBag from /home/airflow/.local/lib/python3.7/site-packages/airflow/example_dags/tutorial.py
[2023-08-10T17:42:06.840+0000] {processor.py:836} INFO - DAG(s) dict_keys(['tutorial']) retrieved from /home/airflow/.local/lib/python3.7/site-packages/airflow/example_dags/tutorial.py
[2023-08-10T17:42:06.897+0000] {logging_mixin.py:150} INFO - [2023-08-10T17:42:06.896+0000] {dag.py:2742} INFO - Sync 1 DAGs
[2023-08-10T17:42:06.956+0000] {logging_mixin.py:150} INFO - [2023-08-10T17:42:06.956+0000] {dag.py:3508} INFO - Setting next_dagrun for tutorial to 2023-08-09T17:42:06.955709+00:00, run_after=2023-08-10T17:42:06.955709+00:00
[2023-08-10T17:42:06.995+0000] {processor.py:179} INFO - Processing /home/airflow/.local/lib/python3.7/site-packages/airflow/example_dags/tutorial.py took 0.185 seconds
[2023-08-10T17:42:43.504+0000] {processor.py:157} INFO - Started process (PID=177) to work on /home/airflow/.local/lib/python3.7/site-packages/airflow/example_dags/tutorial.py
[2023-08-10T17:42:43.506+0000] {processor.py:826} INFO - Processing file /home/airflow/.local/lib/python3.7/site-packages/airflow/example_dags/tutorial.py for tasks to queue
[2023-08-10T17:42:43.508+0000] {logging_mixin.py:150} INFO - [2023-08-10T17:42:43.507+0000] {dagbag.py:541} INFO - Filling up the DagBag from /home/airflow/.local/lib/python3.7/site-packages/airflow/example_dags/tutorial.py
[2023-08-10T17:42:43.527+0000] {processor.py:836} INFO - DAG(s) dict_keys(['tutorial']) retrieved from /home/airflow/.local/lib/python3.7/site-packages/airflow/example_dags/tutorial.py
[2023-08-10T17:42:43.629+0000] {logging_mixin.py:150} INFO - [2023-08-10T17:42:43.629+0000] {dag.py:2742} INFO - Sync 1 DAGs
[2023-08-10T17:42:43.752+0000] {logging_mixin.py:150} INFO - [2023-08-10T17:42:43.751+0000] {dag.py:3508} INFO - Setting next_dagrun for tutorial to 2023-08-09T17:42:43.751256+00:00, run_after=2023-08-10T17:42:43.751256+00:00
[2023-08-10T17:42:43.930+0000] {processor.py:179} INFO - Processing /home/airflow/.local/lib/python3.7/site-packages/airflow/example_dags/tutorial.py took 0.433 seconds
[2023-08-10T17:43:19.979+0000] {processor.py:157} INFO - Started process (PID=235) to work on /home/airflow/.local/lib/python3.7/site-packages/airflow/example_dags/tutorial.py
[2023-08-10T17:43:19.985+0000] {processor.py:826} INFO - Processing file /home/airflow/.local/lib/python3.7/site-packages/airflow/example_dags/tutorial.py for tasks to queue
[2023-08-10T17:43:19.988+0000] {logging_mixin.py:150} INFO - [2023-08-10T17:43:19.988+0000] {dagbag.py:541} INFO - Filling up the DagBag from /home/airflow/.local/lib/python3.7/site-packages/airflow/example_dags/tutorial.py
[2023-08-10T17:43:20.014+0000] {processor.py:836} INFO - DAG(s) dict_keys(['tutorial']) retrieved from /home/airflow/.local/lib/python3.7/site-packages/airflow/example_dags/tutorial.py
[2023-08-10T17:43:20.064+0000] {logging_mixin.py:150} INFO - [2023-08-10T17:43:20.063+0000] {dag.py:2742} INFO - Sync 1 DAGs
[2023-08-10T17:43:20.142+0000] {logging_mixin.py:150} INFO - [2023-08-10T17:43:20.141+0000] {dag.py:3508} INFO - Setting next_dagrun for tutorial to 2023-08-09T17:43:20.130425+00:00, run_after=2023-08-10T17:43:20.130425+00:00
[2023-08-10T17:43:20.282+0000] {processor.py:179} INFO - Processing /home/airflow/.local/lib/python3.7/site-packages/airflow/example_dags/tutorial.py took 0.312 seconds
[2023-08-10T17:43:50.599+0000] {processor.py:157} INFO - Started process (PID=292) to work on /home/airflow/.local/lib/python3.7/site-packages/airflow/example_dags/tutorial.py
[2023-08-10T17:43:50.601+0000] {processor.py:826} INFO - Processing file /home/airflow/.local/lib/python3.7/site-packages/airflow/example_dags/tutorial.py for tasks to queue
[2023-08-10T17:43:50.602+0000] {logging_mixin.py:150} INFO - [2023-08-10T17:43:50.602+0000] {dagbag.py:541} INFO - Filling up the DagBag from /home/airflow/.local/lib/python3.7/site-packages/airflow/example_dags/tutorial.py
[2023-08-10T17:43:50.614+0000] {processor.py:836} INFO - DAG(s) dict_keys(['tutorial']) retrieved from /home/airflow/.local/lib/python3.7/site-packages/airflow/example_dags/tutorial.py
[2023-08-10T17:43:50.667+0000] {logging_mixin.py:150} INFO - [2023-08-10T17:43:50.667+0000] {dag.py:2742} INFO - Sync 1 DAGs
[2023-08-10T17:43:50.726+0000] {logging_mixin.py:150} INFO - [2023-08-10T17:43:50.725+0000] {dag.py:3508} INFO - Setting next_dagrun for tutorial to 2023-08-09T17:43:50.725213+00:00, run_after=2023-08-10T17:43:50.725213+00:00
[2023-08-10T17:43:50.764+0000] {processor.py:179} INFO - Processing /home/airflow/.local/lib/python3.7/site-packages/airflow/example_dags/tutorial.py took 0.170 seconds
[2023-08-10T17:44:21.016+0000] {processor.py:157} INFO - Started process (PID=346) to work on /home/airflow/.local/lib/python3.7/site-packages/airflow/example_dags/tutorial.py
[2023-08-10T17:44:21.025+0000] {processor.py:826} INFO - Processing file /home/airflow/.local/lib/python3.7/site-packages/airflow/example_dags/tutorial.py for tasks to queue
[2023-08-10T17:44:21.027+0000] {logging_mixin.py:150} INFO - [2023-08-10T17:44:21.026+0000] {dagbag.py:541} INFO - Filling up the DagBag from /home/airflow/.local/lib/python3.7/site-packages/airflow/example_dags/tutorial.py
[2023-08-10T17:44:21.048+0000] {processor.py:836} INFO - DAG(s) dict_keys(['tutorial']) retrieved from /home/airflow/.local/lib/python3.7/site-packages/airflow/example_dags/tutorial.py
[2023-08-10T17:44:21.117+0000] {logging_mixin.py:150} INFO - [2023-08-10T17:44:21.117+0000] {dag.py:2742} INFO - Sync 1 DAGs
[2023-08-10T17:44:21.176+0000] {logging_mixin.py:150} INFO - [2023-08-10T17:44:21.176+0000] {dag.py:3508} INFO - Setting next_dagrun for tutorial to 2023-08-09T17:44:21.175604+00:00, run_after=2023-08-10T17:44:21.175604+00:00
[2023-08-10T17:44:21.226+0000] {processor.py:179} INFO - Processing /home/airflow/.local/lib/python3.7/site-packages/airflow/example_dags/tutorial.py took 0.217 seconds
[2023-08-10T17:44:51.260+0000] {processor.py:157} INFO - Started process (PID=403) to work on /home/airflow/.local/lib/python3.7/site-packages/airflow/example_dags/tutorial.py
[2023-08-10T17:44:51.261+0000] {processor.py:826} INFO - Processing file /home/airflow/.local/lib/python3.7/site-packages/airflow/example_dags/tutorial.py for tasks to queue
[2023-08-10T17:44:51.262+0000] {logging_mixin.py:150} INFO - [2023-08-10T17:44:51.262+0000] {dagbag.py:541} INFO - Filling up the DagBag from /home/airflow/.local/lib/python3.7/site-packages/airflow/example_dags/tutorial.py
[2023-08-10T17:44:51.273+0000] {processor.py:836} INFO - DAG(s) dict_keys(['tutorial']) retrieved from /home/airflow/.local/lib/python3.7/site-packages/airflow/example_dags/tutorial.py
[2023-08-10T17:44:51.345+0000] {logging_mixin.py:150} INFO - [2023-08-10T17:44:51.333+0000] {dag.py:2742} INFO - Sync 1 DAGs
[2023-08-10T17:44:51.437+0000] {logging_mixin.py:150} INFO - [2023-08-10T17:44:51.437+0000] {dag.py:3508} INFO - Setting next_dagrun for tutorial to 2023-08-09T17:44:51.437200+00:00, run_after=2023-08-10T17:44:51.437200+00:00
[2023-08-10T17:44:51.503+0000] {processor.py:179} INFO - Processing /home/airflow/.local/lib/python3.7/site-packages/airflow/example_dags/tutorial.py took 0.246 seconds
[2023-08-10T17:45:21.681+0000] {processor.py:157} INFO - Started process (PID=461) to work on /home/airflow/.local/lib/python3.7/site-packages/airflow/example_dags/tutorial.py
[2023-08-10T17:45:21.685+0000] {processor.py:826} INFO - Processing file /home/airflow/.local/lib/python3.7/site-packages/airflow/example_dags/tutorial.py for tasks to queue
[2023-08-10T17:45:21.687+0000] {logging_mixin.py:150} INFO - [2023-08-10T17:45:21.686+0000] {dagbag.py:541} INFO - Filling up the DagBag from /home/airflow/.local/lib/python3.7/site-packages/airflow/example_dags/tutorial.py
[2023-08-10T17:45:21.706+0000] {processor.py:836} INFO - DAG(s) dict_keys(['tutorial']) retrieved from /home/airflow/.local/lib/python3.7/site-packages/airflow/example_dags/tutorial.py
[2023-08-10T17:45:21.819+0000] {logging_mixin.py:150} INFO - [2023-08-10T17:45:21.819+0000] {dag.py:2742} INFO - Sync 1 DAGs
[2023-08-10T17:45:21.929+0000] {logging_mixin.py:150} INFO - [2023-08-10T17:45:21.928+0000] {dag.py:3508} INFO - Setting next_dagrun for tutorial to 2023-08-09T17:45:21.928500+00:00, run_after=2023-08-10T17:45:21.928500+00:00
[2023-08-10T17:45:21.992+0000] {processor.py:179} INFO - Processing /home/airflow/.local/lib/python3.7/site-packages/airflow/example_dags/tutorial.py took 0.319 seconds
[2023-08-10T17:45:52.243+0000] {processor.py:157} INFO - Started process (PID=519) to work on /home/airflow/.local/lib/python3.7/site-packages/airflow/example_dags/tutorial.py
[2023-08-10T17:45:52.244+0000] {processor.py:826} INFO - Processing file /home/airflow/.local/lib/python3.7/site-packages/airflow/example_dags/tutorial.py for tasks to queue
[2023-08-10T17:45:52.247+0000] {logging_mixin.py:150} INFO - [2023-08-10T17:45:52.246+0000] {dagbag.py:541} INFO - Filling up the DagBag from /home/airflow/.local/lib/python3.7/site-packages/airflow/example_dags/tutorial.py
[2023-08-10T17:45:52.258+0000] {processor.py:836} INFO - DAG(s) dict_keys(['tutorial']) retrieved from /home/airflow/.local/lib/python3.7/site-packages/airflow/example_dags/tutorial.py
[2023-08-10T17:45:52.297+0000] {logging_mixin.py:150} INFO - [2023-08-10T17:45:52.297+0000] {dag.py:2742} INFO - Sync 1 DAGs
[2023-08-10T17:45:52.341+0000] {logging_mixin.py:150} INFO - [2023-08-10T17:45:52.341+0000] {dag.py:3508} INFO - Setting next_dagrun for tutorial to 2023-08-09T17:45:52.341230+00:00, run_after=2023-08-10T17:45:52.341230+00:00
[2023-08-10T17:45:52.373+0000] {processor.py:179} INFO - Processing /home/airflow/.local/lib/python3.7/site-packages/airflow/example_dags/tutorial.py took 0.134 seconds
[2023-08-10T17:46:23.114+0000] {processor.py:157} INFO - Started process (PID=577) to work on /home/airflow/.local/lib/python3.7/site-packages/airflow/example_dags/tutorial.py
[2023-08-10T17:46:23.126+0000] {processor.py:826} INFO - Processing file /home/airflow/.local/lib/python3.7/site-packages/airflow/example_dags/tutorial.py for tasks to queue
[2023-08-10T17:46:23.128+0000] {logging_mixin.py:150} INFO - [2023-08-10T17:46:23.127+0000] {dagbag.py:541} INFO - Filling up the DagBag from /home/airflow/.local/lib/python3.7/site-packages/airflow/example_dags/tutorial.py
[2023-08-10T17:46:23.145+0000] {processor.py:836} INFO - DAG(s) dict_keys(['tutorial']) retrieved from /home/airflow/.local/lib/python3.7/site-packages/airflow/example_dags/tutorial.py
[2023-08-10T17:46:23.267+0000] {logging_mixin.py:150} INFO - [2023-08-10T17:46:23.267+0000] {dag.py:2742} INFO - Sync 1 DAGs
[2023-08-10T17:46:23.385+0000] {logging_mixin.py:150} INFO - [2023-08-10T17:46:23.379+0000] {dag.py:3508} INFO - Setting next_dagrun for tutorial to 2023-08-09T17:46:23.378884+00:00, run_after=2023-08-10T17:46:23.378884+00:00
[2023-08-10T17:46:23.475+0000] {processor.py:179} INFO - Processing /home/airflow/.local/lib/python3.7/site-packages/airflow/example_dags/tutorial.py took 0.375 seconds
[2023-08-10T17:46:53.577+0000] {processor.py:157} INFO - Started process (PID=636) to work on /home/airflow/.local/lib/python3.7/site-packages/airflow/example_dags/tutorial.py
[2023-08-10T17:46:53.594+0000] {processor.py:826} INFO - Processing file /home/airflow/.local/lib/python3.7/site-packages/airflow/example_dags/tutorial.py for tasks to queue
[2023-08-10T17:46:53.595+0000] {logging_mixin.py:150} INFO - [2023-08-10T17:46:53.595+0000] {dagbag.py:541} INFO - Filling up the DagBag from /home/airflow/.local/lib/python3.7/site-packages/airflow/example_dags/tutorial.py
[2023-08-10T17:46:53.617+0000] {processor.py:836} INFO - DAG(s) dict_keys(['tutorial']) retrieved from /home/airflow/.local/lib/python3.7/site-packages/airflow/example_dags/tutorial.py
[2023-08-10T17:46:53.766+0000] {logging_mixin.py:150} INFO - [2023-08-10T17:46:53.765+0000] {dag.py:2742} INFO - Sync 1 DAGs
[2023-08-10T17:46:53.858+0000] {logging_mixin.py:150} INFO - [2023-08-10T17:46:53.852+0000] {dag.py:3508} INFO - Setting next_dagrun for tutorial to 2023-08-09T17:46:53.852469+00:00, run_after=2023-08-10T17:46:53.852469+00:00
[2023-08-10T17:46:53.934+0000] {processor.py:179} INFO - Processing /home/airflow/.local/lib/python3.7/site-packages/airflow/example_dags/tutorial.py took 0.366 seconds
[2023-08-10T17:47:24.009+0000] {processor.py:157} INFO - Started process (PID=693) to work on /home/airflow/.local/lib/python3.7/site-packages/airflow/example_dags/tutorial.py
[2023-08-10T17:47:24.014+0000] {processor.py:826} INFO - Processing file /home/airflow/.local/lib/python3.7/site-packages/airflow/example_dags/tutorial.py for tasks to queue
[2023-08-10T17:47:24.015+0000] {logging_mixin.py:150} INFO - [2023-08-10T17:47:24.015+0000] {dagbag.py:541} INFO - Filling up the DagBag from /home/airflow/.local/lib/python3.7/site-packages/airflow/example_dags/tutorial.py
[2023-08-10T17:47:24.030+0000] {processor.py:836} INFO - DAG(s) dict_keys(['tutorial']) retrieved from /home/airflow/.local/lib/python3.7/site-packages/airflow/example_dags/tutorial.py
[2023-08-10T17:47:24.121+0000] {logging_mixin.py:150} INFO - [2023-08-10T17:47:24.118+0000] {dag.py:2742} INFO - Sync 1 DAGs
[2023-08-10T17:47:24.302+0000] {logging_mixin.py:150} INFO - [2023-08-10T17:47:24.301+0000] {dag.py:3508} INFO - Setting next_dagrun for tutorial to 2023-08-09T17:47:24.300182+00:00, run_after=2023-08-10T17:47:24.300182+00:00
[2023-08-10T17:47:24.384+0000] {processor.py:179} INFO - Processing /home/airflow/.local/lib/python3.7/site-packages/airflow/example_dags/tutorial.py took 0.383 seconds
[2023-08-10T17:47:54.926+0000] {processor.py:157} INFO - Started process (PID=751) to work on /home/airflow/.local/lib/python3.7/site-packages/airflow/example_dags/tutorial.py
[2023-08-10T17:47:54.928+0000] {processor.py:826} INFO - Processing file /home/airflow/.local/lib/python3.7/site-packages/airflow/example_dags/tutorial.py for tasks to queue
[2023-08-10T17:47:54.930+0000] {logging_mixin.py:150} INFO - [2023-08-10T17:47:54.929+0000] {dagbag.py:541} INFO - Filling up the DagBag from /home/airflow/.local/lib/python3.7/site-packages/airflow/example_dags/tutorial.py
[2023-08-10T17:47:54.944+0000] {processor.py:836} INFO - DAG(s) dict_keys(['tutorial']) retrieved from /home/airflow/.local/lib/python3.7/site-packages/airflow/example_dags/tutorial.py
[2023-08-10T17:47:54.999+0000] {logging_mixin.py:150} INFO - [2023-08-10T17:47:54.998+0000] {dag.py:2742} INFO - Sync 1 DAGs
[2023-08-10T17:47:55.056+0000] {logging_mixin.py:150} INFO - [2023-08-10T17:47:55.056+0000] {dag.py:3508} INFO - Setting next_dagrun for tutorial to 2023-08-09T17:47:55.047154+00:00, run_after=2023-08-10T17:47:55.047154+00:00
[2023-08-10T17:47:55.112+0000] {processor.py:179} INFO - Processing /home/airflow/.local/lib/python3.7/site-packages/airflow/example_dags/tutorial.py took 0.195 seconds
[2023-08-10T17:48:26.078+0000] {processor.py:157} INFO - Started process (PID=810) to work on /home/airflow/.local/lib/python3.7/site-packages/airflow/example_dags/tutorial.py
[2023-08-10T17:48:26.082+0000] {processor.py:826} INFO - Processing file /home/airflow/.local/lib/python3.7/site-packages/airflow/example_dags/tutorial.py for tasks to queue
[2023-08-10T17:48:26.085+0000] {logging_mixin.py:150} INFO - [2023-08-10T17:48:26.084+0000] {dagbag.py:541} INFO - Filling up the DagBag from /home/airflow/.local/lib/python3.7/site-packages/airflow/example_dags/tutorial.py
[2023-08-10T17:48:26.179+0000] {processor.py:836} INFO - DAG(s) dict_keys(['tutorial']) retrieved from /home/airflow/.local/lib/python3.7/site-packages/airflow/example_dags/tutorial.py
[2023-08-10T17:48:26.255+0000] {logging_mixin.py:150} INFO - [2023-08-10T17:48:26.255+0000] {dag.py:2742} INFO - Sync 1 DAGs
[2023-08-10T17:48:26.328+0000] {logging_mixin.py:150} INFO - [2023-08-10T17:48:26.327+0000] {dag.py:3508} INFO - Setting next_dagrun for tutorial to 2023-08-09T17:48:26.326938+00:00, run_after=2023-08-10T17:48:26.326938+00:00
[2023-08-10T17:48:26.403+0000] {processor.py:179} INFO - Processing /home/airflow/.local/lib/python3.7/site-packages/airflow/example_dags/tutorial.py took 0.340 seconds
[2023-08-10T17:48:56.461+0000] {processor.py:157} INFO - Started process (PID=867) to work on /home/airflow/.local/lib/python3.7/site-packages/airflow/example_dags/tutorial.py
[2023-08-10T17:48:56.463+0000] {processor.py:826} INFO - Processing file /home/airflow/.local/lib/python3.7/site-packages/airflow/example_dags/tutorial.py for tasks to queue
[2023-08-10T17:48:56.464+0000] {logging_mixin.py:150} INFO - [2023-08-10T17:48:56.464+0000] {dagbag.py:541} INFO - Filling up the DagBag from /home/airflow/.local/lib/python3.7/site-packages/airflow/example_dags/tutorial.py
[2023-08-10T17:48:56.478+0000] {processor.py:836} INFO - DAG(s) dict_keys(['tutorial']) retrieved from /home/airflow/.local/lib/python3.7/site-packages/airflow/example_dags/tutorial.py
[2023-08-10T17:48:56.557+0000] {logging_mixin.py:150} INFO - [2023-08-10T17:48:56.557+0000] {dag.py:2742} INFO - Sync 1 DAGs
[2023-08-10T17:48:56.642+0000] {logging_mixin.py:150} INFO - [2023-08-10T17:48:56.641+0000] {dag.py:3508} INFO - Setting next_dagrun for tutorial to 2023-08-09T17:48:56.641070+00:00, run_after=2023-08-10T17:48:56.641070+00:00
[2023-08-10T17:48:56.699+0000] {processor.py:179} INFO - Processing /home/airflow/.local/lib/python3.7/site-packages/airflow/example_dags/tutorial.py took 0.244 seconds
[2023-08-10T17:49:26.864+0000] {processor.py:157} INFO - Started process (PID=925) to work on /home/airflow/.local/lib/python3.7/site-packages/airflow/example_dags/tutorial.py
[2023-08-10T17:49:26.881+0000] {processor.py:826} INFO - Processing file /home/airflow/.local/lib/python3.7/site-packages/airflow/example_dags/tutorial.py for tasks to queue
[2023-08-10T17:49:26.883+0000] {logging_mixin.py:150} INFO - [2023-08-10T17:49:26.882+0000] {dagbag.py:541} INFO - Filling up the DagBag from /home/airflow/.local/lib/python3.7/site-packages/airflow/example_dags/tutorial.py
[2023-08-10T17:49:26.892+0000] {processor.py:836} INFO - DAG(s) dict_keys(['tutorial']) retrieved from /home/airflow/.local/lib/python3.7/site-packages/airflow/example_dags/tutorial.py
[2023-08-10T17:49:26.930+0000] {logging_mixin.py:150} INFO - [2023-08-10T17:49:26.930+0000] {dag.py:2742} INFO - Sync 1 DAGs
[2023-08-10T17:49:26.970+0000] {logging_mixin.py:150} INFO - [2023-08-10T17:49:26.970+0000] {dag.py:3508} INFO - Setting next_dagrun for tutorial to 2023-08-09T17:49:26.969672+00:00, run_after=2023-08-10T17:49:26.969672+00:00
[2023-08-10T17:49:27.018+0000] {processor.py:179} INFO - Processing /home/airflow/.local/lib/python3.7/site-packages/airflow/example_dags/tutorial.py took 0.158 seconds
[2023-08-10T17:49:57.529+0000] {processor.py:157} INFO - Started process (PID=983) to work on /home/airflow/.local/lib/python3.7/site-packages/airflow/example_dags/tutorial.py
[2023-08-10T17:49:57.531+0000] {processor.py:826} INFO - Processing file /home/airflow/.local/lib/python3.7/site-packages/airflow/example_dags/tutorial.py for tasks to queue
[2023-08-10T17:49:57.533+0000] {logging_mixin.py:150} INFO - [2023-08-10T17:49:57.532+0000] {dagbag.py:541} INFO - Filling up the DagBag from /home/airflow/.local/lib/python3.7/site-packages/airflow/example_dags/tutorial.py
[2023-08-10T17:49:57.546+0000] {processor.py:836} INFO - DAG(s) dict_keys(['tutorial']) retrieved from /home/airflow/.local/lib/python3.7/site-packages/airflow/example_dags/tutorial.py
[2023-08-10T17:49:57.597+0000] {logging_mixin.py:150} INFO - [2023-08-10T17:49:57.597+0000] {dag.py:2742} INFO - Sync 1 DAGs
[2023-08-10T17:49:57.664+0000] {logging_mixin.py:150} INFO - [2023-08-10T17:49:57.663+0000] {dag.py:3508} INFO - Setting next_dagrun for tutorial to 2023-08-09T17:49:57.663304+00:00, run_after=2023-08-10T17:49:57.663304+00:00
[2023-08-10T17:49:57.741+0000] {processor.py:179} INFO - Processing /home/airflow/.local/lib/python3.7/site-packages/airflow/example_dags/tutorial.py took 0.219 seconds
[2023-08-10T17:50:28.195+0000] {processor.py:157} INFO - Started process (PID=1041) to work on /home/airflow/.local/lib/python3.7/site-packages/airflow/example_dags/tutorial.py
[2023-08-10T17:50:28.198+0000] {processor.py:826} INFO - Processing file /home/airflow/.local/lib/python3.7/site-packages/airflow/example_dags/tutorial.py for tasks to queue
[2023-08-10T17:50:28.199+0000] {logging_mixin.py:150} INFO - [2023-08-10T17:50:28.199+0000] {dagbag.py:541} INFO - Filling up the DagBag from /home/airflow/.local/lib/python3.7/site-packages/airflow/example_dags/tutorial.py
[2023-08-10T17:50:28.271+0000] {processor.py:836} INFO - DAG(s) dict_keys(['tutorial']) retrieved from /home/airflow/.local/lib/python3.7/site-packages/airflow/example_dags/tutorial.py
[2023-08-10T17:50:28.517+0000] {logging_mixin.py:150} INFO - [2023-08-10T17:50:28.517+0000] {dag.py:2742} INFO - Sync 1 DAGs
[2023-08-10T17:50:28.603+0000] {logging_mixin.py:150} INFO - [2023-08-10T17:50:28.602+0000] {dag.py:3508} INFO - Setting next_dagrun for tutorial to 2023-08-09T17:50:28.602375+00:00, run_after=2023-08-10T17:50:28.602375+00:00
[2023-08-10T17:50:28.649+0000] {processor.py:179} INFO - Processing /home/airflow/.local/lib/python3.7/site-packages/airflow/example_dags/tutorial.py took 0.494 seconds
[2023-08-10T17:50:59.307+0000] {processor.py:157} INFO - Started process (PID=1097) to work on /home/airflow/.local/lib/python3.7/site-packages/airflow/example_dags/tutorial.py
[2023-08-10T17:50:59.315+0000] {processor.py:826} INFO - Processing file /home/airflow/.local/lib/python3.7/site-packages/airflow/example_dags/tutorial.py for tasks to queue
[2023-08-10T17:50:59.317+0000] {logging_mixin.py:150} INFO - [2023-08-10T17:50:59.316+0000] {dagbag.py:541} INFO - Filling up the DagBag from /home/airflow/.local/lib/python3.7/site-packages/airflow/example_dags/tutorial.py
[2023-08-10T17:50:59.338+0000] {processor.py:836} INFO - DAG(s) dict_keys(['tutorial']) retrieved from /home/airflow/.local/lib/python3.7/site-packages/airflow/example_dags/tutorial.py
[2023-08-10T17:50:59.396+0000] {logging_mixin.py:150} INFO - [2023-08-10T17:50:59.396+0000] {dag.py:2742} INFO - Sync 1 DAGs
[2023-08-10T17:50:59.463+0000] {logging_mixin.py:150} INFO - [2023-08-10T17:50:59.463+0000] {dag.py:3508} INFO - Setting next_dagrun for tutorial to 2023-08-09T17:50:59.462711+00:00, run_after=2023-08-10T17:50:59.462711+00:00
[2023-08-10T17:50:59.542+0000] {processor.py:179} INFO - Processing /home/airflow/.local/lib/python3.7/site-packages/airflow/example_dags/tutorial.py took 0.245 seconds
[2023-08-10T17:51:29.748+0000] {processor.py:157} INFO - Started process (PID=1154) to work on /home/airflow/.local/lib/python3.7/site-packages/airflow/example_dags/tutorial.py
[2023-08-10T17:51:29.751+0000] {processor.py:826} INFO - Processing file /home/airflow/.local/lib/python3.7/site-packages/airflow/example_dags/tutorial.py for tasks to queue
[2023-08-10T17:51:29.754+0000] {logging_mixin.py:150} INFO - [2023-08-10T17:51:29.753+0000] {dagbag.py:541} INFO - Filling up the DagBag from /home/airflow/.local/lib/python3.7/site-packages/airflow/example_dags/tutorial.py
[2023-08-10T17:51:29.768+0000] {processor.py:836} INFO - DAG(s) dict_keys(['tutorial']) retrieved from /home/airflow/.local/lib/python3.7/site-packages/airflow/example_dags/tutorial.py
[2023-08-10T17:51:29.822+0000] {logging_mixin.py:150} INFO - [2023-08-10T17:51:29.822+0000] {dag.py:2742} INFO - Sync 1 DAGs
[2023-08-10T17:51:29.892+0000] {logging_mixin.py:150} INFO - [2023-08-10T17:51:29.892+0000] {dag.py:3508} INFO - Setting next_dagrun for tutorial to 2023-08-09T17:51:29.891757+00:00, run_after=2023-08-10T17:51:29.891757+00:00
[2023-08-10T17:51:29.952+0000] {processor.py:179} INFO - Processing /home/airflow/.local/lib/python3.7/site-packages/airflow/example_dags/tutorial.py took 0.211 seconds
[2023-08-10T17:52:00.183+0000] {processor.py:157} INFO - Started process (PID=1214) to work on /home/airflow/.local/lib/python3.7/site-packages/airflow/example_dags/tutorial.py
[2023-08-10T17:52:00.189+0000] {processor.py:826} INFO - Processing file /home/airflow/.local/lib/python3.7/site-packages/airflow/example_dags/tutorial.py for tasks to queue
[2023-08-10T17:52:00.191+0000] {logging_mixin.py:150} INFO - [2023-08-10T17:52:00.191+0000] {dagbag.py:541} INFO - Filling up the DagBag from /home/airflow/.local/lib/python3.7/site-packages/airflow/example_dags/tutorial.py
[2023-08-10T17:52:00.199+0000] {processor.py:836} INFO - DAG(s) dict_keys(['tutorial']) retrieved from /home/airflow/.local/lib/python3.7/site-packages/airflow/example_dags/tutorial.py
[2023-08-10T17:52:00.232+0000] {logging_mixin.py:150} INFO - [2023-08-10T17:52:00.232+0000] {dag.py:2742} INFO - Sync 1 DAGs
[2023-08-10T17:52:00.272+0000] {logging_mixin.py:150} INFO - [2023-08-10T17:52:00.272+0000] {dag.py:3508} INFO - Setting next_dagrun for tutorial to 2023-08-09T17:52:00.272302+00:00, run_after=2023-08-10T17:52:00.272302+00:00
[2023-08-10T17:52:00.304+0000] {processor.py:179} INFO - Processing /home/airflow/.local/lib/python3.7/site-packages/airflow/example_dags/tutorial.py took 0.125 seconds
[2023-08-10T17:52:30.676+0000] {processor.py:157} INFO - Started process (PID=1272) to work on /home/airflow/.local/lib/python3.7/site-packages/airflow/example_dags/tutorial.py
[2023-08-10T17:52:30.685+0000] {processor.py:826} INFO - Processing file /home/airflow/.local/lib/python3.7/site-packages/airflow/example_dags/tutorial.py for tasks to queue
[2023-08-10T17:52:30.687+0000] {logging_mixin.py:150} INFO - [2023-08-10T17:52:30.687+0000] {dagbag.py:541} INFO - Filling up the DagBag from /home/airflow/.local/lib/python3.7/site-packages/airflow/example_dags/tutorial.py
[2023-08-10T17:52:30.700+0000] {processor.py:836} INFO - DAG(s) dict_keys(['tutorial']) retrieved from /home/airflow/.local/lib/python3.7/site-packages/airflow/example_dags/tutorial.py
[2023-08-10T17:52:30.746+0000] {logging_mixin.py:150} INFO - [2023-08-10T17:52:30.746+0000] {dag.py:2742} INFO - Sync 1 DAGs
[2023-08-10T17:52:30.788+0000] {logging_mixin.py:150} INFO - [2023-08-10T17:52:30.788+0000] {dag.py:3508} INFO - Setting next_dagrun for tutorial to 2023-08-09T17:52:30.788094+00:00, run_after=2023-08-10T17:52:30.788094+00:00
[2023-08-10T17:52:30.828+0000] {processor.py:179} INFO - Processing /home/airflow/.local/lib/python3.7/site-packages/airflow/example_dags/tutorial.py took 0.158 seconds
[2023-08-10T17:53:00.931+0000] {processor.py:157} INFO - Started process (PID=1330) to work on /home/airflow/.local/lib/python3.7/site-packages/airflow/example_dags/tutorial.py
[2023-08-10T17:53:00.932+0000] {processor.py:826} INFO - Processing file /home/airflow/.local/lib/python3.7/site-packages/airflow/example_dags/tutorial.py for tasks to queue
[2023-08-10T17:53:00.933+0000] {logging_mixin.py:150} INFO - [2023-08-10T17:53:00.933+0000] {dagbag.py:541} INFO - Filling up the DagBag from /home/airflow/.local/lib/python3.7/site-packages/airflow/example_dags/tutorial.py
[2023-08-10T17:53:00.942+0000] {processor.py:836} INFO - DAG(s) dict_keys(['tutorial']) retrieved from /home/airflow/.local/lib/python3.7/site-packages/airflow/example_dags/tutorial.py
[2023-08-10T17:53:00.981+0000] {logging_mixin.py:150} INFO - [2023-08-10T17:53:00.980+0000] {dag.py:2742} INFO - Sync 1 DAGs
[2023-08-10T17:53:01.033+0000] {logging_mixin.py:150} INFO - [2023-08-10T17:53:01.033+0000] {dag.py:3508} INFO - Setting next_dagrun for tutorial to 2023-08-09T17:53:01.032656+00:00, run_after=2023-08-10T17:53:01.032656+00:00
[2023-08-10T17:53:01.073+0000] {processor.py:179} INFO - Processing /home/airflow/.local/lib/python3.7/site-packages/airflow/example_dags/tutorial.py took 0.147 seconds
