[2023-08-10T17:41:37.600+0000] {processor.py:157} INFO - Started process (PID=65) to work on /home/airflow/.local/lib/python3.7/site-packages/airflow/example_dags/tutorial_dag.py
[2023-08-10T17:41:37.604+0000] {processor.py:826} INFO - Processing file /home/airflow/.local/lib/python3.7/site-packages/airflow/example_dags/tutorial_dag.py for tasks to queue
[2023-08-10T17:41:37.608+0000] {logging_mixin.py:150} INFO - [2023-08-10T17:41:37.608+0000] {dagbag.py:541} INFO - Filling up the DagBag from /home/airflow/.local/lib/python3.7/site-packages/airflow/example_dags/tutorial_dag.py
[2023-08-10T17:41:37.688+0000] {processor.py:836} INFO - DAG(s) dict_keys(['tutorial_dag']) retrieved from /home/airflow/.local/lib/python3.7/site-packages/airflow/example_dags/tutorial_dag.py
[2023-08-10T17:41:38.549+0000] {logging_mixin.py:150} INFO - [2023-08-10T17:41:38.548+0000] {manager.py:504} INFO - Created Permission View: can edit on DAG:tutorial_dag
[2023-08-10T17:41:38.614+0000] {logging_mixin.py:150} INFO - [2023-08-10T17:41:38.609+0000] {manager.py:504} INFO - Created Permission View: can delete on DAG:tutorial_dag
[2023-08-10T17:41:38.666+0000] {logging_mixin.py:150} INFO - [2023-08-10T17:41:38.666+0000] {manager.py:504} INFO - Created Permission View: can read on DAG:tutorial_dag
[2023-08-10T17:41:38.778+0000] {logging_mixin.py:150} INFO - [2023-08-10T17:41:38.774+0000] {dag.py:2742} INFO - Sync 1 DAGs
[2023-08-10T17:41:38.850+0000] {logging_mixin.py:150} INFO - [2023-08-10T17:41:38.850+0000] {dag.py:2763} INFO - Creating ORM DAG for tutorial_dag
[2023-08-10T17:41:38.904+0000] {logging_mixin.py:150} INFO - [2023-08-10T17:41:38.903+0000] {dag.py:3508} INFO - Setting next_dagrun for tutorial_dag to None, run_after=None
[2023-08-10T17:41:39.146+0000] {processor.py:179} INFO - Processing /home/airflow/.local/lib/python3.7/site-packages/airflow/example_dags/tutorial_dag.py took 1.573 seconds
[2023-08-10T17:42:09.252+0000] {processor.py:157} INFO - Started process (PID=122) to work on /home/airflow/.local/lib/python3.7/site-packages/airflow/example_dags/tutorial_dag.py
[2023-08-10T17:42:09.253+0000] {processor.py:826} INFO - Processing file /home/airflow/.local/lib/python3.7/site-packages/airflow/example_dags/tutorial_dag.py for tasks to queue
[2023-08-10T17:42:09.256+0000] {logging_mixin.py:150} INFO - [2023-08-10T17:42:09.256+0000] {dagbag.py:541} INFO - Filling up the DagBag from /home/airflow/.local/lib/python3.7/site-packages/airflow/example_dags/tutorial_dag.py
[2023-08-10T17:42:09.265+0000] {processor.py:836} INFO - DAG(s) dict_keys(['tutorial_dag']) retrieved from /home/airflow/.local/lib/python3.7/site-packages/airflow/example_dags/tutorial_dag.py
[2023-08-10T17:42:09.309+0000] {logging_mixin.py:150} INFO - [2023-08-10T17:42:09.309+0000] {dag.py:2742} INFO - Sync 1 DAGs
[2023-08-10T17:42:09.360+0000] {logging_mixin.py:150} INFO - [2023-08-10T17:42:09.360+0000] {dag.py:3508} INFO - Setting next_dagrun for tutorial_dag to None, run_after=None
[2023-08-10T17:42:09.398+0000] {processor.py:179} INFO - Processing /home/airflow/.local/lib/python3.7/site-packages/airflow/example_dags/tutorial_dag.py took 0.150 seconds
[2023-08-10T17:42:44.023+0000] {processor.py:157} INFO - Started process (PID=180) to work on /home/airflow/.local/lib/python3.7/site-packages/airflow/example_dags/tutorial_dag.py
[2023-08-10T17:42:44.026+0000] {processor.py:826} INFO - Processing file /home/airflow/.local/lib/python3.7/site-packages/airflow/example_dags/tutorial_dag.py for tasks to queue
[2023-08-10T17:42:44.028+0000] {logging_mixin.py:150} INFO - [2023-08-10T17:42:44.028+0000] {dagbag.py:541} INFO - Filling up the DagBag from /home/airflow/.local/lib/python3.7/site-packages/airflow/example_dags/tutorial_dag.py
[2023-08-10T17:42:44.039+0000] {processor.py:836} INFO - DAG(s) dict_keys(['tutorial_dag']) retrieved from /home/airflow/.local/lib/python3.7/site-packages/airflow/example_dags/tutorial_dag.py
[2023-08-10T17:42:44.113+0000] {logging_mixin.py:150} INFO - [2023-08-10T17:42:44.113+0000] {dag.py:2742} INFO - Sync 1 DAGs
[2023-08-10T17:42:44.194+0000] {logging_mixin.py:150} INFO - [2023-08-10T17:42:44.193+0000] {dag.py:3508} INFO - Setting next_dagrun for tutorial_dag to None, run_after=None
[2023-08-10T17:42:44.416+0000] {processor.py:179} INFO - Processing /home/airflow/.local/lib/python3.7/site-packages/airflow/example_dags/tutorial_dag.py took 0.402 seconds
[2023-08-10T17:43:20.604+0000] {processor.py:157} INFO - Started process (PID=238) to work on /home/airflow/.local/lib/python3.7/site-packages/airflow/example_dags/tutorial_dag.py
[2023-08-10T17:43:20.609+0000] {processor.py:826} INFO - Processing file /home/airflow/.local/lib/python3.7/site-packages/airflow/example_dags/tutorial_dag.py for tasks to queue
[2023-08-10T17:43:20.611+0000] {logging_mixin.py:150} INFO - [2023-08-10T17:43:20.610+0000] {dagbag.py:541} INFO - Filling up the DagBag from /home/airflow/.local/lib/python3.7/site-packages/airflow/example_dags/tutorial_dag.py
[2023-08-10T17:43:20.637+0000] {processor.py:836} INFO - DAG(s) dict_keys(['tutorial_dag']) retrieved from /home/airflow/.local/lib/python3.7/site-packages/airflow/example_dags/tutorial_dag.py
[2023-08-10T17:43:20.847+0000] {logging_mixin.py:150} INFO - [2023-08-10T17:43:20.846+0000] {dag.py:2742} INFO - Sync 1 DAGs
[2023-08-10T17:43:21.054+0000] {logging_mixin.py:150} INFO - [2023-08-10T17:43:21.053+0000] {dag.py:3508} INFO - Setting next_dagrun for tutorial_dag to None, run_after=None
[2023-08-10T17:43:21.198+0000] {processor.py:179} INFO - Processing /home/airflow/.local/lib/python3.7/site-packages/airflow/example_dags/tutorial_dag.py took 0.603 seconds
[2023-08-10T17:43:51.794+0000] {processor.py:157} INFO - Started process (PID=296) to work on /home/airflow/.local/lib/python3.7/site-packages/airflow/example_dags/tutorial_dag.py
[2023-08-10T17:43:51.795+0000] {processor.py:826} INFO - Processing file /home/airflow/.local/lib/python3.7/site-packages/airflow/example_dags/tutorial_dag.py for tasks to queue
[2023-08-10T17:43:51.796+0000] {logging_mixin.py:150} INFO - [2023-08-10T17:43:51.796+0000] {dagbag.py:541} INFO - Filling up the DagBag from /home/airflow/.local/lib/python3.7/site-packages/airflow/example_dags/tutorial_dag.py
[2023-08-10T17:43:51.806+0000] {processor.py:836} INFO - DAG(s) dict_keys(['tutorial_dag']) retrieved from /home/airflow/.local/lib/python3.7/site-packages/airflow/example_dags/tutorial_dag.py
[2023-08-10T17:43:51.860+0000] {logging_mixin.py:150} INFO - [2023-08-10T17:43:51.859+0000] {dag.py:2742} INFO - Sync 1 DAGs
[2023-08-10T17:43:51.914+0000] {logging_mixin.py:150} INFO - [2023-08-10T17:43:51.914+0000] {dag.py:3508} INFO - Setting next_dagrun for tutorial_dag to None, run_after=None
[2023-08-10T17:43:51.958+0000] {processor.py:179} INFO - Processing /home/airflow/.local/lib/python3.7/site-packages/airflow/example_dags/tutorial_dag.py took 0.169 seconds
[2023-08-10T17:44:22.492+0000] {processor.py:157} INFO - Started process (PID=349) to work on /home/airflow/.local/lib/python3.7/site-packages/airflow/example_dags/tutorial_dag.py
[2023-08-10T17:44:22.494+0000] {processor.py:826} INFO - Processing file /home/airflow/.local/lib/python3.7/site-packages/airflow/example_dags/tutorial_dag.py for tasks to queue
[2023-08-10T17:44:22.496+0000] {logging_mixin.py:150} INFO - [2023-08-10T17:44:22.495+0000] {dagbag.py:541} INFO - Filling up the DagBag from /home/airflow/.local/lib/python3.7/site-packages/airflow/example_dags/tutorial_dag.py
[2023-08-10T17:44:22.506+0000] {processor.py:836} INFO - DAG(s) dict_keys(['tutorial_dag']) retrieved from /home/airflow/.local/lib/python3.7/site-packages/airflow/example_dags/tutorial_dag.py
[2023-08-10T17:44:22.560+0000] {logging_mixin.py:150} INFO - [2023-08-10T17:44:22.560+0000] {dag.py:2742} INFO - Sync 1 DAGs
[2023-08-10T17:44:22.624+0000] {logging_mixin.py:150} INFO - [2023-08-10T17:44:22.624+0000] {dag.py:3508} INFO - Setting next_dagrun for tutorial_dag to None, run_after=None
[2023-08-10T17:44:22.659+0000] {processor.py:179} INFO - Processing /home/airflow/.local/lib/python3.7/site-packages/airflow/example_dags/tutorial_dag.py took 0.173 seconds
[2023-08-10T17:44:53.175+0000] {processor.py:157} INFO - Started process (PID=407) to work on /home/airflow/.local/lib/python3.7/site-packages/airflow/example_dags/tutorial_dag.py
[2023-08-10T17:44:53.185+0000] {processor.py:826} INFO - Processing file /home/airflow/.local/lib/python3.7/site-packages/airflow/example_dags/tutorial_dag.py for tasks to queue
[2023-08-10T17:44:53.187+0000] {logging_mixin.py:150} INFO - [2023-08-10T17:44:53.186+0000] {dagbag.py:541} INFO - Filling up the DagBag from /home/airflow/.local/lib/python3.7/site-packages/airflow/example_dags/tutorial_dag.py
[2023-08-10T17:44:53.196+0000] {processor.py:836} INFO - DAG(s) dict_keys(['tutorial_dag']) retrieved from /home/airflow/.local/lib/python3.7/site-packages/airflow/example_dags/tutorial_dag.py
[2023-08-10T17:44:53.251+0000] {logging_mixin.py:150} INFO - [2023-08-10T17:44:53.251+0000] {dag.py:2742} INFO - Sync 1 DAGs
[2023-08-10T17:44:53.327+0000] {logging_mixin.py:150} INFO - [2023-08-10T17:44:53.326+0000] {dag.py:3508} INFO - Setting next_dagrun for tutorial_dag to None, run_after=None
[2023-08-10T17:44:53.359+0000] {processor.py:179} INFO - Processing /home/airflow/.local/lib/python3.7/site-packages/airflow/example_dags/tutorial_dag.py took 0.190 seconds
[2023-08-10T17:45:23.430+0000] {processor.py:157} INFO - Started process (PID=465) to work on /home/airflow/.local/lib/python3.7/site-packages/airflow/example_dags/tutorial_dag.py
[2023-08-10T17:45:23.454+0000] {processor.py:826} INFO - Processing file /home/airflow/.local/lib/python3.7/site-packages/airflow/example_dags/tutorial_dag.py for tasks to queue
[2023-08-10T17:45:23.456+0000] {logging_mixin.py:150} INFO - [2023-08-10T17:45:23.455+0000] {dagbag.py:541} INFO - Filling up the DagBag from /home/airflow/.local/lib/python3.7/site-packages/airflow/example_dags/tutorial_dag.py
[2023-08-10T17:45:23.473+0000] {processor.py:836} INFO - DAG(s) dict_keys(['tutorial_dag']) retrieved from /home/airflow/.local/lib/python3.7/site-packages/airflow/example_dags/tutorial_dag.py
[2023-08-10T17:45:23.600+0000] {logging_mixin.py:150} INFO - [2023-08-10T17:45:23.599+0000] {dag.py:2742} INFO - Sync 1 DAGs
[2023-08-10T17:45:23.803+0000] {logging_mixin.py:150} INFO - [2023-08-10T17:45:23.803+0000] {dag.py:3508} INFO - Setting next_dagrun for tutorial_dag to None, run_after=None
[2023-08-10T17:45:23.925+0000] {processor.py:179} INFO - Processing /home/airflow/.local/lib/python3.7/site-packages/airflow/example_dags/tutorial_dag.py took 0.506 seconds
[2023-08-10T17:45:54.676+0000] {processor.py:157} INFO - Started process (PID=523) to work on /home/airflow/.local/lib/python3.7/site-packages/airflow/example_dags/tutorial_dag.py
[2023-08-10T17:45:54.799+0000] {processor.py:826} INFO - Processing file /home/airflow/.local/lib/python3.7/site-packages/airflow/example_dags/tutorial_dag.py for tasks to queue
[2023-08-10T17:45:54.800+0000] {logging_mixin.py:150} INFO - [2023-08-10T17:45:54.800+0000] {dagbag.py:541} INFO - Filling up the DagBag from /home/airflow/.local/lib/python3.7/site-packages/airflow/example_dags/tutorial_dag.py
[2023-08-10T17:45:54.812+0000] {processor.py:836} INFO - DAG(s) dict_keys(['tutorial_dag']) retrieved from /home/airflow/.local/lib/python3.7/site-packages/airflow/example_dags/tutorial_dag.py
[2023-08-10T17:45:54.936+0000] {logging_mixin.py:150} INFO - [2023-08-10T17:45:54.936+0000] {dag.py:2742} INFO - Sync 1 DAGs
[2023-08-10T17:45:55.092+0000] {logging_mixin.py:150} INFO - [2023-08-10T17:45:55.092+0000] {dag.py:3508} INFO - Setting next_dagrun for tutorial_dag to None, run_after=None
[2023-08-10T17:45:55.233+0000] {processor.py:179} INFO - Processing /home/airflow/.local/lib/python3.7/site-packages/airflow/example_dags/tutorial_dag.py took 0.562 seconds
[2023-08-10T17:46:25.418+0000] {processor.py:157} INFO - Started process (PID=581) to work on /home/airflow/.local/lib/python3.7/site-packages/airflow/example_dags/tutorial_dag.py
[2023-08-10T17:46:25.426+0000] {processor.py:826} INFO - Processing file /home/airflow/.local/lib/python3.7/site-packages/airflow/example_dags/tutorial_dag.py for tasks to queue
[2023-08-10T17:46:25.428+0000] {logging_mixin.py:150} INFO - [2023-08-10T17:46:25.427+0000] {dagbag.py:541} INFO - Filling up the DagBag from /home/airflow/.local/lib/python3.7/site-packages/airflow/example_dags/tutorial_dag.py
[2023-08-10T17:46:25.467+0000] {processor.py:836} INFO - DAG(s) dict_keys(['tutorial_dag']) retrieved from /home/airflow/.local/lib/python3.7/site-packages/airflow/example_dags/tutorial_dag.py
[2023-08-10T17:46:25.637+0000] {logging_mixin.py:150} INFO - [2023-08-10T17:46:25.636+0000] {dag.py:2742} INFO - Sync 1 DAGs
[2023-08-10T17:46:25.787+0000] {logging_mixin.py:150} INFO - [2023-08-10T17:46:25.787+0000] {dag.py:3508} INFO - Setting next_dagrun for tutorial_dag to None, run_after=None
[2023-08-10T17:46:25.926+0000] {processor.py:179} INFO - Processing /home/airflow/.local/lib/python3.7/site-packages/airflow/example_dags/tutorial_dag.py took 0.538 seconds
[2023-08-10T17:46:56.507+0000] {processor.py:157} INFO - Started process (PID=640) to work on /home/airflow/.local/lib/python3.7/site-packages/airflow/example_dags/tutorial_dag.py
[2023-08-10T17:46:56.612+0000] {processor.py:826} INFO - Processing file /home/airflow/.local/lib/python3.7/site-packages/airflow/example_dags/tutorial_dag.py for tasks to queue
[2023-08-10T17:46:56.622+0000] {logging_mixin.py:150} INFO - [2023-08-10T17:46:56.622+0000] {dagbag.py:541} INFO - Filling up the DagBag from /home/airflow/.local/lib/python3.7/site-packages/airflow/example_dags/tutorial_dag.py
[2023-08-10T17:46:56.654+0000] {processor.py:836} INFO - DAG(s) dict_keys(['tutorial_dag']) retrieved from /home/airflow/.local/lib/python3.7/site-packages/airflow/example_dags/tutorial_dag.py
[2023-08-10T17:46:56.853+0000] {logging_mixin.py:150} INFO - [2023-08-10T17:46:56.835+0000] {dag.py:2742} INFO - Sync 1 DAGs
[2023-08-10T17:46:57.030+0000] {logging_mixin.py:150} INFO - [2023-08-10T17:46:57.029+0000] {dag.py:3508} INFO - Setting next_dagrun for tutorial_dag to None, run_after=None
[2023-08-10T17:46:57.310+0000] {processor.py:179} INFO - Processing /home/airflow/.local/lib/python3.7/site-packages/airflow/example_dags/tutorial_dag.py took 0.819 seconds
[2023-08-10T17:47:27.555+0000] {processor.py:157} INFO - Started process (PID=697) to work on /home/airflow/.local/lib/python3.7/site-packages/airflow/example_dags/tutorial_dag.py
[2023-08-10T17:47:27.562+0000] {processor.py:826} INFO - Processing file /home/airflow/.local/lib/python3.7/site-packages/airflow/example_dags/tutorial_dag.py for tasks to queue
[2023-08-10T17:47:27.564+0000] {logging_mixin.py:150} INFO - [2023-08-10T17:47:27.563+0000] {dagbag.py:541} INFO - Filling up the DagBag from /home/airflow/.local/lib/python3.7/site-packages/airflow/example_dags/tutorial_dag.py
[2023-08-10T17:47:27.578+0000] {processor.py:836} INFO - DAG(s) dict_keys(['tutorial_dag']) retrieved from /home/airflow/.local/lib/python3.7/site-packages/airflow/example_dags/tutorial_dag.py
[2023-08-10T17:47:27.660+0000] {logging_mixin.py:150} INFO - [2023-08-10T17:47:27.660+0000] {dag.py:2742} INFO - Sync 1 DAGs
[2023-08-10T17:47:27.736+0000] {logging_mixin.py:150} INFO - [2023-08-10T17:47:27.735+0000] {dag.py:3508} INFO - Setting next_dagrun for tutorial_dag to None, run_after=None
[2023-08-10T17:47:27.804+0000] {processor.py:179} INFO - Processing /home/airflow/.local/lib/python3.7/site-packages/airflow/example_dags/tutorial_dag.py took 0.269 seconds
[2023-08-10T17:47:58.253+0000] {processor.py:157} INFO - Started process (PID=755) to work on /home/airflow/.local/lib/python3.7/site-packages/airflow/example_dags/tutorial_dag.py
[2023-08-10T17:47:58.257+0000] {processor.py:826} INFO - Processing file /home/airflow/.local/lib/python3.7/site-packages/airflow/example_dags/tutorial_dag.py for tasks to queue
[2023-08-10T17:47:58.259+0000] {logging_mixin.py:150} INFO - [2023-08-10T17:47:58.259+0000] {dagbag.py:541} INFO - Filling up the DagBag from /home/airflow/.local/lib/python3.7/site-packages/airflow/example_dags/tutorial_dag.py
[2023-08-10T17:47:58.273+0000] {processor.py:836} INFO - DAG(s) dict_keys(['tutorial_dag']) retrieved from /home/airflow/.local/lib/python3.7/site-packages/airflow/example_dags/tutorial_dag.py
[2023-08-10T17:47:58.380+0000] {logging_mixin.py:150} INFO - [2023-08-10T17:47:58.379+0000] {dag.py:2742} INFO - Sync 1 DAGs
[2023-08-10T17:47:58.460+0000] {logging_mixin.py:150} INFO - [2023-08-10T17:47:58.459+0000] {dag.py:3508} INFO - Setting next_dagrun for tutorial_dag to None, run_after=None
[2023-08-10T17:47:58.531+0000] {processor.py:179} INFO - Processing /home/airflow/.local/lib/python3.7/site-packages/airflow/example_dags/tutorial_dag.py took 0.304 seconds
[2023-08-10T17:48:28.791+0000] {processor.py:157} INFO - Started process (PID=813) to work on /home/airflow/.local/lib/python3.7/site-packages/airflow/example_dags/tutorial_dag.py
[2023-08-10T17:48:28.792+0000] {processor.py:826} INFO - Processing file /home/airflow/.local/lib/python3.7/site-packages/airflow/example_dags/tutorial_dag.py for tasks to queue
[2023-08-10T17:48:28.794+0000] {logging_mixin.py:150} INFO - [2023-08-10T17:48:28.793+0000] {dagbag.py:541} INFO - Filling up the DagBag from /home/airflow/.local/lib/python3.7/site-packages/airflow/example_dags/tutorial_dag.py
[2023-08-10T17:48:28.806+0000] {processor.py:836} INFO - DAG(s) dict_keys(['tutorial_dag']) retrieved from /home/airflow/.local/lib/python3.7/site-packages/airflow/example_dags/tutorial_dag.py
[2023-08-10T17:48:28.872+0000] {logging_mixin.py:150} INFO - [2023-08-10T17:48:28.871+0000] {dag.py:2742} INFO - Sync 1 DAGs
[2023-08-10T17:48:28.944+0000] {logging_mixin.py:150} INFO - [2023-08-10T17:48:28.943+0000] {dag.py:3508} INFO - Setting next_dagrun for tutorial_dag to None, run_after=None
[2023-08-10T17:48:29.011+0000] {processor.py:179} INFO - Processing /home/airflow/.local/lib/python3.7/site-packages/airflow/example_dags/tutorial_dag.py took 0.229 seconds
[2023-08-10T17:48:59.183+0000] {processor.py:157} INFO - Started process (PID=871) to work on /home/airflow/.local/lib/python3.7/site-packages/airflow/example_dags/tutorial_dag.py
[2023-08-10T17:48:59.198+0000] {processor.py:826} INFO - Processing file /home/airflow/.local/lib/python3.7/site-packages/airflow/example_dags/tutorial_dag.py for tasks to queue
[2023-08-10T17:48:59.200+0000] {logging_mixin.py:150} INFO - [2023-08-10T17:48:59.200+0000] {dagbag.py:541} INFO - Filling up the DagBag from /home/airflow/.local/lib/python3.7/site-packages/airflow/example_dags/tutorial_dag.py
[2023-08-10T17:48:59.208+0000] {processor.py:836} INFO - DAG(s) dict_keys(['tutorial_dag']) retrieved from /home/airflow/.local/lib/python3.7/site-packages/airflow/example_dags/tutorial_dag.py
[2023-08-10T17:48:59.249+0000] {logging_mixin.py:150} INFO - [2023-08-10T17:48:59.248+0000] {dag.py:2742} INFO - Sync 1 DAGs
[2023-08-10T17:48:59.309+0000] {logging_mixin.py:150} INFO - [2023-08-10T17:48:59.309+0000] {dag.py:3508} INFO - Setting next_dagrun for tutorial_dag to None, run_after=None
[2023-08-10T17:48:59.340+0000] {processor.py:179} INFO - Processing /home/airflow/.local/lib/python3.7/site-packages/airflow/example_dags/tutorial_dag.py took 0.161 seconds
[2023-08-10T17:49:29.476+0000] {processor.py:157} INFO - Started process (PID=929) to work on /home/airflow/.local/lib/python3.7/site-packages/airflow/example_dags/tutorial_dag.py
[2023-08-10T17:49:29.491+0000] {processor.py:826} INFO - Processing file /home/airflow/.local/lib/python3.7/site-packages/airflow/example_dags/tutorial_dag.py for tasks to queue
[2023-08-10T17:49:29.492+0000] {logging_mixin.py:150} INFO - [2023-08-10T17:49:29.492+0000] {dagbag.py:541} INFO - Filling up the DagBag from /home/airflow/.local/lib/python3.7/site-packages/airflow/example_dags/tutorial_dag.py
[2023-08-10T17:49:29.500+0000] {processor.py:836} INFO - DAG(s) dict_keys(['tutorial_dag']) retrieved from /home/airflow/.local/lib/python3.7/site-packages/airflow/example_dags/tutorial_dag.py
[2023-08-10T17:49:29.537+0000] {logging_mixin.py:150} INFO - [2023-08-10T17:49:29.536+0000] {dag.py:2742} INFO - Sync 1 DAGs
[2023-08-10T17:49:29.580+0000] {logging_mixin.py:150} INFO - [2023-08-10T17:49:29.580+0000] {dag.py:3508} INFO - Setting next_dagrun for tutorial_dag to None, run_after=None
[2023-08-10T17:49:29.629+0000] {processor.py:179} INFO - Processing /home/airflow/.local/lib/python3.7/site-packages/airflow/example_dags/tutorial_dag.py took 0.158 seconds
[2023-08-10T17:49:59.806+0000] {processor.py:157} INFO - Started process (PID=987) to work on /home/airflow/.local/lib/python3.7/site-packages/airflow/example_dags/tutorial_dag.py
[2023-08-10T17:49:59.808+0000] {processor.py:826} INFO - Processing file /home/airflow/.local/lib/python3.7/site-packages/airflow/example_dags/tutorial_dag.py for tasks to queue
[2023-08-10T17:49:59.811+0000] {logging_mixin.py:150} INFO - [2023-08-10T17:49:59.810+0000] {dagbag.py:541} INFO - Filling up the DagBag from /home/airflow/.local/lib/python3.7/site-packages/airflow/example_dags/tutorial_dag.py
[2023-08-10T17:49:59.822+0000] {processor.py:836} INFO - DAG(s) dict_keys(['tutorial_dag']) retrieved from /home/airflow/.local/lib/python3.7/site-packages/airflow/example_dags/tutorial_dag.py
[2023-08-10T17:49:59.874+0000] {logging_mixin.py:150} INFO - [2023-08-10T17:49:59.874+0000] {dag.py:2742} INFO - Sync 1 DAGs
[2023-08-10T17:49:59.928+0000] {logging_mixin.py:150} INFO - [2023-08-10T17:49:59.928+0000] {dag.py:3508} INFO - Setting next_dagrun for tutorial_dag to None, run_after=None
[2023-08-10T17:49:59.966+0000] {processor.py:179} INFO - Processing /home/airflow/.local/lib/python3.7/site-packages/airflow/example_dags/tutorial_dag.py took 0.167 seconds
[2023-08-10T17:50:30.359+0000] {processor.py:157} INFO - Started process (PID=1045) to work on /home/airflow/.local/lib/python3.7/site-packages/airflow/example_dags/tutorial_dag.py
[2023-08-10T17:50:30.382+0000] {processor.py:826} INFO - Processing file /home/airflow/.local/lib/python3.7/site-packages/airflow/example_dags/tutorial_dag.py for tasks to queue
[2023-08-10T17:50:30.383+0000] {logging_mixin.py:150} INFO - [2023-08-10T17:50:30.383+0000] {dagbag.py:541} INFO - Filling up the DagBag from /home/airflow/.local/lib/python3.7/site-packages/airflow/example_dags/tutorial_dag.py
[2023-08-10T17:50:30.392+0000] {processor.py:836} INFO - DAG(s) dict_keys(['tutorial_dag']) retrieved from /home/airflow/.local/lib/python3.7/site-packages/airflow/example_dags/tutorial_dag.py
[2023-08-10T17:50:30.479+0000] {logging_mixin.py:150} INFO - [2023-08-10T17:50:30.479+0000] {dag.py:2742} INFO - Sync 1 DAGs
[2023-08-10T17:50:30.552+0000] {logging_mixin.py:150} INFO - [2023-08-10T17:50:30.551+0000] {dag.py:3508} INFO - Setting next_dagrun for tutorial_dag to None, run_after=None
[2023-08-10T17:50:30.616+0000] {processor.py:179} INFO - Processing /home/airflow/.local/lib/python3.7/site-packages/airflow/example_dags/tutorial_dag.py took 0.262 seconds
